nohup: ignoring input
训练集: 946
测试集: 237
Some weights of the model checkpoint at bert-base-uncased were not used when initializing BertModel: ['cls.predictions.decoder.weight', 'cls.predictions.transform.LayerNorm.bias', 'cls.predictions.transform.LayerNorm.weight', 'cls.predictions.transform.dense.bias', 'cls.predictions.bias', 'cls.seq_relationship.bias', 'cls.predictions.transform.dense.weight', 'cls.seq_relationship.weight']
- This IS expected if you are initializing BertModel from the checkpoint of a model trained on another task or with another architecture (e.g. initializing a BertForSequenceClassification model from a BertForPreTraining model).
- This IS NOT expected if you are initializing BertModel from the checkpoint of a model that you expect to be exactly identical (initializing a BertForSequenceClassification model from a BertForSequenceClassification model).
/root/miniconda3/envs/evapatch/lib/python3.6/site-packages/transformers/optimization.py:309: FutureWarning: This implementation of AdamW is deprecated and will be removed in a future version. Use the PyTorch implementation torch.optim.AdamW instead, or set `no_deprecation_warning=True` to disable this warning
  FutureWarning,
-------------- start training --------------- 

========= epoch: 0 ==============
[ 1 / 60 ] loss: 0.699
[ 2 / 60 ] loss: 0.700
[ 3 / 60 ] loss: 0.703
[ 4 / 60 ] loss: 0.675
[ 5 / 60 ] loss: 0.705
[ 6 / 60 ] loss: 0.701
[ 7 / 60 ] loss: 0.663
[ 8 / 60 ] loss: 0.664
[ 9 / 60 ] loss: 0.675
[ 10 / 60 ] loss: 0.708
[ 11 / 60 ] loss: 0.676
[ 12 / 60 ] loss: 0.698
[ 13 / 60 ] loss: 0.733
[ 14 / 60 ] loss: 0.633
[ 15 / 60 ] loss: 0.686
[ 16 / 60 ] loss: 0.644
[ 17 / 60 ] loss: 0.704
[ 18 / 60 ] loss: 0.700
[ 19 / 60 ] loss: 0.630
[ 20 / 60 ] loss: 0.731
Token indices sequence length is longer than the specified maximum sequence length for this model (843 > 512). Running this sequence through the model will result in indexing errors
[ 21 / 60 ] loss: 0.600
[ 22 / 60 ] loss: 0.611
[ 23 / 60 ] loss: 0.703
[ 24 / 60 ] loss: 0.599
[ 25 / 60 ] loss: 0.679
[ 26 / 60 ] loss: 0.665
[ 27 / 60 ] loss: 0.625
[ 28 / 60 ] loss: 0.562
[ 29 / 60 ] loss: 0.751
[ 30 / 60 ] loss: 0.653
[ 31 / 60 ] loss: 0.740
[ 32 / 60 ] loss: 0.730
[ 33 / 60 ] loss: 0.673
[ 34 / 60 ] loss: 0.690
[ 35 / 60 ] loss: 0.645
[ 36 / 60 ] loss: 0.622
[ 37 / 60 ] loss: 0.638
[ 38 / 60 ] loss: 0.664
[ 39 / 60 ] loss: 0.686
[ 40 / 60 ] loss: 0.580
[ 41 / 60 ] loss: 0.665
[ 42 / 60 ] loss: 0.727
[ 43 / 60 ] loss: 0.640
[ 44 / 60 ] loss: 0.706
[ 45 / 60 ] loss: 0.681
[ 46 / 60 ] loss: 0.744
[ 47 / 60 ] loss: 0.744
[ 48 / 60 ] loss: 0.644
[ 49 / 60 ] loss: 0.710
[ 50 / 60 ] loss: 0.655
[ 51 / 60 ] loss: 0.698
[ 52 / 60 ] loss: 0.694
[ 53 / 60 ] loss: 0.627
[ 54 / 60 ] loss: 0.680
[ 55 / 60 ] loss: 0.643
[ 56 / 60 ] loss: 0.646
[ 57 / 60 ] loss: 0.704
[ 58 / 60 ] loss: 0.590
[ 59 / 60 ] loss: 0.642
[ 60 / 60 ] loss: 0.947
0.6771953990062077
Accuracy: 0.632911 -- Precision: 0.612565 -- Recall: 0.900000 -- F1: 0.728972 -- AUC: 0.764055
保存模型参数
========= epoch: 1 ==============
[ 1 / 60 ] loss: 0.646
[ 2 / 60 ] loss: 0.553
[ 3 / 60 ] loss: 0.660
[ 4 / 60 ] loss: 0.575
[ 5 / 60 ] loss: 0.573
[ 6 / 60 ] loss: 0.575
[ 7 / 60 ] loss: 0.563
[ 8 / 60 ] loss: 0.618
[ 9 / 60 ] loss: 0.552
[ 10 / 60 ] loss: 0.646
[ 11 / 60 ] loss: 0.770
[ 12 / 60 ] loss: 0.693
[ 13 / 60 ] loss: 0.679
[ 14 / 60 ] loss: 0.586
[ 15 / 60 ] loss: 0.716
[ 16 / 60 ] loss: 0.602
[ 17 / 60 ] loss: 0.602
[ 18 / 60 ] loss: 0.665
[ 19 / 60 ] loss: 0.573
[ 20 / 60 ] loss: 0.668
[ 21 / 60 ] loss: 0.543
[ 22 / 60 ] loss: 0.475
[ 23 / 60 ] loss: 0.554
[ 24 / 60 ] loss: 0.556
[ 25 / 60 ] loss: 0.634
[ 26 / 60 ] loss: 0.634
[ 27 / 60 ] loss: 0.631
[ 28 / 60 ] loss: 0.491
[ 29 / 60 ] loss: 0.592
[ 30 / 60 ] loss: 0.588
[ 31 / 60 ] loss: 0.556
[ 32 / 60 ] loss: 0.426
[ 33 / 60 ] loss: 0.559
[ 34 / 60 ] loss: 0.745
[ 35 / 60 ] loss: 0.605
[ 36 / 60 ] loss: 0.497
[ 37 / 60 ] loss: 0.691
[ 38 / 60 ] loss: 0.502
[ 39 / 60 ] loss: 0.534
[ 40 / 60 ] loss: 0.449
[ 41 / 60 ] loss: 0.449
[ 42 / 60 ] loss: 0.483
[ 43 / 60 ] loss: 0.613
[ 44 / 60 ] loss: 0.974
[ 45 / 60 ] loss: 0.460
[ 46 / 60 ] loss: 0.701
[ 47 / 60 ] loss: 0.586
[ 48 / 60 ] loss: 0.613
[ 49 / 60 ] loss: 0.686
[ 50 / 60 ] loss: 0.565
[ 51 / 60 ] loss: 0.801
[ 52 / 60 ] loss: 0.512
[ 53 / 60 ] loss: 0.765
[ 54 / 60 ] loss: 0.649
[ 55 / 60 ] loss: 0.608
[ 56 / 60 ] loss: 0.596
[ 57 / 60 ] loss: 0.662
[ 58 / 60 ] loss: 0.802
[ 59 / 60 ] loss: 0.624
[ 60 / 60 ] loss: 0.566
0.6082037836313248
Accuracy: 0.654008 -- Precision: 0.631868 -- Recall: 0.884615 -- F1: 0.737179 -- AUC: 0.730841
保存模型参数
========= epoch: 2 ==============
[ 1 / 60 ] loss: 0.566
[ 2 / 60 ] loss: 0.678
[ 3 / 60 ] loss: 0.467
[ 4 / 60 ] loss: 0.511
[ 5 / 60 ] loss: 0.553
[ 6 / 60 ] loss: 0.634
[ 7 / 60 ] loss: 0.599
[ 8 / 60 ] loss: 0.546
[ 9 / 60 ] loss: 0.478
[ 10 / 60 ] loss: 0.569
[ 11 / 60 ] loss: 0.708
[ 12 / 60 ] loss: 0.600
[ 13 / 60 ] loss: 0.636
[ 14 / 60 ] loss: 0.557
[ 15 / 60 ] loss: 0.706
[ 16 / 60 ] loss: 0.591
[ 17 / 60 ] loss: 0.596
[ 18 / 60 ] loss: 0.590
[ 19 / 60 ] loss: 0.577
[ 20 / 60 ] loss: 0.616
[ 21 / 60 ] loss: 0.585
[ 22 / 60 ] loss: 0.610
[ 23 / 60 ] loss: 0.567
[ 24 / 60 ] loss: 0.695
[ 25 / 60 ] loss: 0.618
[ 26 / 60 ] loss: 0.509
[ 27 / 60 ] loss: 0.591
[ 28 / 60 ] loss: 0.507
[ 29 / 60 ] loss: 0.598
[ 30 / 60 ] loss: 0.729
[ 31 / 60 ] loss: 0.446
[ 32 / 60 ] loss: 0.532
[ 33 / 60 ] loss: 0.492
[ 34 / 60 ] loss: 0.367
[ 35 / 60 ] loss: 0.645
[ 36 / 60 ] loss: 0.503
[ 37 / 60 ] loss: 0.488
[ 38 / 60 ] loss: 0.592
[ 39 / 60 ] loss: 0.463
[ 40 / 60 ] loss: 0.427
[ 41 / 60 ] loss: 0.540
[ 42 / 60 ] loss: 0.438
[ 43 / 60 ] loss: 0.399
[ 44 / 60 ] loss: 0.747
[ 45 / 60 ] loss: 0.458
[ 46 / 60 ] loss: 0.549
[ 47 / 60 ] loss: 0.595
[ 48 / 60 ] loss: 0.465
[ 49 / 60 ] loss: 0.429
[ 50 / 60 ] loss: 0.525
[ 51 / 60 ] loss: 0.496
[ 52 / 60 ] loss: 0.499
[ 53 / 60 ] loss: 0.365
[ 54 / 60 ] loss: 0.302
[ 55 / 60 ] loss: 0.579
[ 56 / 60 ] loss: 0.427
[ 57 / 60 ] loss: 0.642
[ 58 / 60 ] loss: 0.551
[ 59 / 60 ] loss: 0.589
[ 60 / 60 ] loss: 0.291
0.5438598558306694
Accuracy: 0.641350 -- Precision: 0.607656 -- Recall: 0.976923 -- F1: 0.749263 -- AUC: 0.769950
========= epoch: 3 ==============
[ 1 / 60 ] loss: 0.848
[ 2 / 60 ] loss: 0.508
[ 3 / 60 ] loss: 0.461
[ 4 / 60 ] loss: 0.568
[ 5 / 60 ] loss: 0.478
[ 6 / 60 ] loss: 0.615
[ 7 / 60 ] loss: 0.685
[ 8 / 60 ] loss: 0.834
[ 9 / 60 ] loss: 0.226
[ 10 / 60 ] loss: 0.424
[ 11 / 60 ] loss: 0.292
[ 12 / 60 ] loss: 0.598
[ 13 / 60 ] loss: 0.540
[ 14 / 60 ] loss: 0.455
[ 15 / 60 ] loss: 0.392
[ 16 / 60 ] loss: 0.438
[ 17 / 60 ] loss: 0.586
[ 18 / 60 ] loss: 0.483
[ 19 / 60 ] loss: 0.426
[ 20 / 60 ] loss: 0.383
[ 21 / 60 ] loss: 0.414
[ 22 / 60 ] loss: 0.513
[ 23 / 60 ] loss: 0.666
[ 24 / 60 ] loss: 0.269
[ 25 / 60 ] loss: 0.272
[ 26 / 60 ] loss: 0.366
[ 27 / 60 ] loss: 0.565
[ 28 / 60 ] loss: 0.674
[ 29 / 60 ] loss: 0.651
[ 30 / 60 ] loss: 0.656
[ 31 / 60 ] loss: 0.425
[ 32 / 60 ] loss: 0.471
[ 33 / 60 ] loss: 0.387
[ 34 / 60 ] loss: 0.403
[ 35 / 60 ] loss: 0.441
[ 36 / 60 ] loss: 0.579
[ 37 / 60 ] loss: 1.247
[ 38 / 60 ] loss: 0.926
[ 39 / 60 ] loss: 0.384
[ 40 / 60 ] loss: 0.694
[ 41 / 60 ] loss: 0.439
[ 42 / 60 ] loss: 0.360
[ 43 / 60 ] loss: 0.601
[ 44 / 60 ] loss: 0.578
[ 45 / 60 ] loss: 0.613
[ 46 / 60 ] loss: 0.472
[ 47 / 60 ] loss: 0.505
[ 48 / 60 ] loss: 0.493
[ 49 / 60 ] loss: 0.516
[ 50 / 60 ] loss: 0.401
[ 51 / 60 ] loss: 0.364
[ 52 / 60 ] loss: 0.408
[ 53 / 60 ] loss: 0.495
[ 54 / 60 ] loss: 0.463
[ 55 / 60 ] loss: 0.595
[ 56 / 60 ] loss: 0.296
[ 57 / 60 ] loss: 0.308
[ 58 / 60 ] loss: 0.458
[ 59 / 60 ] loss: 0.438
[ 60 / 60 ] loss: 0.191
0.5039340058962504
Accuracy: 0.725738 -- Precision: 0.692308 -- Recall: 0.900000 -- F1: 0.782609 -- AUC: 0.784400
保存模型参数
========= epoch: 4 ==============
[ 1 / 60 ] loss: 0.479
[ 2 / 60 ] loss: 0.708
[ 3 / 60 ] loss: 0.310
[ 4 / 60 ] loss: 0.415
[ 5 / 60 ] loss: 0.339
[ 6 / 60 ] loss: 0.307
[ 7 / 60 ] loss: 0.715
[ 8 / 60 ] loss: 0.445
[ 9 / 60 ] loss: 0.274
[ 10 / 60 ] loss: 0.426
[ 11 / 60 ] loss: 0.564
[ 12 / 60 ] loss: 0.187
[ 13 / 60 ] loss: 0.457
[ 14 / 60 ] loss: 0.426
[ 15 / 60 ] loss: 0.437
[ 16 / 60 ] loss: 0.183
[ 17 / 60 ] loss: 0.398
[ 18 / 60 ] loss: 0.377
[ 19 / 60 ] loss: 0.635
[ 20 / 60 ] loss: 0.229
[ 21 / 60 ] loss: 0.367
[ 22 / 60 ] loss: 0.285
[ 23 / 60 ] loss: 0.498
[ 24 / 60 ] loss: 0.261
[ 25 / 60 ] loss: 0.125
[ 26 / 60 ] loss: 0.493
[ 27 / 60 ] loss: 0.328
[ 28 / 60 ] loss: 0.616
[ 29 / 60 ] loss: 0.322
[ 30 / 60 ] loss: 0.285
[ 31 / 60 ] loss: 0.557
[ 32 / 60 ] loss: 0.562
[ 33 / 60 ] loss: 0.440
[ 34 / 60 ] loss: 1.069
[ 35 / 60 ] loss: 0.411
[ 36 / 60 ] loss: 0.621
[ 37 / 60 ] loss: 0.350
[ 38 / 60 ] loss: 0.330
[ 39 / 60 ] loss: 0.360
[ 40 / 60 ] loss: 0.481
[ 41 / 60 ] loss: 0.346
[ 42 / 60 ] loss: 0.381
[ 43 / 60 ] loss: 0.425
[ 44 / 60 ] loss: 0.272
[ 45 / 60 ] loss: 0.511
[ 46 / 60 ] loss: 0.647
[ 47 / 60 ] loss: 0.241
[ 48 / 60 ] loss: 0.429
[ 49 / 60 ] loss: 0.420
[ 50 / 60 ] loss: 0.392
[ 51 / 60 ] loss: 0.265
[ 52 / 60 ] loss: 0.253
[ 53 / 60 ] loss: 0.252
[ 54 / 60 ] loss: 0.630
[ 55 / 60 ] loss: 0.459
[ 56 / 60 ] loss: 0.255
[ 57 / 60 ] loss: 0.397
[ 58 / 60 ] loss: 0.330
[ 59 / 60 ] loss: 0.427
[ 60 / 60 ] loss: 0.156
0.4093604644139608
Accuracy: 0.704641 -- Precision: 0.783019 -- Recall: 0.638462 -- F1: 0.703390 -- AUC: 0.790223
========= epoch: 5 ==============
[ 1 / 60 ] loss: 0.580
[ 2 / 60 ] loss: 0.637
[ 3 / 60 ] loss: 0.429
[ 4 / 60 ] loss: 0.477
[ 5 / 60 ] loss: 0.404
[ 6 / 60 ] loss: 0.483
[ 7 / 60 ] loss: 0.134
[ 8 / 60 ] loss: 0.475
[ 9 / 60 ] loss: 0.447
[ 10 / 60 ] loss: 0.200
[ 11 / 60 ] loss: 0.686
[ 12 / 60 ] loss: 0.407
[ 13 / 60 ] loss: 0.346
[ 14 / 60 ] loss: 0.138
[ 15 / 60 ] loss: 0.246
[ 16 / 60 ] loss: 0.263
[ 17 / 60 ] loss: 0.273
[ 18 / 60 ] loss: 0.304
[ 19 / 60 ] loss: 0.351
[ 20 / 60 ] loss: 0.336
[ 21 / 60 ] loss: 0.186
[ 22 / 60 ] loss: 0.424
[ 23 / 60 ] loss: 0.570
[ 24 / 60 ] loss: 0.645
[ 25 / 60 ] loss: 0.524
[ 26 / 60 ] loss: 0.214
[ 27 / 60 ] loss: 0.415
[ 28 / 60 ] loss: 0.351
[ 29 / 60 ] loss: 0.273
[ 30 / 60 ] loss: 0.207
[ 31 / 60 ] loss: 0.491
[ 32 / 60 ] loss: 0.278
[ 33 / 60 ] loss: 0.474
[ 34 / 60 ] loss: 0.569
[ 35 / 60 ] loss: 0.233
[ 36 / 60 ] loss: 0.634
[ 37 / 60 ] loss: 0.443
[ 38 / 60 ] loss: 0.230
[ 39 / 60 ] loss: 0.667
[ 40 / 60 ] loss: 0.316
[ 41 / 60 ] loss: 0.407
[ 42 / 60 ] loss: 0.340
[ 43 / 60 ] loss: 0.464
[ 44 / 60 ] loss: 1.080
[ 45 / 60 ] loss: 0.311
[ 46 / 60 ] loss: 0.404
[ 47 / 60 ] loss: 0.731
[ 48 / 60 ] loss: 0.371
[ 49 / 60 ] loss: 0.257
[ 50 / 60 ] loss: 0.206
[ 51 / 60 ] loss: 0.481
[ 52 / 60 ] loss: 0.371
[ 53 / 60 ] loss: 0.540
[ 54 / 60 ] loss: 0.306
[ 55 / 60 ] loss: 0.298
[ 56 / 60 ] loss: 0.268
[ 57 / 60 ] loss: 0.481
[ 58 / 60 ] loss: 0.394
[ 59 / 60 ] loss: 0.316
[ 60 / 60 ] loss: 2.032
0.4303138921658198
Accuracy: 0.649789 -- Precision: 0.625668 -- Recall: 0.900000 -- F1: 0.738170 -- AUC: 0.760101
========= epoch: 6 ==============
[ 1 / 60 ] loss: 0.664
[ 2 / 60 ] loss: 0.546
[ 3 / 60 ] loss: 0.544
[ 4 / 60 ] loss: 0.697
[ 5 / 60 ] loss: 0.516
[ 6 / 60 ] loss: 0.467
[ 7 / 60 ] loss: 0.334
[ 8 / 60 ] loss: 0.554
[ 9 / 60 ] loss: 0.455
[ 10 / 60 ] loss: 0.420
[ 11 / 60 ] loss: 0.432
[ 12 / 60 ] loss: 0.437
[ 13 / 60 ] loss: 0.307
[ 14 / 60 ] loss: 0.333
[ 15 / 60 ] loss: 0.363
[ 16 / 60 ] loss: 0.361
[ 17 / 60 ] loss: 0.560
[ 18 / 60 ] loss: 0.439
[ 19 / 60 ] loss: 0.437
[ 20 / 60 ] loss: 0.266
[ 21 / 60 ] loss: 0.355
[ 22 / 60 ] loss: 0.447
[ 23 / 60 ] loss: 0.227
[ 24 / 60 ] loss: 0.243
[ 25 / 60 ] loss: 0.288
[ 26 / 60 ] loss: 0.289
[ 27 / 60 ] loss: 0.289
[ 28 / 60 ] loss: 0.344
[ 29 / 60 ] loss: 0.433
[ 30 / 60 ] loss: 0.366
[ 31 / 60 ] loss: 0.336
[ 32 / 60 ] loss: 0.235
[ 33 / 60 ] loss: 0.438
[ 34 / 60 ] loss: 0.441
[ 35 / 60 ] loss: 0.351
[ 36 / 60 ] loss: 0.125
[ 37 / 60 ] loss: 0.511
[ 38 / 60 ] loss: 0.188
[ 39 / 60 ] loss: 0.318
[ 40 / 60 ] loss: 0.523
[ 41 / 60 ] loss: 0.451
[ 42 / 60 ] loss: 0.407
[ 43 / 60 ] loss: 0.415
[ 44 / 60 ] loss: 0.456
[ 45 / 60 ] loss: 0.260
[ 46 / 60 ] loss: 0.207
[ 47 / 60 ] loss: 0.553
[ 48 / 60 ] loss: 0.333
[ 49 / 60 ] loss: 0.470
[ 50 / 60 ] loss: 0.311
[ 51 / 60 ] loss: 0.404
[ 52 / 60 ] loss: 0.305
[ 53 / 60 ] loss: 0.186
[ 54 / 60 ] loss: 0.475
[ 55 / 60 ] loss: 0.766
[ 56 / 60 ] loss: 0.229
[ 57 / 60 ] loss: 0.150
[ 58 / 60 ] loss: 0.228
[ 59 / 60 ] loss: 0.250
[ 60 / 60 ] loss: 0.143
0.3813211865723133
Accuracy: 0.734177 -- Precision: 0.786325 -- Recall: 0.707692 -- F1: 0.744939 -- AUC: 0.786916
保存模型参数
========= epoch: 7 ==============
[ 1 / 60 ] loss: 0.317
[ 2 / 60 ] loss: 0.269
[ 3 / 60 ] loss: 0.285
[ 4 / 60 ] loss: 0.258
[ 5 / 60 ] loss: 0.185
[ 6 / 60 ] loss: 0.106
[ 7 / 60 ] loss: 0.217
[ 8 / 60 ] loss: 0.293
[ 9 / 60 ] loss: 0.340
[ 10 / 60 ] loss: 0.486
[ 11 / 60 ] loss: 0.293
[ 12 / 60 ] loss: 0.366
[ 13 / 60 ] loss: 0.446
[ 14 / 60 ] loss: 0.214
[ 15 / 60 ] loss: 0.099
[ 16 / 60 ] loss: 0.209
[ 17 / 60 ] loss: 0.309
[ 18 / 60 ] loss: 0.097
[ 19 / 60 ] loss: 0.495
[ 20 / 60 ] loss: 0.282
[ 21 / 60 ] loss: 0.560
[ 22 / 60 ] loss: 0.497
[ 23 / 60 ] loss: 0.281
[ 24 / 60 ] loss: 0.537
[ 25 / 60 ] loss: 0.289
[ 26 / 60 ] loss: 0.405
[ 27 / 60 ] loss: 0.295
[ 28 / 60 ] loss: 0.398
[ 29 / 60 ] loss: 0.151
[ 30 / 60 ] loss: 0.213
[ 31 / 60 ] loss: 0.329
[ 32 / 60 ] loss: 0.245
[ 33 / 60 ] loss: 0.440
[ 34 / 60 ] loss: 0.240
[ 35 / 60 ] loss: 0.400
[ 36 / 60 ] loss: 0.186
[ 37 / 60 ] loss: 0.114
[ 38 / 60 ] loss: 0.469
[ 39 / 60 ] loss: 0.102
[ 40 / 60 ] loss: 0.439
[ 41 / 60 ] loss: 0.380
[ 42 / 60 ] loss: 0.389
[ 43 / 60 ] loss: 0.247
[ 44 / 60 ] loss: 0.229
[ 45 / 60 ] loss: 0.314
[ 46 / 60 ] loss: 0.337
[ 47 / 60 ] loss: 0.357
[ 48 / 60 ] loss: 0.199
[ 49 / 60 ] loss: 0.528
[ 50 / 60 ] loss: 0.240
[ 51 / 60 ] loss: 0.785
[ 52 / 60 ] loss: 0.464
[ 53 / 60 ] loss: 0.448
[ 54 / 60 ] loss: 0.497
[ 55 / 60 ] loss: 0.136
[ 56 / 60 ] loss: 0.394
[ 57 / 60 ] loss: 0.199
[ 58 / 60 ] loss: 0.423
[ 59 / 60 ] loss: 0.434
[ 60 / 60 ] loss: 0.080
0.320594065139691
Accuracy: 0.696203 -- Precision: 0.676829 -- Recall: 0.853846 -- F1: 0.755102 -- AUC: 0.750467
========= epoch: 8 ==============
[ 1 / 60 ] loss: 0.446
[ 2 / 60 ] loss: 0.109
[ 3 / 60 ] loss: 0.319
[ 4 / 60 ] loss: 0.268
[ 5 / 60 ] loss: 0.230
[ 6 / 60 ] loss: 0.112
[ 7 / 60 ] loss: 0.297
[ 8 / 60 ] loss: 0.151
[ 9 / 60 ] loss: 0.367
[ 10 / 60 ] loss: 0.132
[ 11 / 60 ] loss: 0.275
[ 12 / 60 ] loss: 0.103
[ 13 / 60 ] loss: 0.251
[ 14 / 60 ] loss: 0.376
[ 15 / 60 ] loss: 0.108
[ 16 / 60 ] loss: 0.113
[ 17 / 60 ] loss: 0.164
[ 18 / 60 ] loss: 0.466
[ 19 / 60 ] loss: 0.270
[ 20 / 60 ] loss: 0.184
[ 21 / 60 ] loss: 0.359
[ 22 / 60 ] loss: 0.258
[ 23 / 60 ] loss: 0.450
[ 24 / 60 ] loss: 0.133
[ 25 / 60 ] loss: 0.094
[ 26 / 60 ] loss: 0.334
[ 27 / 60 ] loss: 0.211
[ 28 / 60 ] loss: 0.247
[ 29 / 60 ] loss: 0.167
[ 30 / 60 ] loss: 0.611
[ 31 / 60 ] loss: 0.125
[ 32 / 60 ] loss: 0.431
[ 33 / 60 ] loss: 0.188
[ 34 / 60 ] loss: 0.090
[ 35 / 60 ] loss: 0.232
[ 36 / 60 ] loss: 0.082
[ 37 / 60 ] loss: 0.379
[ 38 / 60 ] loss: 0.118
[ 39 / 60 ] loss: 0.083
[ 40 / 60 ] loss: 0.077
[ 41 / 60 ] loss: 0.057
[ 42 / 60 ] loss: 0.303
[ 43 / 60 ] loss: 0.056
[ 44 / 60 ] loss: 0.224
[ 45 / 60 ] loss: 0.367
[ 46 / 60 ] loss: 0.308
[ 47 / 60 ] loss: 0.077
[ 48 / 60 ] loss: 0.345
[ 49 / 60 ] loss: 0.426
[ 50 / 60 ] loss: 0.056
[ 51 / 60 ] loss: 0.053
[ 52 / 60 ] loss: 0.278
[ 53 / 60 ] loss: 0.335
[ 54 / 60 ] loss: 0.595
[ 55 / 60 ] loss: 0.465
[ 56 / 60 ] loss: 0.217
[ 57 / 60 ] loss: 0.400
[ 58 / 60 ] loss: 0.374
[ 59 / 60 ] loss: 0.548
[ 60 / 60 ] loss: 0.034
0.24879245876024167
Accuracy: 0.696203 -- Precision: 0.690789 -- Recall: 0.807692 -- F1: 0.744681 -- AUC: 0.770093
========= epoch: 9 ==============
[ 1 / 60 ] loss: 0.293
[ 2 / 60 ] loss: 0.055
[ 3 / 60 ] loss: 0.264
[ 4 / 60 ] loss: 0.253
[ 5 / 60 ] loss: 0.490
[ 6 / 60 ] loss: 0.676
[ 7 / 60 ] loss: 0.145
[ 8 / 60 ] loss: 0.413
[ 9 / 60 ] loss: 0.531
[ 10 / 60 ] loss: 0.287
[ 11 / 60 ] loss: 0.265
[ 12 / 60 ] loss: 0.256
[ 13 / 60 ] loss: 0.094
[ 14 / 60 ] loss: 0.298
[ 15 / 60 ] loss: 0.261
[ 16 / 60 ] loss: 0.112
[ 17 / 60 ] loss: 0.644
[ 18 / 60 ] loss: 0.592
[ 19 / 60 ] loss: 0.361
[ 20 / 60 ] loss: 0.409
[ 21 / 60 ] loss: 0.305
[ 22 / 60 ] loss: 0.224
[ 23 / 60 ] loss: 0.424
[ 24 / 60 ] loss: 0.115
[ 25 / 60 ] loss: 0.260
[ 26 / 60 ] loss: 0.531
[ 27 / 60 ] loss: 0.285
[ 28 / 60 ] loss: 0.477
[ 29 / 60 ] loss: 0.162
[ 30 / 60 ] loss: 0.219
[ 31 / 60 ] loss: 0.133
[ 32 / 60 ] loss: 0.208
[ 33 / 60 ] loss: 0.126
[ 34 / 60 ] loss: 0.161
[ 35 / 60 ] loss: 0.147
[ 36 / 60 ] loss: 0.346
[ 37 / 60 ] loss: 0.230
[ 38 / 60 ] loss: 0.481
[ 39 / 60 ] loss: 0.280
[ 40 / 60 ] loss: 0.399
[ 41 / 60 ] loss: 0.282
[ 42 / 60 ] loss: 0.274
[ 43 / 60 ] loss: 0.238
[ 44 / 60 ] loss: 0.342
[ 45 / 60 ] loss: 0.220
[ 46 / 60 ] loss: 0.094
[ 47 / 60 ] loss: 0.304
[ 48 / 60 ] loss: 0.110
[ 49 / 60 ] loss: 0.100
[ 50 / 60 ] loss: 0.303
[ 51 / 60 ] loss: 0.258
[ 52 / 60 ] loss: 0.460
[ 53 / 60 ] loss: 0.333
[ 54 / 60 ] loss: 0.126
[ 55 / 60 ] loss: 0.086
[ 56 / 60 ] loss: 0.354
[ 57 / 60 ] loss: 0.091
[ 58 / 60 ] loss: 0.551
[ 59 / 60 ] loss: 0.174
[ 60 / 60 ] loss: 0.059
0.28285971817870936
Accuracy: 0.729958 -- Precision: 0.789474 -- Recall: 0.692308 -- F1: 0.737705 -- AUC: 0.781308
========= epoch: 10 ==============
[ 1 / 60 ] loss: 0.249
[ 2 / 60 ] loss: 0.275
[ 3 / 60 ] loss: 0.135
[ 4 / 60 ] loss: 0.178
[ 5 / 60 ] loss: 0.440
[ 6 / 60 ] loss: 0.329
[ 7 / 60 ] loss: 0.158
[ 8 / 60 ] loss: 0.173
[ 9 / 60 ] loss: 0.236
[ 10 / 60 ] loss: 0.134
[ 11 / 60 ] loss: 0.161
[ 12 / 60 ] loss: 0.075
[ 13 / 60 ] loss: 0.225
[ 14 / 60 ] loss: 0.289
[ 15 / 60 ] loss: 0.087
[ 16 / 60 ] loss: 0.095
[ 17 / 60 ] loss: 0.248
[ 18 / 60 ] loss: 0.206
[ 19 / 60 ] loss: 0.145
[ 20 / 60 ] loss: 0.094
[ 21 / 60 ] loss: 0.131
[ 22 / 60 ] loss: 0.307
[ 23 / 60 ] loss: 0.047
[ 24 / 60 ] loss: 0.258
[ 25 / 60 ] loss: 0.218
[ 26 / 60 ] loss: 0.451
[ 27 / 60 ] loss: 0.084
[ 28 / 60 ] loss: 0.187
[ 29 / 60 ] loss: 0.239
[ 30 / 60 ] loss: 0.051
[ 31 / 60 ] loss: 0.190
[ 32 / 60 ] loss: 0.092
[ 33 / 60 ] loss: 0.445
[ 34 / 60 ] loss: 0.385
[ 35 / 60 ] loss: 0.392
[ 36 / 60 ] loss: 0.130
[ 37 / 60 ] loss: 0.082
[ 38 / 60 ] loss: 0.197
[ 39 / 60 ] loss: 0.148
[ 40 / 60 ] loss: 0.291
[ 41 / 60 ] loss: 0.182
[ 42 / 60 ] loss: 0.168
[ 43 / 60 ] loss: 0.117
[ 44 / 60 ] loss: 0.299
[ 45 / 60 ] loss: 0.114
[ 46 / 60 ] loss: 0.258
[ 47 / 60 ] loss: 0.325
[ 48 / 60 ] loss: 0.544
[ 49 / 60 ] loss: 0.177
[ 50 / 60 ] loss: 0.469
[ 51 / 60 ] loss: 0.151
[ 52 / 60 ] loss: 0.199
[ 53 / 60 ] loss: 0.253
[ 54 / 60 ] loss: 0.117
[ 55 / 60 ] loss: 0.684
[ 56 / 60 ] loss: 0.235
[ 57 / 60 ] loss: 0.448
[ 58 / 60 ] loss: 0.248
[ 59 / 60 ] loss: 0.338
[ 60 / 60 ] loss: 0.271
0.230907445649306
Accuracy: 0.734177 -- Precision: 0.759690 -- Recall: 0.753846 -- F1: 0.756757 -- AUC: 0.790726
========= epoch: 11 ==============
[ 1 / 60 ] loss: 0.300
[ 2 / 60 ] loss: 0.129
[ 3 / 60 ] loss: 0.076
[ 4 / 60 ] loss: 0.130
[ 5 / 60 ] loss: 0.235
[ 6 / 60 ] loss: 0.197
[ 7 / 60 ] loss: 0.298
[ 8 / 60 ] loss: 0.250
[ 9 / 60 ] loss: 0.340
[ 10 / 60 ] loss: 0.323
[ 11 / 60 ] loss: 0.261
[ 12 / 60 ] loss: 0.061
[ 13 / 60 ] loss: 0.068
[ 14 / 60 ] loss: 0.071
[ 15 / 60 ] loss: 0.152
[ 16 / 60 ] loss: 0.359
[ 17 / 60 ] loss: 0.299
[ 18 / 60 ] loss: 0.184
[ 19 / 60 ] loss: 0.445
[ 20 / 60 ] loss: 0.314
[ 21 / 60 ] loss: 0.059
[ 22 / 60 ] loss: 0.446
[ 23 / 60 ] loss: 0.188
[ 24 / 60 ] loss: 0.217
[ 25 / 60 ] loss: 0.409
[ 26 / 60 ] loss: 0.211
[ 27 / 60 ] loss: 0.108
[ 28 / 60 ] loss: 0.308
[ 29 / 60 ] loss: 0.303
[ 30 / 60 ] loss: 0.144
[ 31 / 60 ] loss: 0.376
[ 32 / 60 ] loss: 0.387
[ 33 / 60 ] loss: 0.293
[ 34 / 60 ] loss: 0.089
[ 35 / 60 ] loss: 0.114
[ 36 / 60 ] loss: 0.274
[ 37 / 60 ] loss: 0.278
[ 38 / 60 ] loss: 0.080
[ 39 / 60 ] loss: 0.216
[ 40 / 60 ] loss: 0.257
[ 41 / 60 ] loss: 0.080
[ 42 / 60 ] loss: 0.129
[ 43 / 60 ] loss: 0.269
[ 44 / 60 ] loss: 0.090
[ 45 / 60 ] loss: 0.100
[ 46 / 60 ] loss: 0.225
[ 47 / 60 ] loss: 0.465
[ 48 / 60 ] loss: 0.183
[ 49 / 60 ] loss: 0.124
[ 50 / 60 ] loss: 0.304
[ 51 / 60 ] loss: 0.089
[ 52 / 60 ] loss: 0.439
[ 53 / 60 ] loss: 0.057
[ 54 / 60 ] loss: 0.560
[ 55 / 60 ] loss: 0.030
[ 56 / 60 ] loss: 0.208
[ 57 / 60 ] loss: 0.226
[ 58 / 60 ] loss: 0.039
[ 59 / 60 ] loss: 0.242
[ 60 / 60 ] loss: 0.524
0.22723470128451784
Accuracy: 0.713080 -- Precision: 0.750000 -- Recall: 0.715385 -- F1: 0.732283 -- AUC: 0.777139
========= epoch: 12 ==============
[ 1 / 60 ] loss: 0.063
[ 2 / 60 ] loss: 0.069
[ 3 / 60 ] loss: 0.138
[ 4 / 60 ] loss: 0.053
[ 5 / 60 ] loss: 0.034
[ 6 / 60 ] loss: 0.116
[ 7 / 60 ] loss: 0.204
[ 8 / 60 ] loss: 0.069
[ 9 / 60 ] loss: 0.462
[ 10 / 60 ] loss: 0.036
[ 11 / 60 ] loss: 0.221
[ 12 / 60 ] loss: 0.047
[ 13 / 60 ] loss: 0.379
[ 14 / 60 ] loss: 0.078
[ 15 / 60 ] loss: 0.050
[ 16 / 60 ] loss: 0.250
[ 17 / 60 ] loss: 0.095
[ 18 / 60 ] loss: 0.070
[ 19 / 60 ] loss: 0.843
[ 20 / 60 ] loss: 0.266
[ 21 / 60 ] loss: 0.039
[ 22 / 60 ] loss: 0.046
[ 23 / 60 ] loss: 0.176
[ 24 / 60 ] loss: 0.036
[ 25 / 60 ] loss: 0.031
[ 26 / 60 ] loss: 0.206
[ 27 / 60 ] loss: 0.035
[ 28 / 60 ] loss: 0.031
[ 29 / 60 ] loss: 0.192
[ 30 / 60 ] loss: 0.036
[ 31 / 60 ] loss: 0.248
[ 32 / 60 ] loss: 0.227
[ 33 / 60 ] loss: 0.198
[ 34 / 60 ] loss: 0.419
[ 35 / 60 ] loss: 0.053
[ 36 / 60 ] loss: 0.082
[ 37 / 60 ] loss: 0.539
[ 38 / 60 ] loss: 0.149
[ 39 / 60 ] loss: 0.052
[ 40 / 60 ] loss: 0.238
[ 41 / 60 ] loss: 0.650
[ 42 / 60 ] loss: 0.485
[ 43 / 60 ] loss: 0.450
[ 44 / 60 ] loss: 0.152
[ 45 / 60 ] loss: 0.234
[ 46 / 60 ] loss: 0.439
[ 47 / 60 ] loss: 0.306
[ 48 / 60 ] loss: 0.080
[ 49 / 60 ] loss: 0.507
[ 50 / 60 ] loss: 0.042
[ 51 / 60 ] loss: 0.301
[ 52 / 60 ] loss: 0.217
[ 53 / 60 ] loss: 0.687
[ 54 / 60 ] loss: 0.220
[ 55 / 60 ] loss: 0.127
[ 56 / 60 ] loss: 0.220
[ 57 / 60 ] loss: 0.312
[ 58 / 60 ] loss: 0.337
[ 59 / 60 ] loss: 0.505
[ 60 / 60 ] loss: 0.044
0.21487842177351316
Accuracy: 0.729958 -- Precision: 0.729167 -- Recall: 0.807692 -- F1: 0.766423 -- AUC: 0.772035
========= epoch: 13 ==============
[ 1 / 60 ] loss: 0.074
[ 2 / 60 ] loss: 0.101
[ 3 / 60 ] loss: 0.436
[ 4 / 60 ] loss: 0.087
[ 5 / 60 ] loss: 0.123
[ 6 / 60 ] loss: 0.099
[ 7 / 60 ] loss: 0.278
[ 8 / 60 ] loss: 0.130
[ 9 / 60 ] loss: 0.160
[ 10 / 60 ] loss: 0.099
[ 11 / 60 ] loss: 0.183
[ 12 / 60 ] loss: 0.283
[ 13 / 60 ] loss: 0.222
[ 14 / 60 ] loss: 0.265
[ 15 / 60 ] loss: 0.230
[ 16 / 60 ] loss: 0.136
[ 17 / 60 ] loss: 0.095
[ 18 / 60 ] loss: 0.141
[ 19 / 60 ] loss: 0.158
[ 20 / 60 ] loss: 0.473
[ 21 / 60 ] loss: 0.186
[ 22 / 60 ] loss: 0.221
[ 23 / 60 ] loss: 0.335
[ 24 / 60 ] loss: 0.142
[ 25 / 60 ] loss: 0.128
[ 26 / 60 ] loss: 0.059
[ 27 / 60 ] loss: 0.296
[ 28 / 60 ] loss: 0.223
[ 29 / 60 ] loss: 0.127
[ 30 / 60 ] loss: 0.568
[ 31 / 60 ] loss: 0.323
[ 32 / 60 ] loss: 0.437
[ 33 / 60 ] loss: 0.634
[ 34 / 60 ] loss: 0.132
[ 35 / 60 ] loss: 0.529
[ 36 / 60 ] loss: 0.052
[ 37 / 60 ] loss: 0.476
[ 38 / 60 ] loss: 0.449
[ 39 / 60 ] loss: 0.121
[ 40 / 60 ] loss: 0.395
[ 41 / 60 ] loss: 0.379
[ 42 / 60 ] loss: 0.480
[ 43 / 60 ] loss: 0.433
[ 44 / 60 ] loss: 0.045
[ 45 / 60 ] loss: 0.341
[ 46 / 60 ] loss: 0.528
[ 47 / 60 ] loss: 0.062
[ 48 / 60 ] loss: 0.215
[ 49 / 60 ] loss: 0.437
[ 50 / 60 ] loss: 0.395
[ 51 / 60 ] loss: 0.528
[ 52 / 60 ] loss: 0.104
[ 53 / 60 ] loss: 0.343
[ 54 / 60 ] loss: 0.160
[ 55 / 60 ] loss: 0.299
[ 56 / 60 ] loss: 0.229
[ 57 / 60 ] loss: 0.192
[ 58 / 60 ] loss: 0.159
[ 59 / 60 ] loss: 0.083
[ 60 / 60 ] loss: 0.059
0.2512995801866055
Accuracy: 0.713080 -- Precision: 0.715278 -- Recall: 0.792308 -- F1: 0.751825 -- AUC: 0.781452
========= epoch: 14 ==============
[ 1 / 60 ] loss: 0.231
[ 2 / 60 ] loss: 0.072
[ 3 / 60 ] loss: 0.164
[ 4 / 60 ] loss: 0.413
[ 5 / 60 ] loss: 0.221
[ 6 / 60 ] loss: 0.081
[ 7 / 60 ] loss: 0.066
[ 8 / 60 ] loss: 0.058
[ 9 / 60 ] loss: 0.063
[ 10 / 60 ] loss: 0.057
[ 11 / 60 ] loss: 0.280
[ 12 / 60 ] loss: 0.067
[ 13 / 60 ] loss: 0.050
[ 14 / 60 ] loss: 0.045
[ 15 / 60 ] loss: 0.105
[ 16 / 60 ] loss: 0.055
[ 17 / 60 ] loss: 0.238
[ 18 / 60 ] loss: 0.167
[ 19 / 60 ] loss: 0.106
[ 20 / 60 ] loss: 0.386
[ 21 / 60 ] loss: 0.048
[ 22 / 60 ] loss: 0.085
[ 23 / 60 ] loss: 0.471
[ 24 / 60 ] loss: 0.226
[ 25 / 60 ] loss: 0.208
[ 26 / 60 ] loss: 0.205
[ 27 / 60 ] loss: 0.083
[ 28 / 60 ] loss: 0.045
[ 29 / 60 ] loss: 0.450
[ 30 / 60 ] loss: 0.233
[ 31 / 60 ] loss: 0.229
[ 32 / 60 ] loss: 0.320
[ 33 / 60 ] loss: 0.347
[ 34 / 60 ] loss: 0.064
[ 35 / 60 ] loss: 0.069
[ 36 / 60 ] loss: 0.280
[ 37 / 60 ] loss: 0.087
[ 38 / 60 ] loss: 0.066
[ 39 / 60 ] loss: 0.652
[ 40 / 60 ] loss: 0.107
[ 41 / 60 ] loss: 0.081
[ 42 / 60 ] loss: 0.245
[ 43 / 60 ] loss: 0.232
[ 44 / 60 ] loss: 0.137
[ 45 / 60 ] loss: 0.162
[ 46 / 60 ] loss: 0.070
[ 47 / 60 ] loss: 0.075
[ 48 / 60 ] loss: 0.158
[ 49 / 60 ] loss: 0.337
[ 50 / 60 ] loss: 0.339
[ 51 / 60 ] loss: 0.279
[ 52 / 60 ] loss: 0.063
[ 53 / 60 ] loss: 0.430
[ 54 / 60 ] loss: 0.068
[ 55 / 60 ] loss: 0.262
[ 56 / 60 ] loss: 0.533
[ 57 / 60 ] loss: 0.419
[ 58 / 60 ] loss: 0.389
[ 59 / 60 ] loss: 0.170
[ 60 / 60 ] loss: 0.045
0.194889651487271
Accuracy: 0.704641 -- Precision: 0.800000 -- Recall: 0.615385 -- F1: 0.695652 -- AUC: 0.783393
========= epoch: 15 ==============
[ 1 / 60 ] loss: 0.065
[ 2 / 60 ] loss: 0.156
[ 3 / 60 ] loss: 0.110
[ 4 / 60 ] loss: 0.222
[ 5 / 60 ] loss: 0.079
[ 6 / 60 ] loss: 0.037
[ 7 / 60 ] loss: 0.064
[ 8 / 60 ] loss: 0.062
[ 9 / 60 ] loss: 0.117
[ 10 / 60 ] loss: 0.053
[ 11 / 60 ] loss: 0.080
[ 12 / 60 ] loss: 0.059
[ 13 / 60 ] loss: 0.032
[ 14 / 60 ] loss: 0.129
[ 15 / 60 ] loss: 0.097
[ 16 / 60 ] loss: 0.178
[ 17 / 60 ] loss: 0.037
[ 18 / 60 ] loss: 0.260
[ 19 / 60 ] loss: 0.059
[ 20 / 60 ] loss: 0.342
[ 21 / 60 ] loss: 0.327
[ 22 / 60 ] loss: 0.242
[ 23 / 60 ] loss: 0.455
[ 24 / 60 ] loss: 0.492
[ 25 / 60 ] loss: 0.576
[ 26 / 60 ] loss: 0.317
[ 27 / 60 ] loss: 0.303
[ 28 / 60 ] loss: 0.225
[ 29 / 60 ] loss: 0.246
[ 30 / 60 ] loss: 0.309
[ 31 / 60 ] loss: 0.046
[ 32 / 60 ] loss: 0.215
[ 33 / 60 ] loss: 0.078
[ 34 / 60 ] loss: 0.093
[ 35 / 60 ] loss: 0.146
[ 36 / 60 ] loss: 0.049
[ 37 / 60 ] loss: 0.238
[ 38 / 60 ] loss: 0.140
[ 39 / 60 ] loss: 0.214
[ 40 / 60 ] loss: 0.350
[ 41 / 60 ] loss: 0.215
[ 42 / 60 ] loss: 0.053
[ 43 / 60 ] loss: 0.416
[ 44 / 60 ] loss: 0.274
[ 45 / 60 ] loss: 0.380
[ 46 / 60 ] loss: 0.244
[ 47 / 60 ] loss: 0.242
[ 48 / 60 ] loss: 0.072
[ 49 / 60 ] loss: 0.076
[ 50 / 60 ] loss: 0.059
[ 51 / 60 ] loss: 0.055
[ 52 / 60 ] loss: 0.091
[ 53 / 60 ] loss: 0.345
[ 54 / 60 ] loss: 0.123
[ 55 / 60 ] loss: 0.129
[ 56 / 60 ] loss: 0.246
[ 57 / 60 ] loss: 0.307
[ 58 / 60 ] loss: 0.514
[ 59 / 60 ] loss: 0.076
[ 60 / 60 ] loss: 0.033
0.18755837256709734
Accuracy: 0.704641 -- Precision: 0.702703 -- Recall: 0.800000 -- F1: 0.748201 -- AUC: 0.761107
========= epoch: 16 ==============
[ 1 / 60 ] loss: 0.225
[ 2 / 60 ] loss: 0.045
[ 3 / 60 ] loss: 0.513
[ 4 / 60 ] loss: 0.100
[ 5 / 60 ] loss: 0.282
[ 6 / 60 ] loss: 0.232
[ 7 / 60 ] loss: 0.221
[ 8 / 60 ] loss: 0.241
[ 9 / 60 ] loss: 0.045
[ 10 / 60 ] loss: 0.111
[ 11 / 60 ] loss: 0.218
[ 12 / 60 ] loss: 0.056
[ 13 / 60 ] loss: 0.143
[ 14 / 60 ] loss: 0.048
[ 15 / 60 ] loss: 0.128
[ 16 / 60 ] loss: 0.123
[ 17 / 60 ] loss: 0.139
[ 18 / 60 ] loss: 0.055
[ 19 / 60 ] loss: 0.092
[ 20 / 60 ] loss: 0.228
[ 21 / 60 ] loss: 0.238
[ 22 / 60 ] loss: 0.115
[ 23 / 60 ] loss: 0.648
[ 24 / 60 ] loss: 0.352
[ 25 / 60 ] loss: 0.054
[ 26 / 60 ] loss: 0.036
[ 27 / 60 ] loss: 0.042
[ 28 / 60 ] loss: 0.064
[ 29 / 60 ] loss: 0.345
[ 30 / 60 ] loss: 0.087
[ 31 / 60 ] loss: 0.065
[ 32 / 60 ] loss: 0.161
[ 33 / 60 ] loss: 0.053
[ 34 / 60 ] loss: 0.334
[ 35 / 60 ] loss: 0.024
[ 36 / 60 ] loss: 0.397
[ 37 / 60 ] loss: 0.266
[ 38 / 60 ] loss: 0.254
[ 39 / 60 ] loss: 0.039
[ 40 / 60 ] loss: 0.027
[ 41 / 60 ] loss: 0.047
[ 42 / 60 ] loss: 0.233
[ 43 / 60 ] loss: 0.095
[ 44 / 60 ] loss: 0.031
[ 45 / 60 ] loss: 0.031
[ 46 / 60 ] loss: 0.099
[ 47 / 60 ] loss: 0.037
[ 48 / 60 ] loss: 0.122
[ 49 / 60 ] loss: 0.164
[ 50 / 60 ] loss: 0.123
[ 51 / 60 ] loss: 0.200
[ 52 / 60 ] loss: 0.328
[ 53 / 60 ] loss: 0.037
[ 54 / 60 ] loss: 0.037
[ 55 / 60 ] loss: 0.242
[ 56 / 60 ] loss: 0.149
[ 57 / 60 ] loss: 0.027
[ 58 / 60 ] loss: 0.028
[ 59 / 60 ] loss: 0.033
[ 60 / 60 ] loss: 0.024
0.14891133199756343
Accuracy: 0.725738 -- Precision: 0.712418 -- Recall: 0.838462 -- F1: 0.770318 -- AUC: 0.771172
========= epoch: 17 ==============
[ 1 / 60 ] loss: 0.062
[ 2 / 60 ] loss: 0.049
[ 3 / 60 ] loss: 0.096
[ 4 / 60 ] loss: 0.479
[ 5 / 60 ] loss: 0.059
[ 6 / 60 ] loss: 0.023
[ 7 / 60 ] loss: 0.062
[ 8 / 60 ] loss: 0.060
[ 9 / 60 ] loss: 0.405
[ 10 / 60 ] loss: 0.029
[ 11 / 60 ] loss: 0.237
[ 12 / 60 ] loss: 0.323
[ 13 / 60 ] loss: 0.024
[ 14 / 60 ] loss: 0.291
[ 15 / 60 ] loss: 0.323
[ 16 / 60 ] loss: 0.275
[ 17 / 60 ] loss: 0.027
[ 18 / 60 ] loss: 0.037
[ 19 / 60 ] loss: 0.194
[ 20 / 60 ] loss: 0.023
[ 21 / 60 ] loss: 0.070
[ 22 / 60 ] loss: 0.018
[ 23 / 60 ] loss: 0.039
[ 24 / 60 ] loss: 0.450
[ 25 / 60 ] loss: 0.514
[ 26 / 60 ] loss: 0.032
[ 27 / 60 ] loss: 0.110
[ 28 / 60 ] loss: 0.074
[ 29 / 60 ] loss: 0.030
[ 30 / 60 ] loss: 0.059
[ 31 / 60 ] loss: 0.027
[ 32 / 60 ] loss: 0.092
[ 33 / 60 ] loss: 0.034
[ 34 / 60 ] loss: 0.136
[ 35 / 60 ] loss: 0.019
[ 36 / 60 ] loss: 0.033
[ 37 / 60 ] loss: 0.026
[ 38 / 60 ] loss: 0.159
[ 39 / 60 ] loss: 0.111
[ 40 / 60 ] loss: 0.466
[ 41 / 60 ] loss: 0.109
[ 42 / 60 ] loss: 0.228
[ 43 / 60 ] loss: 0.230
[ 44 / 60 ] loss: 0.065
[ 45 / 60 ] loss: 0.123
[ 46 / 60 ] loss: 0.031
[ 47 / 60 ] loss: 0.402
[ 48 / 60 ] loss: 0.242
[ 49 / 60 ] loss: 0.114
[ 50 / 60 ] loss: 0.242
[ 51 / 60 ] loss: 0.439
[ 52 / 60 ] loss: 0.260
[ 53 / 60 ] loss: 0.257
[ 54 / 60 ] loss: 0.035
[ 55 / 60 ] loss: 0.026
[ 56 / 60 ] loss: 0.032
[ 57 / 60 ] loss: 0.268
[ 58 / 60 ] loss: 0.123
[ 59 / 60 ] loss: 0.087
[ 60 / 60 ] loss: 0.038
0.1487816279133161
Accuracy: 0.721519 -- Precision: 0.722222 -- Recall: 0.800000 -- F1: 0.759124 -- AUC: 0.774551
========= epoch: 18 ==============
[ 1 / 60 ] loss: 0.054
[ 2 / 60 ] loss: 0.230
[ 3 / 60 ] loss: 0.150
[ 4 / 60 ] loss: 0.030
[ 5 / 60 ] loss: 0.347
[ 6 / 60 ] loss: 0.045
[ 7 / 60 ] loss: 0.119
[ 8 / 60 ] loss: 0.069
[ 9 / 60 ] loss: 0.058
[ 10 / 60 ] loss: 0.233
[ 11 / 60 ] loss: 0.195
[ 12 / 60 ] loss: 0.242
[ 13 / 60 ] loss: 0.051
[ 14 / 60 ] loss: 0.084
[ 15 / 60 ] loss: 0.186
[ 16 / 60 ] loss: 0.247
[ 17 / 60 ] loss: 0.153
[ 18 / 60 ] loss: 0.099
[ 19 / 60 ] loss: 0.282
[ 20 / 60 ] loss: 0.438
[ 21 / 60 ] loss: 0.059
[ 22 / 60 ] loss: 0.231
[ 23 / 60 ] loss: 0.132
[ 24 / 60 ] loss: 0.029
[ 25 / 60 ] loss: 0.239
[ 26 / 60 ] loss: 0.228
[ 27 / 60 ] loss: 0.120
[ 28 / 60 ] loss: 0.031
[ 29 / 60 ] loss: 0.547
[ 30 / 60 ] loss: 0.026
[ 31 / 60 ] loss: 0.061
[ 32 / 60 ] loss: 0.026
[ 33 / 60 ] loss: 0.097
[ 34 / 60 ] loss: 0.041
[ 35 / 60 ] loss: 0.030
[ 36 / 60 ] loss: 0.038
[ 37 / 60 ] loss: 0.033
[ 38 / 60 ] loss: 0.053
[ 39 / 60 ] loss: 0.043
[ 40 / 60 ] loss: 0.034
[ 41 / 60 ] loss: 0.024
[ 42 / 60 ] loss: 0.278
[ 43 / 60 ] loss: 0.126
[ 44 / 60 ] loss: 0.132
[ 45 / 60 ] loss: 0.040
[ 46 / 60 ] loss: 0.253
[ 47 / 60 ] loss: 0.096
[ 48 / 60 ] loss: 0.020
[ 49 / 60 ] loss: 0.044
[ 50 / 60 ] loss: 0.025
[ 51 / 60 ] loss: 0.364
[ 52 / 60 ] loss: 0.243
[ 53 / 60 ] loss: 0.412
[ 54 / 60 ] loss: 0.454
[ 55 / 60 ] loss: 0.016
[ 56 / 60 ] loss: 0.100
[ 57 / 60 ] loss: 0.243
[ 58 / 60 ] loss: 0.060
[ 59 / 60 ] loss: 0.049
[ 60 / 60 ] loss: 2.306
0.1782183453440666
Accuracy: 0.704641 -- Precision: 0.694805 -- Recall: 0.823077 -- F1: 0.753521 -- AUC: 0.755356
========= epoch: 19 ==============
[ 1 / 60 ] loss: 0.064
[ 2 / 60 ] loss: 0.102
[ 3 / 60 ] loss: 0.278
[ 4 / 60 ] loss: 0.248
[ 5 / 60 ] loss: 0.068
[ 6 / 60 ] loss: 0.063
[ 7 / 60 ] loss: 0.149
[ 8 / 60 ] loss: 0.081
[ 9 / 60 ] loss: 0.265
[ 10 / 60 ] loss: 0.061
[ 11 / 60 ] loss: 0.697
[ 12 / 60 ] loss: 0.160
[ 13 / 60 ] loss: 0.104
[ 14 / 60 ] loss: 0.067
[ 15 / 60 ] loss: 0.043
[ 16 / 60 ] loss: 0.037
[ 17 / 60 ] loss: 0.250
[ 18 / 60 ] loss: 0.108
[ 19 / 60 ] loss: 0.049
[ 20 / 60 ] loss: 0.232
[ 21 / 60 ] loss: 0.228
[ 22 / 60 ] loss: 0.032
[ 23 / 60 ] loss: 0.381
[ 24 / 60 ] loss: 0.142
[ 25 / 60 ] loss: 0.027
[ 26 / 60 ] loss: 0.062
[ 27 / 60 ] loss: 0.116
[ 28 / 60 ] loss: 0.039
[ 29 / 60 ] loss: 0.239
[ 30 / 60 ] loss: 0.046
[ 31 / 60 ] loss: 0.095
[ 32 / 60 ] loss: 0.197
[ 33 / 60 ] loss: 0.256
[ 34 / 60 ] loss: 0.036
[ 35 / 60 ] loss: 0.128
[ 36 / 60 ] loss: 0.185
[ 37 / 60 ] loss: 0.112
[ 38 / 60 ] loss: 0.222
[ 39 / 60 ] loss: 0.444
[ 40 / 60 ] loss: 0.030
[ 41 / 60 ] loss: 0.032
[ 42 / 60 ] loss: 0.318
[ 43 / 60 ] loss: 0.265
[ 44 / 60 ] loss: 0.136
[ 45 / 60 ] loss: 0.033
[ 46 / 60 ] loss: 0.028
[ 47 / 60 ] loss: 0.308
[ 48 / 60 ] loss: 0.101
[ 49 / 60 ] loss: 0.309
[ 50 / 60 ] loss: 0.183
[ 51 / 60 ] loss: 0.704
[ 52 / 60 ] loss: 0.234
[ 53 / 60 ] loss: 0.258
[ 54 / 60 ] loss: 0.525
[ 55 / 60 ] loss: 0.030
[ 56 / 60 ] loss: 0.061
[ 57 / 60 ] loss: 0.040
[ 58 / 60 ] loss: 0.126
[ 59 / 60 ] loss: 0.076
[ 60 / 60 ] loss: 0.039
0.1657994609326124
Accuracy: 0.721519 -- Precision: 0.700000 -- Recall: 0.861538 -- F1: 0.772414 -- AUC: 0.774838
========= epoch: 20 ==============
[ 1 / 60 ] loss: 0.035
[ 2 / 60 ] loss: 0.140
[ 3 / 60 ] loss: 0.068
[ 4 / 60 ] loss: 0.036
[ 5 / 60 ] loss: 0.078
[ 6 / 60 ] loss: 0.144
[ 7 / 60 ] loss: 0.444
[ 8 / 60 ] loss: 0.238
[ 9 / 60 ] loss: 0.083
[ 10 / 60 ] loss: 0.041
[ 11 / 60 ] loss: 0.036
[ 12 / 60 ] loss: 0.029
[ 13 / 60 ] loss: 0.083
[ 14 / 60 ] loss: 0.619
[ 15 / 60 ] loss: 0.029
[ 16 / 60 ] loss: 0.113
[ 17 / 60 ] loss: 0.338
[ 18 / 60 ] loss: 0.494
[ 19 / 60 ] loss: 0.440
[ 20 / 60 ] loss: 0.227
[ 21 / 60 ] loss: 0.167
[ 22 / 60 ] loss: 0.467
[ 23 / 60 ] loss: 0.087
[ 24 / 60 ] loss: 0.062
[ 25 / 60 ] loss: 0.060
[ 26 / 60 ] loss: 0.036
[ 27 / 60 ] loss: 0.032
[ 28 / 60 ] loss: 0.256
[ 29 / 60 ] loss: 0.279
[ 30 / 60 ] loss: 0.183
[ 31 / 60 ] loss: 0.043
[ 32 / 60 ] loss: 0.028
[ 33 / 60 ] loss: 0.315
[ 34 / 60 ] loss: 0.032
[ 35 / 60 ] loss: 0.253
[ 36 / 60 ] loss: 0.109
[ 37 / 60 ] loss: 0.271
[ 38 / 60 ] loss: 0.030
[ 39 / 60 ] loss: 0.111
[ 40 / 60 ] loss: 0.030
[ 41 / 60 ] loss: 0.042
[ 42 / 60 ] loss: 0.073
[ 43 / 60 ] loss: 0.250
[ 44 / 60 ] loss: 0.022
[ 45 / 60 ] loss: 0.370
[ 46 / 60 ] loss: 0.026
[ 47 / 60 ] loss: 0.102
[ 48 / 60 ] loss: 0.028
[ 49 / 60 ] loss: 0.033
[ 50 / 60 ] loss: 0.033
[ 51 / 60 ] loss: 0.251
[ 52 / 60 ] loss: 0.243
[ 53 / 60 ] loss: 0.044
[ 54 / 60 ] loss: 0.454
[ 55 / 60 ] loss: 0.442
[ 56 / 60 ] loss: 0.039
[ 57 / 60 ] loss: 0.023
[ 58 / 60 ] loss: 0.064
[ 59 / 60 ] loss: 0.059
[ 60 / 60 ] loss: 0.023
0.15316864773631095
Accuracy: 0.738397 -- Precision: 0.765625 -- Recall: 0.753846 -- F1: 0.759690 -- AUC: 0.766499
保存模型参数
========= epoch: 21 ==============
[ 1 / 60 ] loss: 0.439
[ 2 / 60 ] loss: 0.035
[ 3 / 60 ] loss: 0.028
[ 4 / 60 ] loss: 0.158
[ 5 / 60 ] loss: 0.137
[ 6 / 60 ] loss: 0.183
[ 7 / 60 ] loss: 0.049
[ 8 / 60 ] loss: 0.031
[ 9 / 60 ] loss: 0.341
[ 10 / 60 ] loss: 0.370
[ 11 / 60 ] loss: 0.030
[ 12 / 60 ] loss: 0.297
[ 13 / 60 ] loss: 0.108
[ 14 / 60 ] loss: 0.040
[ 15 / 60 ] loss: 0.293
[ 16 / 60 ] loss: 0.486
[ 17 / 60 ] loss: 0.393
[ 18 / 60 ] loss: 0.087
[ 19 / 60 ] loss: 0.075
[ 20 / 60 ] loss: 0.050
[ 21 / 60 ] loss: 0.037
[ 22 / 60 ] loss: 0.052
[ 23 / 60 ] loss: 0.096
[ 24 / 60 ] loss: 0.269
[ 25 / 60 ] loss: 0.024
[ 26 / 60 ] loss: 0.047
[ 27 / 60 ] loss: 0.282
[ 28 / 60 ] loss: 0.207
[ 29 / 60 ] loss: 0.075
[ 30 / 60 ] loss: 0.276
[ 31 / 60 ] loss: 0.427
[ 32 / 60 ] loss: 0.112
[ 33 / 60 ] loss: 0.066
[ 34 / 60 ] loss: 0.178
[ 35 / 60 ] loss: 0.116
[ 36 / 60 ] loss: 0.146
[ 37 / 60 ] loss: 0.038
[ 38 / 60 ] loss: 0.036
[ 39 / 60 ] loss: 0.072
[ 40 / 60 ] loss: 0.346
[ 41 / 60 ] loss: 0.042
[ 42 / 60 ] loss: 0.040
[ 43 / 60 ] loss: 0.026
[ 44 / 60 ] loss: 0.028
[ 45 / 60 ] loss: 0.264
[ 46 / 60 ] loss: 0.069
[ 47 / 60 ] loss: 0.020
[ 48 / 60 ] loss: 0.427
[ 49 / 60 ] loss: 0.035
[ 50 / 60 ] loss: 0.027
[ 51 / 60 ] loss: 0.021
[ 52 / 60 ] loss: 0.214
[ 53 / 60 ] loss: 0.028
[ 54 / 60 ] loss: 0.083
[ 55 / 60 ] loss: 0.044
[ 56 / 60 ] loss: 0.021
[ 57 / 60 ] loss: 0.029
[ 58 / 60 ] loss: 0.028
[ 59 / 60 ] loss: 0.217
[ 60 / 60 ] loss: 0.048
0.13738890662789344
Accuracy: 0.713080 -- Precision: 0.742188 -- Recall: 0.730769 -- F1: 0.736434 -- AUC: 0.761251
========= epoch: 22 ==============
[ 1 / 60 ] loss: 0.031
[ 2 / 60 ] loss: 0.121
[ 3 / 60 ] loss: 0.053
[ 4 / 60 ] loss: 0.242
[ 5 / 60 ] loss: 0.057
[ 6 / 60 ] loss: 0.465
[ 7 / 60 ] loss: 0.049
[ 8 / 60 ] loss: 0.020
[ 9 / 60 ] loss: 0.023
[ 10 / 60 ] loss: 0.406
[ 11 / 60 ] loss: 0.236
[ 12 / 60 ] loss: 0.108
[ 13 / 60 ] loss: 0.037
[ 14 / 60 ] loss: 0.025
[ 15 / 60 ] loss: 0.273
[ 16 / 60 ] loss: 0.341
[ 17 / 60 ] loss: 0.262
[ 18 / 60 ] loss: 0.460
[ 19 / 60 ] loss: 0.215
[ 20 / 60 ] loss: 0.036
[ 21 / 60 ] loss: 0.043
[ 22 / 60 ] loss: 0.354
[ 23 / 60 ] loss: 0.029
[ 24 / 60 ] loss: 0.019
[ 25 / 60 ] loss: 0.023
[ 26 / 60 ] loss: 0.228
[ 27 / 60 ] loss: 0.066
[ 28 / 60 ] loss: 0.463
[ 29 / 60 ] loss: 0.412
[ 30 / 60 ] loss: 0.024
[ 31 / 60 ] loss: 0.029
[ 32 / 60 ] loss: 0.078
[ 33 / 60 ] loss: 0.041
[ 34 / 60 ] loss: 0.081
[ 35 / 60 ] loss: 0.038
[ 36 / 60 ] loss: 0.234
[ 37 / 60 ] loss: 0.034
[ 38 / 60 ] loss: 0.330
[ 39 / 60 ] loss: 0.089
[ 40 / 60 ] loss: 0.171
[ 41 / 60 ] loss: 0.446
[ 42 / 60 ] loss: 0.228
[ 43 / 60 ] loss: 0.272
[ 44 / 60 ] loss: 0.599
[ 45 / 60 ] loss: 0.059
[ 46 / 60 ] loss: 0.117
[ 47 / 60 ] loss: 0.339
[ 48 / 60 ] loss: 0.066
[ 49 / 60 ] loss: 0.093
[ 50 / 60 ] loss: 0.153
[ 51 / 60 ] loss: 0.054
[ 52 / 60 ] loss: 0.076
[ 53 / 60 ] loss: 0.035
[ 54 / 60 ] loss: 0.145
[ 55 / 60 ] loss: 0.116
[ 56 / 60 ] loss: 0.249
[ 57 / 60 ] loss: 0.043
[ 58 / 60 ] loss: 0.062
[ 59 / 60 ] loss: 0.102
[ 60 / 60 ] loss: 0.034
0.15885697569077215
Accuracy: 0.742616 -- Precision: 0.751825 -- Recall: 0.792308 -- F1: 0.771536 -- AUC: 0.780230
保存模型参数
========= epoch: 23 ==============
[ 1 / 60 ] loss: 0.028
[ 2 / 60 ] loss: 0.168
[ 3 / 60 ] loss: 0.031
[ 4 / 60 ] loss: 0.087
[ 5 / 60 ] loss: 0.036
[ 6 / 60 ] loss: 0.029
[ 7 / 60 ] loss: 0.078
[ 8 / 60 ] loss: 0.085
[ 9 / 60 ] loss: 0.267
[ 10 / 60 ] loss: 0.024
[ 11 / 60 ] loss: 0.046
[ 12 / 60 ] loss: 0.111
[ 13 / 60 ] loss: 0.123
[ 14 / 60 ] loss: 0.021
[ 15 / 60 ] loss: 0.252
[ 16 / 60 ] loss: 0.263
[ 17 / 60 ] loss: 0.043
[ 18 / 60 ] loss: 0.267
[ 19 / 60 ] loss: 0.180
[ 20 / 60 ] loss: 0.112
[ 21 / 60 ] loss: 0.251
[ 22 / 60 ] loss: 0.250
[ 23 / 60 ] loss: 0.014
[ 24 / 60 ] loss: 0.028
[ 25 / 60 ] loss: 0.022
[ 26 / 60 ] loss: 0.019
[ 27 / 60 ] loss: 0.360
[ 28 / 60 ] loss: 0.030
[ 29 / 60 ] loss: 0.020
[ 30 / 60 ] loss: 0.026
[ 31 / 60 ] loss: 0.375
[ 32 / 60 ] loss: 0.076
[ 33 / 60 ] loss: 0.238
[ 34 / 60 ] loss: 0.278
[ 35 / 60 ] loss: 0.021
[ 36 / 60 ] loss: 0.308
[ 37 / 60 ] loss: 0.033
[ 38 / 60 ] loss: 0.047
[ 39 / 60 ] loss: 0.384
[ 40 / 60 ] loss: 0.045
[ 41 / 60 ] loss: 0.043
[ 42 / 60 ] loss: 0.037
[ 43 / 60 ] loss: 0.045
[ 44 / 60 ] loss: 0.251
[ 45 / 60 ] loss: 0.172
[ 46 / 60 ] loss: 0.047
[ 47 / 60 ] loss: 0.239
[ 48 / 60 ] loss: 0.548
[ 49 / 60 ] loss: 0.022
[ 50 / 60 ] loss: 0.237
[ 51 / 60 ] loss: 0.130
[ 52 / 60 ] loss: 0.208
[ 53 / 60 ] loss: 0.025
[ 54 / 60 ] loss: 0.168
[ 55 / 60 ] loss: 0.399
[ 56 / 60 ] loss: 0.031
[ 57 / 60 ] loss: 0.023
[ 58 / 60 ] loss: 0.126
[ 59 / 60 ] loss: 0.163
[ 60 / 60 ] loss: 0.009
0.13334610112942755
Accuracy: 0.729958 -- Precision: 0.746269 -- Recall: 0.769231 -- F1: 0.757576 -- AUC: 0.794968
========= epoch: 24 ==============
[ 1 / 60 ] loss: 0.041
[ 2 / 60 ] loss: 0.060
[ 3 / 60 ] loss: 0.249
[ 4 / 60 ] loss: 0.123
[ 5 / 60 ] loss: 0.041
[ 6 / 60 ] loss: 0.042
[ 7 / 60 ] loss: 0.146
[ 8 / 60 ] loss: 0.115
[ 9 / 60 ] loss: 0.059
[ 10 / 60 ] loss: 0.072
[ 11 / 60 ] loss: 0.037
[ 12 / 60 ] loss: 0.028
[ 13 / 60 ] loss: 0.307
[ 14 / 60 ] loss: 0.226
[ 15 / 60 ] loss: 0.029
[ 16 / 60 ] loss: 0.103
[ 17 / 60 ] loss: 0.034
[ 18 / 60 ] loss: 0.119
[ 19 / 60 ] loss: 0.076
[ 20 / 60 ] loss: 0.019
[ 21 / 60 ] loss: 0.247
[ 22 / 60 ] loss: 0.030
[ 23 / 60 ] loss: 0.046
[ 24 / 60 ] loss: 0.248
[ 25 / 60 ] loss: 0.259
[ 26 / 60 ] loss: 0.069
[ 27 / 60 ] loss: 0.266
[ 28 / 60 ] loss: 0.113
[ 29 / 60 ] loss: 0.045
[ 30 / 60 ] loss: 0.159
[ 31 / 60 ] loss: 0.023
[ 32 / 60 ] loss: 0.038
[ 33 / 60 ] loss: 0.022
[ 34 / 60 ] loss: 0.022
[ 35 / 60 ] loss: 0.057
[ 36 / 60 ] loss: 0.072
[ 37 / 60 ] loss: 0.431
[ 38 / 60 ] loss: 0.246
[ 39 / 60 ] loss: 0.047
[ 40 / 60 ] loss: 0.283
[ 41 / 60 ] loss: 0.387
[ 42 / 60 ] loss: 0.066
[ 43 / 60 ] loss: 0.047
[ 44 / 60 ] loss: 0.024
[ 45 / 60 ] loss: 0.135
[ 46 / 60 ] loss: 0.023
[ 47 / 60 ] loss: 0.022
[ 48 / 60 ] loss: 0.289
[ 49 / 60 ] loss: 0.064
[ 50 / 60 ] loss: 0.025
[ 51 / 60 ] loss: 0.488
[ 52 / 60 ] loss: 0.089
[ 53 / 60 ] loss: 0.055
[ 54 / 60 ] loss: 0.489
[ 55 / 60 ] loss: 0.019
[ 56 / 60 ] loss: 0.144
[ 57 / 60 ] loss: 0.091
[ 58 / 60 ] loss: 0.376
[ 59 / 60 ] loss: 0.067
[ 60 / 60 ] loss: 0.025
0.1261860655620694
Accuracy: 0.742616 -- Precision: 0.763359 -- Recall: 0.769231 -- F1: 0.766284 -- AUC: 0.786341
========= epoch: 25 ==============
[ 1 / 60 ] loss: 0.099
[ 2 / 60 ] loss: 0.023
[ 3 / 60 ] loss: 0.328
[ 4 / 60 ] loss: 0.039
[ 5 / 60 ] loss: 0.082
[ 6 / 60 ] loss: 0.255
[ 7 / 60 ] loss: 0.081
[ 8 / 60 ] loss: 0.094
[ 9 / 60 ] loss: 0.176
[ 10 / 60 ] loss: 0.031
[ 11 / 60 ] loss: 0.250
[ 12 / 60 ] loss: 0.102
[ 13 / 60 ] loss: 0.091
[ 14 / 60 ] loss: 0.151
[ 15 / 60 ] loss: 0.043
[ 16 / 60 ] loss: 0.060
[ 17 / 60 ] loss: 0.401
[ 18 / 60 ] loss: 0.040
[ 19 / 60 ] loss: 0.239
[ 20 / 60 ] loss: 0.352
[ 21 / 60 ] loss: 0.048
[ 22 / 60 ] loss: 0.020
[ 23 / 60 ] loss: 0.114
[ 24 / 60 ] loss: 0.144
[ 25 / 60 ] loss: 0.035
[ 26 / 60 ] loss: 0.085
[ 27 / 60 ] loss: 0.410
[ 28 / 60 ] loss: 0.022
[ 29 / 60 ] loss: 0.284
[ 30 / 60 ] loss: 0.036
[ 31 / 60 ] loss: 0.311
[ 32 / 60 ] loss: 0.045
[ 33 / 60 ] loss: 0.145
[ 34 / 60 ] loss: 0.042
[ 35 / 60 ] loss: 0.199
[ 36 / 60 ] loss: 0.126
[ 37 / 60 ] loss: 0.075
[ 38 / 60 ] loss: 0.161
[ 39 / 60 ] loss: 0.343
[ 40 / 60 ] loss: 0.050
[ 41 / 60 ] loss: 0.021
[ 42 / 60 ] loss: 0.241
[ 43 / 60 ] loss: 0.223
[ 44 / 60 ] loss: 0.049
[ 45 / 60 ] loss: 0.049
[ 46 / 60 ] loss: 0.242
[ 47 / 60 ] loss: 0.336
[ 48 / 60 ] loss: 0.034
[ 49 / 60 ] loss: 0.027
[ 50 / 60 ] loss: 0.076
[ 51 / 60 ] loss: 0.148
[ 52 / 60 ] loss: 0.119
[ 53 / 60 ] loss: 0.242
[ 54 / 60 ] loss: 0.036
[ 55 / 60 ] loss: 0.020
[ 56 / 60 ] loss: 0.098
[ 57 / 60 ] loss: 0.061
[ 58 / 60 ] loss: 0.237
[ 59 / 60 ] loss: 0.037
[ 60 / 60 ] loss: 0.022
0.13246790943667291
Accuracy: 0.738397 -- Precision: 0.765625 -- Recall: 0.753846 -- F1: 0.759690 -- AUC: 0.784687
========= epoch: 26 ==============
[ 1 / 60 ] loss: 0.018
[ 2 / 60 ] loss: 0.026
[ 3 / 60 ] loss: 0.191
[ 4 / 60 ] loss: 0.082
[ 5 / 60 ] loss: 0.033
[ 6 / 60 ] loss: 0.051
[ 7 / 60 ] loss: 0.063
[ 8 / 60 ] loss: 0.682
[ 9 / 60 ] loss: 0.134
[ 10 / 60 ] loss: 0.043
[ 11 / 60 ] loss: 0.075
[ 12 / 60 ] loss: 0.021
[ 13 / 60 ] loss: 0.019
[ 14 / 60 ] loss: 0.176
[ 15 / 60 ] loss: 0.054
[ 16 / 60 ] loss: 0.037
[ 17 / 60 ] loss: 0.103
[ 18 / 60 ] loss: 0.030
[ 19 / 60 ] loss: 0.206
[ 20 / 60 ] loss: 0.029
[ 21 / 60 ] loss: 0.237
[ 22 / 60 ] loss: 0.024
[ 23 / 60 ] loss: 0.053
[ 24 / 60 ] loss: 0.026
[ 25 / 60 ] loss: 0.019
[ 26 / 60 ] loss: 0.040
[ 27 / 60 ] loss: 0.094
[ 28 / 60 ] loss: 0.024
[ 29 / 60 ] loss: 0.053
[ 30 / 60 ] loss: 0.307
[ 31 / 60 ] loss: 0.272
[ 32 / 60 ] loss: 0.405
[ 33 / 60 ] loss: 0.241
[ 34 / 60 ] loss: 0.256
[ 35 / 60 ] loss: 0.248
[ 36 / 60 ] loss: 0.019
[ 37 / 60 ] loss: 0.376
[ 38 / 60 ] loss: 0.035
[ 39 / 60 ] loss: 0.017
[ 40 / 60 ] loss: 0.015
[ 41 / 60 ] loss: 0.061
[ 42 / 60 ] loss: 0.040
[ 43 / 60 ] loss: 0.019
[ 44 / 60 ] loss: 0.017
[ 45 / 60 ] loss: 0.238
[ 46 / 60 ] loss: 0.293
[ 47 / 60 ] loss: 0.019
[ 48 / 60 ] loss: 0.079
[ 49 / 60 ] loss: 0.023
[ 50 / 60 ] loss: 0.438
[ 51 / 60 ] loss: 0.041
[ 52 / 60 ] loss: 0.102
[ 53 / 60 ] loss: 0.046
[ 54 / 60 ] loss: 0.047
[ 55 / 60 ] loss: 0.261
[ 56 / 60 ] loss: 0.016
[ 57 / 60 ] loss: 0.244
[ 58 / 60 ] loss: 0.056
[ 59 / 60 ] loss: 0.224
[ 60 / 60 ] loss: 0.017
0.11866125701926648
Accuracy: 0.713080 -- Precision: 0.724638 -- Recall: 0.769231 -- F1: 0.746269 -- AUC: 0.785622
========= epoch: 27 ==============
[ 1 / 60 ] loss: 0.028
[ 2 / 60 ] loss: 0.018
[ 3 / 60 ] loss: 0.240
[ 4 / 60 ] loss: 0.017
[ 5 / 60 ] loss: 0.023
[ 6 / 60 ] loss: 0.155
[ 7 / 60 ] loss: 0.020
[ 8 / 60 ] loss: 0.079
[ 9 / 60 ] loss: 0.235
[ 10 / 60 ] loss: 0.223
[ 11 / 60 ] loss: 0.270
[ 12 / 60 ] loss: 0.456
[ 13 / 60 ] loss: 0.020
[ 14 / 60 ] loss: 0.175
[ 15 / 60 ] loss: 0.021
[ 16 / 60 ] loss: 0.237
[ 17 / 60 ] loss: 0.476
[ 18 / 60 ] loss: 0.039
[ 19 / 60 ] loss: 0.035
[ 20 / 60 ] loss: 0.030
[ 21 / 60 ] loss: 0.237
[ 22 / 60 ] loss: 0.026
[ 23 / 60 ] loss: 0.121
[ 24 / 60 ] loss: 0.326
[ 25 / 60 ] loss: 0.074
[ 26 / 60 ] loss: 0.261
[ 27 / 60 ] loss: 0.053
[ 28 / 60 ] loss: 0.045
[ 29 / 60 ] loss: 0.040
[ 30 / 60 ] loss: 0.138
[ 31 / 60 ] loss: 0.030
[ 32 / 60 ] loss: 0.216
[ 33 / 60 ] loss: 0.056
[ 34 / 60 ] loss: 0.094
[ 35 / 60 ] loss: 0.039
[ 36 / 60 ] loss: 0.059
[ 37 / 60 ] loss: 0.102
[ 38 / 60 ] loss: 0.046
[ 39 / 60 ] loss: 0.021
[ 40 / 60 ] loss: 0.025
[ 41 / 60 ] loss: 0.024
[ 42 / 60 ] loss: 0.030
[ 43 / 60 ] loss: 0.032
[ 44 / 60 ] loss: 0.045
[ 45 / 60 ] loss: 0.365
[ 46 / 60 ] loss: 0.299
[ 47 / 60 ] loss: 0.059
[ 48 / 60 ] loss: 0.239
[ 49 / 60 ] loss: 0.022
[ 50 / 60 ] loss: 0.318
[ 51 / 60 ] loss: 0.016
[ 52 / 60 ] loss: 0.018
[ 53 / 60 ] loss: 0.570
[ 54 / 60 ] loss: 0.157
[ 55 / 60 ] loss: 0.023
[ 56 / 60 ] loss: 0.097
[ 57 / 60 ] loss: 0.021
[ 58 / 60 ] loss: 0.023
[ 59 / 60 ] loss: 0.138
[ 60 / 60 ] loss: 0.014
0.12187663773074746
Accuracy: 0.734177 -- Precision: 0.727891 -- Recall: 0.823077 -- F1: 0.772563 -- AUC: 0.752624
========= epoch: 28 ==============
[ 1 / 60 ] loss: 0.193
[ 2 / 60 ] loss: 0.048
[ 3 / 60 ] loss: 0.045
[ 4 / 60 ] loss: 0.015
[ 5 / 60 ] loss: 0.028
[ 6 / 60 ] loss: 0.293
[ 7 / 60 ] loss: 0.047
[ 8 / 60 ] loss: 0.304
[ 9 / 60 ] loss: 0.504
[ 10 / 60 ] loss: 0.078
[ 11 / 60 ] loss: 0.034
[ 12 / 60 ] loss: 0.202
[ 13 / 60 ] loss: 0.708
[ 14 / 60 ] loss: 0.024
[ 15 / 60 ] loss: 0.019
[ 16 / 60 ] loss: 0.019
[ 17 / 60 ] loss: 0.017
[ 18 / 60 ] loss: 0.018
[ 19 / 60 ] loss: 0.049
[ 20 / 60 ] loss: 0.036
[ 21 / 60 ] loss: 0.029
[ 22 / 60 ] loss: 0.021
[ 23 / 60 ] loss: 0.021
[ 24 / 60 ] loss: 0.037
[ 25 / 60 ] loss: 0.125
[ 26 / 60 ] loss: 0.021
[ 27 / 60 ] loss: 0.266
[ 28 / 60 ] loss: 0.024
[ 29 / 60 ] loss: 0.101
[ 30 / 60 ] loss: 0.311
[ 31 / 60 ] loss: 0.029
[ 32 / 60 ] loss: 0.237
[ 33 / 60 ] loss: 0.047
[ 34 / 60 ] loss: 0.026
[ 35 / 60 ] loss: 0.080
[ 36 / 60 ] loss: 0.238
[ 37 / 60 ] loss: 0.011
[ 38 / 60 ] loss: 0.018
[ 39 / 60 ] loss: 0.078
[ 40 / 60 ] loss: 0.021
[ 41 / 60 ] loss: 0.060
[ 42 / 60 ] loss: 0.017
[ 43 / 60 ] loss: 0.056
[ 44 / 60 ] loss: 0.143
[ 45 / 60 ] loss: 0.095
[ 46 / 60 ] loss: 0.015
[ 47 / 60 ] loss: 0.038
[ 48 / 60 ] loss: 0.019
[ 49 / 60 ] loss: 0.076
[ 50 / 60 ] loss: 0.241
[ 51 / 60 ] loss: 0.167
[ 52 / 60 ] loss: 0.245
[ 53 / 60 ] loss: 0.027
[ 54 / 60 ] loss: 0.456
[ 55 / 60 ] loss: 0.015
[ 56 / 60 ] loss: 0.019
[ 57 / 60 ] loss: 0.034
[ 58 / 60 ] loss: 0.027
[ 59 / 60 ] loss: 0.027
[ 60 / 60 ] loss: 0.003
0.10329501503923287
Accuracy: 0.742616 -- Precision: 0.744681 -- Recall: 0.807692 -- F1: 0.774908 -- AUC: 0.765061
========= epoch: 29 ==============
[ 1 / 60 ] loss: 0.021
[ 2 / 60 ] loss: 0.272
[ 3 / 60 ] loss: 0.054
[ 4 / 60 ] loss: 0.022
[ 5 / 60 ] loss: 0.018
[ 6 / 60 ] loss: 0.014
[ 7 / 60 ] loss: 0.041
[ 8 / 60 ] loss: 0.018
[ 9 / 60 ] loss: 0.026
[ 10 / 60 ] loss: 0.083
[ 11 / 60 ] loss: 0.287
[ 12 / 60 ] loss: 0.243
[ 13 / 60 ] loss: 0.019
[ 14 / 60 ] loss: 0.330
[ 15 / 60 ] loss: 0.117
[ 16 / 60 ] loss: 0.052
[ 17 / 60 ] loss: 0.285
[ 18 / 60 ] loss: 0.023
[ 19 / 60 ] loss: 0.019
[ 20 / 60 ] loss: 0.015
[ 21 / 60 ] loss: 0.241
[ 22 / 60 ] loss: 0.239
[ 23 / 60 ] loss: 0.024
[ 24 / 60 ] loss: 0.029
[ 25 / 60 ] loss: 0.073
[ 26 / 60 ] loss: 0.053
[ 27 / 60 ] loss: 0.022
[ 28 / 60 ] loss: 0.020
[ 29 / 60 ] loss: 0.015
[ 30 / 60 ] loss: 0.233
[ 31 / 60 ] loss: 0.228
[ 32 / 60 ] loss: 0.023
[ 33 / 60 ] loss: 0.011
[ 34 / 60 ] loss: 0.025
[ 35 / 60 ] loss: 0.044
[ 36 / 60 ] loss: 0.016
[ 37 / 60 ] loss: 0.017
[ 38 / 60 ] loss: 0.214
[ 39 / 60 ] loss: 0.017
[ 40 / 60 ] loss: 0.026
[ 41 / 60 ] loss: 0.016
[ 42 / 60 ] loss: 0.022
[ 43 / 60 ] loss: 0.120
[ 44 / 60 ] loss: 0.248
[ 45 / 60 ] loss: 0.091
[ 46 / 60 ] loss: 0.016
[ 47 / 60 ] loss: 0.028
[ 48 / 60 ] loss: 0.012
[ 49 / 60 ] loss: 0.017
[ 50 / 60 ] loss: 0.142
[ 51 / 60 ] loss: 0.019
[ 52 / 60 ] loss: 0.015
[ 53 / 60 ] loss: 0.019
[ 54 / 60 ] loss: 0.091
[ 55 / 60 ] loss: 0.012
[ 56 / 60 ] loss: 0.028
[ 57 / 60 ] loss: 0.554
[ 58 / 60 ] loss: 0.036
[ 59 / 60 ] loss: 0.513
[ 60 / 60 ] loss: 0.017
0.0924437222070992
Accuracy: 0.742616 -- Precision: 0.748201 -- Recall: 0.800000 -- F1: 0.773234 -- AUC: 0.768224
========= epoch: 30 ==============
[ 1 / 60 ] loss: 0.245
[ 2 / 60 ] loss: 0.248
[ 3 / 60 ] loss: 0.038
[ 4 / 60 ] loss: 0.156
[ 5 / 60 ] loss: 0.017
[ 6 / 60 ] loss: 0.274
[ 7 / 60 ] loss: 0.233
[ 8 / 60 ] loss: 0.184
[ 9 / 60 ] loss: 0.225
[ 10 / 60 ] loss: 0.026
[ 11 / 60 ] loss: 0.031
[ 12 / 60 ] loss: 0.032
[ 13 / 60 ] loss: 0.181
[ 14 / 60 ] loss: 0.222
[ 15 / 60 ] loss: 0.038
[ 16 / 60 ] loss: 0.049
[ 17 / 60 ] loss: 0.098
[ 18 / 60 ] loss: 0.057
[ 19 / 60 ] loss: 0.050
[ 20 / 60 ] loss: 0.038
[ 21 / 60 ] loss: 0.419
[ 22 / 60 ] loss: 0.193
[ 23 / 60 ] loss: 0.064
[ 24 / 60 ] loss: 0.037
[ 25 / 60 ] loss: 0.040
[ 26 / 60 ] loss: 0.127
[ 27 / 60 ] loss: 0.018
[ 28 / 60 ] loss: 0.018
[ 29 / 60 ] loss: 0.262
[ 30 / 60 ] loss: 0.031
[ 31 / 60 ] loss: 0.292
[ 32 / 60 ] loss: 0.022
[ 33 / 60 ] loss: 0.246
[ 34 / 60 ] loss: 0.024
[ 35 / 60 ] loss: 0.029
[ 36 / 60 ] loss: 0.017
[ 37 / 60 ] loss: 0.024
[ 38 / 60 ] loss: 0.027
[ 39 / 60 ] loss: 0.072
[ 40 / 60 ] loss: 0.225
[ 41 / 60 ] loss: 0.027
[ 42 / 60 ] loss: 0.022
[ 43 / 60 ] loss: 0.052
[ 44 / 60 ] loss: 0.252
[ 45 / 60 ] loss: 0.296
[ 46 / 60 ] loss: 0.014
[ 47 / 60 ] loss: 0.028
[ 48 / 60 ] loss: 0.057
[ 49 / 60 ] loss: 0.020
[ 50 / 60 ] loss: 0.020
[ 51 / 60 ] loss: 0.017
[ 52 / 60 ] loss: 0.036
[ 53 / 60 ] loss: 0.038
[ 54 / 60 ] loss: 0.019
[ 55 / 60 ] loss: 0.016
[ 56 / 60 ] loss: 0.101
[ 57 / 60 ] loss: 0.010
[ 58 / 60 ] loss: 0.019
[ 59 / 60 ] loss: 0.234
[ 60 / 60 ] loss: 0.010
0.09862569444812834
Accuracy: 0.734177 -- Precision: 0.755725 -- Recall: 0.761538 -- F1: 0.758621 -- AUC: 0.781165
========= epoch: 31 ==============
[ 1 / 60 ] loss: 0.015
[ 2 / 60 ] loss: 0.042
[ 3 / 60 ] loss: 0.036
[ 4 / 60 ] loss: 0.012
[ 5 / 60 ] loss: 0.475
[ 6 / 60 ] loss: 0.012
[ 7 / 60 ] loss: 0.021
[ 8 / 60 ] loss: 0.038
[ 9 / 60 ] loss: 0.044
[ 10 / 60 ] loss: 0.186
[ 11 / 60 ] loss: 0.016
[ 12 / 60 ] loss: 0.167
[ 13 / 60 ] loss: 0.029
[ 14 / 60 ] loss: 0.023
[ 15 / 60 ] loss: 0.091
[ 16 / 60 ] loss: 0.022
[ 17 / 60 ] loss: 0.054
[ 18 / 60 ] loss: 0.033
[ 19 / 60 ] loss: 0.200
[ 20 / 60 ] loss: 0.162
[ 21 / 60 ] loss: 0.264
[ 22 / 60 ] loss: 0.010
[ 23 / 60 ] loss: 0.092
[ 24 / 60 ] loss: 0.034
[ 25 / 60 ] loss: 0.025
[ 26 / 60 ] loss: 0.381
[ 27 / 60 ] loss: 0.012
[ 28 / 60 ] loss: 0.048
[ 29 / 60 ] loss: 0.075
[ 30 / 60 ] loss: 0.015
[ 31 / 60 ] loss: 0.028
[ 32 / 60 ] loss: 0.025
[ 33 / 60 ] loss: 0.114
[ 34 / 60 ] loss: 0.257
[ 35 / 60 ] loss: 0.261
[ 36 / 60 ] loss: 0.016
[ 37 / 60 ] loss: 0.518
[ 38 / 60 ] loss: 0.180
[ 39 / 60 ] loss: 0.265
[ 40 / 60 ] loss: 0.031
[ 41 / 60 ] loss: 0.038
[ 42 / 60 ] loss: 0.018
[ 43 / 60 ] loss: 0.136
[ 44 / 60 ] loss: 0.020
[ 45 / 60 ] loss: 0.015
[ 46 / 60 ] loss: 0.013
[ 47 / 60 ] loss: 0.155
[ 48 / 60 ] loss: 0.230
[ 49 / 60 ] loss: 0.220
[ 50 / 60 ] loss: 0.113
[ 51 / 60 ] loss: 0.042
[ 52 / 60 ] loss: 0.110
[ 53 / 60 ] loss: 0.013
[ 54 / 60 ] loss: 0.493
[ 55 / 60 ] loss: 0.355
[ 56 / 60 ] loss: 0.020
[ 57 / 60 ] loss: 0.079
[ 58 / 60 ] loss: 0.066
[ 59 / 60 ] loss: 0.128
[ 60 / 60 ] loss: 0.064
0.1109662661018471
Accuracy: 0.717300 -- Precision: 0.703226 -- Recall: 0.838462 -- F1: 0.764912 -- AUC: 0.730410
========= epoch: 32 ==============
[ 1 / 60 ] loss: 0.219
[ 2 / 60 ] loss: 0.224
[ 3 / 60 ] loss: 0.049
[ 4 / 60 ] loss: 0.143
[ 5 / 60 ] loss: 0.476
[ 6 / 60 ] loss: 0.029
[ 7 / 60 ] loss: 0.054
[ 8 / 60 ] loss: 0.329
[ 9 / 60 ] loss: 0.041
[ 10 / 60 ] loss: 0.239
[ 11 / 60 ] loss: 0.055
[ 12 / 60 ] loss: 0.033
[ 13 / 60 ] loss: 0.289
[ 14 / 60 ] loss: 0.081
[ 15 / 60 ] loss: 0.090
[ 16 / 60 ] loss: 0.300
[ 17 / 60 ] loss: 0.032
[ 18 / 60 ] loss: 0.158
[ 19 / 60 ] loss: 0.046
[ 20 / 60 ] loss: 0.187
[ 21 / 60 ] loss: 0.066
[ 22 / 60 ] loss: 0.031
[ 23 / 60 ] loss: 0.017
[ 24 / 60 ] loss: 0.228
[ 25 / 60 ] loss: 0.038
[ 26 / 60 ] loss: 0.021
[ 27 / 60 ] loss: 0.047
[ 28 / 60 ] loss: 0.236
[ 29 / 60 ] loss: 0.765
[ 30 / 60 ] loss: 0.020
[ 31 / 60 ] loss: 0.022
[ 32 / 60 ] loss: 0.102
[ 33 / 60 ] loss: 0.045
[ 34 / 60 ] loss: 0.034
[ 35 / 60 ] loss: 0.054
[ 36 / 60 ] loss: 0.018
[ 37 / 60 ] loss: 0.019
[ 38 / 60 ] loss: 0.259
[ 39 / 60 ] loss: 0.096
[ 40 / 60 ] loss: 0.204
[ 41 / 60 ] loss: 0.031
[ 42 / 60 ] loss: 0.020
[ 43 / 60 ] loss: 0.089
[ 44 / 60 ] loss: 0.387
[ 45 / 60 ] loss: 0.079
[ 46 / 60 ] loss: 0.010
[ 47 / 60 ] loss: 0.019
[ 48 / 60 ] loss: 0.025
[ 49 / 60 ] loss: 0.375
[ 50 / 60 ] loss: 0.022
[ 51 / 60 ] loss: 0.023
[ 52 / 60 ] loss: 0.018
[ 53 / 60 ] loss: 0.139
[ 54 / 60 ] loss: 0.114
[ 55 / 60 ] loss: 0.056
[ 56 / 60 ] loss: 0.070
[ 57 / 60 ] loss: 0.026
[ 58 / 60 ] loss: 0.016
[ 59 / 60 ] loss: 0.052
[ 60 / 60 ] loss: 1.748
0.1452498494181782
Accuracy: 0.725738 -- Precision: 0.744361 -- Recall: 0.761538 -- F1: 0.752852 -- AUC: 0.783249
========= epoch: 33 ==============
[ 1 / 60 ] loss: 0.083
[ 2 / 60 ] loss: 0.028
[ 3 / 60 ] loss: 0.502
[ 4 / 60 ] loss: 0.611
[ 5 / 60 ] loss: 0.412
[ 6 / 60 ] loss: 0.245
[ 7 / 60 ] loss: 0.232
[ 8 / 60 ] loss: 0.214
[ 9 / 60 ] loss: 0.323
[ 10 / 60 ] loss: 0.101
[ 11 / 60 ] loss: 0.161
[ 12 / 60 ] loss: 0.480
[ 13 / 60 ] loss: 0.541
[ 14 / 60 ] loss: 0.152
[ 15 / 60 ] loss: 0.108
[ 16 / 60 ] loss: 0.342
[ 17 / 60 ] loss: 0.122
[ 18 / 60 ] loss: 0.070
[ 19 / 60 ] loss: 0.116
[ 20 / 60 ] loss: 0.060
[ 21 / 60 ] loss: 0.233
[ 22 / 60 ] loss: 0.025
[ 23 / 60 ] loss: 0.212
[ 24 / 60 ] loss: 0.166
[ 25 / 60 ] loss: 0.345
[ 26 / 60 ] loss: 0.427
[ 27 / 60 ] loss: 0.118
[ 28 / 60 ] loss: 0.278
[ 29 / 60 ] loss: 0.082
[ 30 / 60 ] loss: 0.138
[ 31 / 60 ] loss: 0.259
[ 32 / 60 ] loss: 0.021
[ 33 / 60 ] loss: 0.066
[ 34 / 60 ] loss: 0.169
[ 35 / 60 ] loss: 0.053
[ 36 / 60 ] loss: 0.276
[ 37 / 60 ] loss: 0.110
[ 38 / 60 ] loss: 0.327
[ 39 / 60 ] loss: 0.199
[ 40 / 60 ] loss: 0.279
[ 41 / 60 ] loss: 0.049
[ 42 / 60 ] loss: 0.115
[ 43 / 60 ] loss: 0.077
[ 44 / 60 ] loss: 0.325
[ 45 / 60 ] loss: 0.581
[ 46 / 60 ] loss: 0.093
[ 47 / 60 ] loss: 0.079
[ 48 / 60 ] loss: 0.077
[ 49 / 60 ] loss: 0.331
[ 50 / 60 ] loss: 0.317
[ 51 / 60 ] loss: 0.057
[ 52 / 60 ] loss: 0.026
[ 53 / 60 ] loss: 0.515
[ 54 / 60 ] loss: 0.022
[ 55 / 60 ] loss: 0.079
[ 56 / 60 ] loss: 0.104
[ 57 / 60 ] loss: 0.021
[ 58 / 60 ] loss: 0.222
[ 59 / 60 ] loss: 0.127
[ 60 / 60 ] loss: 0.025
0.19880468208963673
Accuracy: 0.738397 -- Precision: 0.793103 -- Recall: 0.707692 -- F1: 0.747967 -- AUC: 0.772466
========= epoch: 34 ==============
[ 1 / 60 ] loss: 0.126
[ 2 / 60 ] loss: 0.022
[ 3 / 60 ] loss: 0.094
[ 4 / 60 ] loss: 0.030
[ 5 / 60 ] loss: 0.145
[ 6 / 60 ] loss: 0.508
[ 7 / 60 ] loss: 0.043
[ 8 / 60 ] loss: 0.090
[ 9 / 60 ] loss: 0.020
[ 10 / 60 ] loss: 0.197
[ 11 / 60 ] loss: 0.094
[ 12 / 60 ] loss: 0.265
[ 13 / 60 ] loss: 0.095
[ 14 / 60 ] loss: 0.306
[ 15 / 60 ] loss: 0.065
[ 16 / 60 ] loss: 0.221
[ 17 / 60 ] loss: 0.237
[ 18 / 60 ] loss: 0.093
[ 19 / 60 ] loss: 0.247
[ 20 / 60 ] loss: 0.077
[ 21 / 60 ] loss: 0.062
[ 22 / 60 ] loss: 0.051
[ 23 / 60 ] loss: 0.439
[ 24 / 60 ] loss: 0.297
[ 25 / 60 ] loss: 0.136
[ 26 / 60 ] loss: 0.083
[ 27 / 60 ] loss: 0.099
[ 28 / 60 ] loss: 0.274
[ 29 / 60 ] loss: 0.045
[ 30 / 60 ] loss: 0.115
[ 31 / 60 ] loss: 0.026
[ 32 / 60 ] loss: 0.290
[ 33 / 60 ] loss: 0.233
[ 34 / 60 ] loss: 0.049
[ 35 / 60 ] loss: 0.097
[ 36 / 60 ] loss: 0.282
[ 37 / 60 ] loss: 0.361
[ 38 / 60 ] loss: 0.031
[ 39 / 60 ] loss: 0.031
[ 40 / 60 ] loss: 0.491
[ 41 / 60 ] loss: 0.076
[ 42 / 60 ] loss: 0.025
[ 43 / 60 ] loss: 0.051
[ 44 / 60 ] loss: 0.042
[ 45 / 60 ] loss: 0.028
[ 46 / 60 ] loss: 0.029
[ 47 / 60 ] loss: 0.226
[ 48 / 60 ] loss: 0.079
[ 49 / 60 ] loss: 0.036
[ 50 / 60 ] loss: 0.024
[ 51 / 60 ] loss: 0.085
[ 52 / 60 ] loss: 0.234
[ 53 / 60 ] loss: 0.279
[ 54 / 60 ] loss: 0.037
[ 55 / 60 ] loss: 0.110
[ 56 / 60 ] loss: 0.290
[ 57 / 60 ] loss: 0.047
[ 58 / 60 ] loss: 0.042
[ 59 / 60 ] loss: 0.163
[ 60 / 60 ] loss: 0.022
0.13984463025505345
Accuracy: 0.725738 -- Precision: 0.755906 -- Recall: 0.738462 -- F1: 0.747082 -- AUC: 0.764414
========= epoch: 35 ==============
[ 1 / 60 ] loss: 0.027
[ 2 / 60 ] loss: 0.020
[ 3 / 60 ] loss: 0.026
[ 4 / 60 ] loss: 0.047
[ 5 / 60 ] loss: 0.022
[ 6 / 60 ] loss: 0.023
[ 7 / 60 ] loss: 0.020
[ 8 / 60 ] loss: 0.313
[ 9 / 60 ] loss: 0.040
[ 10 / 60 ] loss: 0.256
[ 11 / 60 ] loss: 0.320
[ 12 / 60 ] loss: 0.066
[ 13 / 60 ] loss: 0.046
[ 14 / 60 ] loss: 0.488
[ 15 / 60 ] loss: 0.163
[ 16 / 60 ] loss: 0.050
[ 17 / 60 ] loss: 0.025
[ 18 / 60 ] loss: 0.025
[ 19 / 60 ] loss: 0.022
[ 20 / 60 ] loss: 0.241
[ 21 / 60 ] loss: 0.015
[ 22 / 60 ] loss: 0.574
[ 23 / 60 ] loss: 0.018
[ 24 / 60 ] loss: 0.023
[ 25 / 60 ] loss: 0.024
[ 26 / 60 ] loss: 0.019
[ 27 / 60 ] loss: 0.068
[ 28 / 60 ] loss: 0.115
[ 29 / 60 ] loss: 0.034
[ 30 / 60 ] loss: 0.219
[ 31 / 60 ] loss: 0.016
[ 32 / 60 ] loss: 0.025
[ 33 / 60 ] loss: 0.239
[ 34 / 60 ] loss: 0.496
[ 35 / 60 ] loss: 0.189
[ 36 / 60 ] loss: 0.270
[ 37 / 60 ] loss: 0.027
[ 38 / 60 ] loss: 0.028
[ 39 / 60 ] loss: 0.840
[ 40 / 60 ] loss: 0.032
[ 41 / 60 ] loss: 0.268
[ 42 / 60 ] loss: 0.222
[ 43 / 60 ] loss: 0.024
[ 44 / 60 ] loss: 0.017
[ 45 / 60 ] loss: 0.098
[ 46 / 60 ] loss: 0.078
[ 47 / 60 ] loss: 0.251
[ 48 / 60 ] loss: 0.060
[ 49 / 60 ] loss: 0.267
[ 50 / 60 ] loss: 0.024
[ 51 / 60 ] loss: 0.072
[ 52 / 60 ] loss: 0.026
[ 53 / 60 ] loss: 0.052
[ 54 / 60 ] loss: 0.063
[ 55 / 60 ] loss: 0.022
[ 56 / 60 ] loss: 0.277
[ 57 / 60 ] loss: 0.086
[ 58 / 60 ] loss: 0.056
[ 59 / 60 ] loss: 0.060
[ 60 / 60 ] loss: 0.251
0.12973013051475088
Accuracy: 0.717300 -- Precision: 0.723404 -- Recall: 0.784615 -- F1: 0.752768 -- AUC: 0.755859
========= epoch: 36 ==============
[ 1 / 60 ] loss: 0.019
[ 2 / 60 ] loss: 0.241
[ 3 / 60 ] loss: 0.019
[ 4 / 60 ] loss: 0.233
[ 5 / 60 ] loss: 0.025
[ 6 / 60 ] loss: 0.017
[ 7 / 60 ] loss: 0.023
[ 8 / 60 ] loss: 0.022
[ 9 / 60 ] loss: 0.117
[ 10 / 60 ] loss: 0.484
[ 11 / 60 ] loss: 0.060
[ 12 / 60 ] loss: 0.030
[ 13 / 60 ] loss: 0.052
[ 14 / 60 ] loss: 0.113
[ 15 / 60 ] loss: 0.253
[ 16 / 60 ] loss: 0.051
[ 17 / 60 ] loss: 0.175
[ 18 / 60 ] loss: 0.020
[ 19 / 60 ] loss: 0.075
[ 20 / 60 ] loss: 0.241
[ 21 / 60 ] loss: 0.024
[ 22 / 60 ] loss: 0.027
[ 23 / 60 ] loss: 0.016
[ 24 / 60 ] loss: 0.063
[ 25 / 60 ] loss: 0.029
[ 26 / 60 ] loss: 0.022
[ 27 / 60 ] loss: 0.061
[ 28 / 60 ] loss: 0.019
[ 29 / 60 ] loss: 0.039
[ 30 / 60 ] loss: 0.044
[ 31 / 60 ] loss: 0.025
[ 32 / 60 ] loss: 0.035
[ 33 / 60 ] loss: 0.034
[ 34 / 60 ] loss: 0.164
[ 35 / 60 ] loss: 0.018
[ 36 / 60 ] loss: 0.018
[ 37 / 60 ] loss: 0.275
[ 38 / 60 ] loss: 0.257
[ 39 / 60 ] loss: 0.262
[ 40 / 60 ] loss: 0.014
[ 41 / 60 ] loss: 0.009
[ 42 / 60 ] loss: 0.027
[ 43 / 60 ] loss: 0.033
[ 44 / 60 ] loss: 0.013
[ 45 / 60 ] loss: 0.015
[ 46 / 60 ] loss: 0.419
[ 47 / 60 ] loss: 0.329
[ 48 / 60 ] loss: 0.429
[ 49 / 60 ] loss: 0.019
[ 50 / 60 ] loss: 0.020
[ 51 / 60 ] loss: 0.301
[ 52 / 60 ] loss: 0.017
[ 53 / 60 ] loss: 0.113
[ 54 / 60 ] loss: 0.254
[ 55 / 60 ] loss: 0.038
[ 56 / 60 ] loss: 0.014
[ 57 / 60 ] loss: 0.261
[ 58 / 60 ] loss: 0.228
[ 59 / 60 ] loss: 0.323
[ 60 / 60 ] loss: 0.048
0.11040608806846043
Accuracy: 0.734177 -- Precision: 0.737589 -- Recall: 0.800000 -- F1: 0.767528 -- AUC: 0.717757
========= epoch: 37 ==============
[ 1 / 60 ] loss: 0.024
[ 2 / 60 ] loss: 0.303
[ 3 / 60 ] loss: 0.250
[ 4 / 60 ] loss: 0.038
[ 5 / 60 ] loss: 0.239
[ 6 / 60 ] loss: 0.086
[ 7 / 60 ] loss: 0.544
[ 8 / 60 ] loss: 0.031
[ 9 / 60 ] loss: 0.096
[ 10 / 60 ] loss: 0.345
[ 11 / 60 ] loss: 0.106
[ 12 / 60 ] loss: 0.060
[ 13 / 60 ] loss: 0.286
[ 14 / 60 ] loss: 0.162
[ 15 / 60 ] loss: 0.084
[ 16 / 60 ] loss: 0.204
[ 17 / 60 ] loss: 0.075
[ 18 / 60 ] loss: 0.179
[ 19 / 60 ] loss: 0.241
[ 20 / 60 ] loss: 0.056
[ 21 / 60 ] loss: 0.073
[ 22 / 60 ] loss: 0.034
[ 23 / 60 ] loss: 0.022
[ 24 / 60 ] loss: 0.172
[ 25 / 60 ] loss: 0.015
[ 26 / 60 ] loss: 0.026
[ 27 / 60 ] loss: 0.040
[ 28 / 60 ] loss: 0.040
[ 29 / 60 ] loss: 0.215
[ 30 / 60 ] loss: 0.019
[ 31 / 60 ] loss: 0.016
[ 32 / 60 ] loss: 0.030
[ 33 / 60 ] loss: 0.026
[ 34 / 60 ] loss: 0.056
[ 35 / 60 ] loss: 0.016
[ 36 / 60 ] loss: 0.167
[ 37 / 60 ] loss: 0.034
[ 38 / 60 ] loss: 0.253
[ 39 / 60 ] loss: 0.014
[ 40 / 60 ] loss: 0.016
[ 41 / 60 ] loss: 0.038
[ 42 / 60 ] loss: 0.021
[ 43 / 60 ] loss: 0.103
[ 44 / 60 ] loss: 0.189
[ 45 / 60 ] loss: 0.099
[ 46 / 60 ] loss: 0.503
[ 47 / 60 ] loss: 0.040
[ 48 / 60 ] loss: 0.278
[ 49 / 60 ] loss: 0.026
[ 50 / 60 ] loss: 0.039
[ 51 / 60 ] loss: 0.041
[ 52 / 60 ] loss: 0.066
[ 53 / 60 ] loss: 0.098
[ 54 / 60 ] loss: 0.254
[ 55 / 60 ] loss: 0.087
[ 56 / 60 ] loss: 0.018
[ 57 / 60 ] loss: 0.032
[ 58 / 60 ] loss: 0.350
[ 59 / 60 ] loss: 0.033
[ 60 / 60 ] loss: 0.023
0.11718948877726992
Accuracy: 0.734177 -- Precision: 0.721854 -- Recall: 0.838462 -- F1: 0.775801 -- AUC: 0.730625
========= epoch: 38 ==============
[ 1 / 60 ] loss: 0.240
[ 2 / 60 ] loss: 0.148
[ 3 / 60 ] loss: 0.032
[ 4 / 60 ] loss: 0.023
[ 5 / 60 ] loss: 0.170
[ 6 / 60 ] loss: 0.070
[ 7 / 60 ] loss: 0.043
[ 8 / 60 ] loss: 0.019
[ 9 / 60 ] loss: 0.036
[ 10 / 60 ] loss: 0.129
[ 11 / 60 ] loss: 0.024
[ 12 / 60 ] loss: 0.243
[ 13 / 60 ] loss: 0.246
[ 14 / 60 ] loss: 0.036
[ 15 / 60 ] loss: 0.035
[ 16 / 60 ] loss: 0.256
[ 17 / 60 ] loss: 0.031
[ 18 / 60 ] loss: 0.015
[ 19 / 60 ] loss: 0.041
[ 20 / 60 ] loss: 0.244
[ 21 / 60 ] loss: 0.275
[ 22 / 60 ] loss: 0.257
[ 23 / 60 ] loss: 0.036
[ 24 / 60 ] loss: 0.244
[ 25 / 60 ] loss: 0.263
[ 26 / 60 ] loss: 0.473
[ 27 / 60 ] loss: 0.131
[ 28 / 60 ] loss: 0.021
[ 29 / 60 ] loss: 0.236
[ 30 / 60 ] loss: 0.461
[ 31 / 60 ] loss: 0.243
[ 32 / 60 ] loss: 0.109
[ 33 / 60 ] loss: 0.041
[ 34 / 60 ] loss: 0.027
[ 35 / 60 ] loss: 0.021
[ 36 / 60 ] loss: 0.023
[ 37 / 60 ] loss: 0.024
[ 38 / 60 ] loss: 0.031
[ 39 / 60 ] loss: 0.047
[ 40 / 60 ] loss: 0.302
[ 41 / 60 ] loss: 0.026
[ 42 / 60 ] loss: 0.284
[ 43 / 60 ] loss: 0.618
[ 44 / 60 ] loss: 0.051
[ 45 / 60 ] loss: 0.308
[ 46 / 60 ] loss: 0.029
[ 47 / 60 ] loss: 0.090
[ 48 / 60 ] loss: 0.040
[ 49 / 60 ] loss: 0.022
[ 50 / 60 ] loss: 0.034
[ 51 / 60 ] loss: 0.091
[ 52 / 60 ] loss: 0.094
[ 53 / 60 ] loss: 0.049
[ 54 / 60 ] loss: 0.018
[ 55 / 60 ] loss: 0.033
[ 56 / 60 ] loss: 0.174
[ 57 / 60 ] loss: 0.619
[ 58 / 60 ] loss: 0.698
[ 59 / 60 ] loss: 0.024
[ 60 / 60 ] loss: 0.002
0.14413584465122162
Accuracy: 0.717300 -- Precision: 0.794393 -- Recall: 0.653846 -- F1: 0.717300 -- AUC: 0.768440
========= epoch: 39 ==============
[ 1 / 60 ] loss: 0.046
[ 2 / 60 ] loss: 0.020
[ 3 / 60 ] loss: 0.096
[ 4 / 60 ] loss: 0.032
[ 5 / 60 ] loss: 0.609
[ 6 / 60 ] loss: 0.072
[ 7 / 60 ] loss: 0.239
[ 8 / 60 ] loss: 0.467
[ 9 / 60 ] loss: 0.038
[ 10 / 60 ] loss: 0.234
[ 11 / 60 ] loss: 0.029
[ 12 / 60 ] loss: 0.028
[ 13 / 60 ] loss: 0.039
[ 14 / 60 ] loss: 0.050
[ 15 / 60 ] loss: 0.033
[ 16 / 60 ] loss: 0.184
[ 17 / 60 ] loss: 0.035
[ 18 / 60 ] loss: 0.096
[ 19 / 60 ] loss: 0.030
[ 20 / 60 ] loss: 0.047
[ 21 / 60 ] loss: 0.094
[ 22 / 60 ] loss: 0.301
[ 23 / 60 ] loss: 0.589
[ 24 / 60 ] loss: 0.128
[ 25 / 60 ] loss: 0.023
[ 26 / 60 ] loss: 0.226
[ 27 / 60 ] loss: 0.112
[ 28 / 60 ] loss: 0.020
[ 29 / 60 ] loss: 0.019
[ 30 / 60 ] loss: 0.079
[ 31 / 60 ] loss: 0.021
[ 32 / 60 ] loss: 0.234
[ 33 / 60 ] loss: 0.026
[ 34 / 60 ] loss: 0.235
[ 35 / 60 ] loss: 0.057
[ 36 / 60 ] loss: 0.046
[ 37 / 60 ] loss: 0.111
[ 38 / 60 ] loss: 0.056
[ 39 / 60 ] loss: 0.026
[ 40 / 60 ] loss: 0.036
[ 41 / 60 ] loss: 0.031
[ 42 / 60 ] loss: 0.167
[ 43 / 60 ] loss: 0.029
[ 44 / 60 ] loss: 0.452
[ 45 / 60 ] loss: 0.024
[ 46 / 60 ] loss: 0.038
[ 47 / 60 ] loss: 0.026
[ 48 / 60 ] loss: 0.244
[ 49 / 60 ] loss: 0.020
[ 50 / 60 ] loss: 0.086
[ 51 / 60 ] loss: 0.335
[ 52 / 60 ] loss: 0.030
[ 53 / 60 ] loss: 0.232
[ 54 / 60 ] loss: 0.028
[ 55 / 60 ] loss: 0.018
[ 56 / 60 ] loss: 0.235
[ 57 / 60 ] loss: 0.024
[ 58 / 60 ] loss: 0.246
[ 59 / 60 ] loss: 0.118
[ 60 / 60 ] loss: 0.037
0.12137733232229948
Accuracy: 0.734177 -- Precision: 0.768000 -- Recall: 0.738462 -- F1: 0.752941 -- AUC: 0.789288
========= epoch: 40 ==============
[ 1 / 60 ] loss: 0.240
[ 2 / 60 ] loss: 0.029
[ 3 / 60 ] loss: 0.022
[ 4 / 60 ] loss: 0.035
[ 5 / 60 ] loss: 0.020
[ 6 / 60 ] loss: 0.024
[ 7 / 60 ] loss: 0.019
[ 8 / 60 ] loss: 0.019
[ 9 / 60 ] loss: 0.219
[ 10 / 60 ] loss: 0.021
[ 11 / 60 ] loss: 0.018
[ 12 / 60 ] loss: 0.024
[ 13 / 60 ] loss: 0.029
[ 14 / 60 ] loss: 0.370
[ 15 / 60 ] loss: 0.225
[ 16 / 60 ] loss: 0.314
[ 17 / 60 ] loss: 0.020
[ 18 / 60 ] loss: 0.241
[ 19 / 60 ] loss: 0.024
[ 20 / 60 ] loss: 0.092
[ 21 / 60 ] loss: 0.303
[ 22 / 60 ] loss: 0.040
[ 23 / 60 ] loss: 0.019
[ 24 / 60 ] loss: 0.235
[ 25 / 60 ] loss: 0.019
[ 26 / 60 ] loss: 0.027
[ 27 / 60 ] loss: 0.017
[ 28 / 60 ] loss: 0.113
[ 29 / 60 ] loss: 0.156
[ 30 / 60 ] loss: 0.036
[ 31 / 60 ] loss: 0.230
[ 32 / 60 ] loss: 0.226
[ 33 / 60 ] loss: 0.034
[ 34 / 60 ] loss: 0.025
[ 35 / 60 ] loss: 0.023
[ 36 / 60 ] loss: 0.022
[ 37 / 60 ] loss: 0.313
[ 38 / 60 ] loss: 0.272
[ 39 / 60 ] loss: 0.024
[ 40 / 60 ] loss: 0.039
[ 41 / 60 ] loss: 0.028
[ 42 / 60 ] loss: 0.026
[ 43 / 60 ] loss: 0.107
[ 44 / 60 ] loss: 0.112
[ 45 / 60 ] loss: 0.253
[ 46 / 60 ] loss: 0.051
[ 47 / 60 ] loss: 0.043
[ 48 / 60 ] loss: 0.022
[ 49 / 60 ] loss: 0.237
[ 50 / 60 ] loss: 0.027
[ 51 / 60 ] loss: 0.029
[ 52 / 60 ] loss: 0.039
[ 53 / 60 ] loss: 0.227
[ 54 / 60 ] loss: 0.246
[ 55 / 60 ] loss: 0.097
[ 56 / 60 ] loss: 0.446
[ 57 / 60 ] loss: 0.438
[ 58 / 60 ] loss: 0.025
[ 59 / 60 ] loss: 0.028
[ 60 / 60 ] loss: 0.005
0.11105401993263513
Accuracy: 0.725738 -- Precision: 0.718121 -- Recall: 0.823077 -- F1: 0.767025 -- AUC: 0.726564
========= epoch: 41 ==============
[ 1 / 60 ] loss: 0.029
[ 2 / 60 ] loss: 0.027
[ 3 / 60 ] loss: 0.043
[ 4 / 60 ] loss: 0.242
[ 5 / 60 ] loss: 0.047
[ 6 / 60 ] loss: 0.451
[ 7 / 60 ] loss: 0.058
[ 8 / 60 ] loss: 0.030
[ 9 / 60 ] loss: 0.029
[ 10 / 60 ] loss: 0.069
[ 11 / 60 ] loss: 0.035
[ 12 / 60 ] loss: 0.029
[ 13 / 60 ] loss: 0.581
[ 14 / 60 ] loss: 0.018
[ 15 / 60 ] loss: 0.019
[ 16 / 60 ] loss: 0.046
[ 17 / 60 ] loss: 0.624
[ 18 / 60 ] loss: 0.341
[ 19 / 60 ] loss: 0.571
[ 20 / 60 ] loss: 0.018
[ 21 / 60 ] loss: 0.256
[ 22 / 60 ] loss: 0.030
[ 23 / 60 ] loss: 0.321
[ 24 / 60 ] loss: 0.238
[ 25 / 60 ] loss: 0.059
[ 26 / 60 ] loss: 0.098
[ 27 / 60 ] loss: 0.030
[ 28 / 60 ] loss: 0.286
[ 29 / 60 ] loss: 0.225
[ 30 / 60 ] loss: 0.257
[ 31 / 60 ] loss: 0.027
[ 32 / 60 ] loss: 0.179
[ 33 / 60 ] loss: 0.234
[ 34 / 60 ] loss: 0.532
[ 35 / 60 ] loss: 0.030
[ 36 / 60 ] loss: 0.187
[ 37 / 60 ] loss: 0.166
[ 38 / 60 ] loss: 0.638
[ 39 / 60 ] loss: 0.056
[ 40 / 60 ] loss: 0.124
[ 41 / 60 ] loss: 0.209
[ 42 / 60 ] loss: 0.046
[ 43 / 60 ] loss: 0.047
[ 44 / 60 ] loss: 0.373
[ 45 / 60 ] loss: 0.019
[ 46 / 60 ] loss: 0.110
[ 47 / 60 ] loss: 0.093
[ 48 / 60 ] loss: 0.041
[ 49 / 60 ] loss: 0.114
[ 50 / 60 ] loss: 0.644
[ 51 / 60 ] loss: 0.034
[ 52 / 60 ] loss: 0.079
[ 53 / 60 ] loss: 0.055
[ 54 / 60 ] loss: 0.030
[ 55 / 60 ] loss: 0.115
[ 56 / 60 ] loss: 0.057
[ 57 / 60 ] loss: 0.056
[ 58 / 60 ] loss: 0.033
[ 59 / 60 ] loss: 0.021
[ 60 / 60 ] loss: 0.032
0.15817915316050252
Accuracy: 0.725738 -- Precision: 0.744361 -- Recall: 0.761538 -- F1: 0.752852 -- AUC: 0.753630
========= epoch: 42 ==============
[ 1 / 60 ] loss: 0.091
[ 2 / 60 ] loss: 0.247
[ 3 / 60 ] loss: 0.027
[ 4 / 60 ] loss: 0.095
[ 5 / 60 ] loss: 0.122
[ 6 / 60 ] loss: 0.024
[ 7 / 60 ] loss: 0.267
[ 8 / 60 ] loss: 0.036
[ 9 / 60 ] loss: 0.094
[ 10 / 60 ] loss: 0.282
[ 11 / 60 ] loss: 0.260
[ 12 / 60 ] loss: 0.454
[ 13 / 60 ] loss: 0.056
[ 14 / 60 ] loss: 0.156
[ 15 / 60 ] loss: 0.037
[ 16 / 60 ] loss: 0.258
[ 17 / 60 ] loss: 0.042
[ 18 / 60 ] loss: 0.272
[ 19 / 60 ] loss: 0.262
[ 20 / 60 ] loss: 0.095
[ 21 / 60 ] loss: 0.036
[ 22 / 60 ] loss: 0.217
[ 23 / 60 ] loss: 0.034
[ 24 / 60 ] loss: 0.294
[ 25 / 60 ] loss: 0.236
[ 26 / 60 ] loss: 0.034
[ 27 / 60 ] loss: 0.037
[ 28 / 60 ] loss: 0.022
[ 29 / 60 ] loss: 0.033
[ 30 / 60 ] loss: 0.028
[ 31 / 60 ] loss: 0.045
[ 32 / 60 ] loss: 0.416
[ 33 / 60 ] loss: 0.225
[ 34 / 60 ] loss: 0.225
[ 35 / 60 ] loss: 0.083
[ 36 / 60 ] loss: 0.236
[ 37 / 60 ] loss: 0.254
[ 38 / 60 ] loss: 0.057
[ 39 / 60 ] loss: 0.218
[ 40 / 60 ] loss: 0.215
[ 41 / 60 ] loss: 0.030
[ 42 / 60 ] loss: 0.035
[ 43 / 60 ] loss: 0.042
[ 44 / 60 ] loss: 0.038
[ 45 / 60 ] loss: 0.216
[ 46 / 60 ] loss: 0.188
[ 47 / 60 ] loss: 0.033
[ 48 / 60 ] loss: 0.202
[ 49 / 60 ] loss: 0.028
[ 50 / 60 ] loss: 0.049
[ 51 / 60 ] loss: 0.126
[ 52 / 60 ] loss: 0.053
[ 53 / 60 ] loss: 0.027
[ 54 / 60 ] loss: 0.286
[ 55 / 60 ] loss: 0.057
[ 56 / 60 ] loss: 0.202
[ 57 / 60 ] loss: 0.033
[ 58 / 60 ] loss: 0.032
[ 59 / 60 ] loss: 0.036
[ 60 / 60 ] loss: 0.057
0.13152823112905027
Accuracy: 0.713080 -- Precision: 0.731343 -- Recall: 0.753846 -- F1: 0.742424 -- AUC: 0.725593
========= epoch: 43 ==============
[ 1 / 60 ] loss: 0.135
[ 2 / 60 ] loss: 0.041
[ 3 / 60 ] loss: 0.055
[ 4 / 60 ] loss: 0.029
[ 5 / 60 ] loss: 0.404
[ 6 / 60 ] loss: 0.169
[ 7 / 60 ] loss: 0.210
[ 8 / 60 ] loss: 0.039
[ 9 / 60 ] loss: 0.060
[ 10 / 60 ] loss: 0.166
[ 11 / 60 ] loss: 0.192
[ 12 / 60 ] loss: 0.056
[ 13 / 60 ] loss: 0.050
[ 14 / 60 ] loss: 0.110
[ 15 / 60 ] loss: 0.040
[ 16 / 60 ] loss: 0.061
[ 17 / 60 ] loss: 0.021
[ 18 / 60 ] loss: 0.039
[ 19 / 60 ] loss: 0.365
[ 20 / 60 ] loss: 0.031
[ 21 / 60 ] loss: 0.022
[ 22 / 60 ] loss: 0.408
[ 23 / 60 ] loss: 0.028
[ 24 / 60 ] loss: 0.197
[ 25 / 60 ] loss: 0.200
[ 26 / 60 ] loss: 0.031
[ 27 / 60 ] loss: 0.016
[ 28 / 60 ] loss: 0.019
[ 29 / 60 ] loss: 0.165
[ 30 / 60 ] loss: 0.113
[ 31 / 60 ] loss: 0.434
[ 32 / 60 ] loss: 0.031
[ 33 / 60 ] loss: 0.281
[ 34 / 60 ] loss: 0.388
[ 35 / 60 ] loss: 0.077
[ 36 / 60 ] loss: 0.050
[ 37 / 60 ] loss: 0.024
[ 38 / 60 ] loss: 0.023
[ 39 / 60 ] loss: 0.026
[ 40 / 60 ] loss: 0.195
[ 41 / 60 ] loss: 0.031
[ 42 / 60 ] loss: 0.033
[ 43 / 60 ] loss: 0.768
[ 44 / 60 ] loss: 0.033
[ 45 / 60 ] loss: 0.032
[ 46 / 60 ] loss: 0.023
[ 47 / 60 ] loss: 0.026
[ 48 / 60 ] loss: 0.018
[ 49 / 60 ] loss: 0.233
[ 50 / 60 ] loss: 0.049
[ 51 / 60 ] loss: 0.097
[ 52 / 60 ] loss: 0.060
[ 53 / 60 ] loss: 0.234
[ 54 / 60 ] loss: 0.131
[ 55 / 60 ] loss: 0.048
[ 56 / 60 ] loss: 0.032
[ 57 / 60 ] loss: 0.066
[ 58 / 60 ] loss: 0.422
[ 59 / 60 ] loss: 0.046
[ 60 / 60 ] loss: 0.006
0.12313743801787495
Accuracy: 0.708861 -- Precision: 0.716312 -- Recall: 0.776923 -- F1: 0.745387 -- AUC: 0.718979
========= epoch: 44 ==============
[ 1 / 60 ] loss: 0.024
[ 2 / 60 ] loss: 0.359
[ 3 / 60 ] loss: 0.254
[ 4 / 60 ] loss: 0.049
[ 5 / 60 ] loss: 0.015
[ 6 / 60 ] loss: 0.041
[ 7 / 60 ] loss: 0.239
[ 8 / 60 ] loss: 0.215
[ 9 / 60 ] loss: 0.029
[ 10 / 60 ] loss: 0.241
[ 11 / 60 ] loss: 0.361
[ 12 / 60 ] loss: 0.228
[ 13 / 60 ] loss: 0.332
[ 14 / 60 ] loss: 0.044
[ 15 / 60 ] loss: 0.055
[ 16 / 60 ] loss: 0.203
[ 17 / 60 ] loss: 0.201
[ 18 / 60 ] loss: 0.043
[ 19 / 60 ] loss: 0.048
[ 20 / 60 ] loss: 0.168
[ 21 / 60 ] loss: 0.152
[ 22 / 60 ] loss: 0.060
[ 23 / 60 ] loss: 0.066
[ 24 / 60 ] loss: 0.174
[ 25 / 60 ] loss: 0.162
[ 26 / 60 ] loss: 0.207
[ 27 / 60 ] loss: 0.173
[ 28 / 60 ] loss: 0.215
[ 29 / 60 ] loss: 0.100
[ 30 / 60 ] loss: 0.036
[ 31 / 60 ] loss: 0.026
[ 32 / 60 ] loss: 0.060
[ 33 / 60 ] loss: 0.140
[ 34 / 60 ] loss: 0.038
[ 35 / 60 ] loss: 0.182
[ 36 / 60 ] loss: 0.021
[ 37 / 60 ] loss: 0.038
[ 38 / 60 ] loss: 0.020
[ 39 / 60 ] loss: 0.036
[ 40 / 60 ] loss: 0.206
[ 41 / 60 ] loss: 0.044
[ 42 / 60 ] loss: 0.024
[ 43 / 60 ] loss: 0.022
[ 44 / 60 ] loss: 0.223
[ 45 / 60 ] loss: 0.035
[ 46 / 60 ] loss: 0.211
[ 47 / 60 ] loss: 0.021
[ 48 / 60 ] loss: 0.044
[ 49 / 60 ] loss: 0.252
[ 50 / 60 ] loss: 0.120
[ 51 / 60 ] loss: 0.023
[ 52 / 60 ] loss: 0.017
[ 53 / 60 ] loss: 0.213
[ 54 / 60 ] loss: 0.021
[ 55 / 60 ] loss: 0.175
[ 56 / 60 ] loss: 0.015
[ 57 / 60 ] loss: 0.022
[ 58 / 60 ] loss: 0.075
[ 59 / 60 ] loss: 0.213
[ 60 / 60 ] loss: 0.012
0.11730410571520528
Accuracy: 0.725738 -- Precision: 0.727273 -- Recall: 0.800000 -- F1: 0.761905 -- AUC: 0.747304
========= epoch: 45 ==============
[ 1 / 60 ] loss: 0.034
[ 2 / 60 ] loss: 0.017
[ 3 / 60 ] loss: 0.015
[ 4 / 60 ] loss: 0.020
[ 5 / 60 ] loss: 0.027
[ 6 / 60 ] loss: 0.098
[ 7 / 60 ] loss: 0.376
[ 8 / 60 ] loss: 0.021
[ 9 / 60 ] loss: 0.013
[ 10 / 60 ] loss: 0.013
[ 11 / 60 ] loss: 0.022
[ 12 / 60 ] loss: 0.019
[ 13 / 60 ] loss: 0.190
[ 14 / 60 ] loss: 0.055
[ 15 / 60 ] loss: 0.263
[ 16 / 60 ] loss: 0.042
[ 17 / 60 ] loss: 0.112
[ 18 / 60 ] loss: 0.052
[ 19 / 60 ] loss: 0.133
[ 20 / 60 ] loss: 0.194
[ 21 / 60 ] loss: 0.052
[ 22 / 60 ] loss: 0.288
[ 23 / 60 ] loss: 0.022
[ 24 / 60 ] loss: 0.013
[ 25 / 60 ] loss: 0.108
[ 26 / 60 ] loss: 0.016
[ 27 / 60 ] loss: 0.270
[ 28 / 60 ] loss: 0.252
[ 29 / 60 ] loss: 0.266
[ 30 / 60 ] loss: 0.015
[ 31 / 60 ] loss: 0.244
[ 32 / 60 ] loss: 0.178
[ 33 / 60 ] loss: 0.025
[ 34 / 60 ] loss: 0.209
[ 35 / 60 ] loss: 0.158
[ 36 / 60 ] loss: 0.171
[ 37 / 60 ] loss: 0.045
[ 38 / 60 ] loss: 0.053
[ 39 / 60 ] loss: 0.105
[ 40 / 60 ] loss: 0.073
[ 41 / 60 ] loss: 0.032
[ 42 / 60 ] loss: 0.083
[ 43 / 60 ] loss: 0.048
[ 44 / 60 ] loss: 0.049
[ 45 / 60 ] loss: 0.043
[ 46 / 60 ] loss: 0.180
[ 47 / 60 ] loss: 0.058
[ 48 / 60 ] loss: 0.013
[ 49 / 60 ] loss: 0.333
[ 50 / 60 ] loss: 0.017
[ 51 / 60 ] loss: 0.232
[ 52 / 60 ] loss: 0.414
[ 53 / 60 ] loss: 0.017
[ 54 / 60 ] loss: 0.030
[ 55 / 60 ] loss: 0.022
[ 56 / 60 ] loss: 0.024
[ 57 / 60 ] loss: 0.273
[ 58 / 60 ] loss: 0.322
[ 59 / 60 ] loss: 0.017
[ 60 / 60 ] loss: 0.019
0.10840496006421745
Accuracy: 0.717300 -- Precision: 0.733333 -- Recall: 0.761538 -- F1: 0.747170 -- AUC: 0.750324
========= epoch: 46 ==============
[ 1 / 60 ] loss: 0.008
[ 2 / 60 ] loss: 0.025
[ 3 / 60 ] loss: 0.021
[ 4 / 60 ] loss: 0.020
[ 5 / 60 ] loss: 0.218
[ 6 / 60 ] loss: 0.025
[ 7 / 60 ] loss: 0.016
[ 8 / 60 ] loss: 0.036
[ 9 / 60 ] loss: 0.018
[ 10 / 60 ] loss: 0.145
[ 11 / 60 ] loss: 0.022
[ 12 / 60 ] loss: 0.160
[ 13 / 60 ] loss: 0.183
[ 14 / 60 ] loss: 0.030
[ 15 / 60 ] loss: 0.024
[ 16 / 60 ] loss: 0.479
[ 17 / 60 ] loss: 0.335
[ 18 / 60 ] loss: 0.012
[ 19 / 60 ] loss: 0.127
[ 20 / 60 ] loss: 0.123
[ 21 / 60 ] loss: 0.054
[ 22 / 60 ] loss: 0.127
[ 23 / 60 ] loss: 0.016
[ 24 / 60 ] loss: 0.031
[ 25 / 60 ] loss: 0.057
[ 26 / 60 ] loss: 0.052
[ 27 / 60 ] loss: 0.125
[ 28 / 60 ] loss: 0.034
[ 29 / 60 ] loss: 0.279
[ 30 / 60 ] loss: 0.402
[ 31 / 60 ] loss: 0.193
[ 32 / 60 ] loss: 0.177
[ 33 / 60 ] loss: 0.188
[ 34 / 60 ] loss: 0.247
[ 35 / 60 ] loss: 0.016
[ 36 / 60 ] loss: 0.023
[ 37 / 60 ] loss: 0.018
[ 38 / 60 ] loss: 0.023
[ 39 / 60 ] loss: 0.257
[ 40 / 60 ] loss: 0.291
[ 41 / 60 ] loss: 0.048
[ 42 / 60 ] loss: 0.133
[ 43 / 60 ] loss: 0.027
[ 44 / 60 ] loss: 0.037
[ 45 / 60 ] loss: 0.025
[ 46 / 60 ] loss: 0.108
[ 47 / 60 ] loss: 0.210
[ 48 / 60 ] loss: 0.048
[ 49 / 60 ] loss: 0.264
[ 50 / 60 ] loss: 0.133
[ 51 / 60 ] loss: 0.057
[ 52 / 60 ] loss: 0.050
[ 53 / 60 ] loss: 0.080
[ 54 / 60 ] loss: 0.099
[ 55 / 60 ] loss: 0.085
[ 56 / 60 ] loss: 0.040
[ 57 / 60 ] loss: 0.300
[ 58 / 60 ] loss: 0.019
[ 59 / 60 ] loss: 0.031
[ 60 / 60 ] loss: 0.013
0.10736786350607871
Accuracy: 0.725738 -- Precision: 0.744361 -- Recall: 0.761538 -- F1: 0.752852 -- AUC: 0.775198
========= epoch: 47 ==============
[ 1 / 60 ] loss: 0.277
[ 2 / 60 ] loss: 0.009
[ 3 / 60 ] loss: 0.012
[ 4 / 60 ] loss: 0.013
[ 5 / 60 ] loss: 0.019
[ 6 / 60 ] loss: 0.056
[ 7 / 60 ] loss: 0.020
[ 8 / 60 ] loss: 0.180
[ 9 / 60 ] loss: 0.189
[ 10 / 60 ] loss: 0.012
[ 11 / 60 ] loss: 0.119
[ 12 / 60 ] loss: 0.013
[ 13 / 60 ] loss: 0.011
[ 14 / 60 ] loss: 0.273
[ 15 / 60 ] loss: 0.173
[ 16 / 60 ] loss: 0.268
[ 17 / 60 ] loss: 0.159
[ 18 / 60 ] loss: 0.015
[ 19 / 60 ] loss: 0.041
[ 20 / 60 ] loss: 0.056
[ 21 / 60 ] loss: 0.077
[ 22 / 60 ] loss: 0.137
[ 23 / 60 ] loss: 0.067
[ 24 / 60 ] loss: 0.200
[ 25 / 60 ] loss: 0.141
[ 26 / 60 ] loss: 0.495
[ 27 / 60 ] loss: 0.244
[ 28 / 60 ] loss: 0.008
[ 29 / 60 ] loss: 0.307
[ 30 / 60 ] loss: 0.021
[ 31 / 60 ] loss: 0.024
[ 32 / 60 ] loss: 0.048
[ 33 / 60 ] loss: 0.348
[ 34 / 60 ] loss: 0.013
[ 35 / 60 ] loss: 0.017
[ 36 / 60 ] loss: 0.030
[ 37 / 60 ] loss: 0.225
[ 38 / 60 ] loss: 0.013
[ 39 / 60 ] loss: 0.015
[ 40 / 60 ] loss: 0.256
[ 41 / 60 ] loss: 0.013
[ 42 / 60 ] loss: 0.049
[ 43 / 60 ] loss: 0.013
[ 44 / 60 ] loss: 0.016
[ 45 / 60 ] loss: 0.476
[ 46 / 60 ] loss: 0.197
[ 47 / 60 ] loss: 0.104
[ 48 / 60 ] loss: 0.089
[ 49 / 60 ] loss: 0.068
[ 50 / 60 ] loss: 0.019
[ 51 / 60 ] loss: 0.169
[ 52 / 60 ] loss: 0.022
[ 53 / 60 ] loss: 0.212
[ 54 / 60 ] loss: 0.216
[ 55 / 60 ] loss: 0.076
[ 56 / 60 ] loss: 0.209
[ 57 / 60 ] loss: 0.022
[ 58 / 60 ] loss: 0.026
[ 59 / 60 ] loss: 0.167
[ 60 / 60 ] loss: 0.022
0.11316625225978592
Accuracy: 0.713080 -- Precision: 0.693750 -- Recall: 0.853846 -- F1: 0.765517 -- AUC: 0.731201
========= epoch: 48 ==============
[ 1 / 60 ] loss: 0.108
[ 2 / 60 ] loss: 0.046
[ 3 / 60 ] loss: 0.617
[ 4 / 60 ] loss: 0.160
[ 5 / 60 ] loss: 0.067
[ 6 / 60 ] loss: 0.031
[ 7 / 60 ] loss: 0.109
[ 8 / 60 ] loss: 0.068
[ 9 / 60 ] loss: 0.100
[ 10 / 60 ] loss: 0.030
[ 11 / 60 ] loss: 0.094
[ 12 / 60 ] loss: 0.021
[ 13 / 60 ] loss: 0.174
[ 14 / 60 ] loss: 0.104
[ 15 / 60 ] loss: 0.032
[ 16 / 60 ] loss: 0.014
[ 17 / 60 ] loss: 0.017
[ 18 / 60 ] loss: 0.018
[ 19 / 60 ] loss: 0.139
[ 20 / 60 ] loss: 0.365
[ 21 / 60 ] loss: 0.132
[ 22 / 60 ] loss: 0.015
[ 23 / 60 ] loss: 0.012
[ 24 / 60 ] loss: 0.014
[ 25 / 60 ] loss: 0.045
[ 26 / 60 ] loss: 0.042
[ 27 / 60 ] loss: 0.104
[ 28 / 60 ] loss: 0.025
[ 29 / 60 ] loss: 0.011
[ 30 / 60 ] loss: 0.023
[ 31 / 60 ] loss: 0.081
[ 32 / 60 ] loss: 0.011
[ 33 / 60 ] loss: 0.013
[ 34 / 60 ] loss: 0.109
[ 35 / 60 ] loss: 0.050
[ 36 / 60 ] loss: 0.009
[ 37 / 60 ] loss: 0.097
[ 38 / 60 ] loss: 0.012
[ 39 / 60 ] loss: 0.256
[ 40 / 60 ] loss: 0.121
[ 41 / 60 ] loss: 0.011
[ 42 / 60 ] loss: 0.445
[ 43 / 60 ] loss: 0.563
[ 44 / 60 ] loss: 0.012
[ 45 / 60 ] loss: 0.034
[ 46 / 60 ] loss: 0.013
[ 47 / 60 ] loss: 0.025
[ 48 / 60 ] loss: 0.085
[ 49 / 60 ] loss: 0.027
[ 50 / 60 ] loss: 0.154
[ 51 / 60 ] loss: 0.010
[ 52 / 60 ] loss: 0.015
[ 53 / 60 ] loss: 0.108
[ 54 / 60 ] loss: 0.050
[ 55 / 60 ] loss: 0.075
[ 56 / 60 ] loss: 0.120
[ 57 / 60 ] loss: 0.065
[ 58 / 60 ] loss: 0.090
[ 59 / 60 ] loss: 0.040
[ 60 / 60 ] loss: 0.326
0.09602317572571337
Accuracy: 0.725738 -- Precision: 0.712418 -- Recall: 0.838462 -- F1: 0.770318 -- AUC: 0.748598
========= epoch: 49 ==============
[ 1 / 60 ] loss: 0.065
[ 2 / 60 ] loss: 0.011
[ 3 / 60 ] loss: 0.014
[ 4 / 60 ] loss: 0.060
[ 5 / 60 ] loss: 0.052
[ 6 / 60 ] loss: 0.010
[ 7 / 60 ] loss: 0.094
[ 8 / 60 ] loss: 0.033
[ 9 / 60 ] loss: 0.085
[ 10 / 60 ] loss: 0.081
[ 11 / 60 ] loss: 0.502
[ 12 / 60 ] loss: 0.028
[ 13 / 60 ] loss: 0.011
[ 14 / 60 ] loss: 0.036
[ 15 / 60 ] loss: 0.019
[ 16 / 60 ] loss: 0.008
[ 17 / 60 ] loss: 0.284
[ 18 / 60 ] loss: 0.017
[ 19 / 60 ] loss: 0.032
[ 20 / 60 ] loss: 0.014
[ 21 / 60 ] loss: 0.219
[ 22 / 60 ] loss: 0.023
[ 23 / 60 ] loss: 0.055
[ 24 / 60 ] loss: 0.012
[ 25 / 60 ] loss: 0.012
[ 26 / 60 ] loss: 0.114
[ 27 / 60 ] loss: 0.157
[ 28 / 60 ] loss: 0.012
[ 29 / 60 ] loss: 0.029
[ 30 / 60 ] loss: 0.325
[ 31 / 60 ] loss: 0.126
[ 32 / 60 ] loss: 0.166
[ 33 / 60 ] loss: 0.105
[ 34 / 60 ] loss: 0.049
[ 35 / 60 ] loss: 0.056
[ 36 / 60 ] loss: 0.054
[ 37 / 60 ] loss: 0.114
[ 38 / 60 ] loss: 0.017
[ 39 / 60 ] loss: 0.016
[ 40 / 60 ] loss: 0.010
[ 41 / 60 ] loss: 0.009
[ 42 / 60 ] loss: 0.306
[ 43 / 60 ] loss: 0.190
[ 44 / 60 ] loss: 0.037
[ 45 / 60 ] loss: 0.018
[ 46 / 60 ] loss: 0.042
[ 47 / 60 ] loss: 0.180
[ 48 / 60 ] loss: 0.027
[ 49 / 60 ] loss: 0.078
[ 50 / 60 ] loss: 0.043
[ 51 / 60 ] loss: 0.072
[ 52 / 60 ] loss: 0.099
[ 53 / 60 ] loss: 0.006
[ 54 / 60 ] loss: 0.016
[ 55 / 60 ] loss: 0.304
[ 56 / 60 ] loss: 0.006
[ 57 / 60 ] loss: 0.019
[ 58 / 60 ] loss: 0.032
[ 59 / 60 ] loss: 0.013
[ 60 / 60 ] loss: 0.020
0.07739429112213353
Accuracy: 0.717300 -- Precision: 0.752000 -- Recall: 0.723077 -- F1: 0.737255 -- AUC: 0.758231
