nohup: ignoring input
训练集: 947
测试集: 236
Some weights of the model checkpoint at bert-base-uncased were not used when initializing BertModel: ['cls.predictions.transform.dense.bias', 'cls.predictions.transform.LayerNorm.bias', 'cls.seq_relationship.weight', 'cls.predictions.bias', 'cls.predictions.transform.dense.weight', 'cls.seq_relationship.bias', 'cls.predictions.decoder.weight', 'cls.predictions.transform.LayerNorm.weight']
- This IS expected if you are initializing BertModel from the checkpoint of a model trained on another task or with another architecture (e.g. initializing a BertForSequenceClassification model from a BertForPreTraining model).
- This IS NOT expected if you are initializing BertModel from the checkpoint of a model that you expect to be exactly identical (initializing a BertForSequenceClassification model from a BertForSequenceClassification model).
/root/anaconda3/envs/evapatch/lib/python3.6/site-packages/transformers/optimization.py:309: FutureWarning: This implementation of AdamW is deprecated and will be removed in a future version. Use the PyTorch implementation torch.optim.AdamW instead, or set `no_deprecation_warning=True` to disable this warning
  FutureWarning,
-------------- start training --------------- 

========= epoch: 0 ==============
Token indices sequence length is longer than the specified maximum sequence length for this model (573 > 512). Running this sequence through the model will result in indexing errors
[ 1 / 60 ] loss: 0.665
[ 2 / 60 ] loss: 0.692
[ 3 / 60 ] loss: 0.710
[ 4 / 60 ] loss: 0.736
[ 5 / 60 ] loss: 0.758
[ 6 / 60 ] loss: 0.717
[ 7 / 60 ] loss: 0.698
[ 8 / 60 ] loss: 0.682
[ 9 / 60 ] loss: 0.696
[ 10 / 60 ] loss: 0.697
[ 11 / 60 ] loss: 0.710
[ 12 / 60 ] loss: 0.689
[ 13 / 60 ] loss: 0.701
[ 14 / 60 ] loss: 0.697
[ 15 / 60 ] loss: 0.696
[ 16 / 60 ] loss: 0.683
[ 17 / 60 ] loss: 0.700
[ 18 / 60 ] loss: 0.689
[ 19 / 60 ] loss: 0.689
[ 20 / 60 ] loss: 0.684
[ 21 / 60 ] loss: 0.675
[ 22 / 60 ] loss: 0.700
[ 23 / 60 ] loss: 0.682
[ 24 / 60 ] loss: 0.668
[ 25 / 60 ] loss: 0.664
[ 26 / 60 ] loss: 0.616
[ 27 / 60 ] loss: 0.747
[ 28 / 60 ] loss: 0.782
[ 29 / 60 ] loss: 0.719
[ 30 / 60 ] loss: 0.739
[ 31 / 60 ] loss: 0.702
[ 32 / 60 ] loss: 0.653
[ 33 / 60 ] loss: 0.703
[ 34 / 60 ] loss: 0.685
[ 35 / 60 ] loss: 0.683
[ 36 / 60 ] loss: 0.698
[ 37 / 60 ] loss: 0.668
[ 38 / 60 ] loss: 0.694
[ 39 / 60 ] loss: 0.656
[ 40 / 60 ] loss: 0.662
[ 41 / 60 ] loss: 0.631
[ 42 / 60 ] loss: 0.645
[ 43 / 60 ] loss: 0.664
[ 44 / 60 ] loss: 0.669
[ 45 / 60 ] loss: 0.635
[ 46 / 60 ] loss: 0.601
[ 47 / 60 ] loss: 0.650
[ 48 / 60 ] loss: 0.663
[ 49 / 60 ] loss: 0.680
[ 50 / 60 ] loss: 0.660
[ 51 / 60 ] loss: 0.551
[ 52 / 60 ] loss: 0.674
[ 53 / 60 ] loss: 0.634
[ 54 / 60 ] loss: 0.654
[ 55 / 60 ] loss: 0.643
[ 56 / 60 ] loss: 0.629
[ 57 / 60 ] loss: 0.509
[ 58 / 60 ] loss: 0.508
[ 59 / 60 ] loss: 0.518
[ 60 / 60 ] loss: 0.651
0.670914422472318
Accuracy: 0.563559 -- Precision: 0.556522 -- Recall: 0.992248 -- F1: 0.713092 -- AUC: 0.435884
保存模型参数
========= epoch: 1 ==============
[ 1 / 60 ] loss: 0.737
[ 2 / 60 ] loss: 0.789
[ 3 / 60 ] loss: 0.556
[ 4 / 60 ] loss: 0.563
[ 5 / 60 ] loss: 0.780
[ 6 / 60 ] loss: 0.869
[ 7 / 60 ] loss: 0.617
[ 8 / 60 ] loss: 0.594
[ 9 / 60 ] loss: 0.684
[ 10 / 60 ] loss: 0.720
[ 11 / 60 ] loss: 0.851
[ 12 / 60 ] loss: 0.690
[ 13 / 60 ] loss: 0.654
[ 14 / 60 ] loss: 0.680
[ 15 / 60 ] loss: 0.622
[ 16 / 60 ] loss: 0.706
[ 17 / 60 ] loss: 0.798
[ 18 / 60 ] loss: 0.801
[ 19 / 60 ] loss: 0.790
[ 20 / 60 ] loss: 0.657
[ 21 / 60 ] loss: 0.692
[ 22 / 60 ] loss: 0.738
[ 23 / 60 ] loss: 0.668
[ 24 / 60 ] loss: 0.663
[ 25 / 60 ] loss: 0.687
[ 26 / 60 ] loss: 0.674
[ 27 / 60 ] loss: 0.693
[ 28 / 60 ] loss: 0.685
[ 29 / 60 ] loss: 0.692
[ 30 / 60 ] loss: 0.683
[ 31 / 60 ] loss: 0.685
[ 32 / 60 ] loss: 0.684
[ 33 / 60 ] loss: 0.695
[ 34 / 60 ] loss: 0.669
[ 35 / 60 ] loss: 0.654
[ 36 / 60 ] loss: 0.671
[ 37 / 60 ] loss: 0.665
[ 38 / 60 ] loss: 0.679
[ 39 / 60 ] loss: 0.687
[ 40 / 60 ] loss: 0.640
[ 41 / 60 ] loss: 0.637
[ 42 / 60 ] loss: 0.630
[ 43 / 60 ] loss: 0.742
[ 44 / 60 ] loss: 0.645
[ 45 / 60 ] loss: 0.640
[ 46 / 60 ] loss: 0.650
[ 47 / 60 ] loss: 0.620
[ 48 / 60 ] loss: 0.637
[ 49 / 60 ] loss: 0.622
[ 50 / 60 ] loss: 0.572
[ 51 / 60 ] loss: 0.594
[ 52 / 60 ] loss: 0.652
[ 53 / 60 ] loss: 0.689
[ 54 / 60 ] loss: 0.575
[ 55 / 60 ] loss: 0.643
[ 56 / 60 ] loss: 0.560
[ 57 / 60 ] loss: 0.832
[ 58 / 60 ] loss: 0.627
[ 59 / 60 ] loss: 0.581
[ 60 / 60 ] loss: 0.374
0.6713001375397046
Accuracy: 0.673729 -- Precision: 0.632653 -- Recall: 0.961240 -- F1: 0.763077 -- AUC: 0.777802
保存模型参数
========= epoch: 2 ==============
[ 1 / 60 ] loss: 0.474
[ 2 / 60 ] loss: 0.523
[ 3 / 60 ] loss: 0.694
[ 4 / 60 ] loss: 0.594
[ 5 / 60 ] loss: 0.671
[ 6 / 60 ] loss: 0.647
[ 7 / 60 ] loss: 0.612
[ 8 / 60 ] loss: 0.462
[ 9 / 60 ] loss: 0.656
[ 10 / 60 ] loss: 0.625
[ 11 / 60 ] loss: 0.584
[ 12 / 60 ] loss: 0.554
[ 13 / 60 ] loss: 0.620
[ 14 / 60 ] loss: 0.860
[ 15 / 60 ] loss: 0.577
[ 16 / 60 ] loss: 0.834
[ 17 / 60 ] loss: 0.671
[ 18 / 60 ] loss: 0.823
[ 19 / 60 ] loss: 0.616
[ 20 / 60 ] loss: 0.554
[ 21 / 60 ] loss: 0.541
[ 22 / 60 ] loss: 0.661
[ 23 / 60 ] loss: 0.634
[ 24 / 60 ] loss: 0.618
[ 25 / 60 ] loss: 0.632
[ 26 / 60 ] loss: 0.613
[ 27 / 60 ] loss: 0.678
[ 28 / 60 ] loss: 0.514
[ 29 / 60 ] loss: 0.528
[ 30 / 60 ] loss: 0.506
[ 31 / 60 ] loss: 0.550
[ 32 / 60 ] loss: 0.509
[ 33 / 60 ] loss: 0.598
[ 34 / 60 ] loss: 0.638
[ 35 / 60 ] loss: 0.645
[ 36 / 60 ] loss: 0.750
[ 37 / 60 ] loss: 0.708
[ 38 / 60 ] loss: 0.754
[ 39 / 60 ] loss: 0.670
[ 40 / 60 ] loss: 0.584
[ 41 / 60 ] loss: 0.505
[ 42 / 60 ] loss: 0.669
[ 43 / 60 ] loss: 0.470
[ 44 / 60 ] loss: 0.593
[ 45 / 60 ] loss: 0.573
[ 46 / 60 ] loss: 0.581
[ 47 / 60 ] loss: 0.537
[ 48 / 60 ] loss: 0.590
[ 49 / 60 ] loss: 0.582
[ 50 / 60 ] loss: 0.562
[ 51 / 60 ] loss: 0.641
[ 52 / 60 ] loss: 0.689
[ 53 / 60 ] loss: 0.485
[ 54 / 60 ] loss: 0.474
[ 55 / 60 ] loss: 0.593
[ 56 / 60 ] loss: 0.569
[ 57 / 60 ] loss: 0.455
[ 58 / 60 ] loss: 0.722
[ 59 / 60 ] loss: 0.471
[ 60 / 60 ] loss: 1.084
0.6138206645846367
Accuracy: 0.733051 -- Precision: 0.722973 -- Recall: 0.829457 -- F1: 0.772563 -- AUC: 0.803304
保存模型参数
========= epoch: 3 ==============
[ 1 / 60 ] loss: 0.436
[ 2 / 60 ] loss: 0.383
[ 3 / 60 ] loss: 0.359
[ 4 / 60 ] loss: 0.499
[ 5 / 60 ] loss: 0.394
[ 6 / 60 ] loss: 0.336
[ 7 / 60 ] loss: 0.470
[ 8 / 60 ] loss: 0.291
[ 9 / 60 ] loss: 0.543
[ 10 / 60 ] loss: 0.794
[ 11 / 60 ] loss: 0.374
[ 12 / 60 ] loss: 0.362
[ 13 / 60 ] loss: 0.467
[ 14 / 60 ] loss: 0.483
[ 15 / 60 ] loss: 0.542
[ 16 / 60 ] loss: 0.850
[ 17 / 60 ] loss: 0.791
[ 18 / 60 ] loss: 0.721
[ 19 / 60 ] loss: 0.787
[ 20 / 60 ] loss: 0.605
[ 21 / 60 ] loss: 0.632
[ 22 / 60 ] loss: 0.657
[ 23 / 60 ] loss: 0.635
[ 24 / 60 ] loss: 0.689
[ 25 / 60 ] loss: 0.664
[ 26 / 60 ] loss: 0.532
[ 27 / 60 ] loss: 0.445
[ 28 / 60 ] loss: 0.631
[ 29 / 60 ] loss: 0.627
[ 30 / 60 ] loss: 0.449
[ 31 / 60 ] loss: 0.599
[ 32 / 60 ] loss: 0.661
[ 33 / 60 ] loss: 0.393
[ 34 / 60 ] loss: 0.591
[ 35 / 60 ] loss: 0.519
[ 36 / 60 ] loss: 0.566
[ 37 / 60 ] loss: 0.760
[ 38 / 60 ] loss: 0.628
[ 39 / 60 ] loss: 0.568
[ 40 / 60 ] loss: 0.527
[ 41 / 60 ] loss: 0.576
[ 42 / 60 ] loss: 0.556
[ 43 / 60 ] loss: 0.441
[ 44 / 60 ] loss: 0.429
[ 45 / 60 ] loss: 0.393
[ 46 / 60 ] loss: 0.411
[ 47 / 60 ] loss: 0.328
[ 48 / 60 ] loss: 0.353
[ 49 / 60 ] loss: 0.471
[ 50 / 60 ] loss: 0.251
[ 51 / 60 ] loss: 0.565
[ 52 / 60 ] loss: 0.321
[ 53 / 60 ] loss: 0.371
[ 54 / 60 ] loss: 0.613
[ 55 / 60 ] loss: 0.345
[ 56 / 60 ] loss: 0.593
[ 57 / 60 ] loss: 0.557
[ 58 / 60 ] loss: 0.965
[ 59 / 60 ] loss: 0.634
[ 60 / 60 ] loss: 0.200
0.5272477209568024
Accuracy: 0.745763 -- Precision: 0.841584 -- Recall: 0.658915 -- F1: 0.739130 -- AUC: 0.834891
保存模型参数
========= epoch: 4 ==============
[ 1 / 60 ] loss: 0.716
[ 2 / 60 ] loss: 0.462
[ 3 / 60 ] loss: 0.561
[ 4 / 60 ] loss: 0.556
[ 5 / 60 ] loss: 0.649
[ 6 / 60 ] loss: 0.361
[ 7 / 60 ] loss: 0.371
[ 8 / 60 ] loss: 0.371
[ 9 / 60 ] loss: 0.377
[ 10 / 60 ] loss: 0.334
[ 11 / 60 ] loss: 0.411
[ 12 / 60 ] loss: 0.374
[ 13 / 60 ] loss: 0.281
[ 14 / 60 ] loss: 0.233
[ 15 / 60 ] loss: 0.545
[ 16 / 60 ] loss: 0.356
[ 17 / 60 ] loss: 0.686
[ 18 / 60 ] loss: 0.525
[ 19 / 60 ] loss: 0.365
[ 20 / 60 ] loss: 0.229
[ 21 / 60 ] loss: 0.697
[ 22 / 60 ] loss: 0.649
[ 23 / 60 ] loss: 0.304
[ 24 / 60 ] loss: 0.308
[ 25 / 60 ] loss: 0.517
[ 26 / 60 ] loss: 0.470
[ 27 / 60 ] loss: 0.471
[ 28 / 60 ] loss: 0.355
[ 29 / 60 ] loss: 0.393
[ 30 / 60 ] loss: 0.320
[ 31 / 60 ] loss: 0.673
[ 32 / 60 ] loss: 0.719
[ 33 / 60 ] loss: 0.413
[ 34 / 60 ] loss: 0.549
[ 35 / 60 ] loss: 0.489
[ 36 / 60 ] loss: 0.549
[ 37 / 60 ] loss: 0.389
[ 38 / 60 ] loss: 0.267
[ 39 / 60 ] loss: 0.328
[ 40 / 60 ] loss: 0.385
[ 41 / 60 ] loss: 0.658
[ 42 / 60 ] loss: 0.696
[ 43 / 60 ] loss: 0.512
[ 44 / 60 ] loss: 0.874
[ 45 / 60 ] loss: 0.430
[ 46 / 60 ] loss: 0.460
[ 47 / 60 ] loss: 0.634
[ 48 / 60 ] loss: 0.595
[ 49 / 60 ] loss: 0.423
[ 50 / 60 ] loss: 0.601
[ 51 / 60 ] loss: 0.362
[ 52 / 60 ] loss: 0.356
[ 53 / 60 ] loss: 0.419
[ 54 / 60 ] loss: 0.593
[ 55 / 60 ] loss: 0.415
[ 56 / 60 ] loss: 0.314
[ 57 / 60 ] loss: 0.236
[ 58 / 60 ] loss: 0.270
[ 59 / 60 ] loss: 0.220
[ 60 / 60 ] loss: 0.175
0.45417289808392525
Accuracy: 0.711864 -- Precision: 0.676301 -- Recall: 0.906977 -- F1: 0.774834 -- AUC: 0.816199
========= epoch: 5 ==============
[ 1 / 60 ] loss: 0.306
[ 2 / 60 ] loss: 0.243
[ 3 / 60 ] loss: 0.414
[ 4 / 60 ] loss: 0.214
[ 5 / 60 ] loss: 0.584
[ 6 / 60 ] loss: 0.424
[ 7 / 60 ] loss: 0.429
[ 8 / 60 ] loss: 0.432
[ 9 / 60 ] loss: 0.677
[ 10 / 60 ] loss: 0.587
[ 11 / 60 ] loss: 0.491
[ 12 / 60 ] loss: 0.605
[ 13 / 60 ] loss: 0.207
[ 14 / 60 ] loss: 0.353
[ 15 / 60 ] loss: 0.365
[ 16 / 60 ] loss: 0.249
[ 17 / 60 ] loss: 0.473
[ 18 / 60 ] loss: 0.228
[ 19 / 60 ] loss: 0.217
[ 20 / 60 ] loss: 0.444
[ 21 / 60 ] loss: 0.331
[ 22 / 60 ] loss: 0.517
[ 23 / 60 ] loss: 0.129
[ 24 / 60 ] loss: 0.409
[ 25 / 60 ] loss: 0.267
[ 26 / 60 ] loss: 0.218
[ 27 / 60 ] loss: 0.174
[ 28 / 60 ] loss: 0.236
[ 29 / 60 ] loss: 0.250
[ 30 / 60 ] loss: 0.781
[ 31 / 60 ] loss: 0.616
[ 32 / 60 ] loss: 0.361
[ 33 / 60 ] loss: 0.282
[ 34 / 60 ] loss: 0.154
[ 35 / 60 ] loss: 0.826
[ 36 / 60 ] loss: 0.359
[ 37 / 60 ] loss: 0.127
[ 38 / 60 ] loss: 0.164
[ 39 / 60 ] loss: 0.392
[ 40 / 60 ] loss: 0.776
[ 41 / 60 ] loss: 0.541
[ 42 / 60 ] loss: 0.473
[ 43 / 60 ] loss: 0.305
[ 44 / 60 ] loss: 0.853
[ 45 / 60 ] loss: 0.425
[ 46 / 60 ] loss: 0.429
[ 47 / 60 ] loss: 0.374
[ 48 / 60 ] loss: 0.539
[ 49 / 60 ] loss: 0.249
[ 50 / 60 ] loss: 0.636
[ 51 / 60 ] loss: 0.326
[ 52 / 60 ] loss: 0.613
[ 53 / 60 ] loss: 0.404
[ 54 / 60 ] loss: 0.553
[ 55 / 60 ] loss: 0.313
[ 56 / 60 ] loss: 0.443
[ 57 / 60 ] loss: 0.387
[ 58 / 60 ] loss: 0.346
[ 59 / 60 ] loss: 0.583
[ 60 / 60 ] loss: 0.463
0.40946298465132713
Accuracy: 0.775424 -- Precision: 0.740506 -- Recall: 0.906977 -- F1: 0.815331 -- AUC: 0.847062
保存模型参数
========= epoch: 6 ==============
[ 1 / 60 ] loss: 0.249
[ 2 / 60 ] loss: 0.250
[ 3 / 60 ] loss: 0.319
[ 4 / 60 ] loss: 0.147
[ 5 / 60 ] loss: 0.281
[ 6 / 60 ] loss: 0.629
[ 7 / 60 ] loss: 0.298
[ 8 / 60 ] loss: 0.352
[ 9 / 60 ] loss: 0.428
[ 10 / 60 ] loss: 0.128
[ 11 / 60 ] loss: 0.229
[ 12 / 60 ] loss: 0.217
[ 13 / 60 ] loss: 0.760
[ 14 / 60 ] loss: 0.207
[ 15 / 60 ] loss: 0.338
[ 16 / 60 ] loss: 0.245
[ 17 / 60 ] loss: 0.590
[ 18 / 60 ] loss: 0.488
[ 19 / 60 ] loss: 0.556
[ 20 / 60 ] loss: 0.226
[ 21 / 60 ] loss: 0.559
[ 22 / 60 ] loss: 0.230
[ 23 / 60 ] loss: 0.243
[ 24 / 60 ] loss: 0.267
[ 25 / 60 ] loss: 0.306
[ 26 / 60 ] loss: 0.282
[ 27 / 60 ] loss: 0.470
[ 28 / 60 ] loss: 0.211
[ 29 / 60 ] loss: 0.491
[ 30 / 60 ] loss: 0.303
[ 31 / 60 ] loss: 0.451
[ 32 / 60 ] loss: 0.236
[ 33 / 60 ] loss: 0.365
[ 34 / 60 ] loss: 0.160
[ 35 / 60 ] loss: 0.196
[ 36 / 60 ] loss: 0.323
[ 37 / 60 ] loss: 0.239
[ 38 / 60 ] loss: 0.284
[ 39 / 60 ] loss: 0.325
[ 40 / 60 ] loss: 0.418
[ 41 / 60 ] loss: 0.339
[ 42 / 60 ] loss: 0.521
[ 43 / 60 ] loss: 0.408
[ 44 / 60 ] loss: 0.176
[ 45 / 60 ] loss: 0.109
[ 46 / 60 ] loss: 0.459
[ 47 / 60 ] loss: 0.365
[ 48 / 60 ] loss: 0.177
[ 49 / 60 ] loss: 0.321
[ 50 / 60 ] loss: 0.228
[ 51 / 60 ] loss: 0.284
[ 52 / 60 ] loss: 0.334
[ 53 / 60 ] loss: 0.315
[ 54 / 60 ] loss: 0.391
[ 55 / 60 ] loss: 0.071
[ 56 / 60 ] loss: 0.240
[ 57 / 60 ] loss: 0.298
[ 58 / 60 ] loss: 0.322
[ 59 / 60 ] loss: 0.408
[ 60 / 60 ] loss: 0.286
0.3225383307784796
Accuracy: 0.771186 -- Precision: 0.777778 -- Recall: 0.813953 -- F1: 0.795455 -- AUC: 0.842788
========= epoch: 7 ==============
[ 1 / 60 ] loss: 0.108
[ 2 / 60 ] loss: 0.365
[ 3 / 60 ] loss: 0.326
[ 4 / 60 ] loss: 0.165
[ 5 / 60 ] loss: 0.400
[ 6 / 60 ] loss: 0.273
[ 7 / 60 ] loss: 0.277
[ 8 / 60 ] loss: 0.263
[ 9 / 60 ] loss: 0.129
[ 10 / 60 ] loss: 0.181
[ 11 / 60 ] loss: 0.313
[ 12 / 60 ] loss: 0.312
[ 13 / 60 ] loss: 0.635
[ 14 / 60 ] loss: 0.254
[ 15 / 60 ] loss: 0.430
[ 16 / 60 ] loss: 0.251
[ 17 / 60 ] loss: 0.326
[ 18 / 60 ] loss: 0.469
[ 19 / 60 ] loss: 0.418
[ 20 / 60 ] loss: 0.485
[ 21 / 60 ] loss: 0.429
[ 22 / 60 ] loss: 0.365
[ 23 / 60 ] loss: 0.542
[ 24 / 60 ] loss: 0.350
[ 25 / 60 ] loss: 0.262
[ 26 / 60 ] loss: 0.302
[ 27 / 60 ] loss: 0.435
[ 28 / 60 ] loss: 0.493
[ 29 / 60 ] loss: 0.258
[ 30 / 60 ] loss: 0.285
[ 31 / 60 ] loss: 0.156
[ 32 / 60 ] loss: 0.225
[ 33 / 60 ] loss: 0.089
[ 34 / 60 ] loss: 0.345
[ 35 / 60 ] loss: 0.325
[ 36 / 60 ] loss: 0.232
[ 37 / 60 ] loss: 0.454
[ 38 / 60 ] loss: 0.429
[ 39 / 60 ] loss: 0.227
[ 40 / 60 ] loss: 0.431
[ 41 / 60 ] loss: 0.354
[ 42 / 60 ] loss: 0.229
[ 43 / 60 ] loss: 0.610
[ 44 / 60 ] loss: 0.239
[ 45 / 60 ] loss: 0.359
[ 46 / 60 ] loss: 0.505
[ 47 / 60 ] loss: 0.551
[ 48 / 60 ] loss: 0.241
[ 49 / 60 ] loss: 0.424
[ 50 / 60 ] loss: 0.469
[ 51 / 60 ] loss: 0.191
[ 52 / 60 ] loss: 0.336
[ 53 / 60 ] loss: 0.303
[ 54 / 60 ] loss: 0.178
[ 55 / 60 ] loss: 0.329
[ 56 / 60 ] loss: 0.425
[ 57 / 60 ] loss: 0.263
[ 58 / 60 ] loss: 0.274
[ 59 / 60 ] loss: 0.129
[ 60 / 60 ] loss: 0.863
0.33809459606806436
Accuracy: 0.779661 -- Precision: 0.751634 -- Recall: 0.891473 -- F1: 0.815603 -- AUC: 0.853727
保存模型参数
========= epoch: 8 ==============
[ 1 / 60 ] loss: 0.479
[ 2 / 60 ] loss: 0.107
[ 3 / 60 ] loss: 0.241
[ 4 / 60 ] loss: 0.637
[ 5 / 60 ] loss: 0.101
[ 6 / 60 ] loss: 0.276
[ 7 / 60 ] loss: 0.394
[ 8 / 60 ] loss: 0.094
[ 9 / 60 ] loss: 0.362
[ 10 / 60 ] loss: 0.317
[ 11 / 60 ] loss: 0.431
[ 12 / 60 ] loss: 0.160
[ 13 / 60 ] loss: 0.314
[ 14 / 60 ] loss: 0.332
[ 15 / 60 ] loss: 0.316
[ 16 / 60 ] loss: 0.374
[ 17 / 60 ] loss: 0.228
[ 18 / 60 ] loss: 0.502
[ 19 / 60 ] loss: 0.221
[ 20 / 60 ] loss: 0.155
[ 21 / 60 ] loss: 0.363
[ 22 / 60 ] loss: 0.207
[ 23 / 60 ] loss: 0.091
[ 24 / 60 ] loss: 0.271
[ 25 / 60 ] loss: 0.307
[ 26 / 60 ] loss: 0.304
[ 27 / 60 ] loss: 0.104
[ 28 / 60 ] loss: 0.137
[ 29 / 60 ] loss: 0.247
[ 30 / 60 ] loss: 0.358
[ 31 / 60 ] loss: 0.261
[ 32 / 60 ] loss: 0.296
[ 33 / 60 ] loss: 0.352
[ 34 / 60 ] loss: 0.303
[ 35 / 60 ] loss: 0.172
[ 36 / 60 ] loss: 0.249
[ 37 / 60 ] loss: 0.339
[ 38 / 60 ] loss: 0.265
[ 39 / 60 ] loss: 0.151
[ 40 / 60 ] loss: 0.543
[ 41 / 60 ] loss: 0.202
[ 42 / 60 ] loss: 0.513
[ 43 / 60 ] loss: 0.357
[ 44 / 60 ] loss: 0.125
[ 45 / 60 ] loss: 0.139
[ 46 / 60 ] loss: 0.166
[ 47 / 60 ] loss: 0.245
[ 48 / 60 ] loss: 0.191
[ 49 / 60 ] loss: 0.417
[ 50 / 60 ] loss: 0.260
[ 51 / 60 ] loss: 0.266
[ 52 / 60 ] loss: 0.673
[ 53 / 60 ] loss: 0.323
[ 54 / 60 ] loss: 0.409
[ 55 / 60 ] loss: 0.522
[ 56 / 60 ] loss: 0.363
[ 57 / 60 ] loss: 0.624
[ 58 / 60 ] loss: 0.155
[ 59 / 60 ] loss: 0.343
[ 60 / 60 ] loss: 0.657
0.3051388680934906
Accuracy: 0.771186 -- Precision: 0.837838 -- Recall: 0.720930 -- F1: 0.775000 -- AUC: 0.845396
========= epoch: 9 ==============
[ 1 / 60 ] loss: 0.182
[ 2 / 60 ] loss: 0.272
[ 3 / 60 ] loss: 0.365
[ 4 / 60 ] loss: 0.273
[ 5 / 60 ] loss: 0.644
[ 6 / 60 ] loss: 0.482
[ 7 / 60 ] loss: 0.244
[ 8 / 60 ] loss: 0.123
[ 9 / 60 ] loss: 0.329
[ 10 / 60 ] loss: 0.785
[ 11 / 60 ] loss: 0.266
[ 12 / 60 ] loss: 0.310
[ 13 / 60 ] loss: 0.286
[ 14 / 60 ] loss: 0.410
[ 15 / 60 ] loss: 0.306
[ 16 / 60 ] loss: 0.115
[ 17 / 60 ] loss: 0.127
[ 18 / 60 ] loss: 0.169
[ 19 / 60 ] loss: 0.351
[ 20 / 60 ] loss: 0.160
[ 21 / 60 ] loss: 0.081
[ 22 / 60 ] loss: 0.161
[ 23 / 60 ] loss: 0.305
[ 24 / 60 ] loss: 0.208
[ 25 / 60 ] loss: 0.286
[ 26 / 60 ] loss: 0.152
[ 27 / 60 ] loss: 0.243
[ 28 / 60 ] loss: 0.295
[ 29 / 60 ] loss: 0.126
[ 30 / 60 ] loss: 0.213
[ 31 / 60 ] loss: 0.350
[ 32 / 60 ] loss: 0.061
[ 33 / 60 ] loss: 0.056
[ 34 / 60 ] loss: 0.121
[ 35 / 60 ] loss: 0.612
[ 36 / 60 ] loss: 0.250
[ 37 / 60 ] loss: 0.180
[ 38 / 60 ] loss: 0.554
[ 39 / 60 ] loss: 0.193
[ 40 / 60 ] loss: 0.170
[ 41 / 60 ] loss: 0.621
[ 42 / 60 ] loss: 0.335
[ 43 / 60 ] loss: 0.242
[ 44 / 60 ] loss: 0.422
[ 45 / 60 ] loss: 0.198
[ 46 / 60 ] loss: 0.301
[ 47 / 60 ] loss: 0.401
[ 48 / 60 ] loss: 0.204
[ 49 / 60 ] loss: 0.245
[ 50 / 60 ] loss: 0.203
[ 51 / 60 ] loss: 0.441
[ 52 / 60 ] loss: 0.318
[ 53 / 60 ] loss: 0.273
[ 54 / 60 ] loss: 0.114
[ 55 / 60 ] loss: 0.135
[ 56 / 60 ] loss: 0.535
[ 57 / 60 ] loss: 0.296
[ 58 / 60 ] loss: 0.089
[ 59 / 60 ] loss: 0.269
[ 60 / 60 ] loss: 0.050
0.27515331419805683
Accuracy: 0.766949 -- Precision: 0.750000 -- Recall: 0.860465 -- F1: 0.801444 -- AUC: 0.857277
========= epoch: 10 ==============
[ 1 / 60 ] loss: 0.238
[ 2 / 60 ] loss: 0.094
[ 3 / 60 ] loss: 0.260
[ 4 / 60 ] loss: 0.302
[ 5 / 60 ] loss: 0.447
[ 6 / 60 ] loss: 0.154
[ 7 / 60 ] loss: 0.063
[ 8 / 60 ] loss: 0.044
[ 9 / 60 ] loss: 0.090
[ 10 / 60 ] loss: 0.119
[ 11 / 60 ] loss: 0.178
[ 12 / 60 ] loss: 0.063
[ 13 / 60 ] loss: 0.132
[ 14 / 60 ] loss: 0.486
[ 15 / 60 ] loss: 0.064
[ 16 / 60 ] loss: 0.050
[ 17 / 60 ] loss: 0.179
[ 18 / 60 ] loss: 0.327
[ 19 / 60 ] loss: 0.305
[ 20 / 60 ] loss: 0.428
[ 21 / 60 ] loss: 0.270
[ 22 / 60 ] loss: 0.264
[ 23 / 60 ] loss: 0.330
[ 24 / 60 ] loss: 0.222
[ 25 / 60 ] loss: 0.241
[ 26 / 60 ] loss: 0.334
[ 27 / 60 ] loss: 0.054
[ 28 / 60 ] loss: 0.132
[ 29 / 60 ] loss: 0.328
[ 30 / 60 ] loss: 0.107
[ 31 / 60 ] loss: 0.327
[ 32 / 60 ] loss: 0.545
[ 33 / 60 ] loss: 0.225
[ 34 / 60 ] loss: 0.591
[ 35 / 60 ] loss: 0.284
[ 36 / 60 ] loss: 0.101
[ 37 / 60 ] loss: 0.410
[ 38 / 60 ] loss: 0.179
[ 39 / 60 ] loss: 0.217
[ 40 / 60 ] loss: 0.170
[ 41 / 60 ] loss: 0.219
[ 42 / 60 ] loss: 0.085
[ 43 / 60 ] loss: 0.151
[ 44 / 60 ] loss: 0.087
[ 45 / 60 ] loss: 0.107
[ 46 / 60 ] loss: 0.044
[ 47 / 60 ] loss: 0.324
[ 48 / 60 ] loss: 0.304
[ 49 / 60 ] loss: 0.041
[ 50 / 60 ] loss: 0.563
[ 51 / 60 ] loss: 0.030
[ 52 / 60 ] loss: 0.433
[ 53 / 60 ] loss: 0.210
[ 54 / 60 ] loss: 0.375
[ 55 / 60 ] loss: 0.142
[ 56 / 60 ] loss: 0.363
[ 57 / 60 ] loss: 0.613
[ 58 / 60 ] loss: 0.169
[ 59 / 60 ] loss: 0.197
[ 60 / 60 ] loss: 0.068
0.23127035150925318
Accuracy: 0.775424 -- Precision: 0.816667 -- Recall: 0.759690 -- F1: 0.787149 -- AUC: 0.850902
========= epoch: 11 ==============
[ 1 / 60 ] loss: 0.511
[ 2 / 60 ] loss: 0.270
[ 3 / 60 ] loss: 0.106
[ 4 / 60 ] loss: 0.180
[ 5 / 60 ] loss: 0.159
[ 6 / 60 ] loss: 0.141
[ 7 / 60 ] loss: 0.065
[ 8 / 60 ] loss: 0.099
[ 9 / 60 ] loss: 0.309
[ 10 / 60 ] loss: 0.214
[ 11 / 60 ] loss: 0.345
[ 12 / 60 ] loss: 0.268
[ 13 / 60 ] loss: 0.300
[ 14 / 60 ] loss: 0.437
[ 15 / 60 ] loss: 0.058
[ 16 / 60 ] loss: 0.060
[ 17 / 60 ] loss: 0.296
[ 18 / 60 ] loss: 0.166
[ 19 / 60 ] loss: 0.410
[ 20 / 60 ] loss: 0.137
[ 21 / 60 ] loss: 0.200
[ 22 / 60 ] loss: 0.060
[ 23 / 60 ] loss: 0.232
[ 24 / 60 ] loss: 0.166
[ 25 / 60 ] loss: 0.215
[ 26 / 60 ] loss: 0.087
[ 27 / 60 ] loss: 0.271
[ 28 / 60 ] loss: 0.072
[ 29 / 60 ] loss: 0.365
[ 30 / 60 ] loss: 0.392
[ 31 / 60 ] loss: 0.056
[ 32 / 60 ] loss: 0.311
[ 33 / 60 ] loss: 0.293
[ 34 / 60 ] loss: 0.329
[ 35 / 60 ] loss: 0.468
[ 36 / 60 ] loss: 0.091
[ 37 / 60 ] loss: 0.287
[ 38 / 60 ] loss: 0.197
[ 39 / 60 ] loss: 0.282
[ 40 / 60 ] loss: 0.338
[ 41 / 60 ] loss: 0.318
[ 42 / 60 ] loss: 0.108
[ 43 / 60 ] loss: 0.378
[ 44 / 60 ] loss: 0.124
[ 45 / 60 ] loss: 0.428
[ 46 / 60 ] loss: 0.111
[ 47 / 60 ] loss: 0.266
[ 48 / 60 ] loss: 0.369
[ 49 / 60 ] loss: 0.170
[ 50 / 60 ] loss: 0.184
[ 51 / 60 ] loss: 0.029
[ 52 / 60 ] loss: 0.191
[ 53 / 60 ] loss: 0.295
[ 54 / 60 ] loss: 0.129
[ 55 / 60 ] loss: 0.184
[ 56 / 60 ] loss: 0.381
[ 57 / 60 ] loss: 0.158
[ 58 / 60 ] loss: 0.107
[ 59 / 60 ] loss: 0.303
[ 60 / 60 ] loss: 0.215
0.22822288076082867
Accuracy: 0.758475 -- Precision: 0.730769 -- Recall: 0.883721 -- F1: 0.800000 -- AUC: 0.752445
========= epoch: 12 ==============
[ 1 / 60 ] loss: 0.076
[ 2 / 60 ] loss: 0.115
[ 3 / 60 ] loss: 0.478
[ 4 / 60 ] loss: 0.217
[ 5 / 60 ] loss: 0.025
[ 6 / 60 ] loss: 0.457
[ 7 / 60 ] loss: 0.980
[ 8 / 60 ] loss: 0.292
[ 9 / 60 ] loss: 0.176
[ 10 / 60 ] loss: 0.201
[ 11 / 60 ] loss: 0.226
[ 12 / 60 ] loss: 0.346
[ 13 / 60 ] loss: 0.355
[ 14 / 60 ] loss: 0.491
[ 15 / 60 ] loss: 0.409
[ 16 / 60 ] loss: 0.164
[ 17 / 60 ] loss: 0.180
[ 18 / 60 ] loss: 0.141
[ 19 / 60 ] loss: 0.251
[ 20 / 60 ] loss: 0.366
[ 21 / 60 ] loss: 0.310
[ 22 / 60 ] loss: 0.297
[ 23 / 60 ] loss: 0.277
[ 24 / 60 ] loss: 0.105
[ 25 / 60 ] loss: 0.081
[ 26 / 60 ] loss: 0.193
[ 27 / 60 ] loss: 0.164
[ 28 / 60 ] loss: 0.248
[ 29 / 60 ] loss: 0.198
[ 30 / 60 ] loss: 0.342
[ 31 / 60 ] loss: 0.663
[ 32 / 60 ] loss: 0.272
[ 33 / 60 ] loss: 0.023
[ 34 / 60 ] loss: 0.076
[ 35 / 60 ] loss: 0.346
[ 36 / 60 ] loss: 0.228
[ 37 / 60 ] loss: 0.081
[ 38 / 60 ] loss: 0.100
[ 39 / 60 ] loss: 0.068
[ 40 / 60 ] loss: 0.358
[ 41 / 60 ] loss: 0.453
[ 42 / 60 ] loss: 0.072
[ 43 / 60 ] loss: 0.150
[ 44 / 60 ] loss: 0.103
[ 45 / 60 ] loss: 0.110
[ 46 / 60 ] loss: 0.380
[ 47 / 60 ] loss: 0.199
[ 48 / 60 ] loss: 0.058
[ 49 / 60 ] loss: 0.408
[ 50 / 60 ] loss: 0.457
[ 51 / 60 ] loss: 0.105
[ 52 / 60 ] loss: 0.513
[ 53 / 60 ] loss: 0.243
[ 54 / 60 ] loss: 0.034
[ 55 / 60 ] loss: 0.091
[ 56 / 60 ] loss: 0.151
[ 57 / 60 ] loss: 0.152
[ 58 / 60 ] loss: 0.072
[ 59 / 60 ] loss: 0.088
[ 60 / 60 ] loss: 0.083
0.23825711458921434
Accuracy: 0.800847 -- Precision: 0.836066 -- Recall: 0.790698 -- F1: 0.812749 -- AUC: 0.843802
保存模型参数
========= epoch: 13 ==============
[ 1 / 60 ] loss: 0.060
[ 2 / 60 ] loss: 0.298
[ 3 / 60 ] loss: 0.133
[ 4 / 60 ] loss: 0.050
[ 5 / 60 ] loss: 0.088
[ 6 / 60 ] loss: 0.296
[ 7 / 60 ] loss: 0.383
[ 8 / 60 ] loss: 0.037
[ 9 / 60 ] loss: 0.023
[ 10 / 60 ] loss: 0.254
[ 11 / 60 ] loss: 0.283
[ 12 / 60 ] loss: 0.258
[ 13 / 60 ] loss: 0.044
[ 14 / 60 ] loss: 0.142
[ 15 / 60 ] loss: 0.228
[ 16 / 60 ] loss: 0.244
[ 17 / 60 ] loss: 0.200
[ 18 / 60 ] loss: 0.189
[ 19 / 60 ] loss: 0.286
[ 20 / 60 ] loss: 0.065
[ 21 / 60 ] loss: 0.143
[ 22 / 60 ] loss: 0.442
[ 23 / 60 ] loss: 0.045
[ 24 / 60 ] loss: 0.217
[ 25 / 60 ] loss: 0.294
[ 26 / 60 ] loss: 0.110
[ 27 / 60 ] loss: 0.167
[ 28 / 60 ] loss: 0.132
[ 29 / 60 ] loss: 0.086
[ 30 / 60 ] loss: 0.293
[ 31 / 60 ] loss: 0.083
[ 32 / 60 ] loss: 0.035
[ 33 / 60 ] loss: 0.110
[ 34 / 60 ] loss: 0.079
[ 35 / 60 ] loss: 0.414
[ 36 / 60 ] loss: 0.060
[ 37 / 60 ] loss: 0.053
[ 38 / 60 ] loss: 0.140
[ 39 / 60 ] loss: 0.144
[ 40 / 60 ] loss: 0.215
[ 41 / 60 ] loss: 0.187
[ 42 / 60 ] loss: 0.025
[ 43 / 60 ] loss: 0.133
[ 44 / 60 ] loss: 0.224
[ 45 / 60 ] loss: 0.043
[ 46 / 60 ] loss: 0.749
[ 47 / 60 ] loss: 0.313
[ 48 / 60 ] loss: 0.024
[ 49 / 60 ] loss: 0.302
[ 50 / 60 ] loss: 0.306
[ 51 / 60 ] loss: 0.581
[ 52 / 60 ] loss: 0.068
[ 53 / 60 ] loss: 0.072
[ 54 / 60 ] loss: 0.112
[ 55 / 60 ] loss: 0.123
[ 56 / 60 ] loss: 0.296
[ 57 / 60 ] loss: 0.073
[ 58 / 60 ] loss: 0.166
[ 59 / 60 ] loss: 0.079
[ 60 / 60 ] loss: 0.010
0.17849959526211023
Accuracy: 0.771186 -- Precision: 0.831858 -- Recall: 0.728682 -- F1: 0.776860 -- AUC: 0.847062
========= epoch: 14 ==============
[ 1 / 60 ] loss: 0.253
[ 2 / 60 ] loss: 0.082
[ 3 / 60 ] loss: 0.012
[ 4 / 60 ] loss: 0.330
[ 5 / 60 ] loss: 0.127
[ 6 / 60 ] loss: 0.054
[ 7 / 60 ] loss: 0.340
[ 8 / 60 ] loss: 0.177
[ 9 / 60 ] loss: 0.136
[ 10 / 60 ] loss: 0.195
[ 11 / 60 ] loss: 0.088
[ 12 / 60 ] loss: 0.141
[ 13 / 60 ] loss: 0.328
[ 14 / 60 ] loss: 0.211
[ 15 / 60 ] loss: 0.173
[ 16 / 60 ] loss: 0.081
[ 17 / 60 ] loss: 0.313
[ 18 / 60 ] loss: 0.074
[ 19 / 60 ] loss: 0.166
[ 20 / 60 ] loss: 0.149
[ 21 / 60 ] loss: 0.187
[ 22 / 60 ] loss: 0.072
[ 23 / 60 ] loss: 0.379
[ 24 / 60 ] loss: 0.131
[ 25 / 60 ] loss: 0.161
[ 26 / 60 ] loss: 0.111
[ 27 / 60 ] loss: 0.028
[ 28 / 60 ] loss: 0.567
[ 29 / 60 ] loss: 0.023
[ 30 / 60 ] loss: 0.054
[ 31 / 60 ] loss: 0.102
[ 32 / 60 ] loss: 0.127
[ 33 / 60 ] loss: 0.371
[ 34 / 60 ] loss: 0.201
[ 35 / 60 ] loss: 0.167
[ 36 / 60 ] loss: 0.228
[ 37 / 60 ] loss: 0.035
[ 38 / 60 ] loss: 0.186
[ 39 / 60 ] loss: 0.082
[ 40 / 60 ] loss: 0.093
[ 41 / 60 ] loss: 0.053
[ 42 / 60 ] loss: 0.068
[ 43 / 60 ] loss: 0.046
[ 44 / 60 ] loss: 0.152
[ 45 / 60 ] loss: 0.010
[ 46 / 60 ] loss: 0.149
[ 47 / 60 ] loss: 0.011
[ 48 / 60 ] loss: 0.009
[ 49 / 60 ] loss: 0.269
[ 50 / 60 ] loss: 0.121
[ 51 / 60 ] loss: 0.060
[ 52 / 60 ] loss: 0.274
[ 53 / 60 ] loss: 0.323
[ 54 / 60 ] loss: 0.101
[ 55 / 60 ] loss: 0.276
[ 56 / 60 ] loss: 0.110
[ 57 / 60 ] loss: 0.062
[ 58 / 60 ] loss: 0.467
[ 59 / 60 ] loss: 0.109
[ 60 / 60 ] loss: 1.325
0.1787992267558972
Accuracy: 0.741525 -- Precision: 0.709877 -- Recall: 0.891473 -- F1: 0.790378 -- AUC: 0.784684
========= epoch: 15 ==============
[ 1 / 60 ] loss: 0.092
[ 2 / 60 ] loss: 0.187
[ 3 / 60 ] loss: 0.176
[ 4 / 60 ] loss: 0.348
[ 5 / 60 ] loss: 0.356
[ 6 / 60 ] loss: 0.204
[ 7 / 60 ] loss: 0.351
[ 8 / 60 ] loss: 0.346
[ 9 / 60 ] loss: 0.260
[ 10 / 60 ] loss: 0.234
[ 11 / 60 ] loss: 0.319
[ 12 / 60 ] loss: 0.141
[ 13 / 60 ] loss: 0.099
[ 14 / 60 ] loss: 0.183
[ 15 / 60 ] loss: 0.088
[ 16 / 60 ] loss: 0.072
[ 17 / 60 ] loss: 0.155
[ 18 / 60 ] loss: 0.025
[ 19 / 60 ] loss: 0.176
[ 20 / 60 ] loss: 0.018
[ 21 / 60 ] loss: 0.810
[ 22 / 60 ] loss: 0.076
[ 23 / 60 ] loss: 0.090
[ 24 / 60 ] loss: 0.236
[ 25 / 60 ] loss: 0.283
[ 26 / 60 ] loss: 0.201
[ 27 / 60 ] loss: 0.089
[ 28 / 60 ] loss: 0.065
[ 29 / 60 ] loss: 0.204
[ 30 / 60 ] loss: 0.053
[ 31 / 60 ] loss: 0.397
[ 32 / 60 ] loss: 0.120
[ 33 / 60 ] loss: 0.128
[ 34 / 60 ] loss: 0.278
[ 35 / 60 ] loss: 0.256
[ 36 / 60 ] loss: 0.142
[ 37 / 60 ] loss: 0.207
[ 38 / 60 ] loss: 0.181
[ 39 / 60 ] loss: 0.067
[ 40 / 60 ] loss: 0.434
[ 41 / 60 ] loss: 0.061
[ 42 / 60 ] loss: 0.196
[ 43 / 60 ] loss: 0.350
[ 44 / 60 ] loss: 0.172
[ 45 / 60 ] loss: 0.124
[ 46 / 60 ] loss: 0.242
[ 47 / 60 ] loss: 0.077
[ 48 / 60 ] loss: 0.037
[ 49 / 60 ] loss: 0.127
[ 50 / 60 ] loss: 0.141
[ 51 / 60 ] loss: 0.012
[ 52 / 60 ] loss: 0.075
[ 53 / 60 ] loss: 0.036
[ 54 / 60 ] loss: 0.101
[ 55 / 60 ] loss: 0.315
[ 56 / 60 ] loss: 0.446
[ 57 / 60 ] loss: 0.031
[ 58 / 60 ] loss: 0.065
[ 59 / 60 ] loss: 0.024
[ 60 / 60 ] loss: 0.104
0.18139369048488638
Accuracy: 0.796610 -- Precision: 0.840336 -- Recall: 0.775194 -- F1: 0.806452 -- AUC: 0.821850
========= epoch: 16 ==============
[ 1 / 60 ] loss: 0.055
[ 2 / 60 ] loss: 0.145
[ 3 / 60 ] loss: 0.088
[ 4 / 60 ] loss: 0.181
[ 5 / 60 ] loss: 0.113
[ 6 / 60 ] loss: 0.144
[ 7 / 60 ] loss: 0.019
[ 8 / 60 ] loss: 0.014
[ 9 / 60 ] loss: 0.022
[ 10 / 60 ] loss: 0.061
[ 11 / 60 ] loss: 0.231
[ 12 / 60 ] loss: 0.029
[ 13 / 60 ] loss: 0.099
[ 14 / 60 ] loss: 0.074
[ 15 / 60 ] loss: 0.332
[ 16 / 60 ] loss: 0.047
[ 17 / 60 ] loss: 0.089
[ 18 / 60 ] loss: 0.145
[ 19 / 60 ] loss: 0.007
[ 20 / 60 ] loss: 0.148
[ 21 / 60 ] loss: 0.161
[ 22 / 60 ] loss: 0.033
[ 23 / 60 ] loss: 0.279
[ 24 / 60 ] loss: 0.051
[ 25 / 60 ] loss: 0.044
[ 26 / 60 ] loss: 0.101
[ 27 / 60 ] loss: 0.143
[ 28 / 60 ] loss: 0.190
[ 29 / 60 ] loss: 0.208
[ 30 / 60 ] loss: 0.042
[ 31 / 60 ] loss: 0.014
[ 32 / 60 ] loss: 0.121
[ 33 / 60 ] loss: 0.234
[ 34 / 60 ] loss: 0.265
[ 35 / 60 ] loss: 0.184
[ 36 / 60 ] loss: 0.047
[ 37 / 60 ] loss: 0.052
[ 38 / 60 ] loss: 0.186
[ 39 / 60 ] loss: 0.033
[ 40 / 60 ] loss: 0.032
[ 41 / 60 ] loss: 0.040
[ 42 / 60 ] loss: 0.295
[ 43 / 60 ] loss: 0.642
[ 44 / 60 ] loss: 0.260
[ 45 / 60 ] loss: 0.434
[ 46 / 60 ] loss: 0.129
[ 47 / 60 ] loss: 0.091
[ 48 / 60 ] loss: 0.104
[ 49 / 60 ] loss: 0.152
[ 50 / 60 ] loss: 0.080
[ 51 / 60 ] loss: 0.327
[ 52 / 60 ] loss: 0.052
[ 53 / 60 ] loss: 0.147
[ 54 / 60 ] loss: 0.384
[ 55 / 60 ] loss: 0.236
[ 56 / 60 ] loss: 0.136
[ 57 / 60 ] loss: 0.374
[ 58 / 60 ] loss: 0.133
[ 59 / 60 ] loss: 0.300
[ 60 / 60 ] loss: 0.008
0.14649102461213867
Accuracy: 0.754237 -- Precision: 0.732026 -- Recall: 0.868217 -- F1: 0.794326 -- AUC: 0.759907
========= epoch: 17 ==============
[ 1 / 60 ] loss: 0.182
[ 2 / 60 ] loss: 0.465
[ 3 / 60 ] loss: 0.124
[ 4 / 60 ] loss: 0.291
[ 5 / 60 ] loss: 0.144
[ 6 / 60 ] loss: 0.268
[ 7 / 60 ] loss: 0.124
[ 8 / 60 ] loss: 0.030
[ 9 / 60 ] loss: 0.057
[ 10 / 60 ] loss: 0.178
[ 11 / 60 ] loss: 0.320
[ 12 / 60 ] loss: 0.072
[ 13 / 60 ] loss: 0.243
[ 14 / 60 ] loss: 0.106
[ 15 / 60 ] loss: 0.014
[ 16 / 60 ] loss: 0.050
[ 17 / 60 ] loss: 0.101
[ 18 / 60 ] loss: 0.053
[ 19 / 60 ] loss: 0.090
[ 20 / 60 ] loss: 0.062
[ 21 / 60 ] loss: 0.055
[ 22 / 60 ] loss: 0.042
[ 23 / 60 ] loss: 0.119
[ 24 / 60 ] loss: 0.086
[ 25 / 60 ] loss: 0.069
[ 26 / 60 ] loss: 0.063
[ 27 / 60 ] loss: 0.194
[ 28 / 60 ] loss: 0.019
[ 29 / 60 ] loss: 0.380
[ 30 / 60 ] loss: 0.047
[ 31 / 60 ] loss: 0.073
[ 32 / 60 ] loss: 0.214
[ 33 / 60 ] loss: 0.009
[ 34 / 60 ] loss: 0.028
[ 35 / 60 ] loss: 0.047
[ 36 / 60 ] loss: 0.144
[ 37 / 60 ] loss: 0.260
[ 38 / 60 ] loss: 0.044
[ 39 / 60 ] loss: 0.080
[ 40 / 60 ] loss: 0.237
[ 41 / 60 ] loss: 0.080
[ 42 / 60 ] loss: 0.263
[ 43 / 60 ] loss: 0.033
[ 44 / 60 ] loss: 0.011
[ 45 / 60 ] loss: 0.122
[ 46 / 60 ] loss: 0.456
[ 47 / 60 ] loss: 0.048
[ 48 / 60 ] loss: 0.211
[ 49 / 60 ] loss: 0.145
[ 50 / 60 ] loss: 0.303
[ 51 / 60 ] loss: 0.483
[ 52 / 60 ] loss: 0.263
[ 53 / 60 ] loss: 0.179
[ 54 / 60 ] loss: 0.051
[ 55 / 60 ] loss: 0.009
[ 56 / 60 ] loss: 0.074
[ 57 / 60 ] loss: 0.139
[ 58 / 60 ] loss: 0.094
[ 59 / 60 ] loss: 0.083
[ 60 / 60 ] loss: 1.851
0.1680485510577758
Accuracy: 0.788136 -- Precision: 0.801527 -- Recall: 0.813953 -- F1: 0.807692 -- AUC: 0.837499
========= epoch: 18 ==============
[ 1 / 60 ] loss: 0.101
[ 2 / 60 ] loss: 0.121
[ 3 / 60 ] loss: 0.092
[ 4 / 60 ] loss: 0.126
[ 5 / 60 ] loss: 0.037
[ 6 / 60 ] loss: 0.037
[ 7 / 60 ] loss: 0.060
[ 8 / 60 ] loss: 0.058
[ 9 / 60 ] loss: 0.218
[ 10 / 60 ] loss: 0.047
[ 11 / 60 ] loss: 0.444
[ 12 / 60 ] loss: 0.151
[ 13 / 60 ] loss: 0.133
[ 14 / 60 ] loss: 0.019
[ 15 / 60 ] loss: 0.165
[ 16 / 60 ] loss: 0.045
[ 17 / 60 ] loss: 0.074
[ 18 / 60 ] loss: 0.360
[ 19 / 60 ] loss: 0.297
[ 20 / 60 ] loss: 0.046
[ 21 / 60 ] loss: 0.150
[ 22 / 60 ] loss: 0.063
[ 23 / 60 ] loss: 0.110
[ 24 / 60 ] loss: 0.056
[ 25 / 60 ] loss: 0.032
[ 26 / 60 ] loss: 0.010
[ 27 / 60 ] loss: 0.171
[ 28 / 60 ] loss: 0.186
[ 29 / 60 ] loss: 0.124
[ 30 / 60 ] loss: 0.009
[ 31 / 60 ] loss: 0.076
[ 32 / 60 ] loss: 0.159
[ 33 / 60 ] loss: 0.241
[ 34 / 60 ] loss: 0.409
[ 35 / 60 ] loss: 0.248
[ 36 / 60 ] loss: 0.348
[ 37 / 60 ] loss: 0.069
[ 38 / 60 ] loss: 0.091
[ 39 / 60 ] loss: 0.527
[ 40 / 60 ] loss: 0.216
[ 41 / 60 ] loss: 0.582
[ 42 / 60 ] loss: 0.180
[ 43 / 60 ] loss: 0.160
[ 44 / 60 ] loss: 0.184
[ 45 / 60 ] loss: 0.075
[ 46 / 60 ] loss: 0.159
[ 47 / 60 ] loss: 0.140
[ 48 / 60 ] loss: 0.139
[ 49 / 60 ] loss: 0.100
[ 50 / 60 ] loss: 0.187
[ 51 / 60 ] loss: 0.034
[ 52 / 60 ] loss: 0.147
[ 53 / 60 ] loss: 0.008
[ 54 / 60 ] loss: 0.143
[ 55 / 60 ] loss: 0.238
[ 56 / 60 ] loss: 0.043
[ 57 / 60 ] loss: 0.147
[ 58 / 60 ] loss: 0.204
[ 59 / 60 ] loss: 0.094
[ 60 / 60 ] loss: 0.316
0.15339745236560703
Accuracy: 0.771186 -- Precision: 0.820513 -- Recall: 0.744186 -- F1: 0.780488 -- AUC: 0.831196
========= epoch: 19 ==============
[ 1 / 60 ] loss: 0.062
[ 2 / 60 ] loss: 0.062
[ 3 / 60 ] loss: 0.063
[ 4 / 60 ] loss: 0.025
[ 5 / 60 ] loss: 0.059
[ 6 / 60 ] loss: 0.054
[ 7 / 60 ] loss: 0.023
[ 8 / 60 ] loss: 0.037
[ 9 / 60 ] loss: 0.047
[ 10 / 60 ] loss: 0.207
[ 11 / 60 ] loss: 0.021
[ 12 / 60 ] loss: 0.427
[ 13 / 60 ] loss: 0.005
[ 14 / 60 ] loss: 0.103
[ 15 / 60 ] loss: 0.065
[ 16 / 60 ] loss: 0.030
[ 17 / 60 ] loss: 0.152
[ 18 / 60 ] loss: 0.526
[ 19 / 60 ] loss: 0.314
[ 20 / 60 ] loss: 0.033
[ 21 / 60 ] loss: 0.176
[ 22 / 60 ] loss: 0.235
[ 23 / 60 ] loss: 0.155
[ 24 / 60 ] loss: 0.385
[ 25 / 60 ] loss: 0.265
[ 26 / 60 ] loss: 0.149
[ 27 / 60 ] loss: 0.135
[ 28 / 60 ] loss: 0.140
[ 29 / 60 ] loss: 0.108
[ 30 / 60 ] loss: 0.212
[ 31 / 60 ] loss: 0.094
[ 32 / 60 ] loss: 0.060
[ 33 / 60 ] loss: 0.057
[ 34 / 60 ] loss: 0.117
[ 35 / 60 ] loss: 0.102
[ 36 / 60 ] loss: 0.227
[ 37 / 60 ] loss: 0.044
[ 38 / 60 ] loss: 0.031
[ 39 / 60 ] loss: 0.075
[ 40 / 60 ] loss: 0.284
[ 41 / 60 ] loss: 0.040
[ 42 / 60 ] loss: 0.127
[ 43 / 60 ] loss: 0.044
[ 44 / 60 ] loss: 0.100
[ 45 / 60 ] loss: 0.416
[ 46 / 60 ] loss: 0.194
[ 47 / 60 ] loss: 0.100
[ 48 / 60 ] loss: 0.177
[ 49 / 60 ] loss: 0.176
[ 50 / 60 ] loss: 0.039
[ 51 / 60 ] loss: 0.103
[ 52 / 60 ] loss: 0.148
[ 53 / 60 ] loss: 0.078
[ 54 / 60 ] loss: 0.100
[ 55 / 60 ] loss: 0.360
[ 56 / 60 ] loss: 0.129
[ 57 / 60 ] loss: 0.072
[ 58 / 60 ] loss: 0.208
[ 59 / 60 ] loss: 0.161
[ 60 / 60 ] loss: 0.012
0.13582508774319044
Accuracy: 0.737288 -- Precision: 0.731034 -- Recall: 0.821705 -- F1: 0.773723 -- AUC: 0.782439
========= epoch: 20 ==============
[ 1 / 60 ] loss: 0.055
[ 2 / 60 ] loss: 0.131
[ 3 / 60 ] loss: 0.205
[ 4 / 60 ] loss: 0.033
[ 5 / 60 ] loss: 0.227
[ 6 / 60 ] loss: 0.042
[ 7 / 60 ] loss: 0.031
[ 8 / 60 ] loss: 0.119
[ 9 / 60 ] loss: 0.041
[ 10 / 60 ] loss: 0.291
[ 11 / 60 ] loss: 0.411
[ 12 / 60 ] loss: 0.085
[ 13 / 60 ] loss: 0.030
[ 14 / 60 ] loss: 0.088
[ 15 / 60 ] loss: 0.089
[ 16 / 60 ] loss: 0.075
[ 17 / 60 ] loss: 0.293
[ 18 / 60 ] loss: 0.396
[ 19 / 60 ] loss: 0.095
[ 20 / 60 ] loss: 0.224
[ 21 / 60 ] loss: 0.008
[ 22 / 60 ] loss: 0.196
[ 23 / 60 ] loss: 0.150
[ 24 / 60 ] loss: 0.167
[ 25 / 60 ] loss: 0.320
[ 26 / 60 ] loss: 0.108
[ 27 / 60 ] loss: 0.159
[ 28 / 60 ] loss: 0.045
[ 29 / 60 ] loss: 0.060
[ 30 / 60 ] loss: 0.182
[ 31 / 60 ] loss: 0.059
[ 32 / 60 ] loss: 0.089
[ 33 / 60 ] loss: 0.106
[ 34 / 60 ] loss: 0.141
[ 35 / 60 ] loss: 0.109
[ 36 / 60 ] loss: 0.069
[ 37 / 60 ] loss: 0.363
[ 38 / 60 ] loss: 0.361
[ 39 / 60 ] loss: 0.379
[ 40 / 60 ] loss: 0.111
[ 41 / 60 ] loss: 0.112
[ 42 / 60 ] loss: 0.267
[ 43 / 60 ] loss: 0.258
[ 44 / 60 ] loss: 0.236
[ 45 / 60 ] loss: 0.274
[ 46 / 60 ] loss: 0.178
[ 47 / 60 ] loss: 0.209
[ 48 / 60 ] loss: 0.209
[ 49 / 60 ] loss: 0.090
[ 50 / 60 ] loss: 0.083
[ 51 / 60 ] loss: 0.169
[ 52 / 60 ] loss: 0.202
[ 53 / 60 ] loss: 0.293
[ 54 / 60 ] loss: 0.374
[ 55 / 60 ] loss: 0.239
[ 56 / 60 ] loss: 0.236
[ 57 / 60 ] loss: 0.106
[ 58 / 60 ] loss: 0.361
[ 59 / 60 ] loss: 0.006
[ 60 / 60 ] loss: 0.884
0.18220129526841145
Accuracy: 0.779661 -- Precision: 0.776978 -- Recall: 0.837209 -- F1: 0.805970 -- AUC: 0.813736
========= epoch: 21 ==============
[ 1 / 60 ] loss: 0.075
[ 2 / 60 ] loss: 0.175
[ 3 / 60 ] loss: 0.205
[ 4 / 60 ] loss: 0.164
[ 5 / 60 ] loss: 0.277
[ 6 / 60 ] loss: 0.324
[ 7 / 60 ] loss: 0.190
[ 8 / 60 ] loss: 0.280
[ 9 / 60 ] loss: 0.084
[ 10 / 60 ] loss: 0.261
[ 11 / 60 ] loss: 0.178
[ 12 / 60 ] loss: 0.149
[ 13 / 60 ] loss: 0.029
[ 14 / 60 ] loss: 0.063
[ 15 / 60 ] loss: 0.162
[ 16 / 60 ] loss: 0.201
[ 17 / 60 ] loss: 0.072
[ 18 / 60 ] loss: 0.116
[ 19 / 60 ] loss: 0.179
[ 20 / 60 ] loss: 0.123
[ 21 / 60 ] loss: 0.214
[ 22 / 60 ] loss: 0.170
[ 23 / 60 ] loss: 0.079
[ 24 / 60 ] loss: 0.069
[ 25 / 60 ] loss: 0.131
[ 26 / 60 ] loss: 0.143
[ 27 / 60 ] loss: 0.121
[ 28 / 60 ] loss: 0.111
[ 29 / 60 ] loss: 0.052
[ 30 / 60 ] loss: 0.083
[ 31 / 60 ] loss: 0.188
[ 32 / 60 ] loss: 0.099
[ 33 / 60 ] loss: 0.159
[ 34 / 60 ] loss: 0.452
[ 35 / 60 ] loss: 0.139
[ 36 / 60 ] loss: 0.071
[ 37 / 60 ] loss: 0.030
[ 38 / 60 ] loss: 0.150
[ 39 / 60 ] loss: 0.353
[ 40 / 60 ] loss: 0.122
[ 41 / 60 ] loss: 0.115
[ 42 / 60 ] loss: 0.434
[ 43 / 60 ] loss: 0.162
[ 44 / 60 ] loss: 0.061
[ 45 / 60 ] loss: 0.370
[ 46 / 60 ] loss: 0.076
[ 47 / 60 ] loss: 0.061
[ 48 / 60 ] loss: 0.096
[ 49 / 60 ] loss: 0.058
[ 50 / 60 ] loss: 0.193
[ 51 / 60 ] loss: 0.322
[ 52 / 60 ] loss: 0.268
[ 53 / 60 ] loss: 0.143
[ 54 / 60 ] loss: 0.419
[ 55 / 60 ] loss: 0.311
[ 56 / 60 ] loss: 0.196
[ 57 / 60 ] loss: 0.216
[ 58 / 60 ] loss: 0.122
[ 59 / 60 ] loss: 0.061
[ 60 / 60 ] loss: 0.123
0.16752326988304655
Accuracy: 0.788136 -- Precision: 0.792593 -- Recall: 0.829457 -- F1: 0.810606 -- AUC: 0.823372
========= epoch: 22 ==============
[ 1 / 60 ] loss: 0.162
[ 2 / 60 ] loss: 0.375
[ 3 / 60 ] loss: 0.141
[ 4 / 60 ] loss: 0.189
[ 5 / 60 ] loss: 0.098
[ 6 / 60 ] loss: 0.229
[ 7 / 60 ] loss: 0.089
[ 8 / 60 ] loss: 0.118
[ 9 / 60 ] loss: 0.107
[ 10 / 60 ] loss: 0.019
[ 11 / 60 ] loss: 0.036
[ 12 / 60 ] loss: 0.068
[ 13 / 60 ] loss: 0.129
[ 14 / 60 ] loss: 0.180
[ 15 / 60 ] loss: 0.454
[ 16 / 60 ] loss: 0.024
[ 17 / 60 ] loss: 0.040
[ 18 / 60 ] loss: 0.025
[ 19 / 60 ] loss: 0.018
[ 20 / 60 ] loss: 0.016
[ 21 / 60 ] loss: 0.179
[ 22 / 60 ] loss: 0.040
[ 23 / 60 ] loss: 0.060
[ 24 / 60 ] loss: 0.023
[ 25 / 60 ] loss: 0.397
[ 26 / 60 ] loss: 0.207
[ 27 / 60 ] loss: 0.506
[ 28 / 60 ] loss: 0.088
[ 29 / 60 ] loss: 0.121
[ 30 / 60 ] loss: 0.397
[ 31 / 60 ] loss: 0.063
[ 32 / 60 ] loss: 0.228
[ 33 / 60 ] loss: 0.182
[ 34 / 60 ] loss: 0.200
[ 35 / 60 ] loss: 0.052
[ 36 / 60 ] loss: 0.160
[ 37 / 60 ] loss: 0.212
[ 38 / 60 ] loss: 0.259
[ 39 / 60 ] loss: 0.541
[ 40 / 60 ] loss: 0.165
[ 41 / 60 ] loss: 0.505
[ 42 / 60 ] loss: 0.066
[ 43 / 60 ] loss: 0.169
[ 44 / 60 ] loss: 0.146
[ 45 / 60 ] loss: 0.126
[ 46 / 60 ] loss: 0.099
[ 47 / 60 ] loss: 0.177
[ 48 / 60 ] loss: 0.302
[ 49 / 60 ] loss: 0.078
[ 50 / 60 ] loss: 0.079
[ 51 / 60 ] loss: 0.163
[ 52 / 60 ] loss: 0.081
[ 53 / 60 ] loss: 0.057
[ 54 / 60 ] loss: 0.209
[ 55 / 60 ] loss: 0.151
[ 56 / 60 ] loss: 0.088
[ 57 / 60 ] loss: 0.021
[ 58 / 60 ] loss: 0.039
[ 59 / 60 ] loss: 0.093
[ 60 / 60 ] loss: 0.004
0.154175211279653
Accuracy: 0.762712 -- Precision: 0.732484 -- Recall: 0.891473 -- F1: 0.804196 -- AUC: 0.825110
========= epoch: 23 ==============
[ 1 / 60 ] loss: 0.261
[ 2 / 60 ] loss: 0.026
[ 3 / 60 ] loss: 0.078
[ 4 / 60 ] loss: 0.024
[ 5 / 60 ] loss: 0.033
[ 6 / 60 ] loss: 0.215
[ 7 / 60 ] loss: 0.403
[ 8 / 60 ] loss: 0.159
[ 9 / 60 ] loss: 0.081
[ 10 / 60 ] loss: 0.143
[ 11 / 60 ] loss: 0.177
[ 12 / 60 ] loss: 0.139
[ 13 / 60 ] loss: 0.140
[ 14 / 60 ] loss: 0.067
[ 15 / 60 ] loss: 0.440
[ 16 / 60 ] loss: 0.378
[ 17 / 60 ] loss: 0.054
[ 18 / 60 ] loss: 0.043
[ 19 / 60 ] loss: 0.206
[ 20 / 60 ] loss: 0.044
[ 21 / 60 ] loss: 0.042
[ 22 / 60 ] loss: 0.082
[ 23 / 60 ] loss: 0.150
[ 24 / 60 ] loss: 0.167
[ 25 / 60 ] loss: 0.065
[ 26 / 60 ] loss: 0.291
[ 27 / 60 ] loss: 0.046
[ 28 / 60 ] loss: 0.126
[ 29 / 60 ] loss: 0.111
[ 30 / 60 ] loss: 0.064
[ 31 / 60 ] loss: 0.550
[ 32 / 60 ] loss: 0.039
[ 33 / 60 ] loss: 0.322
[ 34 / 60 ] loss: 0.077
[ 35 / 60 ] loss: 0.097
[ 36 / 60 ] loss: 0.090
[ 37 / 60 ] loss: 0.279
[ 38 / 60 ] loss: 0.130
[ 39 / 60 ] loss: 0.034
[ 40 / 60 ] loss: 0.109
[ 41 / 60 ] loss: 0.293
[ 42 / 60 ] loss: 0.008
[ 43 / 60 ] loss: 0.105
[ 44 / 60 ] loss: 0.112
[ 45 / 60 ] loss: 0.050
[ 46 / 60 ] loss: 0.058
[ 47 / 60 ] loss: 0.048
[ 48 / 60 ] loss: 0.336
[ 49 / 60 ] loss: 0.191
[ 50 / 60 ] loss: 0.120
[ 51 / 60 ] loss: 0.072
[ 52 / 60 ] loss: 0.055
[ 53 / 60 ] loss: 0.204
[ 54 / 60 ] loss: 0.135
[ 55 / 60 ] loss: 0.053
[ 56 / 60 ] loss: 0.174
[ 57 / 60 ] loss: 0.094
[ 58 / 60 ] loss: 0.126
[ 59 / 60 ] loss: 0.188
[ 60 / 60 ] loss: 0.038
0.1406420213015129
Accuracy: 0.805085 -- Precision: 0.794326 -- Recall: 0.868217 -- F1: 0.829630 -- AUC: 0.823372
保存模型参数
========= epoch: 24 ==============
[ 1 / 60 ] loss: 0.060
[ 2 / 60 ] loss: 0.102
[ 3 / 60 ] loss: 0.139
[ 4 / 60 ] loss: 0.042
[ 5 / 60 ] loss: 0.058
[ 6 / 60 ] loss: 0.368
[ 7 / 60 ] loss: 0.451
[ 8 / 60 ] loss: 0.092
[ 9 / 60 ] loss: 0.003
[ 10 / 60 ] loss: 0.137
[ 11 / 60 ] loss: 0.034
[ 12 / 60 ] loss: 0.301
[ 13 / 60 ] loss: 0.021
[ 14 / 60 ] loss: 0.094
[ 15 / 60 ] loss: 0.124
[ 16 / 60 ] loss: 0.140
[ 17 / 60 ] loss: 0.047
[ 18 / 60 ] loss: 0.211
[ 19 / 60 ] loss: 0.139
[ 20 / 60 ] loss: 0.177
[ 21 / 60 ] loss: 0.046
[ 22 / 60 ] loss: 0.016
[ 23 / 60 ] loss: 0.026
[ 24 / 60 ] loss: 0.081
[ 25 / 60 ] loss: 0.328
[ 26 / 60 ] loss: 0.051
[ 27 / 60 ] loss: 0.258
[ 28 / 60 ] loss: 0.139
[ 29 / 60 ] loss: 0.425
[ 30 / 60 ] loss: 0.234
[ 31 / 60 ] loss: 0.146
[ 32 / 60 ] loss: 0.145
[ 33 / 60 ] loss: 0.089
[ 34 / 60 ] loss: 0.647
[ 35 / 60 ] loss: 0.425
[ 36 / 60 ] loss: 0.185
[ 37 / 60 ] loss: 0.105
[ 38 / 60 ] loss: 0.167
[ 39 / 60 ] loss: 0.124
[ 40 / 60 ] loss: 0.188
[ 41 / 60 ] loss: 0.569
[ 42 / 60 ] loss: 0.363
[ 43 / 60 ] loss: 0.250
[ 44 / 60 ] loss: 0.159
[ 45 / 60 ] loss: 0.399
[ 46 / 60 ] loss: 0.358
[ 47 / 60 ] loss: 0.340
[ 48 / 60 ] loss: 0.199
[ 49 / 60 ] loss: 0.064
[ 50 / 60 ] loss: 0.563
[ 51 / 60 ] loss: 0.311
[ 52 / 60 ] loss: 0.939
[ 53 / 60 ] loss: 0.580
[ 54 / 60 ] loss: 0.818
[ 55 / 60 ] loss: 0.499
[ 56 / 60 ] loss: 0.604
[ 57 / 60 ] loss: 0.168
[ 58 / 60 ] loss: 0.319
[ 59 / 60 ] loss: 0.334
[ 60 / 60 ] loss: 0.500
0.24828442748791227
Accuracy: 0.758475 -- Precision: 0.805085 -- Recall: 0.736434 -- F1: 0.769231 -- AUC: 0.808085
========= epoch: 25 ==============
[ 1 / 60 ] loss: 0.289
[ 2 / 60 ] loss: 0.408
[ 3 / 60 ] loss: 0.529
[ 4 / 60 ] loss: 0.273
[ 5 / 60 ] loss: 0.210
[ 6 / 60 ] loss: 0.084
[ 7 / 60 ] loss: 0.310
[ 8 / 60 ] loss: 0.164
[ 9 / 60 ] loss: 0.333
[ 10 / 60 ] loss: 0.636
[ 11 / 60 ] loss: 0.064
[ 12 / 60 ] loss: 0.387
[ 13 / 60 ] loss: 0.411
[ 14 / 60 ] loss: 0.078
[ 15 / 60 ] loss: 0.817
[ 16 / 60 ] loss: 0.279
[ 17 / 60 ] loss: 0.195
[ 18 / 60 ] loss: 0.387
[ 19 / 60 ] loss: 0.129
[ 20 / 60 ] loss: 0.198
[ 21 / 60 ] loss: 0.258
[ 22 / 60 ] loss: 0.197
[ 23 / 60 ] loss: 0.164
[ 24 / 60 ] loss: 0.341
[ 25 / 60 ] loss: 0.140
[ 26 / 60 ] loss: 0.318
[ 27 / 60 ] loss: 0.552
[ 28 / 60 ] loss: 0.343
[ 29 / 60 ] loss: 0.148
[ 30 / 60 ] loss: 0.319
[ 31 / 60 ] loss: 0.067
[ 32 / 60 ] loss: 0.080
[ 33 / 60 ] loss: 0.693
[ 34 / 60 ] loss: 0.521
[ 35 / 60 ] loss: 0.071
[ 36 / 60 ] loss: 0.458
[ 37 / 60 ] loss: 0.063
[ 38 / 60 ] loss: 0.089
[ 39 / 60 ] loss: 0.606
[ 40 / 60 ] loss: 0.393
[ 41 / 60 ] loss: 0.428
[ 42 / 60 ] loss: 0.087
[ 43 / 60 ] loss: 0.057
[ 44 / 60 ] loss: 0.439
[ 45 / 60 ] loss: 0.505
[ 46 / 60 ] loss: 0.195
[ 47 / 60 ] loss: 0.423
[ 48 / 60 ] loss: 0.479
[ 49 / 60 ] loss: 0.212
[ 50 / 60 ] loss: 0.106
[ 51 / 60 ] loss: 0.114
[ 52 / 60 ] loss: 0.275
[ 53 / 60 ] loss: 0.132
[ 54 / 60 ] loss: 0.128
[ 55 / 60 ] loss: 0.176
[ 56 / 60 ] loss: 0.135
[ 57 / 60 ] loss: 0.236
[ 58 / 60 ] loss: 0.047
[ 59 / 60 ] loss: 0.124
[ 60 / 60 ] loss: 0.050
0.2725050469239553
Accuracy: 0.762712 -- Precision: 0.782946 -- Recall: 0.782946 -- F1: 0.782946 -- AUC: 0.805694
========= epoch: 26 ==============
[ 1 / 60 ] loss: 0.038
[ 2 / 60 ] loss: 0.120
[ 3 / 60 ] loss: 0.044
[ 4 / 60 ] loss: 0.041
[ 5 / 60 ] loss: 0.227
[ 6 / 60 ] loss: 0.068
[ 7 / 60 ] loss: 0.236
[ 8 / 60 ] loss: 0.277
[ 9 / 60 ] loss: 0.015
[ 10 / 60 ] loss: 0.056
[ 11 / 60 ] loss: 0.107
[ 12 / 60 ] loss: 0.099
[ 13 / 60 ] loss: 0.092
[ 14 / 60 ] loss: 0.073
[ 15 / 60 ] loss: 0.194
[ 16 / 60 ] loss: 0.059
[ 17 / 60 ] loss: 0.400
[ 18 / 60 ] loss: 0.101
[ 19 / 60 ] loss: 0.096
[ 20 / 60 ] loss: 0.157
[ 21 / 60 ] loss: 0.499
[ 22 / 60 ] loss: 0.063
[ 23 / 60 ] loss: 0.057
[ 24 / 60 ] loss: 0.113
[ 25 / 60 ] loss: 0.345
[ 26 / 60 ] loss: 0.274
[ 27 / 60 ] loss: 0.111
[ 28 / 60 ] loss: 0.197
[ 29 / 60 ] loss: 0.200
[ 30 / 60 ] loss: 0.065
[ 31 / 60 ] loss: 0.334
[ 32 / 60 ] loss: 0.047
[ 33 / 60 ] loss: 0.041
[ 34 / 60 ] loss: 0.049
[ 35 / 60 ] loss: 0.224
[ 36 / 60 ] loss: 0.134
[ 37 / 60 ] loss: 0.375
[ 38 / 60 ] loss: 0.066
[ 39 / 60 ] loss: 0.183
[ 40 / 60 ] loss: 0.206
[ 41 / 60 ] loss: 0.274
[ 42 / 60 ] loss: 0.085
[ 43 / 60 ] loss: 0.023
[ 44 / 60 ] loss: 0.072
[ 45 / 60 ] loss: 0.226
[ 46 / 60 ] loss: 0.209
[ 47 / 60 ] loss: 0.031
[ 48 / 60 ] loss: 0.071
[ 49 / 60 ] loss: 0.294
[ 50 / 60 ] loss: 0.158
[ 51 / 60 ] loss: 0.172
[ 52 / 60 ] loss: 0.033
[ 53 / 60 ] loss: 0.208
[ 54 / 60 ] loss: 0.480
[ 55 / 60 ] loss: 0.049
[ 56 / 60 ] loss: 0.219
[ 57 / 60 ] loss: 0.093
[ 58 / 60 ] loss: 0.148
[ 59 / 60 ] loss: 0.082
[ 60 / 60 ] loss: 0.006
0.1502530561449627
Accuracy: 0.750000 -- Precision: 0.750000 -- Recall: 0.813953 -- F1: 0.780669 -- AUC: 0.782946
========= epoch: 27 ==============
[ 1 / 60 ] loss: 0.174
[ 2 / 60 ] loss: 0.049
[ 3 / 60 ] loss: 0.233
[ 4 / 60 ] loss: 0.037
[ 5 / 60 ] loss: 0.143
[ 6 / 60 ] loss: 0.219
[ 7 / 60 ] loss: 0.172
[ 8 / 60 ] loss: 0.092
[ 9 / 60 ] loss: 0.132
[ 10 / 60 ] loss: 0.224
[ 11 / 60 ] loss: 0.529
[ 12 / 60 ] loss: 0.062
[ 13 / 60 ] loss: 0.050
[ 14 / 60 ] loss: 0.232
[ 15 / 60 ] loss: 0.183
[ 16 / 60 ] loss: 0.200
[ 17 / 60 ] loss: 0.126
[ 18 / 60 ] loss: 0.220
[ 19 / 60 ] loss: 0.054
[ 20 / 60 ] loss: 0.080
[ 21 / 60 ] loss: 0.023
[ 22 / 60 ] loss: 0.082
[ 23 / 60 ] loss: 0.194
[ 24 / 60 ] loss: 0.051
[ 25 / 60 ] loss: 0.234
[ 26 / 60 ] loss: 0.129
[ 27 / 60 ] loss: 0.252
[ 28 / 60 ] loss: 0.126
[ 29 / 60 ] loss: 0.019
[ 30 / 60 ] loss: 0.093
[ 31 / 60 ] loss: 0.051
[ 32 / 60 ] loss: 0.109
[ 33 / 60 ] loss: 0.331
[ 34 / 60 ] loss: 0.222
[ 35 / 60 ] loss: 0.029
[ 36 / 60 ] loss: 0.122
[ 37 / 60 ] loss: 0.115
[ 38 / 60 ] loss: 0.041
[ 39 / 60 ] loss: 0.023
[ 40 / 60 ] loss: 0.254
[ 41 / 60 ] loss: 0.109
[ 42 / 60 ] loss: 0.079
[ 43 / 60 ] loss: 0.079
[ 44 / 60 ] loss: 0.063
[ 45 / 60 ] loss: 0.043
[ 46 / 60 ] loss: 0.024
[ 47 / 60 ] loss: 0.121
[ 48 / 60 ] loss: 0.178
[ 49 / 60 ] loss: 0.360
[ 50 / 60 ] loss: 0.394
[ 51 / 60 ] loss: 0.083
[ 52 / 60 ] loss: 0.294
[ 53 / 60 ] loss: 0.263
[ 54 / 60 ] loss: 0.119
[ 55 / 60 ] loss: 0.131
[ 56 / 60 ] loss: 0.030
[ 57 / 60 ] loss: 0.073
[ 58 / 60 ] loss: 0.055
[ 59 / 60 ] loss: 0.471
[ 60 / 60 ] loss: 0.011
0.14485112214460968
Accuracy: 0.762712 -- Precision: 0.758865 -- Recall: 0.829457 -- F1: 0.792593 -- AUC: 0.811273
========= epoch: 28 ==============
[ 1 / 60 ] loss: 0.083
[ 2 / 60 ] loss: 0.128
[ 3 / 60 ] loss: 0.040
[ 4 / 60 ] loss: 0.115
[ 5 / 60 ] loss: 0.053
[ 6 / 60 ] loss: 0.030
[ 7 / 60 ] loss: 0.056
[ 8 / 60 ] loss: 0.286
[ 9 / 60 ] loss: 0.178
[ 10 / 60 ] loss: 0.050
[ 11 / 60 ] loss: 0.105
[ 12 / 60 ] loss: 0.057
[ 13 / 60 ] loss: 0.055
[ 14 / 60 ] loss: 0.151
[ 15 / 60 ] loss: 0.258
[ 16 / 60 ] loss: 0.049
[ 17 / 60 ] loss: 0.184
[ 18 / 60 ] loss: 0.034
[ 19 / 60 ] loss: 0.052
[ 20 / 60 ] loss: 0.250
[ 21 / 60 ] loss: 0.073
[ 22 / 60 ] loss: 0.028
[ 23 / 60 ] loss: 0.301
[ 24 / 60 ] loss: 0.173
[ 25 / 60 ] loss: 0.217
[ 26 / 60 ] loss: 0.227
[ 27 / 60 ] loss: 0.040
[ 28 / 60 ] loss: 0.205
[ 29 / 60 ] loss: 0.034
[ 30 / 60 ] loss: 0.143
[ 31 / 60 ] loss: 0.174
[ 32 / 60 ] loss: 0.046
[ 33 / 60 ] loss: 0.022
[ 34 / 60 ] loss: 0.050
[ 35 / 60 ] loss: 0.351
[ 36 / 60 ] loss: 0.180
[ 37 / 60 ] loss: 0.062
[ 38 / 60 ] loss: 0.107
[ 39 / 60 ] loss: 0.143
[ 40 / 60 ] loss: 0.166
[ 41 / 60 ] loss: 0.372
[ 42 / 60 ] loss: 0.066
[ 43 / 60 ] loss: 0.017
[ 44 / 60 ] loss: 0.039
[ 45 / 60 ] loss: 0.083
[ 46 / 60 ] loss: 0.026
[ 47 / 60 ] loss: 0.189
[ 48 / 60 ] loss: 0.475
[ 49 / 60 ] loss: 0.588
[ 50 / 60 ] loss: 0.060
[ 51 / 60 ] loss: 0.204
[ 52 / 60 ] loss: 0.212
[ 53 / 60 ] loss: 0.219
[ 54 / 60 ] loss: 0.119
[ 55 / 60 ] loss: 0.181
[ 56 / 60 ] loss: 0.147
[ 57 / 60 ] loss: 0.123
[ 58 / 60 ] loss: 0.160
[ 59 / 60 ] loss: 0.107
[ 60 / 60 ] loss: 0.853
0.15328259412199258
Accuracy: 0.779661 -- Precision: 0.818182 -- Recall: 0.767442 -- F1: 0.792000 -- AUC: 0.832283
========= epoch: 29 ==============
[ 1 / 60 ] loss: 0.132
[ 2 / 60 ] loss: 0.345
[ 3 / 60 ] loss: 0.081
[ 4 / 60 ] loss: 0.270
[ 5 / 60 ] loss: 0.132
[ 6 / 60 ] loss: 0.087
[ 7 / 60 ] loss: 0.160
[ 8 / 60 ] loss: 0.053
[ 9 / 60 ] loss: 0.091
[ 10 / 60 ] loss: 0.149
[ 11 / 60 ] loss: 0.092
[ 12 / 60 ] loss: 0.062
[ 13 / 60 ] loss: 0.073
[ 14 / 60 ] loss: 0.337
[ 15 / 60 ] loss: 0.139
[ 16 / 60 ] loss: 0.084
[ 17 / 60 ] loss: 0.290
[ 18 / 60 ] loss: 0.092
[ 19 / 60 ] loss: 0.060
[ 20 / 60 ] loss: 0.273
[ 21 / 60 ] loss: 0.037
[ 22 / 60 ] loss: 0.034
[ 23 / 60 ] loss: 0.089
[ 24 / 60 ] loss: 0.138
[ 25 / 60 ] loss: 0.082
[ 26 / 60 ] loss: 0.008
[ 27 / 60 ] loss: 0.056
[ 28 / 60 ] loss: 0.060
[ 29 / 60 ] loss: 0.168
[ 30 / 60 ] loss: 0.075
[ 31 / 60 ] loss: 0.086
[ 32 / 60 ] loss: 0.055
[ 33 / 60 ] loss: 0.137
[ 34 / 60 ] loss: 0.133
[ 35 / 60 ] loss: 0.056
[ 36 / 60 ] loss: 0.058
[ 37 / 60 ] loss: 0.190
[ 38 / 60 ] loss: 0.108
[ 39 / 60 ] loss: 0.199
[ 40 / 60 ] loss: 0.067
[ 41 / 60 ] loss: 0.199
[ 42 / 60 ] loss: 0.017
[ 43 / 60 ] loss: 0.148
[ 44 / 60 ] loss: 0.117
[ 45 / 60 ] loss: 0.044
[ 46 / 60 ] loss: 0.011
[ 47 / 60 ] loss: 0.024
[ 48 / 60 ] loss: 0.098
[ 49 / 60 ] loss: 0.163
[ 50 / 60 ] loss: 0.049
[ 51 / 60 ] loss: 0.017
[ 52 / 60 ] loss: 0.110
[ 53 / 60 ] loss: 0.010
[ 54 / 60 ] loss: 0.064
[ 55 / 60 ] loss: 0.024
[ 56 / 60 ] loss: 0.128
[ 57 / 60 ] loss: 0.010
[ 58 / 60 ] loss: 0.259
[ 59 / 60 ] loss: 0.272
[ 60 / 60 ] loss: 0.061
0.11104350487391154
Accuracy: 0.779661 -- Precision: 0.789474 -- Recall: 0.813953 -- F1: 0.801527 -- AUC: 0.826849
