nohup: ignoring input
训练集: 947
测试集: 236
Some weights of the model checkpoint at bert-base-uncased were not used when initializing BertModel: ['cls.predictions.bias', 'cls.predictions.transform.LayerNorm.bias', 'cls.predictions.transform.LayerNorm.weight', 'cls.predictions.transform.dense.bias', 'cls.seq_relationship.bias', 'cls.predictions.transform.dense.weight', 'cls.seq_relationship.weight', 'cls.predictions.decoder.weight']
- This IS expected if you are initializing BertModel from the checkpoint of a model trained on another task or with another architecture (e.g. initializing a BertForSequenceClassification model from a BertForPreTraining model).
- This IS NOT expected if you are initializing BertModel from the checkpoint of a model that you expect to be exactly identical (initializing a BertForSequenceClassification model from a BertForSequenceClassification model).
/root/anaconda3/envs/evapatch/lib/python3.6/site-packages/transformers/optimization.py:309: FutureWarning: This implementation of AdamW is deprecated and will be removed in a future version. Use the PyTorch implementation torch.optim.AdamW instead, or set `no_deprecation_warning=True` to disable this warning
  FutureWarning,
-------------- start training --------------- 

========= epoch: 0 ==============
Token indices sequence length is longer than the specified maximum sequence length for this model (1371 > 512). Running this sequence through the model will result in indexing errors
[ 1 / 60 ] loss: 0.698
[ 2 / 60 ] loss: 0.703
[ 3 / 60 ] loss: 0.691
[ 4 / 60 ] loss: 0.675
[ 5 / 60 ] loss: 0.682
[ 6 / 60 ] loss: 0.713
[ 7 / 60 ] loss: 0.677
[ 8 / 60 ] loss: 0.688
[ 9 / 60 ] loss: 0.681
[ 10 / 60 ] loss: 0.643
[ 11 / 60 ] loss: 0.648
[ 12 / 60 ] loss: 0.645
[ 13 / 60 ] loss: 0.629
[ 14 / 60 ] loss: 0.588
[ 15 / 60 ] loss: 0.585
[ 16 / 60 ] loss: 0.720
[ 17 / 60 ] loss: 0.837
[ 18 / 60 ] loss: 0.857
[ 19 / 60 ] loss: 0.677
[ 20 / 60 ] loss: 0.695
[ 21 / 60 ] loss: 0.680
[ 22 / 60 ] loss: 0.696
[ 23 / 60 ] loss: 0.703
[ 24 / 60 ] loss: 0.676
[ 25 / 60 ] loss: 0.685
[ 26 / 60 ] loss: 0.664
[ 27 / 60 ] loss: 0.695
[ 28 / 60 ] loss: 0.671
[ 29 / 60 ] loss: 0.710
[ 30 / 60 ] loss: 0.709
[ 31 / 60 ] loss: 0.757
[ 32 / 60 ] loss: 0.648
[ 33 / 60 ] loss: 0.683
[ 34 / 60 ] loss: 0.641
[ 35 / 60 ] loss: 0.681
[ 36 / 60 ] loss: 0.628
[ 37 / 60 ] loss: 0.667
[ 38 / 60 ] loss: 0.641
[ 39 / 60 ] loss: 0.620
[ 40 / 60 ] loss: 0.647
[ 41 / 60 ] loss: 0.672
[ 42 / 60 ] loss: 0.642
[ 43 / 60 ] loss: 0.691
[ 44 / 60 ] loss: 0.614
[ 45 / 60 ] loss: 0.918
[ 46 / 60 ] loss: 0.647
[ 47 / 60 ] loss: 0.600
[ 48 / 60 ] loss: 0.680
[ 49 / 60 ] loss: 0.682
[ 50 / 60 ] loss: 0.637
[ 51 / 60 ] loss: 0.615
[ 52 / 60 ] loss: 0.670
[ 53 / 60 ] loss: 0.704
[ 54 / 60 ] loss: 0.713
[ 55 / 60 ] loss: 0.655
[ 56 / 60 ] loss: 0.684
[ 57 / 60 ] loss: 0.653
[ 58 / 60 ] loss: 0.692
[ 59 / 60 ] loss: 0.617
[ 60 / 60 ] loss: 0.484
0.6750762283802032
Accuracy: 0.495763 -- Precision: 1.000000 -- Recall: 0.077519 -- F1: 0.143885 -- AUC: 0.717598
保存模型参数
========= epoch: 1 ==============
[ 1 / 60 ] loss: 0.811
[ 2 / 60 ] loss: 0.790
[ 3 / 60 ] loss: 0.903
[ 4 / 60 ] loss: 0.714
[ 5 / 60 ] loss: 0.678
[ 6 / 60 ] loss: 0.662
[ 7 / 60 ] loss: 0.637
[ 8 / 60 ] loss: 0.618
[ 9 / 60 ] loss: 0.789
[ 10 / 60 ] loss: 0.633
[ 11 / 60 ] loss: 0.569
[ 12 / 60 ] loss: 0.685
[ 13 / 60 ] loss: 0.650
[ 14 / 60 ] loss: 0.599
[ 15 / 60 ] loss: 0.636
[ 16 / 60 ] loss: 0.606
[ 17 / 60 ] loss: 0.663
[ 18 / 60 ] loss: 0.615
[ 19 / 60 ] loss: 0.668
[ 20 / 60 ] loss: 0.792
[ 21 / 60 ] loss: 0.647
[ 22 / 60 ] loss: 0.697
[ 23 / 60 ] loss: 0.665
[ 24 / 60 ] loss: 0.654
[ 25 / 60 ] loss: 0.718
[ 26 / 60 ] loss: 0.740
[ 27 / 60 ] loss: 0.721
[ 28 / 60 ] loss: 0.709
[ 29 / 60 ] loss: 0.670
[ 30 / 60 ] loss: 0.693
[ 31 / 60 ] loss: 0.687
[ 32 / 60 ] loss: 0.734
[ 33 / 60 ] loss: 0.795
[ 34 / 60 ] loss: 0.728
[ 35 / 60 ] loss: 0.685
[ 36 / 60 ] loss: 0.700
[ 37 / 60 ] loss: 0.675
[ 38 / 60 ] loss: 0.704
[ 39 / 60 ] loss: 0.723
[ 40 / 60 ] loss: 0.710
[ 41 / 60 ] loss: 0.678
[ 42 / 60 ] loss: 0.682
[ 43 / 60 ] loss: 0.693
[ 44 / 60 ] loss: 0.689
[ 45 / 60 ] loss: 0.694
[ 46 / 60 ] loss: 0.672
[ 47 / 60 ] loss: 0.677
[ 48 / 60 ] loss: 0.648
[ 49 / 60 ] loss: 0.712
[ 50 / 60 ] loss: 0.591
[ 51 / 60 ] loss: 0.615
[ 52 / 60 ] loss: 0.788
[ 53 / 60 ] loss: 0.663
[ 54 / 60 ] loss: 0.756
[ 55 / 60 ] loss: 0.841
[ 56 / 60 ] loss: 0.778
[ 57 / 60 ] loss: 0.741
[ 58 / 60 ] loss: 0.701
[ 59 / 60 ] loss: 0.714
[ 60 / 60 ] loss: 0.666
0.6961880932251613
Accuracy: 0.466102 -- Precision: 0.800000 -- Recall: 0.031008 -- F1: 0.059701 -- AUC: 0.740419
========= epoch: 2 ==============
[ 1 / 60 ] loss: 0.716
[ 2 / 60 ] loss: 0.703
[ 3 / 60 ] loss: 0.701
[ 4 / 60 ] loss: 0.696
[ 5 / 60 ] loss: 0.687
[ 6 / 60 ] loss: 0.693
[ 7 / 60 ] loss: 0.680
[ 8 / 60 ] loss: 0.716
[ 9 / 60 ] loss: 0.703
[ 10 / 60 ] loss: 0.682
[ 11 / 60 ] loss: 0.699
[ 12 / 60 ] loss: 0.685
[ 13 / 60 ] loss: 0.683
[ 14 / 60 ] loss: 0.697
[ 15 / 60 ] loss: 0.668
[ 16 / 60 ] loss: 0.667
[ 17 / 60 ] loss: 0.712
[ 18 / 60 ] loss: 0.640
[ 19 / 60 ] loss: 0.702
[ 20 / 60 ] loss: 0.695
[ 21 / 60 ] loss: 0.648
[ 22 / 60 ] loss: 0.624
[ 23 / 60 ] loss: 0.603
[ 24 / 60 ] loss: 0.633
[ 25 / 60 ] loss: 0.708
[ 26 / 60 ] loss: 0.535
[ 27 / 60 ] loss: 0.568
[ 28 / 60 ] loss: 0.570
[ 29 / 60 ] loss: 0.561
[ 30 / 60 ] loss: 0.533
[ 31 / 60 ] loss: 0.701
[ 32 / 60 ] loss: 0.573
[ 33 / 60 ] loss: 0.825
[ 34 / 60 ] loss: 0.662
[ 35 / 60 ] loss: 0.688
[ 36 / 60 ] loss: 0.737
[ 37 / 60 ] loss: 0.704
[ 38 / 60 ] loss: 0.707
[ 39 / 60 ] loss: 0.696
[ 40 / 60 ] loss: 0.679
[ 41 / 60 ] loss: 0.674
[ 42 / 60 ] loss: 0.675
[ 43 / 60 ] loss: 0.641
[ 44 / 60 ] loss: 0.620
[ 45 / 60 ] loss: 0.705
[ 46 / 60 ] loss: 0.664
[ 47 / 60 ] loss: 0.903
[ 48 / 60 ] loss: 0.608
[ 49 / 60 ] loss: 0.750
[ 50 / 60 ] loss: 0.638
[ 51 / 60 ] loss: 0.777
[ 52 / 60 ] loss: 0.674
[ 53 / 60 ] loss: 0.689
[ 54 / 60 ] loss: 0.760
[ 55 / 60 ] loss: 0.711
[ 56 / 60 ] loss: 0.640
[ 57 / 60 ] loss: 0.728
[ 58 / 60 ] loss: 0.682
[ 59 / 60 ] loss: 0.712
[ 60 / 60 ] loss: 0.659
0.678172942996025
Accuracy: 0.546610 -- Precision: 0.546610 -- Recall: 1.000000 -- F1: 0.706849 -- AUC: 0.750127
保存模型参数
========= epoch: 3 ==============
[ 1 / 60 ] loss: 0.629
[ 2 / 60 ] loss: 0.587
[ 3 / 60 ] loss: 0.728
[ 4 / 60 ] loss: 0.755
[ 5 / 60 ] loss: 0.651
[ 6 / 60 ] loss: 0.634
[ 7 / 60 ] loss: 0.732
[ 8 / 60 ] loss: 0.702
[ 9 / 60 ] loss: 0.714
[ 10 / 60 ] loss: 0.594
[ 11 / 60 ] loss: 0.713
[ 12 / 60 ] loss: 0.660
[ 13 / 60 ] loss: 0.607
[ 14 / 60 ] loss: 0.631
[ 15 / 60 ] loss: 0.692
[ 16 / 60 ] loss: 0.705
[ 17 / 60 ] loss: 0.636
[ 18 / 60 ] loss: 0.709
[ 19 / 60 ] loss: 0.696
[ 20 / 60 ] loss: 0.717
[ 21 / 60 ] loss: 0.610
[ 22 / 60 ] loss: 0.664
[ 23 / 60 ] loss: 0.635
[ 24 / 60 ] loss: 0.687
[ 25 / 60 ] loss: 0.639
[ 26 / 60 ] loss: 0.702
[ 27 / 60 ] loss: 0.642
[ 28 / 60 ] loss: 0.558
[ 29 / 60 ] loss: 0.554
[ 30 / 60 ] loss: 0.706
[ 31 / 60 ] loss: 0.654
[ 32 / 60 ] loss: 0.645
[ 33 / 60 ] loss: 0.655
[ 34 / 60 ] loss: 0.464
[ 35 / 60 ] loss: 0.798
[ 36 / 60 ] loss: 0.640
[ 37 / 60 ] loss: 0.843
[ 38 / 60 ] loss: 0.777
[ 39 / 60 ] loss: 0.633
[ 40 / 60 ] loss: 0.661
[ 41 / 60 ] loss: 0.690
[ 42 / 60 ] loss: 0.600
[ 43 / 60 ] loss: 0.598
[ 44 / 60 ] loss: 0.670
[ 45 / 60 ] loss: 0.636
[ 46 / 60 ] loss: 0.691
[ 47 / 60 ] loss: 0.635
[ 48 / 60 ] loss: 0.844
[ 49 / 60 ] loss: 0.810
[ 50 / 60 ] loss: 0.709
[ 51 / 60 ] loss: 0.591
[ 52 / 60 ] loss: 0.629
[ 53 / 60 ] loss: 0.596
[ 54 / 60 ] loss: 0.620
[ 55 / 60 ] loss: 0.714
[ 56 / 60 ] loss: 0.567
[ 57 / 60 ] loss: 0.817
[ 58 / 60 ] loss: 0.744
[ 59 / 60 ] loss: 0.690
[ 60 / 60 ] loss: 0.689
0.6699820091327031
Accuracy: 0.550847 -- Precision: 0.548936 -- Recall: 1.000000 -- F1: 0.708791 -- AUC: 0.529704
保存模型参数
========= epoch: 4 ==============
[ 1 / 60 ] loss: 0.688
[ 2 / 60 ] loss: 0.671
[ 3 / 60 ] loss: 0.610
[ 4 / 60 ] loss: 0.708
[ 5 / 60 ] loss: 0.783
[ 6 / 60 ] loss: 0.692
[ 7 / 60 ] loss: 0.728
[ 8 / 60 ] loss: 0.768
[ 9 / 60 ] loss: 0.702
[ 10 / 60 ] loss: 0.674
[ 11 / 60 ] loss: 0.684
[ 12 / 60 ] loss: 0.716
[ 13 / 60 ] loss: 0.681
[ 14 / 60 ] loss: 0.711
[ 15 / 60 ] loss: 0.681
[ 16 / 60 ] loss: 0.698
[ 17 / 60 ] loss: 0.684
[ 18 / 60 ] loss: 0.698
[ 19 / 60 ] loss: 0.680
[ 20 / 60 ] loss: 0.683
[ 21 / 60 ] loss: 0.633
[ 22 / 60 ] loss: 0.737
[ 23 / 60 ] loss: 0.652
[ 24 / 60 ] loss: 0.721
[ 25 / 60 ] loss: 0.671
[ 26 / 60 ] loss: 0.616
[ 27 / 60 ] loss: 0.698
[ 28 / 60 ] loss: 0.796
[ 29 / 60 ] loss: 0.725
[ 30 / 60 ] loss: 0.700
[ 31 / 60 ] loss: 0.653
[ 32 / 60 ] loss: 0.659
[ 33 / 60 ] loss: 0.694
[ 34 / 60 ] loss: 0.761
[ 35 / 60 ] loss: 0.730
[ 36 / 60 ] loss: 0.700
[ 37 / 60 ] loss: 0.701
[ 38 / 60 ] loss: 0.705
[ 39 / 60 ] loss: 0.674
[ 40 / 60 ] loss: 0.728
[ 41 / 60 ] loss: 0.670
[ 42 / 60 ] loss: 0.646
[ 43 / 60 ] loss: 0.713
[ 44 / 60 ] loss: 0.702
[ 45 / 60 ] loss: 0.691
[ 46 / 60 ] loss: 0.761
[ 47 / 60 ] loss: 0.675
[ 48 / 60 ] loss: 0.760
[ 49 / 60 ] loss: 0.759
[ 50 / 60 ] loss: 0.689
[ 51 / 60 ] loss: 0.736
[ 52 / 60 ] loss: 0.664
[ 53 / 60 ] loss: 0.694
[ 54 / 60 ] loss: 0.690
[ 55 / 60 ] loss: 0.678
[ 56 / 60 ] loss: 0.705
[ 57 / 60 ] loss: 0.710
[ 58 / 60 ] loss: 0.702
[ 59 / 60 ] loss: 0.695
[ 60 / 60 ] loss: 0.751
0.6997455418109894
Accuracy: 0.546610 -- Precision: 0.546610 -- Recall: 1.000000 -- F1: 0.706849 -- AUC: 0.684815
========= epoch: 5 ==============
[ 1 / 60 ] loss: 0.692
[ 2 / 60 ] loss: 0.699
[ 3 / 60 ] loss: 0.696
[ 4 / 60 ] loss: 0.701
[ 5 / 60 ] loss: 0.671
[ 6 / 60 ] loss: 0.712
[ 7 / 60 ] loss: 0.716
[ 8 / 60 ] loss: 0.696
[ 9 / 60 ] loss: 0.715
[ 10 / 60 ] loss: 0.679
[ 11 / 60 ] loss: 0.719
[ 12 / 60 ] loss: 0.721
[ 13 / 60 ] loss: 0.679
[ 14 / 60 ] loss: 0.706
[ 15 / 60 ] loss: 0.740
[ 16 / 60 ] loss: 0.686
[ 17 / 60 ] loss: 0.688
[ 18 / 60 ] loss: 0.692
[ 19 / 60 ] loss: 0.694
[ 20 / 60 ] loss: 0.698
[ 21 / 60 ] loss: 0.687
[ 22 / 60 ] loss: 0.687
[ 23 / 60 ] loss: 0.687
[ 24 / 60 ] loss: 0.685
[ 25 / 60 ] loss: 0.668
[ 26 / 60 ] loss: 0.660
[ 27 / 60 ] loss: 0.699
[ 28 / 60 ] loss: 0.689
[ 29 / 60 ] loss: 0.671
[ 30 / 60 ] loss: 0.607
[ 31 / 60 ] loss: 0.782
[ 32 / 60 ] loss: 0.584
[ 33 / 60 ] loss: 0.726
[ 34 / 60 ] loss: 0.624
[ 35 / 60 ] loss: 0.626
[ 36 / 60 ] loss: 0.724
[ 37 / 60 ] loss: 0.630
[ 38 / 60 ] loss: 0.767
[ 39 / 60 ] loss: 0.661
[ 40 / 60 ] loss: 0.697
[ 41 / 60 ] loss: 0.715
[ 42 / 60 ] loss: 0.713
[ 43 / 60 ] loss: 0.653
[ 44 / 60 ] loss: 0.684
[ 45 / 60 ] loss: 0.706
[ 46 / 60 ] loss: 0.679
[ 47 / 60 ] loss: 0.669
[ 48 / 60 ] loss: 0.639
[ 49 / 60 ] loss: 0.656
[ 50 / 60 ] loss: 0.714
[ 51 / 60 ] loss: 0.735
[ 52 / 60 ] loss: 0.705
[ 53 / 60 ] loss: 0.680
[ 54 / 60 ] loss: 0.661
[ 55 / 60 ] loss: 0.705
[ 56 / 60 ] loss: 0.705
[ 57 / 60 ] loss: 0.694
[ 58 / 60 ] loss: 0.704
[ 59 / 60 ] loss: 0.718
[ 60 / 60 ] loss: 0.588
0.688080777724584
Accuracy: 0.546610 -- Precision: 0.546610 -- Recall: 1.000000 -- F1: 0.706849 -- AUC: 0.474281
========= epoch: 6 ==============
[ 1 / 60 ] loss: 0.718
[ 2 / 60 ] loss: 0.683
[ 3 / 60 ] loss: 0.665
[ 4 / 60 ] loss: 0.803
[ 5 / 60 ] loss: 0.703
[ 6 / 60 ] loss: 0.628
[ 7 / 60 ] loss: 0.699
[ 8 / 60 ] loss: 0.764
[ 9 / 60 ] loss: 0.731
[ 10 / 60 ] loss: 0.683
[ 11 / 60 ] loss: 0.665
[ 12 / 60 ] loss: 0.667
[ 13 / 60 ] loss: 0.676
[ 14 / 60 ] loss: 0.684
[ 15 / 60 ] loss: 0.720
[ 16 / 60 ] loss: 0.724
[ 17 / 60 ] loss: 0.707
[ 18 / 60 ] loss: 0.654
[ 19 / 60 ] loss: 0.715
[ 20 / 60 ] loss: 0.690
[ 21 / 60 ] loss: 0.703
[ 22 / 60 ] loss: 0.696
[ 23 / 60 ] loss: 0.693
[ 24 / 60 ] loss: 0.716
[ 25 / 60 ] loss: 0.691
[ 26 / 60 ] loss: 0.679
[ 27 / 60 ] loss: 0.701
[ 28 / 60 ] loss: 0.687
[ 29 / 60 ] loss: 0.689
[ 30 / 60 ] loss: 0.675
[ 31 / 60 ] loss: 0.693
[ 32 / 60 ] loss: 0.716
[ 33 / 60 ] loss: 0.679
[ 34 / 60 ] loss: 0.667
[ 35 / 60 ] loss: 0.676
[ 36 / 60 ] loss: 0.808
[ 37 / 60 ] loss: 0.741
[ 38 / 60 ] loss: 0.719
[ 39 / 60 ] loss: 0.708
[ 40 / 60 ] loss: 0.689
[ 41 / 60 ] loss: 0.684
[ 42 / 60 ] loss: 0.700
[ 43 / 60 ] loss: 0.695
[ 44 / 60 ] loss: 0.692
[ 45 / 60 ] loss: 0.685
[ 46 / 60 ] loss: 0.699
[ 47 / 60 ] loss: 0.691
[ 48 / 60 ] loss: 0.675
[ 49 / 60 ] loss: 0.696
[ 50 / 60 ] loss: 0.674
[ 51 / 60 ] loss: 0.663
[ 52 / 60 ] loss: 0.677
[ 53 / 60 ] loss: 0.716
[ 54 / 60 ] loss: 0.676
[ 55 / 60 ] loss: 0.703
[ 56 / 60 ] loss: 0.650
[ 57 / 60 ] loss: 0.681
[ 58 / 60 ] loss: 0.645
[ 59 / 60 ] loss: 0.661
[ 60 / 60 ] loss: 0.654
0.6936901926994323
Accuracy: 0.546610 -- Precision: 0.546610 -- Recall: 1.000000 -- F1: 0.706849 -- AUC: 0.494711
========= epoch: 7 ==============
[ 1 / 60 ] loss: 0.723
[ 2 / 60 ] loss: 0.776
[ 3 / 60 ] loss: 0.695
[ 4 / 60 ] loss: 0.771
[ 5 / 60 ] loss: 0.657
[ 6 / 60 ] loss: 0.721
[ 7 / 60 ] loss: 0.706
[ 8 / 60 ] loss: 0.725
[ 9 / 60 ] loss: 0.664
[ 10 / 60 ] loss: 0.736
[ 11 / 60 ] loss: 0.697
[ 12 / 60 ] loss: 0.690
[ 13 / 60 ] loss: 0.682
[ 14 / 60 ] loss: 0.708
[ 15 / 60 ] loss: 0.729
[ 16 / 60 ] loss: 0.701
[ 17 / 60 ] loss: 0.698
[ 18 / 60 ] loss: 0.686
[ 19 / 60 ] loss: 0.677
[ 20 / 60 ] loss: 0.663
[ 21 / 60 ] loss: 0.709
[ 22 / 60 ] loss: 0.689
[ 23 / 60 ] loss: 0.694
[ 24 / 60 ] loss: 0.704
[ 25 / 60 ] loss: 0.577
[ 26 / 60 ] loss: 0.696
[ 27 / 60 ] loss: 0.697
[ 28 / 60 ] loss: 0.774
[ 29 / 60 ] loss: 0.693
[ 30 / 60 ] loss: 0.602
[ 31 / 60 ] loss: 0.823
[ 32 / 60 ] loss: 0.676
[ 33 / 60 ] loss: 0.605
[ 34 / 60 ] loss: 0.650
[ 35 / 60 ] loss: 0.685
[ 36 / 60 ] loss: 0.763
[ 37 / 60 ] loss: 0.700
[ 38 / 60 ] loss: 0.663
[ 39 / 60 ] loss: 0.668
[ 40 / 60 ] loss: 0.672
[ 41 / 60 ] loss: 0.702
[ 42 / 60 ] loss: 0.762
[ 43 / 60 ] loss: 0.766
[ 44 / 60 ] loss: 0.691
[ 45 / 60 ] loss: 0.691
[ 46 / 60 ] loss: 0.682
[ 47 / 60 ] loss: 0.688
[ 48 / 60 ] loss: 0.696
[ 49 / 60 ] loss: 0.714
[ 50 / 60 ] loss: 0.689
[ 51 / 60 ] loss: 0.713
[ 52 / 60 ] loss: 0.671
[ 53 / 60 ] loss: 0.721
[ 54 / 60 ] loss: 0.688
[ 55 / 60 ] loss: 0.687
[ 56 / 60 ] loss: 0.679
[ 57 / 60 ] loss: 0.669
[ 58 / 60 ] loss: 0.703
[ 59 / 60 ] loss: 0.676
[ 60 / 60 ] loss: 0.668
0.6966772228479385
Accuracy: 0.546610 -- Precision: 0.546610 -- Recall: 1.000000 -- F1: 0.706849 -- AUC: 0.649750
========= epoch: 8 ==============
[ 1 / 60 ] loss: 0.725
[ 2 / 60 ] loss: 0.736
[ 3 / 60 ] loss: 0.685
[ 4 / 60 ] loss: 0.689
[ 5 / 60 ] loss: 0.707
[ 6 / 60 ] loss: 0.711
[ 7 / 60 ] loss: 0.683
[ 8 / 60 ] loss: 0.706
[ 9 / 60 ] loss: 0.683
[ 10 / 60 ] loss: 0.716
[ 11 / 60 ] loss: 0.667
[ 12 / 60 ] loss: 0.652
[ 13 / 60 ] loss: 0.697
[ 14 / 60 ] loss: 0.710
[ 15 / 60 ] loss: 0.695
[ 16 / 60 ] loss: 0.697
[ 17 / 60 ] loss: 0.673
[ 18 / 60 ] loss: 0.689
[ 19 / 60 ] loss: 0.707
[ 20 / 60 ] loss: 0.692
[ 21 / 60 ] loss: 0.684
[ 22 / 60 ] loss: 0.692
[ 23 / 60 ] loss: 0.673
[ 24 / 60 ] loss: 0.726
[ 25 / 60 ] loss: 0.725
[ 26 / 60 ] loss: 0.701
[ 27 / 60 ] loss: 0.694
[ 28 / 60 ] loss: 0.703
[ 29 / 60 ] loss: 0.688
[ 30 / 60 ] loss: 0.696
[ 31 / 60 ] loss: 0.682
[ 32 / 60 ] loss: 0.706
[ 33 / 60 ] loss: 0.684
[ 34 / 60 ] loss: 0.678
[ 35 / 60 ] loss: 0.717
[ 36 / 60 ] loss: 0.678
[ 37 / 60 ] loss: 0.697
[ 38 / 60 ] loss: 0.712
[ 39 / 60 ] loss: 0.691
[ 40 / 60 ] loss: 0.702
[ 41 / 60 ] loss: 0.664
[ 42 / 60 ] loss: 0.690
[ 43 / 60 ] loss: 0.701
[ 44 / 60 ] loss: 0.696
[ 45 / 60 ] loss: 0.685
[ 46 / 60 ] loss: 0.676
[ 47 / 60 ] loss: 0.666
[ 48 / 60 ] loss: 0.659
[ 49 / 60 ] loss: 0.662
[ 50 / 60 ] loss: 0.697
[ 51 / 60 ] loss: 0.677
[ 52 / 60 ] loss: 0.624
[ 53 / 60 ] loss: 0.673
[ 54 / 60 ] loss: 0.696
[ 55 / 60 ] loss: 0.679
[ 56 / 60 ] loss: 0.607
[ 57 / 60 ] loss: 0.732
[ 58 / 60 ] loss: 0.700
[ 59 / 60 ] loss: 0.713
[ 60 / 60 ] loss: 0.855
0.69335611363252
Accuracy: 0.546610 -- Precision: 0.546610 -- Recall: 1.000000 -- F1: 0.706849 -- AUC: 0.521879
========= epoch: 9 ==============
[ 1 / 60 ] loss: 0.723
[ 2 / 60 ] loss: 0.652
[ 3 / 60 ] loss: 0.714
[ 4 / 60 ] loss: 0.768
[ 5 / 60 ] loss: 0.666
[ 6 / 60 ] loss: 0.644
[ 7 / 60 ] loss: 0.702
[ 8 / 60 ] loss: 0.712
[ 9 / 60 ] loss: 0.726
[ 10 / 60 ] loss: 0.695
[ 11 / 60 ] loss: 0.641
[ 12 / 60 ] loss: 0.759
[ 13 / 60 ] loss: 0.703
[ 14 / 60 ] loss: 0.677
[ 15 / 60 ] loss: 0.659
[ 16 / 60 ] loss: 0.680
[ 17 / 60 ] loss: 0.687
[ 18 / 60 ] loss: 0.723
[ 19 / 60 ] loss: 0.686
[ 20 / 60 ] loss: 0.687
[ 21 / 60 ] loss: 0.703
[ 22 / 60 ] loss: 0.681
[ 23 / 60 ] loss: 0.685
[ 24 / 60 ] loss: 0.685
[ 25 / 60 ] loss: 0.696
[ 26 / 60 ] loss: 0.686
[ 27 / 60 ] loss: 0.675
[ 28 / 60 ] loss: 0.687
[ 29 / 60 ] loss: 0.706
[ 30 / 60 ] loss: 0.706
[ 31 / 60 ] loss: 0.649
[ 32 / 60 ] loss: 0.708
[ 33 / 60 ] loss: 0.681
[ 34 / 60 ] loss: 0.688
[ 35 / 60 ] loss: 0.645
[ 36 / 60 ] loss: 0.773
[ 37 / 60 ] loss: 0.718
[ 38 / 60 ] loss: 0.664
[ 39 / 60 ] loss: 0.771
[ 40 / 60 ] loss: 0.660
[ 41 / 60 ] loss: 0.711
[ 42 / 60 ] loss: 0.689
[ 43 / 60 ] loss: 0.757
[ 44 / 60 ] loss: 0.682
[ 45 / 60 ] loss: 0.668
[ 46 / 60 ] loss: 0.682
[ 47 / 60 ] loss: 0.655
[ 48 / 60 ] loss: 0.713
[ 49 / 60 ] loss: 0.676
[ 50 / 60 ] loss: 0.644
[ 51 / 60 ] loss: 0.662
[ 52 / 60 ] loss: 0.696
[ 53 / 60 ] loss: 0.728
[ 54 / 60 ] loss: 0.697
[ 55 / 60 ] loss: 0.678
[ 56 / 60 ] loss: 0.765
[ 57 / 60 ] loss: 0.730
[ 58 / 60 ] loss: 0.680
[ 59 / 60 ] loss: 0.663
[ 60 / 60 ] loss: 0.664
0.6934815108776092
Accuracy: 0.550847 -- Precision: 0.548936 -- Recall: 1.000000 -- F1: 0.708791 -- AUC: 0.364595
========= epoch: 10 ==============
[ 1 / 60 ] loss: 0.720
[ 2 / 60 ] loss: 0.697
[ 3 / 60 ] loss: 0.681
[ 4 / 60 ] loss: 0.698
[ 5 / 60 ] loss: 0.681
[ 6 / 60 ] loss: 0.715
[ 7 / 60 ] loss: 0.700
[ 8 / 60 ] loss: 0.702
[ 9 / 60 ] loss: 0.695
[ 10 / 60 ] loss: 0.669
[ 11 / 60 ] loss: 0.682
[ 12 / 60 ] loss: 0.696
[ 13 / 60 ] loss: 0.705
[ 14 / 60 ] loss: 0.708
[ 15 / 60 ] loss: 0.715
[ 16 / 60 ] loss: 0.722
[ 17 / 60 ] loss: 0.690
[ 18 / 60 ] loss: 0.701
[ 19 / 60 ] loss: 0.695
[ 20 / 60 ] loss: 0.697
[ 21 / 60 ] loss: 0.695
[ 22 / 60 ] loss: 0.696
[ 23 / 60 ] loss: 0.683
[ 24 / 60 ] loss: 0.690
[ 25 / 60 ] loss: 0.714
[ 26 / 60 ] loss: 0.694
[ 27 / 60 ] loss: 0.707
[ 28 / 60 ] loss: 0.688
[ 29 / 60 ] loss: 0.699
[ 30 / 60 ] loss: 0.698
[ 31 / 60 ] loss: 0.691
[ 32 / 60 ] loss: 0.676
[ 33 / 60 ] loss: 0.680
[ 34 / 60 ] loss: 0.682
[ 35 / 60 ] loss: 0.675
[ 36 / 60 ] loss: 0.692
[ 37 / 60 ] loss: 0.683
[ 38 / 60 ] loss: 0.701
[ 39 / 60 ] loss: 0.664
[ 40 / 60 ] loss: 0.687
[ 41 / 60 ] loss: 0.741
[ 42 / 60 ] loss: 0.779
[ 43 / 60 ] loss: 0.610
[ 44 / 60 ] loss: 0.810
[ 45 / 60 ] loss: 0.685
[ 46 / 60 ] loss: 0.707
[ 47 / 60 ] loss: 0.642
[ 48 / 60 ] loss: 0.693
[ 49 / 60 ] loss: 0.727
[ 50 / 60 ] loss: 0.665
[ 51 / 60 ] loss: 0.756
[ 52 / 60 ] loss: 0.709
[ 53 / 60 ] loss: 0.721
[ 54 / 60 ] loss: 0.665
[ 55 / 60 ] loss: 0.701
[ 56 / 60 ] loss: 0.673
[ 57 / 60 ] loss: 0.684
[ 58 / 60 ] loss: 0.687
[ 59 / 60 ] loss: 0.652
[ 60 / 60 ] loss: 0.604
0.6945226401090622
Accuracy: 0.546610 -- Precision: 0.546610 -- Recall: 1.000000 -- F1: 0.706849 -- AUC: 0.480765
========= epoch: 11 ==============
[ 1 / 60 ] loss: 0.709
[ 2 / 60 ] loss: 0.625
[ 3 / 60 ] loss: 0.668
[ 4 / 60 ] loss: 0.676
[ 5 / 60 ] loss: 0.715
[ 6 / 60 ] loss: 0.670
[ 7 / 60 ] loss: 0.660
[ 8 / 60 ] loss: 0.715
[ 9 / 60 ] loss: 0.717
[ 10 / 60 ] loss: 0.699
[ 11 / 60 ] loss: 0.722
[ 12 / 60 ] loss: 0.801
[ 13 / 60 ] loss: 0.716
[ 14 / 60 ] loss: 0.692
[ 15 / 60 ] loss: 0.728
[ 16 / 60 ] loss: 0.752
[ 17 / 60 ] loss: 0.708
[ 18 / 60 ] loss: 0.675
[ 19 / 60 ] loss: 0.641
[ 20 / 60 ] loss: 0.671
[ 21 / 60 ] loss: 0.681
[ 22 / 60 ] loss: 0.687
[ 23 / 60 ] loss: 0.697
[ 24 / 60 ] loss: 0.707
[ 25 / 60 ] loss: 0.694
[ 26 / 60 ] loss: 0.695
[ 27 / 60 ] loss: 0.669
[ 28 / 60 ] loss: 0.722
[ 29 / 60 ] loss: 0.671
[ 30 / 60 ] loss: 0.701
[ 31 / 60 ] loss: 0.683
[ 32 / 60 ] loss: 0.692
[ 33 / 60 ] loss: 0.674
[ 34 / 60 ] loss: 0.705
[ 35 / 60 ] loss: 0.690
[ 36 / 60 ] loss: 0.740
[ 37 / 60 ] loss: 0.685
[ 38 / 60 ] loss: 0.700
[ 39 / 60 ] loss: 0.682
[ 40 / 60 ] loss: 0.693
[ 41 / 60 ] loss: 0.682
[ 42 / 60 ] loss: 0.676
[ 43 / 60 ] loss: 0.710
[ 44 / 60 ] loss: 0.671
[ 45 / 60 ] loss: 0.686
[ 46 / 60 ] loss: 0.707
[ 47 / 60 ] loss: 0.701
[ 48 / 60 ] loss: 0.702
[ 49 / 60 ] loss: 0.673
[ 50 / 60 ] loss: 0.662
[ 51 / 60 ] loss: 0.660
[ 52 / 60 ] loss: 0.669
[ 53 / 60 ] loss: 0.706
[ 54 / 60 ] loss: 0.662
[ 55 / 60 ] loss: 0.665
[ 56 / 60 ] loss: 0.764
[ 57 / 60 ] loss: 0.685
[ 58 / 60 ] loss: 0.724
[ 59 / 60 ] loss: 0.663
[ 60 / 60 ] loss: 0.783
0.694707049926122
Accuracy: 0.546610 -- Precision: 0.546610 -- Recall: 1.000000 -- F1: 0.706849 -- AUC: 0.657321
========= epoch: 12 ==============
[ 1 / 60 ] loss: 0.693
[ 2 / 60 ] loss: 0.684
[ 3 / 60 ] loss: 0.649
[ 4 / 60 ] loss: 0.671
[ 5 / 60 ] loss: 0.635
[ 6 / 60 ] loss: 0.651
[ 7 / 60 ] loss: 0.703
[ 8 / 60 ] loss: 0.734
[ 9 / 60 ] loss: 0.705
[ 10 / 60 ] loss: 0.676
[ 11 / 60 ] loss: 0.626
[ 12 / 60 ] loss: 0.721
[ 13 / 60 ] loss: 0.674
[ 14 / 60 ] loss: 0.685
[ 15 / 60 ] loss: 0.733
[ 16 / 60 ] loss: 0.694
[ 17 / 60 ] loss: 0.708
[ 18 / 60 ] loss: 0.684
[ 19 / 60 ] loss: 0.703
[ 20 / 60 ] loss: 0.694
[ 21 / 60 ] loss: 0.648
[ 22 / 60 ] loss: 0.673
[ 23 / 60 ] loss: 0.679
[ 24 / 60 ] loss: 0.701
[ 25 / 60 ] loss: 0.654
[ 26 / 60 ] loss: 0.653
[ 27 / 60 ] loss: 0.712
[ 28 / 60 ] loss: 0.711
[ 29 / 60 ] loss: 0.744
[ 30 / 60 ] loss: 0.702
[ 31 / 60 ] loss: 0.680
[ 32 / 60 ] loss: 0.686
[ 33 / 60 ] loss: 0.721
[ 34 / 60 ] loss: 0.669
[ 35 / 60 ] loss: 0.703
[ 36 / 60 ] loss: 0.701
[ 37 / 60 ] loss: 0.697
[ 38 / 60 ] loss: 0.692
[ 39 / 60 ] loss: 0.668
[ 40 / 60 ] loss: 0.700
[ 41 / 60 ] loss: 0.693
[ 42 / 60 ] loss: 0.684
[ 43 / 60 ] loss: 0.686
[ 44 / 60 ] loss: 0.696
[ 45 / 60 ] loss: 0.695
[ 46 / 60 ] loss: 0.695
[ 47 / 60 ] loss: 0.720
[ 48 / 60 ] loss: 0.710
[ 49 / 60 ] loss: 0.714
[ 50 / 60 ] loss: 0.691
[ 51 / 60 ] loss: 0.704
[ 52 / 60 ] loss: 0.682
[ 53 / 60 ] loss: 0.683
[ 54 / 60 ] loss: 0.698
[ 55 / 60 ] loss: 0.693
[ 56 / 60 ] loss: 0.706
[ 57 / 60 ] loss: 0.692
[ 58 / 60 ] loss: 0.683
[ 59 / 60 ] loss: 0.691
[ 60 / 60 ] loss: 0.688
0.6903278817733128
Accuracy: 0.546610 -- Precision: 0.546610 -- Recall: 1.000000 -- F1: 0.706849 -- AUC: 0.659096
========= epoch: 13 ==============
[ 1 / 60 ] loss: 0.722
[ 2 / 60 ] loss: 0.708
[ 3 / 60 ] loss: 0.662
[ 4 / 60 ] loss: 0.645
[ 5 / 60 ] loss: 0.651
[ 6 / 60 ] loss: 0.695
[ 7 / 60 ] loss: 0.736
[ 8 / 60 ] loss: 0.641
[ 9 / 60 ] loss: 0.690
[ 10 / 60 ] loss: 0.695
[ 11 / 60 ] loss: 0.758
[ 12 / 60 ] loss: 0.614
[ 13 / 60 ] loss: 0.669
[ 14 / 60 ] loss: 0.678
[ 15 / 60 ] loss: 0.660
[ 16 / 60 ] loss: 0.685
[ 17 / 60 ] loss: 0.607
[ 18 / 60 ] loss: 0.803
[ 19 / 60 ] loss: 0.688
[ 20 / 60 ] loss: 0.690
[ 21 / 60 ] loss: 0.662
[ 22 / 60 ] loss: 0.748
[ 23 / 60 ] loss: 0.734
[ 24 / 60 ] loss: 0.666
[ 25 / 60 ] loss: 0.683
[ 26 / 60 ] loss: 0.665
[ 27 / 60 ] loss: 0.703
[ 28 / 60 ] loss: 0.703
[ 29 / 60 ] loss: 0.745
[ 30 / 60 ] loss: 0.672
[ 31 / 60 ] loss: 0.731
[ 32 / 60 ] loss: 0.647
[ 33 / 60 ] loss: 0.705
[ 34 / 60 ] loss: 0.702
[ 35 / 60 ] loss: 0.706
[ 36 / 60 ] loss: 0.694
[ 37 / 60 ] loss: 0.718
[ 38 / 60 ] loss: 0.699
[ 39 / 60 ] loss: 0.695
[ 40 / 60 ] loss: 0.687
[ 41 / 60 ] loss: 0.698
[ 42 / 60 ] loss: 0.710
[ 43 / 60 ] loss: 0.710
[ 44 / 60 ] loss: 0.708
[ 45 / 60 ] loss: 0.704
[ 46 / 60 ] loss: 0.689
[ 47 / 60 ] loss: 0.704
[ 48 / 60 ] loss: 0.700
[ 49 / 60 ] loss: 0.699
[ 50 / 60 ] loss: 0.701
[ 51 / 60 ] loss: 0.687
[ 52 / 60 ] loss: 0.692
[ 53 / 60 ] loss: 0.674
[ 54 / 60 ] loss: 0.693
[ 55 / 60 ] loss: 0.707
[ 56 / 60 ] loss: 0.689
[ 57 / 60 ] loss: 0.701
[ 58 / 60 ] loss: 0.658
[ 59 / 60 ] loss: 0.700
[ 60 / 60 ] loss: 0.656
0.6924144476652145
Accuracy: 0.546610 -- Precision: 0.546610 -- Recall: 1.000000 -- F1: 0.706849 -- AUC: 0.646454
========= epoch: 14 ==============
[ 1 / 60 ] loss: 0.649
[ 2 / 60 ] loss: 0.727
[ 3 / 60 ] loss: 0.753
[ 4 / 60 ] loss: 0.686
[ 5 / 60 ] loss: 0.747
[ 6 / 60 ] loss: 0.669
[ 7 / 60 ] loss: 0.646
[ 8 / 60 ] loss: 0.711
[ 9 / 60 ] loss: 0.731
[ 10 / 60 ] loss: 0.628
[ 11 / 60 ] loss: 0.745
[ 12 / 60 ] loss: 0.670
[ 13 / 60 ] loss: 0.698
[ 14 / 60 ] loss: 0.650
[ 15 / 60 ] loss: 0.735
[ 16 / 60 ] loss: 0.668
[ 17 / 60 ] loss: 0.639
[ 18 / 60 ] loss: 0.712
[ 19 / 60 ] loss: 0.712
[ 20 / 60 ] loss: 0.734
[ 21 / 60 ] loss: 0.709
[ 22 / 60 ] loss: 0.677
[ 23 / 60 ] loss: 0.664
[ 24 / 60 ] loss: 0.663
[ 25 / 60 ] loss: 0.707
[ 26 / 60 ] loss: 0.672
[ 27 / 60 ] loss: 0.679
[ 28 / 60 ] loss: 0.652
[ 29 / 60 ] loss: 0.653
[ 30 / 60 ] loss: 0.708
[ 31 / 60 ] loss: 0.748
[ 32 / 60 ] loss: 0.648
[ 33 / 60 ] loss: 0.685
[ 34 / 60 ] loss: 0.709
[ 35 / 60 ] loss: 0.702
[ 36 / 60 ] loss: 0.691
[ 37 / 60 ] loss: 0.686
[ 38 / 60 ] loss: 0.658
[ 39 / 60 ] loss: 0.693
[ 40 / 60 ] loss: 0.669
[ 41 / 60 ] loss: 0.621
[ 42 / 60 ] loss: 0.678
[ 43 / 60 ] loss: 0.669
[ 44 / 60 ] loss: 0.651
[ 45 / 60 ] loss: 0.677
[ 46 / 60 ] loss: 0.759
[ 47 / 60 ] loss: 0.708
[ 48 / 60 ] loss: 0.734
[ 49 / 60 ] loss: 0.636
[ 50 / 60 ] loss: 0.738
[ 51 / 60 ] loss: 0.742
[ 52 / 60 ] loss: 0.694
[ 53 / 60 ] loss: 0.740
[ 54 / 60 ] loss: 0.746
[ 55 / 60 ] loss: 0.631
[ 56 / 60 ] loss: 0.702
[ 57 / 60 ] loss: 0.710
[ 58 / 60 ] loss: 0.688
[ 59 / 60 ] loss: 0.735
[ 60 / 60 ] loss: 0.680
0.6920016497373581
Accuracy: 0.546610 -- Precision: 0.546610 -- Recall: 1.000000 -- F1: 0.706849 -- AUC: 0.642433
========= epoch: 15 ==============
[ 1 / 60 ] loss: 0.692
[ 2 / 60 ] loss: 0.701
[ 3 / 60 ] loss: 0.697
[ 4 / 60 ] loss: 0.692
[ 5 / 60 ] loss: 0.705
[ 6 / 60 ] loss: 0.694
[ 7 / 60 ] loss: 0.681
[ 8 / 60 ] loss: 0.703
[ 9 / 60 ] loss: 0.699
[ 10 / 60 ] loss: 0.696
[ 11 / 60 ] loss: 0.677
[ 12 / 60 ] loss: 0.689
[ 13 / 60 ] loss: 0.697
[ 14 / 60 ] loss: 0.709
[ 15 / 60 ] loss: 0.714
[ 16 / 60 ] loss: 0.691
[ 17 / 60 ] loss: 0.696
[ 18 / 60 ] loss: 0.712
[ 19 / 60 ] loss: 0.698
[ 20 / 60 ] loss: 0.688
[ 21 / 60 ] loss: 0.692
[ 22 / 60 ] loss: 0.688
[ 23 / 60 ] loss: 0.688
[ 24 / 60 ] loss: 0.691
[ 25 / 60 ] loss: 0.695
[ 26 / 60 ] loss: 0.681
[ 27 / 60 ] loss: 0.697
[ 28 / 60 ] loss: 0.676
[ 29 / 60 ] loss: 0.658
[ 30 / 60 ] loss: 0.671
[ 31 / 60 ] loss: 0.636
[ 32 / 60 ] loss: 0.738
[ 33 / 60 ] loss: 0.680
[ 34 / 60 ] loss: 0.667
[ 35 / 60 ] loss: 0.690
[ 36 / 60 ] loss: 0.725
[ 37 / 60 ] loss: 0.710
[ 38 / 60 ] loss: 0.669
[ 39 / 60 ] loss: 0.624
[ 40 / 60 ] loss: 0.691
[ 41 / 60 ] loss: 0.650
[ 42 / 60 ] loss: 0.713
[ 43 / 60 ] loss: 0.635
[ 44 / 60 ] loss: 0.778
[ 45 / 60 ] loss: 0.734
[ 46 / 60 ] loss: 0.702
[ 47 / 60 ] loss: 0.626
[ 48 / 60 ] loss: 0.721
[ 49 / 60 ] loss: 0.682
[ 50 / 60 ] loss: 0.694
[ 51 / 60 ] loss: 0.691
[ 52 / 60 ] loss: 0.733
[ 53 / 60 ] loss: 0.677
[ 54 / 60 ] loss: 0.661
[ 55 / 60 ] loss: 0.689
[ 56 / 60 ] loss: 0.680
[ 57 / 60 ] loss: 0.667
[ 58 / 60 ] loss: 0.679
[ 59 / 60 ] loss: 0.732
[ 60 / 60 ] loss: 0.630
0.6895126154025396
Accuracy: 0.546610 -- Precision: 0.546610 -- Recall: 1.000000 -- F1: 0.706849 -- AUC: 0.522531
========= epoch: 16 ==============
[ 1 / 60 ] loss: 0.728
[ 2 / 60 ] loss: 0.661
[ 3 / 60 ] loss: 0.728
[ 4 / 60 ] loss: 0.723
[ 5 / 60 ] loss: 0.668
[ 6 / 60 ] loss: 0.711
[ 7 / 60 ] loss: 0.753
[ 8 / 60 ] loss: 0.694
[ 9 / 60 ] loss: 0.657
[ 10 / 60 ] loss: 0.708
[ 11 / 60 ] loss: 0.661
[ 12 / 60 ] loss: 0.675
[ 13 / 60 ] loss: 0.678
[ 14 / 60 ] loss: 0.644
[ 15 / 60 ] loss: 0.650
[ 16 / 60 ] loss: 0.656
[ 17 / 60 ] loss: 0.734
[ 18 / 60 ] loss: 0.625
[ 19 / 60 ] loss: 0.718
[ 20 / 60 ] loss: 0.699
[ 21 / 60 ] loss: 0.674
[ 22 / 60 ] loss: 0.733
[ 23 / 60 ] loss: 0.755
[ 24 / 60 ] loss: 0.761
[ 25 / 60 ] loss: 0.738
[ 26 / 60 ] loss: 0.671
[ 27 / 60 ] loss: 0.708
[ 28 / 60 ] loss: 0.672
[ 29 / 60 ] loss: 0.657
[ 30 / 60 ] loss: 0.735
[ 31 / 60 ] loss: 0.682
[ 32 / 60 ] loss: 0.692
[ 33 / 60 ] loss: 0.701
[ 34 / 60 ] loss: 0.685
[ 35 / 60 ] loss: 0.691
[ 36 / 60 ] loss: 0.672
[ 37 / 60 ] loss: 0.711
[ 38 / 60 ] loss: 0.683
[ 39 / 60 ] loss: 0.684
[ 40 / 60 ] loss: 0.691
[ 41 / 60 ] loss: 0.694
[ 42 / 60 ] loss: 0.678
[ 43 / 60 ] loss: 0.675
[ 44 / 60 ] loss: 0.681
[ 45 / 60 ] loss: 0.718
[ 46 / 60 ] loss: 0.685
[ 47 / 60 ] loss: 0.692
[ 48 / 60 ] loss: 0.696
[ 49 / 60 ] loss: 0.684
[ 50 / 60 ] loss: 0.711
[ 51 / 60 ] loss: 0.668
[ 52 / 60 ] loss: 0.719
[ 53 / 60 ] loss: 0.647
[ 54 / 60 ] loss: 0.658
[ 55 / 60 ] loss: 0.700
[ 56 / 60 ] loss: 0.717
[ 57 / 60 ] loss: 0.771
[ 58 / 60 ] loss: 0.682
[ 59 / 60 ] loss: 0.701
[ 60 / 60 ] loss: 0.684
0.6938758154710134
Accuracy: 0.546610 -- Precision: 0.546610 -- Recall: 1.000000 -- F1: 0.706849 -- AUC: 0.625335
========= epoch: 17 ==============
[ 1 / 60 ] loss: 0.698
[ 2 / 60 ] loss: 0.678
[ 3 / 60 ] loss: 0.690
[ 4 / 60 ] loss: 0.719
[ 5 / 60 ] loss: 0.690
[ 6 / 60 ] loss: 0.689
[ 7 / 60 ] loss: 0.716
[ 8 / 60 ] loss: 0.650
[ 9 / 60 ] loss: 0.686
[ 10 / 60 ] loss: 0.714
[ 11 / 60 ] loss: 0.669
[ 12 / 60 ] loss: 0.698
[ 13 / 60 ] loss: 0.658
[ 14 / 60 ] loss: 0.663
[ 15 / 60 ] loss: 0.662
[ 16 / 60 ] loss: 0.709
[ 17 / 60 ] loss: 0.671
[ 18 / 60 ] loss: 0.660
[ 19 / 60 ] loss: 0.674
[ 20 / 60 ] loss: 0.725
[ 21 / 60 ] loss: 0.761
[ 22 / 60 ] loss: 0.713
[ 23 / 60 ] loss: 0.684
[ 24 / 60 ] loss: 0.662
[ 25 / 60 ] loss: 0.686
[ 26 / 60 ] loss: 0.646
[ 27 / 60 ] loss: 0.684
[ 28 / 60 ] loss: 0.703
[ 29 / 60 ] loss: 0.657
[ 30 / 60 ] loss: 0.744
[ 31 / 60 ] loss: 0.655
[ 32 / 60 ] loss: 0.666
[ 33 / 60 ] loss: 0.690
[ 34 / 60 ] loss: 0.717
[ 35 / 60 ] loss: 0.730
[ 36 / 60 ] loss: 0.702
[ 37 / 60 ] loss: 0.721
[ 38 / 60 ] loss: 0.651
[ 39 / 60 ] loss: 0.673
[ 40 / 60 ] loss: 0.680
[ 41 / 60 ] loss: 0.683
[ 42 / 60 ] loss: 0.700
[ 43 / 60 ] loss: 0.686
[ 44 / 60 ] loss: 0.735
[ 45 / 60 ] loss: 0.695
[ 46 / 60 ] loss: 0.698
[ 47 / 60 ] loss: 0.687
[ 48 / 60 ] loss: 0.699
[ 49 / 60 ] loss: 0.708
[ 50 / 60 ] loss: 0.694
[ 51 / 60 ] loss: 0.681
[ 52 / 60 ] loss: 0.683
[ 53 / 60 ] loss: 0.686
[ 54 / 60 ] loss: 0.695
[ 55 / 60 ] loss: 0.683
[ 56 / 60 ] loss: 0.687
[ 57 / 60 ] loss: 0.690
[ 58 / 60 ] loss: 0.686
[ 59 / 60 ] loss: 0.704
[ 60 / 60 ] loss: 0.779
0.6917468676964442
Accuracy: 0.546610 -- Precision: 0.546610 -- Recall: 1.000000 -- F1: 0.706849 -- AUC: 0.601391
========= epoch: 18 ==============
[ 1 / 60 ] loss: 0.678
[ 2 / 60 ] loss: 0.683
[ 3 / 60 ] loss: 0.699
[ 4 / 60 ] loss: 0.684
[ 5 / 60 ] loss: 0.706
[ 6 / 60 ] loss: 0.689
[ 7 / 60 ] loss: 0.686
[ 8 / 60 ] loss: 0.682
[ 9 / 60 ] loss: 0.692
[ 10 / 60 ] loss: 0.698
[ 11 / 60 ] loss: 0.697
[ 12 / 60 ] loss: 0.706
[ 13 / 60 ] loss: 0.691
[ 14 / 60 ] loss: 0.692
[ 15 / 60 ] loss: 0.686
[ 16 / 60 ] loss: 0.692
[ 17 / 60 ] loss: 0.686
[ 18 / 60 ] loss: 0.691
[ 19 / 60 ] loss: 0.686
[ 20 / 60 ] loss: 0.701
[ 21 / 60 ] loss: 0.696
[ 22 / 60 ] loss: 0.685
[ 23 / 60 ] loss: 0.713
[ 24 / 60 ] loss: 0.669
[ 25 / 60 ] loss: 0.701
[ 26 / 60 ] loss: 0.690
[ 27 / 60 ] loss: 0.694
[ 28 / 60 ] loss: 0.663
[ 29 / 60 ] loss: 0.732
[ 30 / 60 ] loss: 0.702
[ 31 / 60 ] loss: 0.735
[ 32 / 60 ] loss: 0.692
[ 33 / 60 ] loss: 0.701
[ 34 / 60 ] loss: 0.687
[ 35 / 60 ] loss: 0.710
[ 36 / 60 ] loss: 0.692
[ 37 / 60 ] loss: 0.677
[ 38 / 60 ] loss: 0.683
[ 39 / 60 ] loss: 0.682
[ 40 / 60 ] loss: 0.701
[ 41 / 60 ] loss: 0.674
[ 42 / 60 ] loss: 0.700
[ 43 / 60 ] loss: 0.668
[ 44 / 60 ] loss: 0.675
[ 45 / 60 ] loss: 0.699
[ 46 / 60 ] loss: 0.674
[ 47 / 60 ] loss: 0.665
[ 48 / 60 ] loss: 0.670
[ 49 / 60 ] loss: 0.684
[ 50 / 60 ] loss: 0.715
[ 51 / 60 ] loss: 0.716
[ 52 / 60 ] loss: 0.675
[ 53 / 60 ] loss: 0.674
[ 54 / 60 ] loss: 0.732
[ 55 / 60 ] loss: 0.727
[ 56 / 60 ] loss: 0.687
[ 57 / 60 ] loss: 0.615
[ 58 / 60 ] loss: 0.673
[ 59 / 60 ] loss: 0.728
[ 60 / 60 ] loss: 0.540
0.6886279225349426
Accuracy: 0.546610 -- Precision: 0.546610 -- Recall: 1.000000 -- F1: 0.706849 -- AUC: 0.511193
========= epoch: 19 ==============
[ 1 / 60 ] loss: 0.708
[ 2 / 60 ] loss: 0.793
[ 3 / 60 ] loss: 0.757
[ 4 / 60 ] loss: 0.707
[ 5 / 60 ] loss: 0.667
[ 6 / 60 ] loss: 0.710
[ 7 / 60 ] loss: 0.739
[ 8 / 60 ] loss: 0.695
[ 9 / 60 ] loss: 0.669
[ 10 / 60 ] loss: 0.703
[ 11 / 60 ] loss: 0.676
[ 12 / 60 ] loss: 0.690
[ 13 / 60 ] loss: 0.715
[ 14 / 60 ] loss: 0.694
[ 15 / 60 ] loss: 0.686
[ 16 / 60 ] loss: 0.660
[ 17 / 60 ] loss: 0.688
[ 18 / 60 ] loss: 0.697
[ 19 / 60 ] loss: 0.693
[ 20 / 60 ] loss: 0.696
[ 21 / 60 ] loss: 0.690
[ 22 / 60 ] loss: 0.707
[ 23 / 60 ] loss: 0.687
[ 24 / 60 ] loss: 0.683
[ 25 / 60 ] loss: 0.679
[ 26 / 60 ] loss: 0.686
[ 27 / 60 ] loss: 0.696
[ 28 / 60 ] loss: 0.764
[ 29 / 60 ] loss: 0.738
[ 30 / 60 ] loss: 0.727
[ 31 / 60 ] loss: 0.668
[ 32 / 60 ] loss: 0.698
[ 33 / 60 ] loss: 0.679
[ 34 / 60 ] loss: 0.682
[ 35 / 60 ] loss: 0.664
[ 36 / 60 ] loss: 0.686
[ 37 / 60 ] loss: 0.675
[ 38 / 60 ] loss: 0.693
[ 39 / 60 ] loss: 0.734
[ 40 / 60 ] loss: 0.669
[ 41 / 60 ] loss: 0.696
[ 42 / 60 ] loss: 0.677
[ 43 / 60 ] loss: 0.655
[ 44 / 60 ] loss: 0.702
[ 45 / 60 ] loss: 0.665
[ 46 / 60 ] loss: 0.648
[ 47 / 60 ] loss: 0.687
[ 48 / 60 ] loss: 0.648
[ 49 / 60 ] loss: 0.688
[ 50 / 60 ] loss: 0.709
[ 51 / 60 ] loss: 0.732
[ 52 / 60 ] loss: 0.671
[ 53 / 60 ] loss: 0.643
[ 54 / 60 ] loss: 0.694
[ 55 / 60 ] loss: 0.687
[ 56 / 60 ] loss: 0.730
[ 57 / 60 ] loss: 0.688
[ 58 / 60 ] loss: 0.667
[ 59 / 60 ] loss: 0.663
[ 60 / 60 ] loss: 0.762
0.6943642904361089
Accuracy: 0.546610 -- Precision: 0.546610 -- Recall: 1.000000 -- F1: 0.706849 -- AUC: 0.662428
========= epoch: 20 ==============
[ 1 / 60 ] loss: 0.719
[ 2 / 60 ] loss: 0.708
[ 3 / 60 ] loss: 0.651
[ 4 / 60 ] loss: 0.686
[ 5 / 60 ] loss: 0.745
[ 6 / 60 ] loss: 0.677
[ 7 / 60 ] loss: 0.675
[ 8 / 60 ] loss: 0.695
[ 9 / 60 ] loss: 0.688
[ 10 / 60 ] loss: 0.697
[ 11 / 60 ] loss: 0.695
[ 12 / 60 ] loss: 0.702
[ 13 / 60 ] loss: 0.671
[ 14 / 60 ] loss: 0.692
[ 15 / 60 ] loss: 0.683
[ 16 / 60 ] loss: 0.686
[ 17 / 60 ] loss: 0.708
[ 18 / 60 ] loss: 0.701
[ 19 / 60 ] loss: 0.699
[ 20 / 60 ] loss: 0.662
[ 21 / 60 ] loss: 0.687
[ 22 / 60 ] loss: 0.693
[ 23 / 60 ] loss: 0.694
[ 24 / 60 ] loss: 0.657
[ 25 / 60 ] loss: 0.668
[ 26 / 60 ] loss: 0.737
[ 27 / 60 ] loss: 0.714
[ 28 / 60 ] loss: 0.667
[ 29 / 60 ] loss: 0.702
[ 30 / 60 ] loss: 0.725
[ 31 / 60 ] loss: 0.711
[ 32 / 60 ] loss: 0.696
[ 33 / 60 ] loss: 0.683
[ 34 / 60 ] loss: 0.696
[ 35 / 60 ] loss: 0.668
[ 36 / 60 ] loss: 0.723
[ 37 / 60 ] loss: 0.707
[ 38 / 60 ] loss: 0.691
[ 39 / 60 ] loss: 0.664
[ 40 / 60 ] loss: 0.724
[ 41 / 60 ] loss: 0.706
[ 42 / 60 ] loss: 0.654
[ 43 / 60 ] loss: 0.697
[ 44 / 60 ] loss: 0.710
[ 45 / 60 ] loss: 0.676
[ 46 / 60 ] loss: 0.721
[ 47 / 60 ] loss: 0.716
[ 48 / 60 ] loss: 0.683
[ 49 / 60 ] loss: 0.679
[ 50 / 60 ] loss: 0.696
[ 51 / 60 ] loss: 0.670
[ 52 / 60 ] loss: 0.651
[ 53 / 60 ] loss: 0.704
[ 54 / 60 ] loss: 0.686
[ 55 / 60 ] loss: 0.685
[ 56 / 60 ] loss: 0.685
[ 57 / 60 ] loss: 0.732
[ 58 / 60 ] loss: 0.622
[ 59 / 60 ] loss: 0.701
[ 60 / 60 ] loss: 0.752
0.6929391334454219
Accuracy: 0.546610 -- Precision: 0.546610 -- Recall: 1.000000 -- F1: 0.706849 -- AUC: 0.604072
========= epoch: 21 ==============
[ 1 / 60 ] loss: 0.703
[ 2 / 60 ] loss: 0.700
[ 3 / 60 ] loss: 0.654
[ 4 / 60 ] loss: 0.701
[ 5 / 60 ] loss: 0.701
[ 6 / 60 ] loss: 0.713
[ 7 / 60 ] loss: 0.686
[ 8 / 60 ] loss: 0.710
[ 9 / 60 ] loss: 0.692
[ 10 / 60 ] loss: 0.725
[ 11 / 60 ] loss: 0.707
[ 12 / 60 ] loss: 0.685
[ 13 / 60 ] loss: 0.690
[ 14 / 60 ] loss: 0.695
[ 15 / 60 ] loss: 0.693
[ 16 / 60 ] loss: 0.686
[ 17 / 60 ] loss: 0.692
[ 18 / 60 ] loss: 0.687
[ 19 / 60 ] loss: 0.691
[ 20 / 60 ] loss: 0.691
[ 21 / 60 ] loss: 0.696
[ 22 / 60 ] loss: 0.697
[ 23 / 60 ] loss: 0.693
[ 24 / 60 ] loss: 0.695
[ 25 / 60 ] loss: 0.688
[ 26 / 60 ] loss: 0.693
[ 27 / 60 ] loss: 0.713
[ 28 / 60 ] loss: 0.679
[ 29 / 60 ] loss: 0.700
[ 30 / 60 ] loss: 0.666
[ 31 / 60 ] loss: 0.687
[ 32 / 60 ] loss: 0.695
[ 33 / 60 ] loss: 0.673
[ 34 / 60 ] loss: 0.654
[ 35 / 60 ] loss: 0.723
[ 36 / 60 ] loss: 0.718
[ 37 / 60 ] loss: 0.704
[ 38 / 60 ] loss: 0.701
[ 39 / 60 ] loss: 0.618
[ 40 / 60 ] loss: 0.687
[ 41 / 60 ] loss: 0.684
[ 42 / 60 ] loss: 0.628
[ 43 / 60 ] loss: 0.660
[ 44 / 60 ] loss: 0.711
[ 45 / 60 ] loss: 0.663
[ 46 / 60 ] loss: 0.748
[ 47 / 60 ] loss: 0.636
[ 48 / 60 ] loss: 0.763
[ 49 / 60 ] loss: 0.751
[ 50 / 60 ] loss: 0.710
[ 51 / 60 ] loss: 0.693
[ 52 / 60 ] loss: 0.644
[ 53 / 60 ] loss: 0.685
[ 54 / 60 ] loss: 0.744
[ 55 / 60 ] loss: 0.672
[ 56 / 60 ] loss: 0.664
[ 57 / 60 ] loss: 0.637
[ 58 / 60 ] loss: 0.683
[ 59 / 60 ] loss: 0.687
[ 60 / 60 ] loss: 0.704
0.6908690492312114
Accuracy: 0.546610 -- Precision: 0.546610 -- Recall: 1.000000 -- F1: 0.706849 -- AUC: 0.414185
========= epoch: 22 ==============
[ 1 / 60 ] loss: 0.684
[ 2 / 60 ] loss: 0.692
[ 3 / 60 ] loss: 0.725
[ 4 / 60 ] loss: 0.711
[ 5 / 60 ] loss: 0.700
[ 6 / 60 ] loss: 0.699
[ 7 / 60 ] loss: 0.685
[ 8 / 60 ] loss: 0.682
[ 9 / 60 ] loss: 0.700
[ 10 / 60 ] loss: 0.696
[ 11 / 60 ] loss: 0.683
[ 12 / 60 ] loss: 0.675
[ 13 / 60 ] loss: 0.694
[ 14 / 60 ] loss: 0.693
[ 15 / 60 ] loss: 0.705
[ 16 / 60 ] loss: 0.695
[ 17 / 60 ] loss: 0.703
[ 18 / 60 ] loss: 0.685
[ 19 / 60 ] loss: 0.685
[ 20 / 60 ] loss: 0.687
[ 21 / 60 ] loss: 0.694
[ 22 / 60 ] loss: 0.703
[ 23 / 60 ] loss: 0.713
[ 24 / 60 ] loss: 0.703
[ 25 / 60 ] loss: 0.679
[ 26 / 60 ] loss: 0.709
[ 27 / 60 ] loss: 0.708
[ 28 / 60 ] loss: 0.686
[ 29 / 60 ] loss: 0.694
[ 30 / 60 ] loss: 0.718
[ 31 / 60 ] loss: 0.678
[ 32 / 60 ] loss: 0.693
[ 33 / 60 ] loss: 0.683
[ 34 / 60 ] loss: 0.686
[ 35 / 60 ] loss: 0.702
[ 36 / 60 ] loss: 0.715
[ 37 / 60 ] loss: 0.690
[ 38 / 60 ] loss: 0.671
[ 39 / 60 ] loss: 0.696
[ 40 / 60 ] loss: 0.658
[ 41 / 60 ] loss: 0.653
[ 42 / 60 ] loss: 0.693
[ 43 / 60 ] loss: 0.658
[ 44 / 60 ] loss: 0.666
[ 45 / 60 ] loss: 0.730
[ 46 / 60 ] loss: 0.722
[ 47 / 60 ] loss: 0.621
[ 48 / 60 ] loss: 0.628
[ 49 / 60 ] loss: 0.575
[ 50 / 60 ] loss: 0.747
[ 51 / 60 ] loss: 0.845
[ 52 / 60 ] loss: 0.694
[ 53 / 60 ] loss: 0.779
[ 54 / 60 ] loss: 0.712
[ 55 / 60 ] loss: 0.630
[ 56 / 60 ] loss: 0.747
[ 57 / 60 ] loss: 0.618
[ 58 / 60 ] loss: 0.681
[ 59 / 60 ] loss: 0.612
[ 60 / 60 ] loss: 0.790
0.6926639626423517
Accuracy: 0.546610 -- Precision: 0.546610 -- Recall: 1.000000 -- F1: 0.706849 -- AUC: 0.465370
========= epoch: 23 ==============
[ 1 / 60 ] loss: 0.664
[ 2 / 60 ] loss: 0.710
[ 3 / 60 ] loss: 0.773
[ 4 / 60 ] loss: 0.708
[ 5 / 60 ] loss: 0.668
[ 6 / 60 ] loss: 0.651
[ 7 / 60 ] loss: 0.652
[ 8 / 60 ] loss: 0.681
[ 9 / 60 ] loss: 0.696
[ 10 / 60 ] loss: 0.707
[ 11 / 60 ] loss: 0.662
[ 12 / 60 ] loss: 0.727
[ 13 / 60 ] loss: 0.730
[ 14 / 60 ] loss: 0.663
[ 15 / 60 ] loss: 0.655
[ 16 / 60 ] loss: 0.660
[ 17 / 60 ] loss: 0.675
[ 18 / 60 ] loss: 0.741
[ 19 / 60 ] loss: 0.696
[ 20 / 60 ] loss: 0.711
[ 21 / 60 ] loss: 0.685
[ 22 / 60 ] loss: 0.705
[ 23 / 60 ] loss: 0.675
[ 24 / 60 ] loss: 0.703
[ 25 / 60 ] loss: 0.682
[ 26 / 60 ] loss: 0.722
[ 27 / 60 ] loss: 0.680
[ 28 / 60 ] loss: 0.700
[ 29 / 60 ] loss: 0.683
[ 30 / 60 ] loss: 0.696
[ 31 / 60 ] loss: 0.671
[ 32 / 60 ] loss: 0.704
[ 33 / 60 ] loss: 0.683
[ 34 / 60 ] loss: 0.716
[ 35 / 60 ] loss: 0.697
[ 36 / 60 ] loss: 0.689
[ 37 / 60 ] loss: 0.690
[ 38 / 60 ] loss: 0.687
[ 39 / 60 ] loss: 0.688
[ 40 / 60 ] loss: 0.701
[ 41 / 60 ] loss: 0.699
[ 42 / 60 ] loss: 0.681
[ 43 / 60 ] loss: 0.692
[ 44 / 60 ] loss: 0.706
[ 45 / 60 ] loss: 0.697
[ 46 / 60 ] loss: 0.708
[ 47 / 60 ] loss: 0.687
[ 48 / 60 ] loss: 0.680
[ 49 / 60 ] loss: 0.698
[ 50 / 60 ] loss: 0.701
[ 51 / 60 ] loss: 0.666
[ 52 / 60 ] loss: 0.672
[ 53 / 60 ] loss: 0.725
[ 54 / 60 ] loss: 0.675
[ 55 / 60 ] loss: 0.667
[ 56 / 60 ] loss: 0.701
[ 57 / 60 ] loss: 0.684
[ 58 / 60 ] loss: 0.647
[ 59 / 60 ] loss: 0.646
[ 60 / 60 ] loss: 0.763
0.6913103292385737
Accuracy: 0.546610 -- Precision: 0.546610 -- Recall: 1.000000 -- F1: 0.706849 -- AUC: 0.608600
========= epoch: 24 ==============
[ 1 / 60 ] loss: 0.686
[ 2 / 60 ] loss: 0.668
[ 3 / 60 ] loss: 0.713
[ 4 / 60 ] loss: 0.639
[ 5 / 60 ] loss: 0.728
[ 6 / 60 ] loss: 0.673
[ 7 / 60 ] loss: 0.731
[ 8 / 60 ] loss: 0.708
[ 9 / 60 ] loss: 0.682
[ 10 / 60 ] loss: 0.699
[ 11 / 60 ] loss: 0.660
[ 12 / 60 ] loss: 0.763
[ 13 / 60 ] loss: 0.698
[ 14 / 60 ] loss: 0.672
[ 15 / 60 ] loss: 0.648
[ 16 / 60 ] loss: 0.711
[ 17 / 60 ] loss: 0.685
[ 18 / 60 ] loss: 0.709
[ 19 / 60 ] loss: 0.692
[ 20 / 60 ] loss: 0.707
[ 21 / 60 ] loss: 0.705
[ 22 / 60 ] loss: 0.694
[ 23 / 60 ] loss: 0.682
[ 24 / 60 ] loss: 0.694
[ 25 / 60 ] loss: 0.697
[ 26 / 60 ] loss: 0.704
[ 27 / 60 ] loss: 0.675
[ 28 / 60 ] loss: 0.696
[ 29 / 60 ] loss: 0.690
[ 30 / 60 ] loss: 0.686
[ 31 / 60 ] loss: 0.679
[ 32 / 60 ] loss: 0.689
[ 33 / 60 ] loss: 0.686
[ 34 / 60 ] loss: 0.697
[ 35 / 60 ] loss: 0.688
[ 36 / 60 ] loss: 0.699
[ 37 / 60 ] loss: 0.699
[ 38 / 60 ] loss: 0.698
[ 39 / 60 ] loss: 0.676
[ 40 / 60 ] loss: 0.682
[ 41 / 60 ] loss: 0.671
[ 42 / 60 ] loss: 0.691
[ 43 / 60 ] loss: 0.650
[ 44 / 60 ] loss: 0.696
[ 45 / 60 ] loss: 0.700
[ 46 / 60 ] loss: 0.696
[ 47 / 60 ] loss: 0.712
[ 48 / 60 ] loss: 0.660
[ 49 / 60 ] loss: 0.697
[ 50 / 60 ] loss: 0.719
[ 51 / 60 ] loss: 0.768
[ 52 / 60 ] loss: 0.713
[ 53 / 60 ] loss: 0.715
[ 54 / 60 ] loss: 0.605
[ 55 / 60 ] loss: 0.619
[ 56 / 60 ] loss: 0.665
[ 57 / 60 ] loss: 0.675
[ 58 / 60 ] loss: 0.685
[ 59 / 60 ] loss: 0.711
[ 60 / 60 ] loss: 0.738
0.6912561963001888
Accuracy: 0.546610 -- Precision: 0.546610 -- Recall: 1.000000 -- F1: 0.706849 -- AUC: 0.690611
========= epoch: 25 ==============
[ 1 / 60 ] loss: 0.717
[ 2 / 60 ] loss: 0.665
[ 3 / 60 ] loss: 0.682
[ 4 / 60 ] loss: 0.758
[ 5 / 60 ] loss: 0.756
[ 6 / 60 ] loss: 0.645
[ 7 / 60 ] loss: 0.636
[ 8 / 60 ] loss: 0.702
[ 9 / 60 ] loss: 0.668
[ 10 / 60 ] loss: 0.715
[ 11 / 60 ] loss: 0.672
[ 12 / 60 ] loss: 0.712
[ 13 / 60 ] loss: 0.694
[ 14 / 60 ] loss: 0.694
[ 15 / 60 ] loss: 0.729
[ 16 / 60 ] loss: 0.687
[ 17 / 60 ] loss: 0.676
[ 18 / 60 ] loss: 0.704
[ 19 / 60 ] loss: 0.679
[ 20 / 60 ] loss: 0.713
[ 21 / 60 ] loss: 0.692
[ 22 / 60 ] loss: 0.687
[ 23 / 60 ] loss: 0.712
[ 24 / 60 ] loss: 0.693
[ 25 / 60 ] loss: 0.701
[ 26 / 60 ] loss: 0.694
[ 27 / 60 ] loss: 0.675
[ 28 / 60 ] loss: 0.672
[ 29 / 60 ] loss: 0.687
[ 30 / 60 ] loss: 0.688
[ 31 / 60 ] loss: 0.676
[ 32 / 60 ] loss: 0.685
[ 33 / 60 ] loss: 0.740
[ 34 / 60 ] loss: 0.711
[ 35 / 60 ] loss: 0.726
[ 36 / 60 ] loss: 0.686
[ 37 / 60 ] loss: 0.685
[ 38 / 60 ] loss: 0.635
[ 39 / 60 ] loss: 0.690
[ 40 / 60 ] loss: 0.712
[ 41 / 60 ] loss: 0.701
[ 42 / 60 ] loss: 0.716
[ 43 / 60 ] loss: 0.673
[ 44 / 60 ] loss: 0.671
[ 45 / 60 ] loss: 0.672
[ 46 / 60 ] loss: 0.700
[ 47 / 60 ] loss: 0.714
[ 48 / 60 ] loss: 0.638
[ 49 / 60 ] loss: 0.714
[ 50 / 60 ] loss: 0.701
[ 51 / 60 ] loss: 0.686
[ 52 / 60 ] loss: 0.672
[ 53 / 60 ] loss: 0.685
[ 54 / 60 ] loss: 0.686
[ 55 / 60 ] loss: 0.741
[ 56 / 60 ] loss: 0.670
[ 57 / 60 ] loss: 0.648
[ 58 / 60 ] loss: 0.710
[ 59 / 60 ] loss: 0.622
[ 60 / 60 ] loss: 0.808
0.6929664214452108
Accuracy: 0.546610 -- Precision: 0.546610 -- Recall: 1.000000 -- F1: 0.706849 -- AUC: 0.697493
========= epoch: 26 ==============
[ 1 / 60 ] loss: 0.709
[ 2 / 60 ] loss: 0.698
[ 3 / 60 ] loss: 0.655
[ 4 / 60 ] loss: 0.688
[ 5 / 60 ] loss: 0.682
[ 6 / 60 ] loss: 0.694
[ 7 / 60 ] loss: 0.698
[ 8 / 60 ] loss: 0.686
[ 9 / 60 ] loss: 0.684
[ 10 / 60 ] loss: 0.673
[ 11 / 60 ] loss: 0.699
[ 12 / 60 ] loss: 0.723
[ 13 / 60 ] loss: 0.711
[ 14 / 60 ] loss: 0.671
[ 15 / 60 ] loss: 0.679
[ 16 / 60 ] loss: 0.687
[ 17 / 60 ] loss: 0.720
[ 18 / 60 ] loss: 0.685
[ 19 / 60 ] loss: 0.665
[ 20 / 60 ] loss: 0.699
[ 21 / 60 ] loss: 0.698
[ 22 / 60 ] loss: 0.728
[ 23 / 60 ] loss: 0.693
[ 24 / 60 ] loss: 0.720
[ 25 / 60 ] loss: 0.693
[ 26 / 60 ] loss: 0.686
[ 27 / 60 ] loss: 0.696
[ 28 / 60 ] loss: 0.667
[ 29 / 60 ] loss: 0.643
[ 30 / 60 ] loss: 0.648
[ 31 / 60 ] loss: 0.669
[ 32 / 60 ] loss: 0.688
[ 33 / 60 ] loss: 0.667
[ 34 / 60 ] loss: 0.663
[ 35 / 60 ] loss: 0.663
[ 36 / 60 ] loss: 0.649
[ 37 / 60 ] loss: 0.599
[ 38 / 60 ] loss: 0.697
[ 39 / 60 ] loss: 0.762
[ 40 / 60 ] loss: 0.734
[ 41 / 60 ] loss: 0.744
[ 42 / 60 ] loss: 0.697
[ 43 / 60 ] loss: 0.656
[ 44 / 60 ] loss: 0.660
[ 45 / 60 ] loss: 0.628
[ 46 / 60 ] loss: 0.730
[ 47 / 60 ] loss: 0.694
[ 48 / 60 ] loss: 0.721
[ 49 / 60 ] loss: 0.713
[ 50 / 60 ] loss: 0.723
[ 51 / 60 ] loss: 0.724
[ 52 / 60 ] loss: 0.693
[ 53 / 60 ] loss: 0.686
[ 54 / 60 ] loss: 0.695
[ 55 / 60 ] loss: 0.712
[ 56 / 60 ] loss: 0.728
[ 57 / 60 ] loss: 0.705
[ 58 / 60 ] loss: 0.721
[ 59 / 60 ] loss: 0.691
[ 60 / 60 ] loss: 0.690
0.6913292010625204
Accuracy: 0.546610 -- Precision: 0.546610 -- Recall: 1.000000 -- F1: 0.706849 -- AUC: 0.607368
========= epoch: 27 ==============
[ 1 / 60 ] loss: 0.694
[ 2 / 60 ] loss: 0.686
[ 3 / 60 ] loss: 0.689
[ 4 / 60 ] loss: 0.684
[ 5 / 60 ] loss: 0.668
[ 6 / 60 ] loss: 0.718
[ 7 / 60 ] loss: 0.753
[ 8 / 60 ] loss: 0.710
[ 9 / 60 ] loss: 0.633
[ 10 / 60 ] loss: 0.633
[ 11 / 60 ] loss: 0.686
[ 12 / 60 ] loss: 0.749
[ 13 / 60 ] loss: 0.769
[ 14 / 60 ] loss: 0.667
[ 15 / 60 ] loss: 0.700
[ 16 / 60 ] loss: 0.680
[ 17 / 60 ] loss: 0.656
[ 18 / 60 ] loss: 0.694
[ 19 / 60 ] loss: 0.689
[ 20 / 60 ] loss: 0.694
[ 21 / 60 ] loss: 0.686
[ 22 / 60 ] loss: 0.678
[ 23 / 60 ] loss: 0.673
[ 24 / 60 ] loss: 0.680
[ 25 / 60 ] loss: 0.682
[ 26 / 60 ] loss: 0.645
[ 27 / 60 ] loss: 0.688
[ 28 / 60 ] loss: 0.642
[ 29 / 60 ] loss: 0.611
[ 30 / 60 ] loss: 0.663
[ 31 / 60 ] loss: 0.755
[ 32 / 60 ] loss: 0.659
[ 33 / 60 ] loss: 0.778
[ 34 / 60 ] loss: 0.762
[ 35 / 60 ] loss: 0.689
[ 36 / 60 ] loss: 0.708
[ 37 / 60 ] loss: 0.737
[ 38 / 60 ] loss: 0.646
[ 39 / 60 ] loss: 0.711
[ 40 / 60 ] loss: 0.714
[ 41 / 60 ] loss: 0.722
[ 42 / 60 ] loss: 0.689
[ 43 / 60 ] loss: 0.690
[ 44 / 60 ] loss: 0.684
[ 45 / 60 ] loss: 0.726
[ 46 / 60 ] loss: 0.705
[ 47 / 60 ] loss: 0.706
[ 48 / 60 ] loss: 0.676
[ 49 / 60 ] loss: 0.730
[ 50 / 60 ] loss: 0.690
[ 51 / 60 ] loss: 0.720
[ 52 / 60 ] loss: 0.689
[ 53 / 60 ] loss: 0.689
[ 54 / 60 ] loss: 0.686
[ 55 / 60 ] loss: 0.666
[ 56 / 60 ] loss: 0.711
[ 57 / 60 ] loss: 0.743
[ 58 / 60 ] loss: 0.663
[ 59 / 60 ] loss: 0.717
[ 60 / 60 ] loss: 0.744
0.6950922300418217
Accuracy: 0.546610 -- Precision: 0.546610 -- Recall: 1.000000 -- F1: 0.706849 -- AUC: 0.291784
========= epoch: 28 ==============
[ 1 / 60 ] loss: 0.706
[ 2 / 60 ] loss: 0.655
[ 3 / 60 ] loss: 0.646
[ 4 / 60 ] loss: 0.700
[ 5 / 60 ] loss: 0.762
[ 6 / 60 ] loss: 0.694
[ 7 / 60 ] loss: 0.718
[ 8 / 60 ] loss: 0.721
[ 9 / 60 ] loss: 0.710
[ 10 / 60 ] loss: 0.676
[ 11 / 60 ] loss: 0.680
[ 12 / 60 ] loss: 0.696
[ 13 / 60 ] loss: 0.690
[ 14 / 60 ] loss: 0.701
[ 15 / 60 ] loss: 0.687
[ 16 / 60 ] loss: 0.692
[ 17 / 60 ] loss: 0.699
[ 18 / 60 ] loss: 0.689
[ 19 / 60 ] loss: 0.696
[ 20 / 60 ] loss: 0.689
[ 21 / 60 ] loss: 0.691
[ 22 / 60 ] loss: 0.692
[ 23 / 60 ] loss: 0.693
[ 24 / 60 ] loss: 0.700
[ 25 / 60 ] loss: 0.687
[ 26 / 60 ] loss: 0.699
[ 27 / 60 ] loss: 0.697
[ 28 / 60 ] loss: 0.698
[ 29 / 60 ] loss: 0.681
[ 30 / 60 ] loss: 0.688
[ 31 / 60 ] loss: 0.680
[ 32 / 60 ] loss: 0.669
[ 33 / 60 ] loss: 0.679
[ 34 / 60 ] loss: 0.675
[ 35 / 60 ] loss: 0.714
[ 36 / 60 ] loss: 0.685
[ 37 / 60 ] loss: 0.647
[ 38 / 60 ] loss: 0.720
[ 39 / 60 ] loss: 0.593
[ 40 / 60 ] loss: 0.765
[ 41 / 60 ] loss: 0.788
[ 42 / 60 ] loss: 0.736
[ 43 / 60 ] loss: 0.655
[ 44 / 60 ] loss: 0.775
[ 45 / 60 ] loss: 0.705
[ 46 / 60 ] loss: 0.663
[ 47 / 60 ] loss: 0.698
[ 48 / 60 ] loss: 0.672
[ 49 / 60 ] loss: 0.681
[ 50 / 60 ] loss: 0.677
[ 51 / 60 ] loss: 0.657
[ 52 / 60 ] loss: 0.669
[ 53 / 60 ] loss: 0.688
[ 54 / 60 ] loss: 0.686
[ 55 / 60 ] loss: 0.670
[ 56 / 60 ] loss: 0.669
[ 57 / 60 ] loss: 0.681
[ 58 / 60 ] loss: 0.661
[ 59 / 60 ] loss: 0.682
[ 60 / 60 ] loss: 0.757
0.692154218753179
Accuracy: 0.546610 -- Precision: 0.546610 -- Recall: 1.000000 -- F1: 0.706849 -- AUC: 0.302579
========= epoch: 29 ==============
[ 1 / 60 ] loss: 0.689
[ 2 / 60 ] loss: 0.668
[ 3 / 60 ] loss: 0.734
[ 4 / 60 ] loss: 0.667
[ 5 / 60 ] loss: 0.685
[ 6 / 60 ] loss: 0.686
[ 7 / 60 ] loss: 0.696
[ 8 / 60 ] loss: 0.728
[ 9 / 60 ] loss: 0.643
[ 10 / 60 ] loss: 0.723
[ 11 / 60 ] loss: 0.641
[ 12 / 60 ] loss: 0.663
[ 13 / 60 ] loss: 0.675
[ 14 / 60 ] loss: 0.692
[ 15 / 60 ] loss: 0.701
[ 16 / 60 ] loss: 0.659
[ 17 / 60 ] loss: 0.726
[ 18 / 60 ] loss: 0.736
[ 19 / 60 ] loss: 0.677
[ 20 / 60 ] loss: 0.726
[ 21 / 60 ] loss: 0.750
[ 22 / 60 ] loss: 0.662
[ 23 / 60 ] loss: 0.706
[ 24 / 60 ] loss: 0.690
[ 25 / 60 ] loss: 0.688
[ 26 / 60 ] loss: 0.701
[ 27 / 60 ] loss: 0.688
[ 28 / 60 ] loss: 0.694
[ 29 / 60 ] loss: 0.688
[ 30 / 60 ] loss: 0.686
[ 31 / 60 ] loss: 0.704
[ 32 / 60 ] loss: 0.685
[ 33 / 60 ] loss: 0.696
[ 34 / 60 ] loss: 0.700
[ 35 / 60 ] loss: 0.710
[ 36 / 60 ] loss: 0.674
[ 37 / 60 ] loss: 0.681
[ 38 / 60 ] loss: 0.674
[ 39 / 60 ] loss: 0.677
[ 40 / 60 ] loss: 0.705
[ 41 / 60 ] loss: 0.678
[ 42 / 60 ] loss: 0.640
[ 43 / 60 ] loss: 0.722
[ 44 / 60 ] loss: 0.736
[ 45 / 60 ] loss: 0.702
[ 46 / 60 ] loss: 0.719
[ 47 / 60 ] loss: 0.651
[ 48 / 60 ] loss: 0.618
[ 49 / 60 ] loss: 0.687
[ 50 / 60 ] loss: 0.669
[ 51 / 60 ] loss: 0.680
[ 52 / 60 ] loss: 0.665
[ 53 / 60 ] loss: 0.738
[ 54 / 60 ] loss: 0.729
[ 55 / 60 ] loss: 0.707
[ 56 / 60 ] loss: 0.688
[ 57 / 60 ] loss: 0.707
[ 58 / 60 ] loss: 0.724
[ 59 / 60 ] loss: 0.705
[ 60 / 60 ] loss: 0.656
0.6915976415077846
Accuracy: 0.546610 -- Precision: 0.546610 -- Recall: 1.000000 -- F1: 0.706849 -- AUC: 0.600739
训练集: 947
测试集: 236
Some weights of the model checkpoint at bert-base-uncased were not used when initializing BertModel: ['cls.predictions.bias', 'cls.predictions.transform.LayerNorm.bias', 'cls.predictions.transform.LayerNorm.weight', 'cls.predictions.transform.dense.bias', 'cls.seq_relationship.bias', 'cls.predictions.transform.dense.weight', 'cls.seq_relationship.weight', 'cls.predictions.decoder.weight']
- This IS expected if you are initializing BertModel from the checkpoint of a model trained on another task or with another architecture (e.g. initializing a BertForSequenceClassification model from a BertForPreTraining model).
- This IS NOT expected if you are initializing BertModel from the checkpoint of a model that you expect to be exactly identical (initializing a BertForSequenceClassification model from a BertForSequenceClassification model).
/root/anaconda3/envs/evapatch/lib/python3.6/site-packages/transformers/optimization.py:309: FutureWarning: This implementation of AdamW is deprecated and will be removed in a future version. Use the PyTorch implementation torch.optim.AdamW instead, or set `no_deprecation_warning=True` to disable this warning
  FutureWarning,
-------------- start training --------------- 

========= epoch: 0 ==============
[ 1 / 60 ] loss: 0.717
[ 2 / 60 ] loss: 0.668
[ 3 / 60 ] loss: 0.646
[ 4 / 60 ] loss: 0.704
[ 5 / 60 ] loss: 0.658
[ 6 / 60 ] loss: 0.700
[ 7 / 60 ] loss: 0.790
[ 8 / 60 ] loss: 0.672
[ 9 / 60 ] loss: 0.722
[ 10 / 60 ] loss: 0.759
[ 11 / 60 ] loss: 0.718
[ 12 / 60 ] loss: 0.688
[ 13 / 60 ] loss: 0.688
[ 14 / 60 ] loss: 0.664
[ 15 / 60 ] loss: 0.716
[ 16 / 60 ] loss: 0.682
[ 17 / 60 ] loss: 0.659
[ 18 / 60 ] loss: 0.787
[ 19 / 60 ] loss: 0.696
[ 20 / 60 ] loss: 0.685
[ 21 / 60 ] loss: 0.694
[ 22 / 60 ] loss: 0.662
[ 23 / 60 ] loss: 0.671
[ 24 / 60 ] loss: 0.657
[ 25 / 60 ] loss: 0.632
[ 26 / 60 ] loss: 0.678
[ 27 / 60 ] loss: 0.640
[ 28 / 60 ] loss: 0.581
[ 29 / 60 ] loss: 0.750
[ 30 / 60 ] loss: 0.654
[ 31 / 60 ] loss: 0.760
[ 32 / 60 ] loss: 0.629
[ 33 / 60 ] loss: 0.715
[ 34 / 60 ] loss: 0.751
[ 35 / 60 ] loss: 0.674
[ 36 / 60 ] loss: 0.747
[ 37 / 60 ] loss: 0.670
[ 38 / 60 ] loss: 0.676
[ 39 / 60 ] loss: 0.693
[ 40 / 60 ] loss: 0.680
[ 41 / 60 ] loss: 0.687
[ 42 / 60 ] loss: 0.680
[ 43 / 60 ] loss: 0.686
[ 44 / 60 ] loss: 0.667
[ 45 / 60 ] loss: 0.671
[ 46 / 60 ] loss: 0.657
[ 47 / 60 ] loss: 0.666
[ 48 / 60 ] loss: 0.654
[ 49 / 60 ] loss: 0.603
[ 50 / 60 ] loss: 0.707
[ 51 / 60 ] loss: 0.741
[ 52 / 60 ] loss: 0.628
[ 53 / 60 ] loss: 0.660
[ 54 / 60 ] loss: 0.669
[ 55 / 60 ] loss: 0.671
[ 56 / 60 ] loss: 0.683
[ 57 / 60 ] loss: 0.637
[ 58 / 60 ] loss: 0.601
[ 59 / 60 ] loss: 0.646
[ 60 / 60 ] loss: 0.545
0.6798401802778244
Accuracy: 0.728814 -- Precision: 0.751938 -- Recall: 0.751938 -- F1: 0.751938 -- AUC: 0.761356
保存模型参数
========= epoch: 1 ==============
[ 1 / 60 ] loss: 0.699
[ 2 / 60 ] loss: 0.506
[ 3 / 60 ] loss: 0.571
[ 4 / 60 ] loss: 0.618
[ 5 / 60 ] loss: 0.627
[ 6 / 60 ] loss: 0.425
[ 7 / 60 ] loss: 0.703
[ 8 / 60 ] loss: 0.406
[ 9 / 60 ] loss: 0.828
[ 10 / 60 ] loss: 0.571
[ 11 / 60 ] loss: 0.421
[ 12 / 60 ] loss: 0.967
[ 13 / 60 ] loss: 0.551
[ 14 / 60 ] loss: 0.567
[ 15 / 60 ] loss: 0.543
[ 16 / 60 ] loss: 0.401
[ 17 / 60 ] loss: 0.555
[ 18 / 60 ] loss: 0.756
[ 19 / 60 ] loss: 0.364
[ 20 / 60 ] loss: 0.687
[ 21 / 60 ] loss: 0.626
[ 22 / 60 ] loss: 0.652
[ 23 / 60 ] loss: 0.435
[ 24 / 60 ] loss: 0.547
[ 25 / 60 ] loss: 0.603
[ 26 / 60 ] loss: 0.490
[ 27 / 60 ] loss: 0.545
[ 28 / 60 ] loss: 0.548
[ 29 / 60 ] loss: 0.417
[ 30 / 60 ] loss: 0.489
[ 31 / 60 ] loss: 0.734
[ 32 / 60 ] loss: 0.577
[ 33 / 60 ] loss: 0.481
[ 34 / 60 ] loss: 0.570
[ 35 / 60 ] loss: 0.489
[ 36 / 60 ] loss: 0.677
[ 37 / 60 ] loss: 0.649
[ 38 / 60 ] loss: 0.656
[ 39 / 60 ] loss: 0.387
[ 40 / 60 ] loss: 0.616
[ 41 / 60 ] loss: 0.493
[ 42 / 60 ] loss: 0.578
[ 43 / 60 ] loss: 0.476
[ 44 / 60 ] loss: 0.496
[ 45 / 60 ] loss: 0.532
[ 46 / 60 ] loss: 0.426
[ 47 / 60 ] loss: 0.478
[ 48 / 60 ] loss: 0.532
[ 49 / 60 ] loss: 0.601
[ 50 / 60 ] loss: 0.608
[ 51 / 60 ] loss: 0.473
[ 52 / 60 ] loss: 0.265
[ 53 / 60 ] loss: 0.500
[ 54 / 60 ] loss: 0.661
[ 55 / 60 ] loss: 0.762
[ 56 / 60 ] loss: 0.394
[ 57 / 60 ] loss: 0.553
[ 58 / 60 ] loss: 0.342
[ 59 / 60 ] loss: 0.493
[ 60 / 60 ] loss: 0.237
0.547503903011481
Accuracy: 0.720339 -- Precision: 0.752000 -- Recall: 0.728682 -- F1: 0.740157 -- AUC: 0.787582
========= epoch: 2 ==============
[ 1 / 60 ] loss: 0.264
[ 2 / 60 ] loss: 0.401
[ 3 / 60 ] loss: 0.187
[ 4 / 60 ] loss: 0.235
[ 5 / 60 ] loss: 0.577
[ 6 / 60 ] loss: 0.149
[ 7 / 60 ] loss: 0.275
[ 8 / 60 ] loss: 0.831
[ 9 / 60 ] loss: 0.470
[ 10 / 60 ] loss: 0.197
[ 11 / 60 ] loss: 0.259
[ 12 / 60 ] loss: 0.459
[ 13 / 60 ] loss: 0.431
[ 14 / 60 ] loss: 0.493
[ 15 / 60 ] loss: 0.480
[ 16 / 60 ] loss: 0.554
[ 17 / 60 ] loss: 0.573
[ 18 / 60 ] loss: 0.899
[ 19 / 60 ] loss: 0.251
[ 20 / 60 ] loss: 0.352
[ 21 / 60 ] loss: 0.465
[ 22 / 60 ] loss: 0.690
[ 23 / 60 ] loss: 0.462
[ 24 / 60 ] loss: 0.454
[ 25 / 60 ] loss: 0.345
[ 26 / 60 ] loss: 0.493
[ 27 / 60 ] loss: 0.345
[ 28 / 60 ] loss: 0.660
[ 29 / 60 ] loss: 0.418
[ 30 / 60 ] loss: 0.412
[ 31 / 60 ] loss: 0.567
[ 32 / 60 ] loss: 0.259
[ 33 / 60 ] loss: 0.180
[ 34 / 60 ] loss: 0.505
[ 35 / 60 ] loss: 0.344
[ 36 / 60 ] loss: 0.224
[ 37 / 60 ] loss: 0.563
[ 38 / 60 ] loss: 0.516
[ 39 / 60 ] loss: 0.440
[ 40 / 60 ] loss: 0.696
[ 41 / 60 ] loss: 0.597
[ 42 / 60 ] loss: 0.520
[ 43 / 60 ] loss: 0.682
[ 44 / 60 ] loss: 0.321
[ 45 / 60 ] loss: 0.430
[ 46 / 60 ] loss: 0.598
[ 47 / 60 ] loss: 0.401
[ 48 / 60 ] loss: 0.281
[ 49 / 60 ] loss: 0.315
[ 50 / 60 ] loss: 0.435
[ 51 / 60 ] loss: 0.335
[ 52 / 60 ] loss: 0.690
[ 53 / 60 ] loss: 0.375
[ 54 / 60 ] loss: 0.348
[ 55 / 60 ] loss: 0.416
[ 56 / 60 ] loss: 0.381
[ 57 / 60 ] loss: 0.735
[ 58 / 60 ] loss: 0.433
[ 59 / 60 ] loss: 0.549
[ 60 / 60 ] loss: 0.427
0.4441020575662454
Accuracy: 0.699153 -- Precision: 0.733871 -- Recall: 0.705426 -- F1: 0.719368 -- AUC: 0.767732
========= epoch: 3 ==============
[ 1 / 60 ] loss: 0.216
[ 2 / 60 ] loss: 0.214
[ 3 / 60 ] loss: 0.260
[ 4 / 60 ] loss: 0.617
[ 5 / 60 ] loss: 0.489
[ 6 / 60 ] loss: 0.239
[ 7 / 60 ] loss: 0.262
[ 8 / 60 ] loss: 0.308
[ 9 / 60 ] loss: 0.398
[ 10 / 60 ] loss: 0.297
[ 11 / 60 ] loss: 0.245
[ 12 / 60 ] loss: 0.073
[ 13 / 60 ] loss: 0.316
[ 14 / 60 ] loss: 0.542
[ 15 / 60 ] loss: 0.348
[ 16 / 60 ] loss: 0.088
[ 17 / 60 ] loss: 0.285
[ 18 / 60 ] loss: 0.204
[ 19 / 60 ] loss: 0.271
[ 20 / 60 ] loss: 0.406
[ 21 / 60 ] loss: 0.188
[ 22 / 60 ] loss: 0.382
[ 23 / 60 ] loss: 0.591
[ 24 / 60 ] loss: 0.175
[ 25 / 60 ] loss: 0.210
[ 26 / 60 ] loss: 0.646
[ 27 / 60 ] loss: 0.274
[ 28 / 60 ] loss: 0.437
[ 29 / 60 ] loss: 0.191
[ 30 / 60 ] loss: 0.547
[ 31 / 60 ] loss: 0.369
[ 32 / 60 ] loss: 0.741
[ 33 / 60 ] loss: 0.384
[ 34 / 60 ] loss: 0.400
[ 35 / 60 ] loss: 0.209
[ 36 / 60 ] loss: 0.143
[ 37 / 60 ] loss: 0.184
[ 38 / 60 ] loss: 0.171
[ 39 / 60 ] loss: 0.323
[ 40 / 60 ] loss: 0.150
[ 41 / 60 ] loss: 0.309
[ 42 / 60 ] loss: 0.792
[ 43 / 60 ] loss: 0.165
[ 44 / 60 ] loss: 0.251
[ 45 / 60 ] loss: 0.143
[ 46 / 60 ] loss: 0.198
[ 47 / 60 ] loss: 0.332
[ 48 / 60 ] loss: 0.474
[ 49 / 60 ] loss: 0.290
[ 50 / 60 ] loss: 0.315
[ 51 / 60 ] loss: 0.164
[ 52 / 60 ] loss: 0.420
[ 53 / 60 ] loss: 0.279
[ 54 / 60 ] loss: 0.420
[ 55 / 60 ] loss: 0.645
[ 56 / 60 ] loss: 0.093
[ 57 / 60 ] loss: 0.747
[ 58 / 60 ] loss: 0.145
[ 59 / 60 ] loss: 0.316
[ 60 / 60 ] loss: 1.035
0.3387068928529819
Accuracy: 0.707627 -- Precision: 0.772727 -- Recall: 0.658915 -- F1: 0.711297 -- AUC: 0.788379
========= epoch: 4 ==============
[ 1 / 60 ] loss: 0.195
[ 2 / 60 ] loss: 0.412
[ 3 / 60 ] loss: 0.189
[ 4 / 60 ] loss: 0.197
[ 5 / 60 ] loss: 0.354
[ 6 / 60 ] loss: 0.277
[ 7 / 60 ] loss: 0.451
[ 8 / 60 ] loss: 0.486
[ 9 / 60 ] loss: 0.266
[ 10 / 60 ] loss: 0.238
[ 11 / 60 ] loss: 0.193
[ 12 / 60 ] loss: 0.173
[ 13 / 60 ] loss: 0.159
[ 14 / 60 ] loss: 0.160
[ 15 / 60 ] loss: 0.160
[ 16 / 60 ] loss: 0.105
[ 17 / 60 ] loss: 0.088
[ 18 / 60 ] loss: 0.091
[ 19 / 60 ] loss: 0.275
[ 20 / 60 ] loss: 0.118
[ 21 / 60 ] loss: 0.106
[ 22 / 60 ] loss: 0.292
[ 23 / 60 ] loss: 0.271
[ 24 / 60 ] loss: 0.269
[ 25 / 60 ] loss: 0.496
[ 26 / 60 ] loss: 0.495
[ 27 / 60 ] loss: 0.174
[ 28 / 60 ] loss: 0.020
[ 29 / 60 ] loss: 0.171
[ 30 / 60 ] loss: 0.282
[ 31 / 60 ] loss: 0.300
[ 32 / 60 ] loss: 0.295
[ 33 / 60 ] loss: 0.458
[ 34 / 60 ] loss: 0.077
[ 35 / 60 ] loss: 0.619
[ 36 / 60 ] loss: 0.110
[ 37 / 60 ] loss: 0.165
[ 38 / 60 ] loss: 0.289
[ 39 / 60 ] loss: 0.328
[ 40 / 60 ] loss: 0.171
[ 41 / 60 ] loss: 0.434
[ 42 / 60 ] loss: 0.213
[ 43 / 60 ] loss: 0.242
[ 44 / 60 ] loss: 0.400
[ 45 / 60 ] loss: 0.450
[ 46 / 60 ] loss: 0.253
[ 47 / 60 ] loss: 0.235
[ 48 / 60 ] loss: 0.488
[ 49 / 60 ] loss: 0.201
[ 50 / 60 ] loss: 0.393
[ 51 / 60 ] loss: 0.471
[ 52 / 60 ] loss: 0.205
[ 53 / 60 ] loss: 0.299
[ 54 / 60 ] loss: 0.221
[ 55 / 60 ] loss: 0.549
[ 56 / 60 ] loss: 0.200
[ 57 / 60 ] loss: 0.117
[ 58 / 60 ] loss: 0.225
[ 59 / 60 ] loss: 0.170
[ 60 / 60 ] loss: 0.319
0.2676875811070204
Accuracy: 0.716102 -- Precision: 0.781818 -- Recall: 0.666667 -- F1: 0.719665 -- AUC: 0.811780
========= epoch: 5 ==============
[ 1 / 60 ] loss: 0.107
[ 2 / 60 ] loss: 0.123
[ 3 / 60 ] loss: 0.189
[ 4 / 60 ] loss: 0.248
[ 5 / 60 ] loss: 0.313
[ 6 / 60 ] loss: 0.179
[ 7 / 60 ] loss: 0.178
[ 8 / 60 ] loss: 0.322
[ 9 / 60 ] loss: 0.356
[ 10 / 60 ] loss: 0.188
[ 11 / 60 ] loss: 0.096
[ 12 / 60 ] loss: 0.180
[ 13 / 60 ] loss: 0.037
[ 14 / 60 ] loss: 0.153
[ 15 / 60 ] loss: 0.118
[ 16 / 60 ] loss: 0.176
[ 17 / 60 ] loss: 0.037
[ 18 / 60 ] loss: 0.393
[ 19 / 60 ] loss: 0.242
[ 20 / 60 ] loss: 0.104
[ 21 / 60 ] loss: 0.056
[ 22 / 60 ] loss: 0.183
[ 23 / 60 ] loss: 0.394
[ 24 / 60 ] loss: 0.158
[ 25 / 60 ] loss: 0.533
[ 26 / 60 ] loss: 0.079
[ 27 / 60 ] loss: 0.070
[ 28 / 60 ] loss: 0.129
[ 29 / 60 ] loss: 0.135
[ 30 / 60 ] loss: 0.094
[ 31 / 60 ] loss: 0.213
[ 32 / 60 ] loss: 0.152
[ 33 / 60 ] loss: 0.089
[ 34 / 60 ] loss: 0.040
[ 35 / 60 ] loss: 0.171
[ 36 / 60 ] loss: 0.441
[ 37 / 60 ] loss: 0.205
[ 38 / 60 ] loss: 0.342
[ 39 / 60 ] loss: 0.202
[ 40 / 60 ] loss: 0.381
[ 41 / 60 ] loss: 0.418
[ 42 / 60 ] loss: 0.134
[ 43 / 60 ] loss: 0.096
[ 44 / 60 ] loss: 0.196
[ 45 / 60 ] loss: 0.478
[ 46 / 60 ] loss: 0.219
[ 47 / 60 ] loss: 0.053
[ 48 / 60 ] loss: 0.378
[ 49 / 60 ] loss: 0.206
[ 50 / 60 ] loss: 0.231
[ 51 / 60 ] loss: 0.193
[ 52 / 60 ] loss: 0.179
[ 53 / 60 ] loss: 0.429
[ 54 / 60 ] loss: 0.486
[ 55 / 60 ] loss: 0.265
[ 56 / 60 ] loss: 0.102
[ 57 / 60 ] loss: 0.173
[ 58 / 60 ] loss: 0.163
[ 59 / 60 ] loss: 0.271
[ 60 / 60 ] loss: 0.086
0.20939179981748263
Accuracy: 0.733051 -- Precision: 0.735714 -- Recall: 0.798450 -- F1: 0.765799 -- AUC: 0.813084
保存模型参数
========= epoch: 6 ==============
[ 1 / 60 ] loss: 0.275
[ 2 / 60 ] loss: 0.166
[ 3 / 60 ] loss: 0.174
[ 4 / 60 ] loss: 0.081
[ 5 / 60 ] loss: 0.127
[ 6 / 60 ] loss: 0.313
[ 7 / 60 ] loss: 0.119
[ 8 / 60 ] loss: 0.134
[ 9 / 60 ] loss: 0.177
[ 10 / 60 ] loss: 0.170
[ 11 / 60 ] loss: 0.088
[ 12 / 60 ] loss: 0.246
[ 13 / 60 ] loss: 0.085
[ 14 / 60 ] loss: 0.128
[ 15 / 60 ] loss: 0.229
[ 16 / 60 ] loss: 0.143
[ 17 / 60 ] loss: 0.199
[ 18 / 60 ] loss: 0.109
[ 19 / 60 ] loss: 0.033
[ 20 / 60 ] loss: 0.020
[ 21 / 60 ] loss: 0.201
[ 22 / 60 ] loss: 0.202
[ 23 / 60 ] loss: 0.034
[ 24 / 60 ] loss: 0.102
[ 25 / 60 ] loss: 0.138
[ 26 / 60 ] loss: 0.272
[ 27 / 60 ] loss: 0.064
[ 28 / 60 ] loss: 0.165
[ 29 / 60 ] loss: 0.042
[ 30 / 60 ] loss: 0.078
[ 31 / 60 ] loss: 0.249
[ 32 / 60 ] loss: 0.292
[ 33 / 60 ] loss: 0.092
[ 34 / 60 ] loss: 0.116
[ 35 / 60 ] loss: 0.078
[ 36 / 60 ] loss: 0.017
[ 37 / 60 ] loss: 0.494
[ 38 / 60 ] loss: 0.155
[ 39 / 60 ] loss: 0.173
[ 40 / 60 ] loss: 0.142
[ 41 / 60 ] loss: 0.047
[ 42 / 60 ] loss: 0.188
[ 43 / 60 ] loss: 0.118
[ 44 / 60 ] loss: 0.136
[ 45 / 60 ] loss: 0.301
[ 46 / 60 ] loss: 0.215
[ 47 / 60 ] loss: 0.107
[ 48 / 60 ] loss: 0.040
[ 49 / 60 ] loss: 0.241
[ 50 / 60 ] loss: 0.298
[ 51 / 60 ] loss: 0.125
[ 52 / 60 ] loss: 0.082
[ 53 / 60 ] loss: 0.136
[ 54 / 60 ] loss: 0.074
[ 55 / 60 ] loss: 0.197
[ 56 / 60 ] loss: 0.162
[ 57 / 60 ] loss: 0.195
[ 58 / 60 ] loss: 0.240
[ 59 / 60 ] loss: 0.498
[ 60 / 60 ] loss: 0.872
0.17323248100777466
Accuracy: 0.741525 -- Precision: 0.803571 -- Recall: 0.697674 -- F1: 0.746888 -- AUC: 0.802507
保存模型参数
========= epoch: 7 ==============
[ 1 / 60 ] loss: 0.038
[ 2 / 60 ] loss: 0.045
[ 3 / 60 ] loss: 0.222
[ 4 / 60 ] loss: 0.457
[ 5 / 60 ] loss: 0.180
[ 6 / 60 ] loss: 0.025
[ 7 / 60 ] loss: 0.325
[ 8 / 60 ] loss: 0.134
[ 9 / 60 ] loss: 0.259
[ 10 / 60 ] loss: 0.128
[ 11 / 60 ] loss: 0.185
[ 12 / 60 ] loss: 0.032
[ 13 / 60 ] loss: 0.173
[ 14 / 60 ] loss: 0.115
[ 15 / 60 ] loss: 0.050
[ 16 / 60 ] loss: 0.303
[ 17 / 60 ] loss: 0.127
[ 18 / 60 ] loss: 0.506
[ 19 / 60 ] loss: 0.093
[ 20 / 60 ] loss: 0.171
[ 21 / 60 ] loss: 0.148
[ 22 / 60 ] loss: 0.088
[ 23 / 60 ] loss: 0.059
[ 24 / 60 ] loss: 0.115
[ 25 / 60 ] loss: 0.119
[ 26 / 60 ] loss: 0.027
[ 27 / 60 ] loss: 0.297
[ 28 / 60 ] loss: 0.078
[ 29 / 60 ] loss: 0.235
[ 30 / 60 ] loss: 0.099
[ 31 / 60 ] loss: 0.109
[ 32 / 60 ] loss: 0.132
[ 33 / 60 ] loss: 0.045
[ 34 / 60 ] loss: 0.111
[ 35 / 60 ] loss: 0.148
[ 36 / 60 ] loss: 0.385
[ 37 / 60 ] loss: 0.247
[ 38 / 60 ] loss: 0.017
[ 39 / 60 ] loss: 0.029
[ 40 / 60 ] loss: 0.312
[ 41 / 60 ] loss: 0.185
[ 42 / 60 ] loss: 0.432
[ 43 / 60 ] loss: 0.069
[ 44 / 60 ] loss: 0.180
[ 45 / 60 ] loss: 0.112
[ 46 / 60 ] loss: 0.100
[ 47 / 60 ] loss: 0.065
[ 48 / 60 ] loss: 0.122
[ 49 / 60 ] loss: 0.248
[ 50 / 60 ] loss: 0.061
[ 51 / 60 ] loss: 0.210
[ 52 / 60 ] loss: 0.088
[ 53 / 60 ] loss: 0.109
[ 54 / 60 ] loss: 0.385
[ 55 / 60 ] loss: 0.376
[ 56 / 60 ] loss: 0.367
[ 57 / 60 ] loss: 0.369
[ 58 / 60 ] loss: 0.177
[ 59 / 60 ] loss: 0.055
[ 60 / 60 ] loss: 0.107
0.16981479401389757
Accuracy: 0.737288 -- Precision: 0.755725 -- Recall: 0.767442 -- F1: 0.761538 -- AUC: 0.786713
========= epoch: 8 ==============
[ 1 / 60 ] loss: 0.125
[ 2 / 60 ] loss: 0.186
[ 3 / 60 ] loss: 0.166
[ 4 / 60 ] loss: 0.195
[ 5 / 60 ] loss: 0.188
[ 6 / 60 ] loss: 0.042
[ 7 / 60 ] loss: 0.309
[ 8 / 60 ] loss: 0.171
[ 9 / 60 ] loss: 0.185
[ 10 / 60 ] loss: 0.151
[ 11 / 60 ] loss: 0.070
[ 12 / 60 ] loss: 0.105
[ 13 / 60 ] loss: 0.132
[ 14 / 60 ] loss: 0.071
[ 15 / 60 ] loss: 0.150
[ 16 / 60 ] loss: 0.075
[ 17 / 60 ] loss: 0.098
[ 18 / 60 ] loss: 0.026
[ 19 / 60 ] loss: 0.165
[ 20 / 60 ] loss: 0.026
[ 21 / 60 ] loss: 0.075
[ 22 / 60 ] loss: 0.145
[ 23 / 60 ] loss: 0.207
[ 24 / 60 ] loss: 0.330
[ 25 / 60 ] loss: 0.031
[ 26 / 60 ] loss: 0.115
[ 27 / 60 ] loss: 0.134
[ 28 / 60 ] loss: 0.055
[ 29 / 60 ] loss: 0.020
[ 30 / 60 ] loss: 0.039
[ 31 / 60 ] loss: 0.293
[ 32 / 60 ] loss: 0.072
[ 33 / 60 ] loss: 0.099
[ 34 / 60 ] loss: 0.280
[ 35 / 60 ] loss: 0.013
[ 36 / 60 ] loss: 0.301
[ 37 / 60 ] loss: 0.194
[ 38 / 60 ] loss: 0.046
[ 39 / 60 ] loss: 0.105
[ 40 / 60 ] loss: 0.155
[ 41 / 60 ] loss: 0.072
[ 42 / 60 ] loss: 0.119
[ 43 / 60 ] loss: 0.080
[ 44 / 60 ] loss: 0.087
[ 45 / 60 ] loss: 0.193
[ 46 / 60 ] loss: 0.256
[ 47 / 60 ] loss: 0.142
[ 48 / 60 ] loss: 0.019
[ 49 / 60 ] loss: 0.157
[ 50 / 60 ] loss: 0.192
[ 51 / 60 ] loss: 0.102
[ 52 / 60 ] loss: 0.180
[ 53 / 60 ] loss: 0.167
[ 54 / 60 ] loss: 0.063
[ 55 / 60 ] loss: 0.020
[ 56 / 60 ] loss: 0.178
[ 57 / 60 ] loss: 0.245
[ 58 / 60 ] loss: 0.202
[ 59 / 60 ] loss: 0.041
[ 60 / 60 ] loss: 0.714
0.14289371447327237
Accuracy: 0.750000 -- Precision: 0.761194 -- Recall: 0.790698 -- F1: 0.775665 -- AUC: 0.785916
保存模型参数
========= epoch: 9 ==============
[ 1 / 60 ] loss: 0.015
[ 2 / 60 ] loss: 0.007
[ 3 / 60 ] loss: 0.077
[ 4 / 60 ] loss: 0.061
[ 5 / 60 ] loss: 0.087
[ 6 / 60 ] loss: 0.219
[ 7 / 60 ] loss: 0.139
[ 8 / 60 ] loss: 0.029
[ 9 / 60 ] loss: 0.020
[ 10 / 60 ] loss: 0.216
[ 11 / 60 ] loss: 0.065
[ 12 / 60 ] loss: 0.276
[ 13 / 60 ] loss: 0.114
[ 14 / 60 ] loss: 0.011
[ 15 / 60 ] loss: 0.129
[ 16 / 60 ] loss: 0.232
[ 17 / 60 ] loss: 0.168
[ 18 / 60 ] loss: 0.026
[ 19 / 60 ] loss: 0.151
[ 20 / 60 ] loss: 0.029
[ 21 / 60 ] loss: 0.172
[ 22 / 60 ] loss: 0.121
[ 23 / 60 ] loss: 0.107
[ 24 / 60 ] loss: 0.187
[ 25 / 60 ] loss: 0.022
[ 26 / 60 ] loss: 0.213
[ 27 / 60 ] loss: 0.142
[ 28 / 60 ] loss: 0.136
[ 29 / 60 ] loss: 0.034
[ 30 / 60 ] loss: 0.025
[ 31 / 60 ] loss: 0.433
[ 32 / 60 ] loss: 0.020
[ 33 / 60 ] loss: 0.040
[ 34 / 60 ] loss: 0.104
[ 35 / 60 ] loss: 0.101
[ 36 / 60 ] loss: 0.028
[ 37 / 60 ] loss: 0.064
[ 38 / 60 ] loss: 0.092
[ 39 / 60 ] loss: 0.116
[ 40 / 60 ] loss: 0.153
[ 41 / 60 ] loss: 0.039
[ 42 / 60 ] loss: 0.052
[ 43 / 60 ] loss: 0.034
[ 44 / 60 ] loss: 0.526
[ 45 / 60 ] loss: 0.286
[ 46 / 60 ] loss: 0.189
[ 47 / 60 ] loss: 0.166
[ 48 / 60 ] loss: 0.048
[ 49 / 60 ] loss: 0.094
[ 50 / 60 ] loss: 0.052
[ 51 / 60 ] loss: 0.145
[ 52 / 60 ] loss: 0.078
[ 53 / 60 ] loss: 0.065
[ 54 / 60 ] loss: 0.120
[ 55 / 60 ] loss: 0.230
[ 56 / 60 ] loss: 0.024
[ 57 / 60 ] loss: 0.104
[ 58 / 60 ] loss: 0.309
[ 59 / 60 ] loss: 0.214
[ 60 / 60 ] loss: 0.028
0.11971351957569519
Accuracy: 0.733051 -- Precision: 0.761905 -- Recall: 0.744186 -- F1: 0.752941 -- AUC: 0.788886
========= epoch: 10 ==============
[ 1 / 60 ] loss: 0.122
[ 2 / 60 ] loss: 0.078
[ 3 / 60 ] loss: 0.014
[ 4 / 60 ] loss: 0.112
[ 5 / 60 ] loss: 0.161
[ 6 / 60 ] loss: 0.143
[ 7 / 60 ] loss: 0.102
[ 8 / 60 ] loss: 0.072
[ 9 / 60 ] loss: 0.019
[ 10 / 60 ] loss: 0.049
[ 11 / 60 ] loss: 0.138
[ 12 / 60 ] loss: 0.010
[ 13 / 60 ] loss: 0.014
[ 14 / 60 ] loss: 0.050
[ 15 / 60 ] loss: 0.058
[ 16 / 60 ] loss: 0.007
[ 17 / 60 ] loss: 0.178
[ 18 / 60 ] loss: 0.045
[ 19 / 60 ] loss: 0.016
[ 20 / 60 ] loss: 0.109
[ 21 / 60 ] loss: 0.080
[ 22 / 60 ] loss: 0.398
[ 23 / 60 ] loss: 0.177
[ 24 / 60 ] loss: 0.122
[ 25 / 60 ] loss: 0.229
[ 26 / 60 ] loss: 0.230
[ 27 / 60 ] loss: 0.005
[ 28 / 60 ] loss: 0.129
[ 29 / 60 ] loss: 0.235
[ 30 / 60 ] loss: 0.023
[ 31 / 60 ] loss: 0.652
[ 32 / 60 ] loss: 0.188
[ 33 / 60 ] loss: 0.268
[ 34 / 60 ] loss: 0.035
[ 35 / 60 ] loss: 0.204
[ 36 / 60 ] loss: 0.068
[ 37 / 60 ] loss: 0.049
[ 38 / 60 ] loss: 0.219
[ 39 / 60 ] loss: 0.154
[ 40 / 60 ] loss: 0.118
[ 41 / 60 ] loss: 0.221
[ 42 / 60 ] loss: 0.168
[ 43 / 60 ] loss: 0.076
[ 44 / 60 ] loss: 0.078
[ 45 / 60 ] loss: 0.082
[ 46 / 60 ] loss: 0.291
[ 47 / 60 ] loss: 0.116
[ 48 / 60 ] loss: 0.062
[ 49 / 60 ] loss: 0.175
[ 50 / 60 ] loss: 0.189
[ 51 / 60 ] loss: 0.163
[ 52 / 60 ] loss: 0.052
[ 53 / 60 ] loss: 0.354
[ 54 / 60 ] loss: 0.242
[ 55 / 60 ] loss: 0.377
[ 56 / 60 ] loss: 0.117
[ 57 / 60 ] loss: 0.051
[ 58 / 60 ] loss: 0.090
[ 59 / 60 ] loss: 0.076
[ 60 / 60 ] loss: 0.002
0.1342984939304491
Accuracy: 0.711864 -- Precision: 0.680473 -- Recall: 0.891473 -- F1: 0.771812 -- AUC: 0.797798
========= epoch: 11 ==============
[ 1 / 60 ] loss: 0.297
[ 2 / 60 ] loss: 0.178
[ 3 / 60 ] loss: 0.096
[ 4 / 60 ] loss: 0.082
[ 5 / 60 ] loss: 0.037
[ 6 / 60 ] loss: 0.075
[ 7 / 60 ] loss: 0.169
[ 8 / 60 ] loss: 0.112
[ 9 / 60 ] loss: 0.175
[ 10 / 60 ] loss: 0.053
[ 11 / 60 ] loss: 0.007
[ 12 / 60 ] loss: 0.038
[ 13 / 60 ] loss: 0.013
[ 14 / 60 ] loss: 0.079
[ 15 / 60 ] loss: 0.252
[ 16 / 60 ] loss: 0.186
[ 17 / 60 ] loss: 0.030
[ 18 / 60 ] loss: 0.025
[ 19 / 60 ] loss: 0.193
[ 20 / 60 ] loss: 0.047
[ 21 / 60 ] loss: 0.242
[ 22 / 60 ] loss: 0.227
[ 23 / 60 ] loss: 0.088
[ 24 / 60 ] loss: 0.076
[ 25 / 60 ] loss: 0.072
[ 26 / 60 ] loss: 0.031
[ 27 / 60 ] loss: 0.030
[ 28 / 60 ] loss: 0.062
[ 29 / 60 ] loss: 0.120
[ 30 / 60 ] loss: 0.061
[ 31 / 60 ] loss: 0.133
[ 32 / 60 ] loss: 0.134
[ 33 / 60 ] loss: 0.056
[ 34 / 60 ] loss: 0.133
[ 35 / 60 ] loss: 0.002
[ 36 / 60 ] loss: 0.012
[ 37 / 60 ] loss: 0.071
[ 38 / 60 ] loss: 0.087
[ 39 / 60 ] loss: 0.254
[ 40 / 60 ] loss: 0.124
[ 41 / 60 ] loss: 0.008
[ 42 / 60 ] loss: 0.025
[ 43 / 60 ] loss: 0.245
[ 44 / 60 ] loss: 0.008
[ 45 / 60 ] loss: 0.045
[ 46 / 60 ] loss: 0.080
[ 47 / 60 ] loss: 0.213
[ 48 / 60 ] loss: 0.040
[ 49 / 60 ] loss: 0.006
[ 50 / 60 ] loss: 0.025
[ 51 / 60 ] loss: 0.196
[ 52 / 60 ] loss: 0.151
[ 53 / 60 ] loss: 0.038
[ 54 / 60 ] loss: 0.119
[ 55 / 60 ] loss: 0.042
[ 56 / 60 ] loss: 0.135
[ 57 / 60 ] loss: 0.162
[ 58 / 60 ] loss: 0.018
[ 59 / 60 ] loss: 0.124
[ 60 / 60 ] loss: 0.002
0.09735354943356166
Accuracy: 0.716102 -- Precision: 0.724638 -- Recall: 0.775194 -- F1: 0.749064 -- AUC: 0.792726
========= epoch: 12 ==============
[ 1 / 60 ] loss: 0.149
[ 2 / 60 ] loss: 0.067
[ 3 / 60 ] loss: 0.026
[ 4 / 60 ] loss: 0.018
[ 5 / 60 ] loss: 0.050
[ 6 / 60 ] loss: 0.058
[ 7 / 60 ] loss: 0.021
[ 8 / 60 ] loss: 0.011
[ 9 / 60 ] loss: 0.005
[ 10 / 60 ] loss: 0.007
[ 11 / 60 ] loss: 0.200
[ 12 / 60 ] loss: 0.143
[ 13 / 60 ] loss: 0.295
[ 14 / 60 ] loss: 0.019
[ 15 / 60 ] loss: 0.019
[ 16 / 60 ] loss: 0.021
[ 17 / 60 ] loss: 0.322
[ 18 / 60 ] loss: 0.057
[ 19 / 60 ] loss: 0.049
[ 20 / 60 ] loss: 0.076
[ 21 / 60 ] loss: 0.060
[ 22 / 60 ] loss: 0.032
[ 23 / 60 ] loss: 0.220
[ 24 / 60 ] loss: 0.130
[ 25 / 60 ] loss: 0.035
[ 26 / 60 ] loss: 0.120
[ 27 / 60 ] loss: 0.024
[ 28 / 60 ] loss: 0.031
[ 29 / 60 ] loss: 0.228
[ 30 / 60 ] loss: 0.022
[ 31 / 60 ] loss: 0.061
[ 32 / 60 ] loss: 0.056
[ 33 / 60 ] loss: 0.159
[ 34 / 60 ] loss: 0.025
[ 35 / 60 ] loss: 0.058
[ 36 / 60 ] loss: 0.059
[ 37 / 60 ] loss: 0.016
[ 38 / 60 ] loss: 0.118
[ 39 / 60 ] loss: 0.113
[ 40 / 60 ] loss: 0.009
[ 41 / 60 ] loss: 0.121
[ 42 / 60 ] loss: 0.022
[ 43 / 60 ] loss: 0.103
[ 44 / 60 ] loss: 0.017
[ 45 / 60 ] loss: 0.251
[ 46 / 60 ] loss: 0.102
[ 47 / 60 ] loss: 0.002
[ 48 / 60 ] loss: 0.073
[ 49 / 60 ] loss: 0.173
[ 50 / 60 ] loss: 0.190
[ 51 / 60 ] loss: 0.048
[ 52 / 60 ] loss: 0.026
[ 53 / 60 ] loss: 0.082
[ 54 / 60 ] loss: 0.121
[ 55 / 60 ] loss: 0.073
[ 56 / 60 ] loss: 0.034
[ 57 / 60 ] loss: 0.190
[ 58 / 60 ] loss: 0.192
[ 59 / 60 ] loss: 0.004
[ 60 / 60 ] loss: 0.003
0.0835511403856799
Accuracy: 0.716102 -- Precision: 0.742188 -- Recall: 0.736434 -- F1: 0.739300 -- AUC: 0.799102
========= epoch: 13 ==============
[ 1 / 60 ] loss: 0.164
[ 2 / 60 ] loss: 0.095
[ 3 / 60 ] loss: 0.157
[ 4 / 60 ] loss: 0.040
[ 5 / 60 ] loss: 0.034
[ 6 / 60 ] loss: 0.015
[ 7 / 60 ] loss: 0.102
[ 8 / 60 ] loss: 0.158
[ 9 / 60 ] loss: 0.030
[ 10 / 60 ] loss: 0.165
[ 11 / 60 ] loss: 0.052
[ 12 / 60 ] loss: 0.024
[ 13 / 60 ] loss: 0.135
[ 14 / 60 ] loss: 0.096
[ 15 / 60 ] loss: 0.236
[ 16 / 60 ] loss: 0.045
[ 17 / 60 ] loss: 0.114
[ 18 / 60 ] loss: 0.086
[ 19 / 60 ] loss: 0.034
[ 20 / 60 ] loss: 0.017
[ 21 / 60 ] loss: 0.095
[ 22 / 60 ] loss: 0.094
[ 23 / 60 ] loss: 0.230
[ 24 / 60 ] loss: 0.145
[ 25 / 60 ] loss: 0.062
[ 26 / 60 ] loss: 0.336
[ 27 / 60 ] loss: 0.064
[ 28 / 60 ] loss: 0.008
[ 29 / 60 ] loss: 0.162
[ 30 / 60 ] loss: 0.020
[ 31 / 60 ] loss: 0.026
[ 32 / 60 ] loss: 0.141
[ 33 / 60 ] loss: 0.008
[ 34 / 60 ] loss: 0.134
[ 35 / 60 ] loss: 0.005
[ 36 / 60 ] loss: 0.018
[ 37 / 60 ] loss: 0.018
[ 38 / 60 ] loss: 0.112
[ 39 / 60 ] loss: 0.074
[ 40 / 60 ] loss: 0.039
[ 41 / 60 ] loss: 0.084
[ 42 / 60 ] loss: 0.056
[ 43 / 60 ] loss: 0.014
[ 44 / 60 ] loss: 0.248
[ 45 / 60 ] loss: 0.085
[ 46 / 60 ] loss: 0.111
[ 47 / 60 ] loss: 0.094
[ 48 / 60 ] loss: 0.037
[ 49 / 60 ] loss: 0.024
[ 50 / 60 ] loss: 0.016
[ 51 / 60 ] loss: 0.185
[ 52 / 60 ] loss: 0.208
[ 53 / 60 ] loss: 0.004
[ 54 / 60 ] loss: 0.003
[ 55 / 60 ] loss: 0.105
[ 56 / 60 ] loss: 0.086
[ 57 / 60 ] loss: 0.103
[ 58 / 60 ] loss: 0.028
[ 59 / 60 ] loss: 0.048
[ 60 / 60 ] loss: 0.011
0.08568967860968163
Accuracy: 0.741525 -- Precision: 0.774194 -- Recall: 0.744186 -- F1: 0.758893 -- AUC: 0.814823
========= epoch: 14 ==============
[ 1 / 60 ] loss: 0.316
[ 2 / 60 ] loss: 0.026
[ 3 / 60 ] loss: 0.038
[ 4 / 60 ] loss: 0.092
[ 5 / 60 ] loss: 0.065
[ 6 / 60 ] loss: 0.034
[ 7 / 60 ] loss: 0.058
[ 8 / 60 ] loss: 0.056
[ 9 / 60 ] loss: 0.119
[ 10 / 60 ] loss: 0.007
[ 11 / 60 ] loss: 0.140
[ 12 / 60 ] loss: 0.185
[ 13 / 60 ] loss: 0.173
[ 14 / 60 ] loss: 0.057
[ 15 / 60 ] loss: 0.029
[ 16 / 60 ] loss: 0.127
[ 17 / 60 ] loss: 0.110
[ 18 / 60 ] loss: 0.005
[ 19 / 60 ] loss: 0.012
[ 20 / 60 ] loss: 0.159
[ 21 / 60 ] loss: 0.089
[ 22 / 60 ] loss: 0.125
[ 23 / 60 ] loss: 0.003
[ 24 / 60 ] loss: 0.163
[ 25 / 60 ] loss: 0.162
[ 26 / 60 ] loss: 0.328
[ 27 / 60 ] loss: 0.049
[ 28 / 60 ] loss: 0.014
[ 29 / 60 ] loss: 0.032
[ 30 / 60 ] loss: 0.014
[ 31 / 60 ] loss: 0.086
[ 32 / 60 ] loss: 0.324
[ 33 / 60 ] loss: 0.027
[ 34 / 60 ] loss: 0.077
[ 35 / 60 ] loss: 0.018
[ 36 / 60 ] loss: 0.073
[ 37 / 60 ] loss: 0.176
[ 38 / 60 ] loss: 0.292
[ 39 / 60 ] loss: 0.071
[ 40 / 60 ] loss: 0.072
[ 41 / 60 ] loss: 0.035
[ 42 / 60 ] loss: 0.508
[ 43 / 60 ] loss: 0.064
[ 44 / 60 ] loss: 0.072
[ 45 / 60 ] loss: 0.025
[ 46 / 60 ] loss: 0.083
[ 47 / 60 ] loss: 0.021
[ 48 / 60 ] loss: 0.141
[ 49 / 60 ] loss: 0.225
[ 50 / 60 ] loss: 0.185
[ 51 / 60 ] loss: 0.160
[ 52 / 60 ] loss: 0.180
[ 53 / 60 ] loss: 0.191
[ 54 / 60 ] loss: 0.060
[ 55 / 60 ] loss: 0.085
[ 56 / 60 ] loss: 0.128
[ 57 / 60 ] loss: 0.176
[ 58 / 60 ] loss: 0.193
[ 59 / 60 ] loss: 0.197
[ 60 / 60 ] loss: 0.006
0.11232449201246103
Accuracy: 0.699153 -- Precision: 0.688312 -- Recall: 0.821705 -- F1: 0.749117 -- AUC: 0.772223
========= epoch: 15 ==============
[ 1 / 60 ] loss: 0.151
[ 2 / 60 ] loss: 0.021
[ 3 / 60 ] loss: 0.081
[ 4 / 60 ] loss: 0.038
[ 5 / 60 ] loss: 0.010
[ 6 / 60 ] loss: 0.164
[ 7 / 60 ] loss: 0.025
[ 8 / 60 ] loss: 0.019
[ 9 / 60 ] loss: 0.232
[ 10 / 60 ] loss: 0.203
[ 11 / 60 ] loss: 0.115
[ 12 / 60 ] loss: 0.032
[ 13 / 60 ] loss: 0.016
[ 14 / 60 ] loss: 0.053
[ 15 / 60 ] loss: 0.004
[ 16 / 60 ] loss: 0.024
[ 17 / 60 ] loss: 0.024
[ 18 / 60 ] loss: 0.007
[ 19 / 60 ] loss: 0.022
[ 20 / 60 ] loss: 0.116
[ 21 / 60 ] loss: 0.052
[ 22 / 60 ] loss: 0.051
[ 23 / 60 ] loss: 0.128
[ 24 / 60 ] loss: 0.013
[ 25 / 60 ] loss: 0.171
[ 26 / 60 ] loss: 0.022
[ 27 / 60 ] loss: 0.037
[ 28 / 60 ] loss: 0.178
[ 29 / 60 ] loss: 0.045
[ 30 / 60 ] loss: 0.117
[ 31 / 60 ] loss: 0.072
[ 32 / 60 ] loss: 0.133
[ 33 / 60 ] loss: 0.158
[ 34 / 60 ] loss: 0.109
[ 35 / 60 ] loss: 0.067
[ 36 / 60 ] loss: 0.035
[ 37 / 60 ] loss: 0.055
[ 38 / 60 ] loss: 0.098
[ 39 / 60 ] loss: 0.019
[ 40 / 60 ] loss: 0.427
[ 41 / 60 ] loss: 0.120
[ 42 / 60 ] loss: 0.247
[ 43 / 60 ] loss: 0.042
[ 44 / 60 ] loss: 0.120
[ 45 / 60 ] loss: 0.091
[ 46 / 60 ] loss: 0.322
[ 47 / 60 ] loss: 0.108
[ 48 / 60 ] loss: 0.190
[ 49 / 60 ] loss: 0.214
[ 50 / 60 ] loss: 0.240
[ 51 / 60 ] loss: 0.134
[ 52 / 60 ] loss: 0.094
[ 53 / 60 ] loss: 0.031
[ 54 / 60 ] loss: 0.066
[ 55 / 60 ] loss: 0.045
[ 56 / 60 ] loss: 0.244
[ 57 / 60 ] loss: 0.229
[ 58 / 60 ] loss: 0.062
[ 59 / 60 ] loss: 0.256
[ 60 / 60 ] loss: 0.220
0.10687200936954469
Accuracy: 0.745763 -- Precision: 0.755556 -- Recall: 0.790698 -- F1: 0.772727 -- AUC: 0.802507
========= epoch: 16 ==============
[ 1 / 60 ] loss: 0.050
[ 2 / 60 ] loss: 0.058
[ 3 / 60 ] loss: 0.110
[ 4 / 60 ] loss: 0.056
[ 5 / 60 ] loss: 0.060
[ 6 / 60 ] loss: 0.052
[ 7 / 60 ] loss: 0.125
[ 8 / 60 ] loss: 0.487
[ 9 / 60 ] loss: 0.326
[ 10 / 60 ] loss: 0.050
[ 11 / 60 ] loss: 0.145
[ 12 / 60 ] loss: 0.038
[ 13 / 60 ] loss: 0.021
[ 14 / 60 ] loss: 0.093
[ 15 / 60 ] loss: 0.136
[ 16 / 60 ] loss: 0.216
[ 17 / 60 ] loss: 0.018
[ 18 / 60 ] loss: 0.317
[ 19 / 60 ] loss: 0.038
[ 20 / 60 ] loss: 0.078
[ 21 / 60 ] loss: 0.028
[ 22 / 60 ] loss: 0.040
[ 23 / 60 ] loss: 0.159
[ 24 / 60 ] loss: 0.385
[ 25 / 60 ] loss: 0.037
[ 26 / 60 ] loss: 0.067
[ 27 / 60 ] loss: 0.203
[ 28 / 60 ] loss: 0.121
[ 29 / 60 ] loss: 0.249
[ 30 / 60 ] loss: 0.246
[ 31 / 60 ] loss: 0.058
[ 32 / 60 ] loss: 0.014
[ 33 / 60 ] loss: 0.040
[ 34 / 60 ] loss: 0.033
[ 35 / 60 ] loss: 0.331
[ 36 / 60 ] loss: 0.311
[ 37 / 60 ] loss: 0.024
[ 38 / 60 ] loss: 0.015
[ 39 / 60 ] loss: 0.060
[ 40 / 60 ] loss: 0.041
[ 41 / 60 ] loss: 0.049
[ 42 / 60 ] loss: 0.175
[ 43 / 60 ] loss: 0.090
[ 44 / 60 ] loss: 0.130
[ 45 / 60 ] loss: 0.279
[ 46 / 60 ] loss: 0.058
[ 47 / 60 ] loss: 0.189
[ 48 / 60 ] loss: 0.205
[ 49 / 60 ] loss: 0.111
[ 50 / 60 ] loss: 0.013
[ 51 / 60 ] loss: 0.145
[ 52 / 60 ] loss: 0.146
[ 53 / 60 ] loss: 0.026
[ 54 / 60 ] loss: 0.077
[ 55 / 60 ] loss: 0.078
[ 56 / 60 ] loss: 0.275
[ 57 / 60 ] loss: 0.166
[ 58 / 60 ] loss: 0.015
[ 59 / 60 ] loss: 0.024
[ 60 / 60 ] loss: 0.003
0.11985011029367645
Accuracy: 0.741525 -- Precision: 0.753731 -- Recall: 0.782946 -- F1: 0.768061 -- AUC: 0.812939
========= epoch: 17 ==============
[ 1 / 60 ] loss: 0.150
[ 2 / 60 ] loss: 0.080
[ 3 / 60 ] loss: 0.246
[ 4 / 60 ] loss: 0.170
[ 5 / 60 ] loss: 0.030
[ 6 / 60 ] loss: 0.044
[ 7 / 60 ] loss: 0.016
[ 8 / 60 ] loss: 0.017
[ 9 / 60 ] loss: 0.046
[ 10 / 60 ] loss: 0.026
[ 11 / 60 ] loss: 0.094
[ 12 / 60 ] loss: 0.187
[ 13 / 60 ] loss: 0.049
[ 14 / 60 ] loss: 0.097
[ 15 / 60 ] loss: 0.014
[ 16 / 60 ] loss: 0.032
[ 17 / 60 ] loss: 0.006
[ 18 / 60 ] loss: 0.147
[ 19 / 60 ] loss: 0.061
[ 20 / 60 ] loss: 0.250
[ 21 / 60 ] loss: 0.237
[ 22 / 60 ] loss: 0.058
[ 23 / 60 ] loss: 0.053
[ 24 / 60 ] loss: 0.029
[ 25 / 60 ] loss: 0.053
[ 26 / 60 ] loss: 0.010
[ 27 / 60 ] loss: 0.303
[ 28 / 60 ] loss: 0.054
[ 29 / 60 ] loss: 0.171
[ 30 / 60 ] loss: 0.062
[ 31 / 60 ] loss: 0.160
[ 32 / 60 ] loss: 0.037
[ 33 / 60 ] loss: 0.041
[ 34 / 60 ] loss: 0.031
[ 35 / 60 ] loss: 0.253
[ 36 / 60 ] loss: 0.030
[ 37 / 60 ] loss: 0.024
[ 38 / 60 ] loss: 0.043
[ 39 / 60 ] loss: 0.084
[ 40 / 60 ] loss: 0.153
[ 41 / 60 ] loss: 0.084
[ 42 / 60 ] loss: 0.068
[ 43 / 60 ] loss: 0.160
[ 44 / 60 ] loss: 0.048
[ 45 / 60 ] loss: 0.103
[ 46 / 60 ] loss: 0.253
[ 47 / 60 ] loss: 0.128
[ 48 / 60 ] loss: 0.167
[ 49 / 60 ] loss: 0.098
[ 50 / 60 ] loss: 0.152
[ 51 / 60 ] loss: 0.146
[ 52 / 60 ] loss: 0.020
[ 53 / 60 ] loss: 0.048
[ 54 / 60 ] loss: 0.312
[ 55 / 60 ] loss: 0.398
[ 56 / 60 ] loss: 0.064
[ 57 / 60 ] loss: 0.184
[ 58 / 60 ] loss: 0.065
[ 59 / 60 ] loss: 0.017
[ 60 / 60 ] loss: 0.001
0.10271215214161203
Accuracy: 0.716102 -- Precision: 0.703947 -- Recall: 0.829457 -- F1: 0.761566 -- AUC: 0.788814
========= epoch: 18 ==============
[ 1 / 60 ] loss: 0.198
[ 2 / 60 ] loss: 0.183
[ 3 / 60 ] loss: 0.138
[ 4 / 60 ] loss: 0.027
[ 5 / 60 ] loss: 0.035
[ 6 / 60 ] loss: 0.079
[ 7 / 60 ] loss: 0.076
[ 8 / 60 ] loss: 0.047
[ 9 / 60 ] loss: 0.110
[ 10 / 60 ] loss: 0.025
[ 11 / 60 ] loss: 0.075
[ 12 / 60 ] loss: 0.017
[ 13 / 60 ] loss: 0.329
[ 14 / 60 ] loss: 0.015
[ 15 / 60 ] loss: 0.015
[ 16 / 60 ] loss: 0.110
[ 17 / 60 ] loss: 0.100
[ 18 / 60 ] loss: 0.091
[ 19 / 60 ] loss: 0.013
[ 20 / 60 ] loss: 0.012
[ 21 / 60 ] loss: 0.072
[ 22 / 60 ] loss: 0.019
[ 23 / 60 ] loss: 0.026
[ 24 / 60 ] loss: 0.006
[ 25 / 60 ] loss: 0.164
[ 26 / 60 ] loss: 0.261
[ 27 / 60 ] loss: 0.174
[ 28 / 60 ] loss: 0.051
[ 29 / 60 ] loss: 0.094
[ 30 / 60 ] loss: 0.072
[ 31 / 60 ] loss: 0.072
[ 32 / 60 ] loss: 0.080
[ 33 / 60 ] loss: 0.106
[ 34 / 60 ] loss: 0.234
[ 35 / 60 ] loss: 0.048
[ 36 / 60 ] loss: 0.027
[ 37 / 60 ] loss: 0.036
[ 38 / 60 ] loss: 0.009
[ 39 / 60 ] loss: 0.083
[ 40 / 60 ] loss: 0.080
[ 41 / 60 ] loss: 0.185
[ 42 / 60 ] loss: 0.005
[ 43 / 60 ] loss: 0.037
[ 44 / 60 ] loss: 0.066
[ 45 / 60 ] loss: 0.058
[ 46 / 60 ] loss: 0.083
[ 47 / 60 ] loss: 0.048
[ 48 / 60 ] loss: 0.009
[ 49 / 60 ] loss: 0.060
[ 50 / 60 ] loss: 0.339
[ 51 / 60 ] loss: 0.020
[ 52 / 60 ] loss: 0.073
[ 53 / 60 ] loss: 0.096
[ 54 / 60 ] loss: 0.014
[ 55 / 60 ] loss: 0.002
[ 56 / 60 ] loss: 0.045
[ 57 / 60 ] loss: 0.001
[ 58 / 60 ] loss: 0.002
[ 59 / 60 ] loss: 0.025
[ 60 / 60 ] loss: 0.223
0.08003182704560459
Accuracy: 0.720339 -- Precision: 0.740458 -- Recall: 0.751938 -- F1: 0.746154 -- AUC: 0.765703
========= epoch: 19 ==============
[ 1 / 60 ] loss: 0.005
[ 2 / 60 ] loss: 0.214
[ 3 / 60 ] loss: 0.011
[ 4 / 60 ] loss: 0.044
[ 5 / 60 ] loss: 0.001
[ 6 / 60 ] loss: 0.002
[ 7 / 60 ] loss: 0.068
[ 8 / 60 ] loss: 0.002
[ 9 / 60 ] loss: 0.221
[ 10 / 60 ] loss: 0.087
[ 11 / 60 ] loss: 0.041
[ 12 / 60 ] loss: 0.305
[ 13 / 60 ] loss: 0.019
[ 14 / 60 ] loss: 0.071
[ 15 / 60 ] loss: 0.016
[ 16 / 60 ] loss: 0.039
[ 17 / 60 ] loss: 0.007
[ 18 / 60 ] loss: 0.036
[ 19 / 60 ] loss: 0.003
[ 20 / 60 ] loss: 0.007
[ 21 / 60 ] loss: 0.072
[ 22 / 60 ] loss: 0.215
[ 23 / 60 ] loss: 0.013
[ 24 / 60 ] loss: 0.138
[ 25 / 60 ] loss: 0.006
[ 26 / 60 ] loss: 0.034
[ 27 / 60 ] loss: 0.058
[ 28 / 60 ] loss: 0.012
[ 29 / 60 ] loss: 0.017
[ 30 / 60 ] loss: 0.008
[ 31 / 60 ] loss: 0.003
[ 32 / 60 ] loss: 0.001
[ 33 / 60 ] loss: 0.003
[ 34 / 60 ] loss: 0.064
[ 35 / 60 ] loss: 0.026
[ 36 / 60 ] loss: 0.084
[ 37 / 60 ] loss: 0.177
[ 38 / 60 ] loss: 0.125
[ 39 / 60 ] loss: 0.110
[ 40 / 60 ] loss: 0.004
[ 41 / 60 ] loss: 0.001
[ 42 / 60 ] loss: 0.105
[ 43 / 60 ] loss: 0.008
[ 44 / 60 ] loss: 0.108
[ 45 / 60 ] loss: 0.010
[ 46 / 60 ] loss: 0.067
[ 47 / 60 ] loss: 0.007
[ 48 / 60 ] loss: 0.038
[ 49 / 60 ] loss: 0.055
[ 50 / 60 ] loss: 0.006
[ 51 / 60 ] loss: 0.021
[ 52 / 60 ] loss: 0.139
[ 53 / 60 ] loss: 0.015
[ 54 / 60 ] loss: 0.028
[ 55 / 60 ] loss: 0.138
[ 56 / 60 ] loss: 0.011
[ 57 / 60 ] loss: 0.037
[ 58 / 60 ] loss: 0.027
[ 59 / 60 ] loss: 0.157
[ 60 / 60 ] loss: 0.001
0.0558332942717243
Accuracy: 0.724576 -- Precision: 0.738806 -- Recall: 0.767442 -- F1: 0.752852 -- AUC: 0.780265
========= epoch: 20 ==============
[ 1 / 60 ] loss: 0.024
[ 2 / 60 ] loss: 0.017
[ 3 / 60 ] loss: 0.133
[ 4 / 60 ] loss: 0.036
[ 5 / 60 ] loss: 0.126
[ 6 / 60 ] loss: 0.031
[ 7 / 60 ] loss: 0.119
[ 8 / 60 ] loss: 0.010
[ 9 / 60 ] loss: 0.039
[ 10 / 60 ] loss: 0.016
[ 11 / 60 ] loss: 0.120
[ 12 / 60 ] loss: 0.044
[ 13 / 60 ] loss: 0.033
[ 14 / 60 ] loss: 0.042
[ 15 / 60 ] loss: 0.061
[ 16 / 60 ] loss: 0.083
[ 17 / 60 ] loss: 0.017
[ 18 / 60 ] loss: 0.003
[ 19 / 60 ] loss: 0.042
[ 20 / 60 ] loss: 0.007
[ 21 / 60 ] loss: 0.104
[ 22 / 60 ] loss: 0.007
[ 23 / 60 ] loss: 0.003
[ 24 / 60 ] loss: 0.054
[ 25 / 60 ] loss: 0.001
[ 26 / 60 ] loss: 0.039
[ 27 / 60 ] loss: 0.008
[ 28 / 60 ] loss: 0.013
[ 29 / 60 ] loss: 0.218
[ 30 / 60 ] loss: 0.006
[ 31 / 60 ] loss: 0.011
[ 32 / 60 ] loss: 0.092
[ 33 / 60 ] loss: 0.010
[ 34 / 60 ] loss: 0.104
[ 35 / 60 ] loss: 0.234
[ 36 / 60 ] loss: 0.357
[ 37 / 60 ] loss: 0.010
[ 38 / 60 ] loss: 0.005
[ 39 / 60 ] loss: 0.112
[ 40 / 60 ] loss: 0.043
[ 41 / 60 ] loss: 0.112
[ 42 / 60 ] loss: 0.011
[ 43 / 60 ] loss: 0.029
[ 44 / 60 ] loss: 0.068
[ 45 / 60 ] loss: 0.074
[ 46 / 60 ] loss: 0.049
[ 47 / 60 ] loss: 0.197
[ 48 / 60 ] loss: 0.002
[ 49 / 60 ] loss: 0.013
[ 50 / 60 ] loss: 0.026
[ 51 / 60 ] loss: 0.008
[ 52 / 60 ] loss: 0.064
[ 53 / 60 ] loss: 0.021
[ 54 / 60 ] loss: 0.008
[ 55 / 60 ] loss: 0.073
[ 56 / 60 ] loss: 0.028
[ 57 / 60 ] loss: 0.113
[ 58 / 60 ] loss: 0.003
[ 59 / 60 ] loss: 0.160
[ 60 / 60 ] loss: 0.102
0.05995195086191719
Accuracy: 0.741525 -- Precision: 0.736111 -- Recall: 0.821705 -- F1: 0.776557 -- AUC: 0.787075
========= epoch: 21 ==============
[ 1 / 60 ] loss: 0.018
[ 2 / 60 ] loss: 0.016
[ 3 / 60 ] loss: 0.006
[ 4 / 60 ] loss: 0.002
[ 5 / 60 ] loss: 0.066
[ 6 / 60 ] loss: 0.037
[ 7 / 60 ] loss: 0.060
[ 8 / 60 ] loss: 0.106
[ 9 / 60 ] loss: 0.002
[ 10 / 60 ] loss: 0.131
[ 11 / 60 ] loss: 0.004
[ 12 / 60 ] loss: 0.005
[ 13 / 60 ] loss: 0.002
[ 14 / 60 ] loss: 0.009
[ 15 / 60 ] loss: 0.001
[ 16 / 60 ] loss: 0.003
[ 17 / 60 ] loss: 0.008
[ 18 / 60 ] loss: 0.008
[ 19 / 60 ] loss: 0.002
[ 20 / 60 ] loss: 0.001
[ 21 / 60 ] loss: 0.001
[ 22 / 60 ] loss: 0.014
[ 23 / 60 ] loss: 0.008
[ 24 / 60 ] loss: 0.090
[ 25 / 60 ] loss: 0.010
[ 26 / 60 ] loss: 0.258
[ 27 / 60 ] loss: 0.003
[ 28 / 60 ] loss: 0.061
[ 29 / 60 ] loss: 0.018
[ 30 / 60 ] loss: 0.012
[ 31 / 60 ] loss: 0.001
[ 32 / 60 ] loss: 0.008
[ 33 / 60 ] loss: 0.015
[ 34 / 60 ] loss: 0.072
[ 35 / 60 ] loss: 0.010
[ 36 / 60 ] loss: 0.003
[ 37 / 60 ] loss: 0.019
[ 38 / 60 ] loss: 0.349
[ 39 / 60 ] loss: 0.004
[ 40 / 60 ] loss: 0.204
[ 41 / 60 ] loss: 0.001
[ 42 / 60 ] loss: 0.141
[ 43 / 60 ] loss: 0.009
[ 44 / 60 ] loss: 0.008
[ 45 / 60 ] loss: 0.004
[ 46 / 60 ] loss: 0.009
[ 47 / 60 ] loss: 0.046
[ 48 / 60 ] loss: 0.060
[ 49 / 60 ] loss: 0.082
[ 50 / 60 ] loss: 0.021
[ 51 / 60 ] loss: 0.021
[ 52 / 60 ] loss: 0.137
[ 53 / 60 ] loss: 0.016
[ 54 / 60 ] loss: 0.105
[ 55 / 60 ] loss: 0.022
[ 56 / 60 ] loss: 0.036
[ 57 / 60 ] loss: 0.138
[ 58 / 60 ] loss: 0.075
[ 59 / 60 ] loss: 0.006
[ 60 / 60 ] loss: 0.001
0.043088609668969484
Accuracy: 0.754237 -- Precision: 0.762963 -- Recall: 0.798450 -- F1: 0.780303 -- AUC: 0.788379
保存模型参数
========= epoch: 22 ==============
[ 1 / 60 ] loss: 0.012
[ 2 / 60 ] loss: 0.011
[ 3 / 60 ] loss: 0.015
[ 4 / 60 ] loss: 0.010
[ 5 / 60 ] loss: 0.016
[ 6 / 60 ] loss: 0.040
[ 7 / 60 ] loss: 0.006
[ 8 / 60 ] loss: 0.089
[ 9 / 60 ] loss: 0.030
[ 10 / 60 ] loss: 0.088
[ 11 / 60 ] loss: 0.050
[ 12 / 60 ] loss: 0.003
[ 13 / 60 ] loss: 0.009
[ 14 / 60 ] loss: 0.004
[ 15 / 60 ] loss: 0.003
[ 16 / 60 ] loss: 0.046
[ 17 / 60 ] loss: 0.019
[ 18 / 60 ] loss: 0.037
[ 19 / 60 ] loss: 0.220
[ 20 / 60 ] loss: 0.006
[ 21 / 60 ] loss: 0.191
[ 22 / 60 ] loss: 0.004
[ 23 / 60 ] loss: 0.001
[ 24 / 60 ] loss: 0.001
[ 25 / 60 ] loss: 0.002
[ 26 / 60 ] loss: 0.000
[ 27 / 60 ] loss: 0.159
[ 28 / 60 ] loss: 0.026
[ 29 / 60 ] loss: 0.002
[ 30 / 60 ] loss: 0.234
[ 31 / 60 ] loss: 0.010
[ 32 / 60 ] loss: 0.142
[ 33 / 60 ] loss: 0.007
[ 34 / 60 ] loss: 0.024
[ 35 / 60 ] loss: 0.012
[ 36 / 60 ] loss: 0.015
[ 37 / 60 ] loss: 0.012
[ 38 / 60 ] loss: 0.041
[ 39 / 60 ] loss: 0.001
[ 40 / 60 ] loss: 0.161
[ 41 / 60 ] loss: 0.007
[ 42 / 60 ] loss: 0.050
[ 43 / 60 ] loss: 0.004
[ 44 / 60 ] loss: 0.043
[ 45 / 60 ] loss: 0.019
[ 46 / 60 ] loss: 0.009
[ 47 / 60 ] loss: 0.002
[ 48 / 60 ] loss: 0.014
[ 49 / 60 ] loss: 0.002
[ 50 / 60 ] loss: 0.003
[ 51 / 60 ] loss: 0.074
[ 52 / 60 ] loss: 0.006
[ 53 / 60 ] loss: 0.007
[ 54 / 60 ] loss: 0.004
[ 55 / 60 ] loss: 0.182
[ 56 / 60 ] loss: 0.003
[ 57 / 60 ] loss: 0.138
[ 58 / 60 ] loss: 0.001
[ 59 / 60 ] loss: 0.229
[ 60 / 60 ] loss: 0.000
0.04259600741740239
Accuracy: 0.750000 -- Precision: 0.733333 -- Recall: 0.852713 -- F1: 0.788530 -- AUC: 0.779468
========= epoch: 23 ==============
[ 1 / 60 ] loss: 0.014
[ 2 / 60 ] loss: 0.020
[ 3 / 60 ] loss: 0.007
[ 4 / 60 ] loss: 0.123
[ 5 / 60 ] loss: 0.005
[ 6 / 60 ] loss: 0.016
[ 7 / 60 ] loss: 0.013
[ 8 / 60 ] loss: 0.006
[ 9 / 60 ] loss: 0.003
[ 10 / 60 ] loss: 0.023
[ 11 / 60 ] loss: 0.016
[ 12 / 60 ] loss: 0.016
[ 13 / 60 ] loss: 0.011
[ 14 / 60 ] loss: 0.011
[ 15 / 60 ] loss: 0.016
[ 16 / 60 ] loss: 0.277
[ 17 / 60 ] loss: 0.078
[ 18 / 60 ] loss: 0.003
[ 19 / 60 ] loss: 0.006
[ 20 / 60 ] loss: 0.014
[ 21 / 60 ] loss: 0.001
[ 22 / 60 ] loss: 0.005
[ 23 / 60 ] loss: 0.003
[ 24 / 60 ] loss: 0.002
[ 25 / 60 ] loss: 0.007
[ 26 / 60 ] loss: 0.088
[ 27 / 60 ] loss: 0.014
[ 28 / 60 ] loss: 0.001
[ 29 / 60 ] loss: 0.156
[ 30 / 60 ] loss: 0.004
[ 31 / 60 ] loss: 0.005
[ 32 / 60 ] loss: 0.136
[ 33 / 60 ] loss: 0.148
[ 34 / 60 ] loss: 0.010
[ 35 / 60 ] loss: 0.025
[ 36 / 60 ] loss: 0.004
[ 37 / 60 ] loss: 0.023
[ 38 / 60 ] loss: 0.160
[ 39 / 60 ] loss: 0.001
[ 40 / 60 ] loss: 0.104
[ 41 / 60 ] loss: 0.008
[ 42 / 60 ] loss: 0.187
[ 43 / 60 ] loss: 0.009
[ 44 / 60 ] loss: 0.003
[ 45 / 60 ] loss: 0.005
[ 46 / 60 ] loss: 0.004
[ 47 / 60 ] loss: 0.025
[ 48 / 60 ] loss: 0.002
[ 49 / 60 ] loss: 0.011
[ 50 / 60 ] loss: 0.051
[ 51 / 60 ] loss: 0.003
[ 52 / 60 ] loss: 0.034
[ 53 / 60 ] loss: 0.001
[ 54 / 60 ] loss: 0.175
[ 55 / 60 ] loss: 0.001
[ 56 / 60 ] loss: 0.114
[ 57 / 60 ] loss: 0.023
[ 58 / 60 ] loss: 0.090
[ 59 / 60 ] loss: 0.062
[ 60 / 60 ] loss: 0.005
0.039763569892966186
Accuracy: 0.758475 -- Precision: 0.736842 -- Recall: 0.868217 -- F1: 0.797153 -- AUC: 0.775302
保存模型参数
========= epoch: 24 ==============
[ 1 / 60 ] loss: 0.006
[ 2 / 60 ] loss: 0.117
[ 3 / 60 ] loss: 0.061
[ 4 / 60 ] loss: 0.003
[ 5 / 60 ] loss: 0.003
[ 6 / 60 ] loss: 0.001
[ 7 / 60 ] loss: 0.044
[ 8 / 60 ] loss: 0.003
[ 9 / 60 ] loss: 0.052
[ 10 / 60 ] loss: 0.050
[ 11 / 60 ] loss: 0.022
[ 12 / 60 ] loss: 0.020
[ 13 / 60 ] loss: 0.003
[ 14 / 60 ] loss: 0.034
[ 15 / 60 ] loss: 0.002
[ 16 / 60 ] loss: 0.078
[ 17 / 60 ] loss: 0.005
[ 18 / 60 ] loss: 0.043
[ 19 / 60 ] loss: 0.083
[ 20 / 60 ] loss: 0.105
[ 21 / 60 ] loss: 0.020
[ 22 / 60 ] loss: 0.165
[ 23 / 60 ] loss: 0.010
[ 24 / 60 ] loss: 0.005
[ 25 / 60 ] loss: 0.004
[ 26 / 60 ] loss: 0.002
[ 27 / 60 ] loss: 0.024
[ 28 / 60 ] loss: 0.012
[ 29 / 60 ] loss: 0.010
[ 30 / 60 ] loss: 0.086
[ 31 / 60 ] loss: 0.017
[ 32 / 60 ] loss: 0.009
[ 33 / 60 ] loss: 0.009
[ 34 / 60 ] loss: 0.015
[ 35 / 60 ] loss: 0.001
[ 36 / 60 ] loss: 0.270
[ 37 / 60 ] loss: 0.174
[ 38 / 60 ] loss: 0.002
[ 39 / 60 ] loss: 0.021
[ 40 / 60 ] loss: 0.010
[ 41 / 60 ] loss: 0.015
[ 42 / 60 ] loss: 0.001
[ 43 / 60 ] loss: 0.004
[ 44 / 60 ] loss: 0.051
[ 45 / 60 ] loss: 0.001
[ 46 / 60 ] loss: 0.002
[ 47 / 60 ] loss: 0.059
[ 48 / 60 ] loss: 0.008
[ 49 / 60 ] loss: 0.050
[ 50 / 60 ] loss: 0.041
[ 51 / 60 ] loss: 0.005
[ 52 / 60 ] loss: 0.002
[ 53 / 60 ] loss: 0.062
[ 54 / 60 ] loss: 0.014
[ 55 / 60 ] loss: 0.001
[ 56 / 60 ] loss: 0.029
[ 57 / 60 ] loss: 0.003
[ 58 / 60 ] loss: 0.055
[ 59 / 60 ] loss: 0.003
[ 60 / 60 ] loss: 0.007
0.033515741701315466
Accuracy: 0.754237 -- Precision: 0.748252 -- Recall: 0.829457 -- F1: 0.786765 -- AUC: 0.792799
========= epoch: 25 ==============
[ 1 / 60 ] loss: 0.001
[ 2 / 60 ] loss: 0.198
[ 3 / 60 ] loss: 0.007
[ 4 / 60 ] loss: 0.001
[ 5 / 60 ] loss: 0.002
[ 6 / 60 ] loss: 0.040
[ 7 / 60 ] loss: 0.002
[ 8 / 60 ] loss: 0.024
[ 9 / 60 ] loss: 0.020
[ 10 / 60 ] loss: 0.013
[ 11 / 60 ] loss: 0.077
[ 12 / 60 ] loss: 0.065
[ 13 / 60 ] loss: 0.001
[ 14 / 60 ] loss: 0.022
[ 15 / 60 ] loss: 0.109
[ 16 / 60 ] loss: 0.013
[ 17 / 60 ] loss: 0.038
[ 18 / 60 ] loss: 0.014
[ 19 / 60 ] loss: 0.502
[ 20 / 60 ] loss: 0.041
[ 21 / 60 ] loss: 0.054
[ 22 / 60 ] loss: 0.043
[ 23 / 60 ] loss: 0.051
[ 24 / 60 ] loss: 0.038
[ 25 / 60 ] loss: 0.056
[ 26 / 60 ] loss: 0.039
[ 27 / 60 ] loss: 0.093
[ 28 / 60 ] loss: 0.037
[ 29 / 60 ] loss: 0.023
[ 30 / 60 ] loss: 0.014
[ 31 / 60 ] loss: 0.002
[ 32 / 60 ] loss: 0.012
[ 33 / 60 ] loss: 0.037
[ 34 / 60 ] loss: 0.006
[ 35 / 60 ] loss: 0.020
[ 36 / 60 ] loss: 0.002
[ 37 / 60 ] loss: 0.016
[ 38 / 60 ] loss: 0.007
[ 39 / 60 ] loss: 0.029
[ 40 / 60 ] loss: 0.001
[ 41 / 60 ] loss: 0.184
[ 42 / 60 ] loss: 0.144
[ 43 / 60 ] loss: 0.111
[ 44 / 60 ] loss: 0.008
[ 45 / 60 ] loss: 0.005
[ 46 / 60 ] loss: 0.083
[ 47 / 60 ] loss: 0.026
[ 48 / 60 ] loss: 0.004
[ 49 / 60 ] loss: 0.003
[ 50 / 60 ] loss: 0.010
[ 51 / 60 ] loss: 0.004
[ 52 / 60 ] loss: 0.003
[ 53 / 60 ] loss: 0.086
[ 54 / 60 ] loss: 0.214
[ 55 / 60 ] loss: 0.025
[ 56 / 60 ] loss: 0.021
[ 57 / 60 ] loss: 0.104
[ 58 / 60 ] loss: 0.054
[ 59 / 60 ] loss: 0.139
[ 60 / 60 ] loss: 0.025
0.05038025575534751
Accuracy: 0.724576 -- Precision: 0.762295 -- Recall: 0.720930 -- F1: 0.741036 -- AUC: 0.791277
========= epoch: 26 ==============
[ 1 / 60 ] loss: 0.039
[ 2 / 60 ] loss: 0.075
[ 3 / 60 ] loss: 0.018
[ 4 / 60 ] loss: 0.008
[ 5 / 60 ] loss: 0.074
[ 6 / 60 ] loss: 0.005
[ 7 / 60 ] loss: 0.006
[ 8 / 60 ] loss: 0.012
[ 9 / 60 ] loss: 0.002
[ 10 / 60 ] loss: 0.013
[ 11 / 60 ] loss: 0.159
[ 12 / 60 ] loss: 0.009
[ 13 / 60 ] loss: 0.012
[ 14 / 60 ] loss: 0.010
[ 15 / 60 ] loss: 0.415
[ 16 / 60 ] loss: 0.004
[ 17 / 60 ] loss: 0.078
[ 18 / 60 ] loss: 0.072
[ 19 / 60 ] loss: 0.182
[ 20 / 60 ] loss: 0.052
[ 21 / 60 ] loss: 0.016
[ 22 / 60 ] loss: 0.004
[ 23 / 60 ] loss: 0.088
[ 24 / 60 ] loss: 0.029
[ 25 / 60 ] loss: 0.023
[ 26 / 60 ] loss: 0.004
[ 27 / 60 ] loss: 0.003
[ 28 / 60 ] loss: 0.049
[ 29 / 60 ] loss: 0.026
[ 30 / 60 ] loss: 0.003
[ 31 / 60 ] loss: 0.024
[ 32 / 60 ] loss: 0.004
[ 33 / 60 ] loss: 0.003
[ 34 / 60 ] loss: 0.035
[ 35 / 60 ] loss: 0.036
[ 36 / 60 ] loss: 0.053
[ 37 / 60 ] loss: 0.039
[ 38 / 60 ] loss: 0.015
[ 39 / 60 ] loss: 0.024
[ 40 / 60 ] loss: 0.094
[ 41 / 60 ] loss: 0.002
[ 42 / 60 ] loss: 0.004
[ 43 / 60 ] loss: 0.001
[ 44 / 60 ] loss: 0.009
[ 45 / 60 ] loss: 0.027
[ 46 / 60 ] loss: 0.007
[ 47 / 60 ] loss: 0.153
[ 48 / 60 ] loss: 0.026
[ 49 / 60 ] loss: 0.440
[ 50 / 60 ] loss: 0.043
[ 51 / 60 ] loss: 0.086
[ 52 / 60 ] loss: 0.062
[ 53 / 60 ] loss: 0.157
[ 54 / 60 ] loss: 0.321
[ 55 / 60 ] loss: 0.078
[ 56 / 60 ] loss: 0.282
[ 57 / 60 ] loss: 0.132
[ 58 / 60 ] loss: 0.057
[ 59 / 60 ] loss: 0.046
[ 60 / 60 ] loss: 0.006
0.0626003037711295
Accuracy: 0.754237 -- Precision: 0.814159 -- Recall: 0.713178 -- F1: 0.760331 -- AUC: 0.788669
========= epoch: 27 ==============
[ 1 / 60 ] loss: 0.161
[ 2 / 60 ] loss: 0.093
[ 3 / 60 ] loss: 0.082
[ 4 / 60 ] loss: 0.274
[ 5 / 60 ] loss: 0.543
[ 6 / 60 ] loss: 0.007
[ 7 / 60 ] loss: 0.003
[ 8 / 60 ] loss: 0.027
[ 9 / 60 ] loss: 0.084
[ 10 / 60 ] loss: 0.012
[ 11 / 60 ] loss: 0.245
[ 12 / 60 ] loss: 0.102
[ 13 / 60 ] loss: 0.215
[ 14 / 60 ] loss: 0.491
[ 15 / 60 ] loss: 0.089
[ 16 / 60 ] loss: 0.318
[ 17 / 60 ] loss: 0.068
[ 18 / 60 ] loss: 0.075
[ 19 / 60 ] loss: 0.072
[ 20 / 60 ] loss: 0.049
[ 21 / 60 ] loss: 0.084
[ 22 / 60 ] loss: 0.111
[ 23 / 60 ] loss: 0.084
[ 24 / 60 ] loss: 0.380
[ 25 / 60 ] loss: 0.417
[ 26 / 60 ] loss: 0.015
[ 27 / 60 ] loss: 0.012
[ 28 / 60 ] loss: 0.188
[ 29 / 60 ] loss: 0.609
[ 30 / 60 ] loss: 0.103
[ 31 / 60 ] loss: 0.059
[ 32 / 60 ] loss: 0.390
[ 33 / 60 ] loss: 0.099
[ 34 / 60 ] loss: 0.068
[ 35 / 60 ] loss: 0.240
[ 36 / 60 ] loss: 0.036
[ 37 / 60 ] loss: 0.072
[ 38 / 60 ] loss: 0.083
[ 39 / 60 ] loss: 0.097
[ 40 / 60 ] loss: 0.029
[ 41 / 60 ] loss: 0.128
[ 42 / 60 ] loss: 0.013
[ 43 / 60 ] loss: 0.071
[ 44 / 60 ] loss: 0.023
[ 45 / 60 ] loss: 0.016
[ 46 / 60 ] loss: 0.112
[ 47 / 60 ] loss: 0.090
[ 48 / 60 ] loss: 0.071
[ 49 / 60 ] loss: 0.015
[ 50 / 60 ] loss: 0.040
[ 51 / 60 ] loss: 0.009
[ 52 / 60 ] loss: 0.126
[ 53 / 60 ] loss: 0.009
[ 54 / 60 ] loss: 0.222
[ 55 / 60 ] loss: 0.094
[ 56 / 60 ] loss: 0.012
[ 57 / 60 ] loss: 0.035
[ 58 / 60 ] loss: 0.247
[ 59 / 60 ] loss: 0.083
[ 60 / 60 ] loss: 0.007
0.12674213697900996
Accuracy: 0.737288 -- Precision: 0.744526 -- Recall: 0.790698 -- F1: 0.766917 -- AUC: 0.781642
========= epoch: 28 ==============
[ 1 / 60 ] loss: 0.116
[ 2 / 60 ] loss: 0.010
[ 3 / 60 ] loss: 0.030
[ 4 / 60 ] loss: 0.089
[ 5 / 60 ] loss: 0.044
[ 6 / 60 ] loss: 0.176
[ 7 / 60 ] loss: 0.334
[ 8 / 60 ] loss: 0.059
[ 9 / 60 ] loss: 0.016
[ 10 / 60 ] loss: 0.097
[ 11 / 60 ] loss: 0.028
[ 12 / 60 ] loss: 0.051
[ 13 / 60 ] loss: 0.026
[ 14 / 60 ] loss: 0.028
[ 15 / 60 ] loss: 0.142
[ 16 / 60 ] loss: 0.163
[ 17 / 60 ] loss: 0.005
[ 18 / 60 ] loss: 0.047
[ 19 / 60 ] loss: 0.065
[ 20 / 60 ] loss: 0.075
[ 21 / 60 ] loss: 0.188
[ 22 / 60 ] loss: 0.054
[ 23 / 60 ] loss: 0.016
[ 24 / 60 ] loss: 0.116
[ 25 / 60 ] loss: 0.007
[ 26 / 60 ] loss: 0.196
[ 27 / 60 ] loss: 0.041
[ 28 / 60 ] loss: 0.064
[ 29 / 60 ] loss: 0.066
[ 30 / 60 ] loss: 0.027
[ 31 / 60 ] loss: 0.007
[ 32 / 60 ] loss: 0.068
[ 33 / 60 ] loss: 0.016
[ 34 / 60 ] loss: 0.026
[ 35 / 60 ] loss: 0.017
[ 36 / 60 ] loss: 0.010
[ 37 / 60 ] loss: 0.132
[ 38 / 60 ] loss: 0.028
[ 39 / 60 ] loss: 0.099
[ 40 / 60 ] loss: 0.004
[ 41 / 60 ] loss: 0.004
[ 42 / 60 ] loss: 0.013
[ 43 / 60 ] loss: 0.009
[ 44 / 60 ] loss: 0.008
[ 45 / 60 ] loss: 0.004
[ 46 / 60 ] loss: 0.340
[ 47 / 60 ] loss: 0.010
[ 48 / 60 ] loss: 0.003
[ 49 / 60 ] loss: 0.091
[ 50 / 60 ] loss: 0.023
[ 51 / 60 ] loss: 0.007
[ 52 / 60 ] loss: 0.077
[ 53 / 60 ] loss: 0.006
[ 54 / 60 ] loss: 0.013
[ 55 / 60 ] loss: 0.057
[ 56 / 60 ] loss: 0.026
[ 57 / 60 ] loss: 0.057
[ 58 / 60 ] loss: 0.079
[ 59 / 60 ] loss: 0.004
[ 60 / 60 ] loss: 0.238
0.06426056998316199
Accuracy: 0.733051 -- Precision: 0.735714 -- Recall: 0.798450 -- F1: 0.765799 -- AUC: 0.801130
========= epoch: 29 ==============
[ 1 / 60 ] loss: 0.005
[ 2 / 60 ] loss: 0.020
[ 3 / 60 ] loss: 0.002
[ 4 / 60 ] loss: 0.008
[ 5 / 60 ] loss: 0.002
[ 6 / 60 ] loss: 0.012
[ 7 / 60 ] loss: 0.423
[ 8 / 60 ] loss: 0.002
[ 9 / 60 ] loss: 0.079
[ 10 / 60 ] loss: 0.165
[ 11 / 60 ] loss: 0.045
[ 12 / 60 ] loss: 0.014
[ 13 / 60 ] loss: 0.026
[ 14 / 60 ] loss: 0.006
[ 15 / 60 ] loss: 0.002
[ 16 / 60 ] loss: 0.035
[ 17 / 60 ] loss: 0.011
[ 18 / 60 ] loss: 0.001
[ 19 / 60 ] loss: 0.067
[ 20 / 60 ] loss: 0.070
[ 21 / 60 ] loss: 0.106
[ 22 / 60 ] loss: 0.243
[ 23 / 60 ] loss: 0.009
[ 24 / 60 ] loss: 0.058
[ 25 / 60 ] loss: 0.124
[ 26 / 60 ] loss: 0.021
[ 27 / 60 ] loss: 0.010
[ 28 / 60 ] loss: 0.008
[ 29 / 60 ] loss: 0.128
[ 30 / 60 ] loss: 0.042
[ 31 / 60 ] loss: 0.064
[ 32 / 60 ] loss: 0.010
[ 33 / 60 ] loss: 0.019
[ 34 / 60 ] loss: 0.001
[ 35 / 60 ] loss: 0.013
[ 36 / 60 ] loss: 0.201
[ 37 / 60 ] loss: 0.019
[ 38 / 60 ] loss: 0.003
[ 39 / 60 ] loss: 0.088
[ 40 / 60 ] loss: 0.118
[ 41 / 60 ] loss: 0.023
[ 42 / 60 ] loss: 0.015
[ 43 / 60 ] loss: 0.060
[ 44 / 60 ] loss: 0.094
[ 45 / 60 ] loss: 0.005
[ 46 / 60 ] loss: 0.002
[ 47 / 60 ] loss: 0.313
[ 48 / 60 ] loss: 0.076
[ 49 / 60 ] loss: 0.323
[ 50 / 60 ] loss: 0.062
[ 51 / 60 ] loss: 0.053
[ 52 / 60 ] loss: 0.014
[ 53 / 60 ] loss: 0.068
[ 54 / 60 ] loss: 0.116
[ 55 / 60 ] loss: 0.029
[ 56 / 60 ] loss: 0.011
[ 57 / 60 ] loss: 0.072
[ 58 / 60 ] loss: 0.029
[ 59 / 60 ] loss: 0.039
[ 60 / 60 ] loss: 0.013
0.06163515819935128
Accuracy: 0.750000 -- Precision: 0.791667 -- Recall: 0.736434 -- F1: 0.763052 -- AUC: 0.780555
