nohup: ignoring input
训练集: 946
测试集: 237
Some weights of the model checkpoint at bert-base-uncased were not used when initializing BertModel: ['cls.seq_relationship.bias', 'cls.predictions.transform.dense.weight', 'cls.seq_relationship.weight', 'cls.predictions.transform.dense.bias', 'cls.predictions.transform.LayerNorm.weight', 'cls.predictions.decoder.weight', 'cls.predictions.bias', 'cls.predictions.transform.LayerNorm.bias']
- This IS expected if you are initializing BertModel from the checkpoint of a model trained on another task or with another architecture (e.g. initializing a BertForSequenceClassification model from a BertForPreTraining model).
- This IS NOT expected if you are initializing BertModel from the checkpoint of a model that you expect to be exactly identical (initializing a BertForSequenceClassification model from a BertForSequenceClassification model).
/root/anaconda3/envs/evapatch/lib/python3.6/site-packages/transformers/optimization.py:309: FutureWarning: This implementation of AdamW is deprecated and will be removed in a future version. Use the PyTorch implementation torch.optim.AdamW instead, or set `no_deprecation_warning=True` to disable this warning
  FutureWarning,
-------------- start training --------------- 

========= epoch: 0 ==============
[ 1 / 60 ] loss: 0.691
[ 2 / 60 ] loss: 0.704
[ 3 / 60 ] loss: 0.678
[ 4 / 60 ] loss: 0.660
[ 5 / 60 ] loss: 0.661
[ 6 / 60 ] loss: 0.839
Token indices sequence length is longer than the specified maximum sequence length for this model (562 > 512). Running this sequence through the model will result in indexing errors
[ 7 / 60 ] loss: 0.659
[ 8 / 60 ] loss: 0.633
[ 9 / 60 ] loss: 0.657
[ 10 / 60 ] loss: 0.657
[ 11 / 60 ] loss: 0.688
[ 12 / 60 ] loss: 0.747
[ 13 / 60 ] loss: 0.683
[ 14 / 60 ] loss: 0.707
[ 15 / 60 ] loss: 0.730
[ 16 / 60 ] loss: 0.684
[ 17 / 60 ] loss: 0.694
[ 18 / 60 ] loss: 0.703
[ 19 / 60 ] loss: 0.661
[ 20 / 60 ] loss: 0.692
[ 21 / 60 ] loss: 0.674
[ 22 / 60 ] loss: 0.675
[ 23 / 60 ] loss: 0.685
[ 24 / 60 ] loss: 0.667
[ 25 / 60 ] loss: 0.685
[ 26 / 60 ] loss: 0.684
[ 27 / 60 ] loss: 0.709
[ 28 / 60 ] loss: 0.690
[ 29 / 60 ] loss: 0.681
[ 30 / 60 ] loss: 0.663
[ 31 / 60 ] loss: 0.694
[ 32 / 60 ] loss: 0.663
[ 33 / 60 ] loss: 0.674
[ 34 / 60 ] loss: 0.680
[ 35 / 60 ] loss: 0.674
[ 36 / 60 ] loss: 0.650
[ 37 / 60 ] loss: 0.684
[ 38 / 60 ] loss: 0.655
[ 39 / 60 ] loss: 0.648
[ 40 / 60 ] loss: 0.635
[ 41 / 60 ] loss: 0.622
[ 42 / 60 ] loss: 0.611
[ 43 / 60 ] loss: 0.680
[ 44 / 60 ] loss: 0.504
[ 45 / 60 ] loss: 0.552
[ 46 / 60 ] loss: 0.712
[ 47 / 60 ] loss: 0.648
[ 48 / 60 ] loss: 0.573
[ 49 / 60 ] loss: 0.661
[ 50 / 60 ] loss: 0.701
[ 51 / 60 ] loss: 0.603
[ 52 / 60 ] loss: 0.837
[ 53 / 60 ] loss: 0.792
[ 54 / 60 ] loss: 0.798
[ 55 / 60 ] loss: 0.639
[ 56 / 60 ] loss: 0.633
[ 57 / 60 ] loss: 0.617
[ 58 / 60 ] loss: 0.679
[ 59 / 60 ] loss: 0.724
[ 60 / 60 ] loss: 0.545
0.6737580349047979
Accuracy: 0.472574 -- Precision: 0.857143 -- Recall: 0.046154 -- F1: 0.087591 -- AUC: 0.733789
保存模型参数
========= epoch: 1 ==============
[ 1 / 60 ] loss: 0.667
[ 2 / 60 ] loss: 0.698
[ 3 / 60 ] loss: 0.698
[ 4 / 60 ] loss: 0.624
[ 5 / 60 ] loss: 0.682
[ 6 / 60 ] loss: 0.579
[ 7 / 60 ] loss: 0.634
[ 8 / 60 ] loss: 0.619
[ 9 / 60 ] loss: 0.632
[ 10 / 60 ] loss: 0.711
[ 11 / 60 ] loss: 0.546
[ 12 / 60 ] loss: 0.653
[ 13 / 60 ] loss: 0.660
[ 14 / 60 ] loss: 0.685
[ 15 / 60 ] loss: 0.648
[ 16 / 60 ] loss: 0.557
[ 17 / 60 ] loss: 0.691
[ 18 / 60 ] loss: 0.422
[ 19 / 60 ] loss: 0.698
[ 20 / 60 ] loss: 0.784
[ 21 / 60 ] loss: 0.704
[ 22 / 60 ] loss: 0.653
[ 23 / 60 ] loss: 0.543
[ 24 / 60 ] loss: 0.639
[ 25 / 60 ] loss: 0.741
[ 26 / 60 ] loss: 0.587
[ 27 / 60 ] loss: 0.499
[ 28 / 60 ] loss: 0.741
[ 29 / 60 ] loss: 0.659
[ 30 / 60 ] loss: 0.677
[ 31 / 60 ] loss: 0.589
[ 32 / 60 ] loss: 0.662
[ 33 / 60 ] loss: 0.627
[ 34 / 60 ] loss: 0.693
[ 35 / 60 ] loss: 0.634
[ 36 / 60 ] loss: 0.430
[ 37 / 60 ] loss: 0.581
[ 38 / 60 ] loss: 0.470
[ 39 / 60 ] loss: 0.747
[ 40 / 60 ] loss: 0.659
[ 41 / 60 ] loss: 0.636
[ 42 / 60 ] loss: 0.564
[ 43 / 60 ] loss: 0.558
[ 44 / 60 ] loss: 0.673
[ 45 / 60 ] loss: 0.519
[ 46 / 60 ] loss: 0.699
[ 47 / 60 ] loss: 0.587
[ 48 / 60 ] loss: 0.620
[ 49 / 60 ] loss: 0.545
[ 50 / 60 ] loss: 0.490
[ 51 / 60 ] loss: 0.721
[ 52 / 60 ] loss: 0.519
[ 53 / 60 ] loss: 0.735
[ 54 / 60 ] loss: 0.671
[ 55 / 60 ] loss: 0.770
[ 56 / 60 ] loss: 0.806
[ 57 / 60 ] loss: 0.558
[ 58 / 60 ] loss: 0.659
[ 59 / 60 ] loss: 0.579
[ 60 / 60 ] loss: 0.708
0.6340205108126005
Accuracy: 0.700422 -- Precision: 0.747899 -- Recall: 0.684615 -- F1: 0.714859 -- AUC: 0.753415
保存模型参数
========= epoch: 2 ==============
[ 1 / 60 ] loss: 0.512
[ 2 / 60 ] loss: 0.539
[ 3 / 60 ] loss: 0.540
[ 4 / 60 ] loss: 0.576
[ 5 / 60 ] loss: 0.650
[ 6 / 60 ] loss: 0.842
[ 7 / 60 ] loss: 0.692
[ 8 / 60 ] loss: 0.595
[ 9 / 60 ] loss: 0.621
[ 10 / 60 ] loss: 0.737
[ 11 / 60 ] loss: 0.623
[ 12 / 60 ] loss: 0.626
[ 13 / 60 ] loss: 0.626
[ 14 / 60 ] loss: 0.528
[ 15 / 60 ] loss: 0.685
[ 16 / 60 ] loss: 0.680
[ 17 / 60 ] loss: 0.788
[ 18 / 60 ] loss: 0.554
[ 19 / 60 ] loss: 0.528
[ 20 / 60 ] loss: 0.608
[ 21 / 60 ] loss: 0.667
[ 22 / 60 ] loss: 0.658
[ 23 / 60 ] loss: 0.665
[ 24 / 60 ] loss: 0.646
[ 25 / 60 ] loss: 0.585
[ 26 / 60 ] loss: 0.625
[ 27 / 60 ] loss: 0.604
[ 28 / 60 ] loss: 0.587
[ 29 / 60 ] loss: 0.608
[ 30 / 60 ] loss: 0.711
[ 31 / 60 ] loss: 0.465
[ 32 / 60 ] loss: 0.602
[ 33 / 60 ] loss: 0.547
[ 34 / 60 ] loss: 0.607
[ 35 / 60 ] loss: 0.682
[ 36 / 60 ] loss: 0.572
[ 37 / 60 ] loss: 0.388
[ 38 / 60 ] loss: 0.750
[ 39 / 60 ] loss: 0.665
[ 40 / 60 ] loss: 0.629
[ 41 / 60 ] loss: 0.775
[ 42 / 60 ] loss: 0.685
[ 43 / 60 ] loss: 0.821
[ 44 / 60 ] loss: 0.651
[ 45 / 60 ] loss: 0.728
[ 46 / 60 ] loss: 0.586
[ 47 / 60 ] loss: 0.514
[ 48 / 60 ] loss: 0.715
[ 49 / 60 ] loss: 0.516
[ 50 / 60 ] loss: 0.635
[ 51 / 60 ] loss: 0.550
[ 52 / 60 ] loss: 0.616
[ 53 / 60 ] loss: 0.499
[ 54 / 60 ] loss: 0.627
[ 55 / 60 ] loss: 0.837
[ 56 / 60 ] loss: 0.731
[ 57 / 60 ] loss: 0.618
[ 58 / 60 ] loss: 0.594
[ 59 / 60 ] loss: 0.497
[ 60 / 60 ] loss: 0.667
0.627852242688338
Accuracy: 0.628692 -- Precision: 0.602941 -- Recall: 0.946154 -- F1: 0.736527 -- AUC: 0.734651
========= epoch: 3 ==============
[ 1 / 60 ] loss: 0.682
[ 2 / 60 ] loss: 0.595
[ 3 / 60 ] loss: 0.645
[ 4 / 60 ] loss: 0.703
[ 5 / 60 ] loss: 0.565
[ 6 / 60 ] loss: 0.657
[ 7 / 60 ] loss: 0.720
[ 8 / 60 ] loss: 0.621
[ 9 / 60 ] loss: 0.548
[ 10 / 60 ] loss: 0.570
[ 11 / 60 ] loss: 0.487
[ 12 / 60 ] loss: 0.737
[ 13 / 60 ] loss: 0.587
[ 14 / 60 ] loss: 0.516
[ 15 / 60 ] loss: 0.649
[ 16 / 60 ] loss: 0.670
[ 17 / 60 ] loss: 0.736
[ 18 / 60 ] loss: 0.390
[ 19 / 60 ] loss: 0.556
[ 20 / 60 ] loss: 0.401
[ 21 / 60 ] loss: 0.584
[ 22 / 60 ] loss: 0.690
[ 23 / 60 ] loss: 0.387
[ 24 / 60 ] loss: 0.418
[ 25 / 60 ] loss: 0.639
[ 26 / 60 ] loss: 0.531
[ 27 / 60 ] loss: 0.600
[ 28 / 60 ] loss: 0.385
[ 29 / 60 ] loss: 0.650
[ 30 / 60 ] loss: 0.272
[ 31 / 60 ] loss: 0.464
[ 32 / 60 ] loss: 0.636
[ 33 / 60 ] loss: 0.706
[ 34 / 60 ] loss: 0.676
[ 35 / 60 ] loss: 0.468
[ 36 / 60 ] loss: 0.430
[ 37 / 60 ] loss: 0.576
[ 38 / 60 ] loss: 0.477
[ 39 / 60 ] loss: 0.637
[ 40 / 60 ] loss: 0.425
[ 41 / 60 ] loss: 0.683
[ 42 / 60 ] loss: 0.277
[ 43 / 60 ] loss: 0.465
[ 44 / 60 ] loss: 0.544
[ 45 / 60 ] loss: 0.534
[ 46 / 60 ] loss: 0.549
[ 47 / 60 ] loss: 0.578
[ 48 / 60 ] loss: 0.502
[ 49 / 60 ] loss: 0.510
[ 50 / 60 ] loss: 0.522
[ 51 / 60 ] loss: 0.385
[ 52 / 60 ] loss: 0.440
[ 53 / 60 ] loss: 0.825
[ 54 / 60 ] loss: 0.539
[ 55 / 60 ] loss: 0.410
[ 56 / 60 ] loss: 0.591
[ 57 / 60 ] loss: 0.369
[ 58 / 60 ] loss: 0.717
[ 59 / 60 ] loss: 0.544
[ 60 / 60 ] loss: 1.099
0.5628671869635582
Accuracy: 0.721519 -- Precision: 0.675824 -- Recall: 0.946154 -- F1: 0.788462 -- AUC: 0.829835
保存模型参数
========= epoch: 4 ==============
[ 1 / 60 ] loss: 0.559
[ 2 / 60 ] loss: 0.488
[ 3 / 60 ] loss: 0.508
[ 4 / 60 ] loss: 0.542
[ 5 / 60 ] loss: 0.572
[ 6 / 60 ] loss: 0.617
[ 7 / 60 ] loss: 0.451
[ 8 / 60 ] loss: 0.702
[ 9 / 60 ] loss: 0.563
[ 10 / 60 ] loss: 0.577
[ 11 / 60 ] loss: 0.534
[ 12 / 60 ] loss: 0.561
[ 13 / 60 ] loss: 0.428
[ 14 / 60 ] loss: 0.551
[ 15 / 60 ] loss: 0.601
[ 16 / 60 ] loss: 0.430
[ 17 / 60 ] loss: 0.496
[ 18 / 60 ] loss: 0.540
[ 19 / 60 ] loss: 0.459
[ 20 / 60 ] loss: 0.619
[ 21 / 60 ] loss: 0.551
[ 22 / 60 ] loss: 0.329
[ 23 / 60 ] loss: 0.548
[ 24 / 60 ] loss: 0.358
[ 25 / 60 ] loss: 0.236
[ 26 / 60 ] loss: 0.601
[ 27 / 60 ] loss: 0.237
[ 28 / 60 ] loss: 0.391
[ 29 / 60 ] loss: 0.571
[ 30 / 60 ] loss: 0.623
[ 31 / 60 ] loss: 0.898
[ 32 / 60 ] loss: 0.661
[ 33 / 60 ] loss: 0.491
[ 34 / 60 ] loss: 0.647
[ 35 / 60 ] loss: 0.187
[ 36 / 60 ] loss: 0.559
[ 37 / 60 ] loss: 0.647
[ 38 / 60 ] loss: 0.409
[ 39 / 60 ] loss: 0.436
[ 40 / 60 ] loss: 0.340
[ 41 / 60 ] loss: 0.290
[ 42 / 60 ] loss: 0.362
[ 43 / 60 ] loss: 0.502
[ 44 / 60 ] loss: 0.783
[ 45 / 60 ] loss: 0.649
[ 46 / 60 ] loss: 0.348
[ 47 / 60 ] loss: 0.536
[ 48 / 60 ] loss: 0.415
[ 49 / 60 ] loss: 0.357
[ 50 / 60 ] loss: 0.452
[ 51 / 60 ] loss: 0.417
[ 52 / 60 ] loss: 0.474
[ 53 / 60 ] loss: 0.754
[ 54 / 60 ] loss: 0.419
[ 55 / 60 ] loss: 0.553
[ 56 / 60 ] loss: 0.668
[ 57 / 60 ] loss: 0.492
[ 58 / 60 ] loss: 0.371
[ 59 / 60 ] loss: 0.474
[ 60 / 60 ] loss: 0.752
0.5096909614900748
Accuracy: 0.721519 -- Precision: 0.700000 -- Recall: 0.861538 -- F1: 0.772414 -- AUC: 0.802948
========= epoch: 5 ==============
[ 1 / 60 ] loss: 0.554
[ 2 / 60 ] loss: 0.613
[ 3 / 60 ] loss: 0.415
[ 4 / 60 ] loss: 0.557
[ 5 / 60 ] loss: 0.425
[ 6 / 60 ] loss: 0.423
[ 7 / 60 ] loss: 0.372
[ 8 / 60 ] loss: 0.309
[ 9 / 60 ] loss: 0.289
[ 10 / 60 ] loss: 0.252
[ 11 / 60 ] loss: 0.276
[ 12 / 60 ] loss: 0.408
[ 13 / 60 ] loss: 0.434
[ 14 / 60 ] loss: 0.210
[ 15 / 60 ] loss: 0.506
[ 16 / 60 ] loss: 0.099
[ 17 / 60 ] loss: 0.806
[ 18 / 60 ] loss: 0.984
[ 19 / 60 ] loss: 0.708
[ 20 / 60 ] loss: 0.192
[ 21 / 60 ] loss: 0.326
[ 22 / 60 ] loss: 0.546
[ 23 / 60 ] loss: 0.413
[ 24 / 60 ] loss: 0.698
[ 25 / 60 ] loss: 0.233
[ 26 / 60 ] loss: 0.324
[ 27 / 60 ] loss: 0.365
[ 28 / 60 ] loss: 0.341
[ 29 / 60 ] loss: 0.297
[ 30 / 60 ] loss: 0.251
[ 31 / 60 ] loss: 0.926
[ 32 / 60 ] loss: 0.396
[ 33 / 60 ] loss: 0.379
[ 34 / 60 ] loss: 0.248
[ 35 / 60 ] loss: 0.424
[ 36 / 60 ] loss: 0.406
[ 37 / 60 ] loss: 0.420
[ 38 / 60 ] loss: 0.311
[ 39 / 60 ] loss: 0.390
[ 40 / 60 ] loss: 0.179
[ 41 / 60 ] loss: 0.476
[ 42 / 60 ] loss: 0.690
[ 43 / 60 ] loss: 0.344
[ 44 / 60 ] loss: 0.407
[ 45 / 60 ] loss: 0.944
[ 46 / 60 ] loss: 0.853
[ 47 / 60 ] loss: 0.344
[ 48 / 60 ] loss: 0.560
[ 49 / 60 ] loss: 0.633
[ 50 / 60 ] loss: 0.464
[ 51 / 60 ] loss: 0.291
[ 52 / 60 ] loss: 0.436
[ 53 / 60 ] loss: 0.414
[ 54 / 60 ] loss: 0.421
[ 55 / 60 ] loss: 0.572
[ 56 / 60 ] loss: 0.318
[ 57 / 60 ] loss: 0.547
[ 58 / 60 ] loss: 0.409
[ 59 / 60 ] loss: 0.232
[ 60 / 60 ] loss: 0.106
0.43613119423389435
Accuracy: 0.772152 -- Precision: 0.767606 -- Recall: 0.838462 -- F1: 0.801471 -- AUC: 0.810784
保存模型参数
========= epoch: 6 ==============
[ 1 / 60 ] loss: 0.574
[ 2 / 60 ] loss: 0.451
[ 3 / 60 ] loss: 0.237
[ 4 / 60 ] loss: 0.386
[ 5 / 60 ] loss: 0.275
[ 6 / 60 ] loss: 0.284
[ 7 / 60 ] loss: 0.475
[ 8 / 60 ] loss: 0.291
[ 9 / 60 ] loss: 0.251
[ 10 / 60 ] loss: 0.164
[ 11 / 60 ] loss: 0.559
[ 12 / 60 ] loss: 0.333
[ 13 / 60 ] loss: 0.497
[ 14 / 60 ] loss: 0.241
[ 15 / 60 ] loss: 0.197
[ 16 / 60 ] loss: 0.542
[ 17 / 60 ] loss: 0.290
[ 18 / 60 ] loss: 0.209
[ 19 / 60 ] loss: 0.156
[ 20 / 60 ] loss: 0.171
[ 21 / 60 ] loss: 0.359
[ 22 / 60 ] loss: 0.141
[ 23 / 60 ] loss: 0.496
[ 24 / 60 ] loss: 0.173
[ 25 / 60 ] loss: 0.123
[ 26 / 60 ] loss: 0.238
[ 27 / 60 ] loss: 0.419
[ 28 / 60 ] loss: 0.532
[ 29 / 60 ] loss: 0.572
[ 30 / 60 ] loss: 0.585
[ 31 / 60 ] loss: 0.278
[ 32 / 60 ] loss: 0.358
[ 33 / 60 ] loss: 0.437
[ 34 / 60 ] loss: 0.382
[ 35 / 60 ] loss: 0.376
[ 36 / 60 ] loss: 0.538
[ 37 / 60 ] loss: 0.293
[ 38 / 60 ] loss: 0.467
[ 39 / 60 ] loss: 0.262
[ 40 / 60 ] loss: 0.448
[ 41 / 60 ] loss: 0.473
[ 42 / 60 ] loss: 0.312
[ 43 / 60 ] loss: 0.398
[ 44 / 60 ] loss: 0.396
[ 45 / 60 ] loss: 0.153
[ 46 / 60 ] loss: 0.397
[ 47 / 60 ] loss: 0.542
[ 48 / 60 ] loss: 0.395
[ 49 / 60 ] loss: 0.504
[ 50 / 60 ] loss: 0.283
[ 51 / 60 ] loss: 0.456
[ 52 / 60 ] loss: 0.285
[ 53 / 60 ] loss: 0.366
[ 54 / 60 ] loss: 0.354
[ 55 / 60 ] loss: 0.333
[ 56 / 60 ] loss: 0.683
[ 57 / 60 ] loss: 0.402
[ 58 / 60 ] loss: 0.415
[ 59 / 60 ] loss: 0.554
[ 60 / 60 ] loss: 0.326
0.368137505898873
Accuracy: 0.734177 -- Precision: 0.763780 -- Recall: 0.746154 -- F1: 0.754864 -- AUC: 0.822142
========= epoch: 7 ==============
[ 1 / 60 ] loss: 0.154
[ 2 / 60 ] loss: 0.623
[ 3 / 60 ] loss: 0.260
[ 4 / 60 ] loss: 0.204
[ 5 / 60 ] loss: 0.268
[ 6 / 60 ] loss: 0.593
[ 7 / 60 ] loss: 0.203
[ 8 / 60 ] loss: 0.545
[ 9 / 60 ] loss: 0.415
[ 10 / 60 ] loss: 0.494
[ 11 / 60 ] loss: 0.378
[ 12 / 60 ] loss: 0.301
[ 13 / 60 ] loss: 0.384
[ 14 / 60 ] loss: 0.215
[ 15 / 60 ] loss: 0.232
[ 16 / 60 ] loss: 0.298
[ 17 / 60 ] loss: 0.237
[ 18 / 60 ] loss: 0.334
[ 19 / 60 ] loss: 0.613
[ 20 / 60 ] loss: 0.385
[ 21 / 60 ] loss: 0.154
[ 22 / 60 ] loss: 0.539
[ 23 / 60 ] loss: 0.240
[ 24 / 60 ] loss: 0.189
[ 25 / 60 ] loss: 0.303
[ 26 / 60 ] loss: 0.368
[ 27 / 60 ] loss: 0.102
[ 28 / 60 ] loss: 0.218
[ 29 / 60 ] loss: 0.590
[ 30 / 60 ] loss: 0.258
[ 31 / 60 ] loss: 0.189
[ 32 / 60 ] loss: 0.609
[ 33 / 60 ] loss: 0.191
[ 34 / 60 ] loss: 0.439
[ 35 / 60 ] loss: 0.434
[ 36 / 60 ] loss: 0.211
[ 37 / 60 ] loss: 0.199
[ 38 / 60 ] loss: 0.349
[ 39 / 60 ] loss: 0.213
[ 40 / 60 ] loss: 0.274
[ 41 / 60 ] loss: 0.261
[ 42 / 60 ] loss: 0.344
[ 43 / 60 ] loss: 0.234
[ 44 / 60 ] loss: 0.335
[ 45 / 60 ] loss: 0.369
[ 46 / 60 ] loss: 0.380
[ 47 / 60 ] loss: 0.186
[ 48 / 60 ] loss: 0.434
[ 49 / 60 ] loss: 0.186
[ 50 / 60 ] loss: 0.666
[ 51 / 60 ] loss: 0.305
[ 52 / 60 ] loss: 0.425
[ 53 / 60 ] loss: 0.320
[ 54 / 60 ] loss: 0.114
[ 55 / 60 ] loss: 0.251
[ 56 / 60 ] loss: 0.337
[ 57 / 60 ] loss: 0.178
[ 58 / 60 ] loss: 0.157
[ 59 / 60 ] loss: 0.208
[ 60 / 60 ] loss: 0.472
0.3227980067332586
Accuracy: 0.763713 -- Precision: 0.772059 -- Recall: 0.807692 -- F1: 0.789474 -- AUC: 0.805823
========= epoch: 8 ==============
[ 1 / 60 ] loss: 0.153
[ 2 / 60 ] loss: 0.318
[ 3 / 60 ] loss: 0.172
[ 4 / 60 ] loss: 0.434
[ 5 / 60 ] loss: 0.425
[ 6 / 60 ] loss: 0.126
[ 7 / 60 ] loss: 0.327
[ 8 / 60 ] loss: 0.777
[ 9 / 60 ] loss: 0.487
[ 10 / 60 ] loss: 0.482
[ 11 / 60 ] loss: 0.363
[ 12 / 60 ] loss: 0.488
[ 13 / 60 ] loss: 0.491
[ 14 / 60 ] loss: 0.427
[ 15 / 60 ] loss: 0.277
[ 16 / 60 ] loss: 0.330
[ 17 / 60 ] loss: 0.250
[ 18 / 60 ] loss: 0.388
[ 19 / 60 ] loss: 0.407
[ 20 / 60 ] loss: 0.192
[ 21 / 60 ] loss: 0.305
[ 22 / 60 ] loss: 0.343
[ 23 / 60 ] loss: 0.381
[ 24 / 60 ] loss: 0.375
[ 25 / 60 ] loss: 0.353
[ 26 / 60 ] loss: 0.229
[ 27 / 60 ] loss: 0.415
[ 28 / 60 ] loss: 0.538
[ 29 / 60 ] loss: 0.320
[ 30 / 60 ] loss: 0.122
[ 31 / 60 ] loss: 0.569
[ 32 / 60 ] loss: 0.231
[ 33 / 60 ] loss: 0.162
[ 34 / 60 ] loss: 0.324
[ 35 / 60 ] loss: 0.530
[ 36 / 60 ] loss: 0.357
[ 37 / 60 ] loss: 0.231
[ 38 / 60 ] loss: 0.065
[ 39 / 60 ] loss: 0.334
[ 40 / 60 ] loss: 0.415
[ 41 / 60 ] loss: 0.205
[ 42 / 60 ] loss: 0.380
[ 43 / 60 ] loss: 0.253
[ 44 / 60 ] loss: 0.182
[ 45 / 60 ] loss: 0.092
[ 46 / 60 ] loss: 0.431
[ 47 / 60 ] loss: 0.428
[ 48 / 60 ] loss: 0.449
[ 49 / 60 ] loss: 0.215
[ 50 / 60 ] loss: 0.240
[ 51 / 60 ] loss: 0.285
[ 52 / 60 ] loss: 0.304
[ 53 / 60 ] loss: 0.098
[ 54 / 60 ] loss: 0.170
[ 55 / 60 ] loss: 0.083
[ 56 / 60 ] loss: 0.908
[ 57 / 60 ] loss: 0.450
[ 58 / 60 ] loss: 0.084
[ 59 / 60 ] loss: 0.112
[ 60 / 60 ] loss: 0.538
0.330271298562487
Accuracy: 0.691983 -- Precision: 0.813187 -- Recall: 0.569231 -- F1: 0.669683 -- AUC: 0.757441
========= epoch: 9 ==============
[ 1 / 60 ] loss: 0.266
[ 2 / 60 ] loss: 0.248
[ 3 / 60 ] loss: 0.289
[ 4 / 60 ] loss: 0.551
[ 5 / 60 ] loss: 0.315
[ 6 / 60 ] loss: 0.383
[ 7 / 60 ] loss: 0.264
[ 8 / 60 ] loss: 0.186
[ 9 / 60 ] loss: 0.420
[ 10 / 60 ] loss: 0.132
[ 11 / 60 ] loss: 0.580
[ 12 / 60 ] loss: 0.069
[ 13 / 60 ] loss: 0.414
[ 14 / 60 ] loss: 0.242
[ 15 / 60 ] loss: 0.388
[ 16 / 60 ] loss: 0.367
[ 17 / 60 ] loss: 0.173
[ 18 / 60 ] loss: 0.165
[ 19 / 60 ] loss: 0.344
[ 20 / 60 ] loss: 0.140
[ 21 / 60 ] loss: 0.121
[ 22 / 60 ] loss: 0.084
[ 23 / 60 ] loss: 0.167
[ 24 / 60 ] loss: 0.363
[ 25 / 60 ] loss: 0.127
[ 26 / 60 ] loss: 0.845
[ 27 / 60 ] loss: 0.455
[ 28 / 60 ] loss: 0.251
[ 29 / 60 ] loss: 0.597
[ 30 / 60 ] loss: 0.146
[ 31 / 60 ] loss: 0.443
[ 32 / 60 ] loss: 0.253
[ 33 / 60 ] loss: 0.423
[ 34 / 60 ] loss: 0.403
[ 35 / 60 ] loss: 0.408
[ 36 / 60 ] loss: 0.184
[ 37 / 60 ] loss: 0.396
[ 38 / 60 ] loss: 0.406
[ 39 / 60 ] loss: 0.293
[ 40 / 60 ] loss: 0.102
[ 41 / 60 ] loss: 0.392
[ 42 / 60 ] loss: 0.276
[ 43 / 60 ] loss: 0.260
[ 44 / 60 ] loss: 0.269
[ 45 / 60 ] loss: 0.160
[ 46 / 60 ] loss: 0.326
[ 47 / 60 ] loss: 0.455
[ 48 / 60 ] loss: 0.345
[ 49 / 60 ] loss: 0.190
[ 50 / 60 ] loss: 0.331
[ 51 / 60 ] loss: 0.297
[ 52 / 60 ] loss: 0.122
[ 53 / 60 ] loss: 0.104
[ 54 / 60 ] loss: 0.264
[ 55 / 60 ] loss: 0.210
[ 56 / 60 ] loss: 0.096
[ 57 / 60 ] loss: 0.234
[ 58 / 60 ] loss: 0.309
[ 59 / 60 ] loss: 0.187
[ 60 / 60 ] loss: 0.542
0.29620061529179414
Accuracy: 0.751055 -- Precision: 0.762963 -- Recall: 0.792308 -- F1: 0.777358 -- AUC: 0.825881
========= epoch: 10 ==============
[ 1 / 60 ] loss: 0.680
[ 2 / 60 ] loss: 0.168
[ 3 / 60 ] loss: 0.126
[ 4 / 60 ] loss: 0.189
[ 5 / 60 ] loss: 0.511
[ 6 / 60 ] loss: 0.549
[ 7 / 60 ] loss: 0.206
[ 8 / 60 ] loss: 0.250
[ 9 / 60 ] loss: 0.292
[ 10 / 60 ] loss: 0.245
[ 11 / 60 ] loss: 0.390
[ 12 / 60 ] loss: 0.207
[ 13 / 60 ] loss: 0.171
[ 14 / 60 ] loss: 0.108
[ 15 / 60 ] loss: 0.182
[ 16 / 60 ] loss: 0.247
[ 17 / 60 ] loss: 0.067
[ 18 / 60 ] loss: 0.183
[ 19 / 60 ] loss: 0.380
[ 20 / 60 ] loss: 0.295
[ 21 / 60 ] loss: 0.623
[ 22 / 60 ] loss: 0.499
[ 23 / 60 ] loss: 0.253
[ 24 / 60 ] loss: 0.319
[ 25 / 60 ] loss: 0.325
[ 26 / 60 ] loss: 0.055
[ 27 / 60 ] loss: 0.172
[ 28 / 60 ] loss: 0.288
[ 29 / 60 ] loss: 0.185
[ 30 / 60 ] loss: 0.276
[ 31 / 60 ] loss: 0.151
[ 32 / 60 ] loss: 0.151
[ 33 / 60 ] loss: 0.139
[ 34 / 60 ] loss: 0.154
[ 35 / 60 ] loss: 0.144
[ 36 / 60 ] loss: 0.176
[ 37 / 60 ] loss: 0.449
[ 38 / 60 ] loss: 0.323
[ 39 / 60 ] loss: 0.380
[ 40 / 60 ] loss: 0.211
[ 41 / 60 ] loss: 0.107
[ 42 / 60 ] loss: 0.155
[ 43 / 60 ] loss: 0.062
[ 44 / 60 ] loss: 0.067
[ 45 / 60 ] loss: 0.053
[ 46 / 60 ] loss: 0.153
[ 47 / 60 ] loss: 1.051
[ 48 / 60 ] loss: 0.214
[ 49 / 60 ] loss: 0.538
[ 50 / 60 ] loss: 0.282
[ 51 / 60 ] loss: 0.439
[ 52 / 60 ] loss: 0.017
[ 53 / 60 ] loss: 0.284
[ 54 / 60 ] loss: 0.031
[ 55 / 60 ] loss: 0.036
[ 56 / 60 ] loss: 0.314
[ 57 / 60 ] loss: 0.409
[ 58 / 60 ] loss: 0.091
[ 59 / 60 ] loss: 0.223
[ 60 / 60 ] loss: 0.023
0.2545288094629844
Accuracy: 0.742616 -- Precision: 0.741259 -- Recall: 0.815385 -- F1: 0.776557 -- AUC: 0.798706
========= epoch: 11 ==============
[ 1 / 60 ] loss: 0.126
[ 2 / 60 ] loss: 0.210
[ 3 / 60 ] loss: 0.285
[ 4 / 60 ] loss: 0.207
[ 5 / 60 ] loss: 0.101
[ 6 / 60 ] loss: 0.260
[ 7 / 60 ] loss: 0.342
[ 8 / 60 ] loss: 0.135
[ 9 / 60 ] loss: 0.200
[ 10 / 60 ] loss: 0.343
[ 11 / 60 ] loss: 0.130
[ 12 / 60 ] loss: 0.192
[ 13 / 60 ] loss: 0.125
[ 14 / 60 ] loss: 0.026
[ 15 / 60 ] loss: 0.347
[ 16 / 60 ] loss: 0.259
[ 17 / 60 ] loss: 0.088
[ 18 / 60 ] loss: 0.234
[ 19 / 60 ] loss: 0.721
[ 20 / 60 ] loss: 0.308
[ 21 / 60 ] loss: 0.380
[ 22 / 60 ] loss: 0.116
[ 23 / 60 ] loss: 0.071
[ 24 / 60 ] loss: 0.112
[ 25 / 60 ] loss: 0.184
[ 26 / 60 ] loss: 0.115
[ 27 / 60 ] loss: 0.098
[ 28 / 60 ] loss: 0.131
[ 29 / 60 ] loss: 0.162
[ 30 / 60 ] loss: 0.155
[ 31 / 60 ] loss: 0.351
[ 32 / 60 ] loss: 0.148
[ 33 / 60 ] loss: 0.157
[ 34 / 60 ] loss: 0.079
[ 35 / 60 ] loss: 0.089
[ 36 / 60 ] loss: 0.335
[ 37 / 60 ] loss: 0.347
[ 38 / 60 ] loss: 0.242
[ 39 / 60 ] loss: 0.112
[ 40 / 60 ] loss: 0.419
[ 41 / 60 ] loss: 0.212
[ 42 / 60 ] loss: 0.126
[ 43 / 60 ] loss: 0.453
[ 44 / 60 ] loss: 0.158
[ 45 / 60 ] loss: 0.055
[ 46 / 60 ] loss: 0.483
[ 47 / 60 ] loss: 0.249
[ 48 / 60 ] loss: 0.240
[ 49 / 60 ] loss: 0.170
[ 50 / 60 ] loss: 0.304
[ 51 / 60 ] loss: 0.321
[ 52 / 60 ] loss: 0.119
[ 53 / 60 ] loss: 0.237
[ 54 / 60 ] loss: 0.377
[ 55 / 60 ] loss: 0.139
[ 56 / 60 ] loss: 0.477
[ 57 / 60 ] loss: 0.069
[ 58 / 60 ] loss: 0.250
[ 59 / 60 ] loss: 0.142
[ 60 / 60 ] loss: 0.054
0.21796626411378384
Accuracy: 0.751055 -- Precision: 0.748252 -- Recall: 0.823077 -- F1: 0.783883 -- AUC: 0.829835
========= epoch: 12 ==============
[ 1 / 60 ] loss: 0.101
[ 2 / 60 ] loss: 0.151
[ 3 / 60 ] loss: 0.244
[ 4 / 60 ] loss: 0.049
[ 5 / 60 ] loss: 0.116
[ 6 / 60 ] loss: 0.365
[ 7 / 60 ] loss: 0.466
[ 8 / 60 ] loss: 0.372
[ 9 / 60 ] loss: 0.271
[ 10 / 60 ] loss: 0.041
[ 11 / 60 ] loss: 0.064
[ 12 / 60 ] loss: 0.264
[ 13 / 60 ] loss: 0.642
[ 14 / 60 ] loss: 0.244
[ 15 / 60 ] loss: 0.101
[ 16 / 60 ] loss: 0.108
[ 17 / 60 ] loss: 0.253
[ 18 / 60 ] loss: 0.257
[ 19 / 60 ] loss: 0.320
[ 20 / 60 ] loss: 0.273
[ 21 / 60 ] loss: 0.246
[ 22 / 60 ] loss: 0.106
[ 23 / 60 ] loss: 0.231
[ 24 / 60 ] loss: 0.218
[ 25 / 60 ] loss: 0.205
[ 26 / 60 ] loss: 0.180
[ 27 / 60 ] loss: 0.150
[ 28 / 60 ] loss: 0.159
[ 29 / 60 ] loss: 0.110
[ 30 / 60 ] loss: 0.435
[ 31 / 60 ] loss: 0.235
[ 32 / 60 ] loss: 0.255
[ 33 / 60 ] loss: 0.262
[ 34 / 60 ] loss: 0.216
[ 35 / 60 ] loss: 0.304
[ 36 / 60 ] loss: 0.273
[ 37 / 60 ] loss: 0.219
[ 38 / 60 ] loss: 0.116
[ 39 / 60 ] loss: 0.336
[ 40 / 60 ] loss: 0.440
[ 41 / 60 ] loss: 0.078
[ 42 / 60 ] loss: 0.119
[ 43 / 60 ] loss: 0.198
[ 44 / 60 ] loss: 0.208
[ 45 / 60 ] loss: 0.104
[ 46 / 60 ] loss: 0.231
[ 47 / 60 ] loss: 0.153
[ 48 / 60 ] loss: 0.400
[ 49 / 60 ] loss: 0.187
[ 50 / 60 ] loss: 0.299
[ 51 / 60 ] loss: 0.069
[ 52 / 60 ] loss: 0.073
[ 53 / 60 ] loss: 0.263
[ 54 / 60 ] loss: 0.500
[ 55 / 60 ] loss: 0.030
[ 56 / 60 ] loss: 0.028
[ 57 / 60 ] loss: 0.067
[ 58 / 60 ] loss: 0.236
[ 59 / 60 ] loss: 0.077
[ 60 / 60 ] loss: 0.035
0.21250146158660452
Accuracy: 0.755274 -- Precision: 0.764706 -- Recall: 0.800000 -- F1: 0.781955 -- AUC: 0.802804
========= epoch: 13 ==============
[ 1 / 60 ] loss: 0.412
[ 2 / 60 ] loss: 0.137
[ 3 / 60 ] loss: 0.025
[ 4 / 60 ] loss: 0.056
[ 5 / 60 ] loss: 0.243
[ 6 / 60 ] loss: 0.203
[ 7 / 60 ] loss: 0.355
[ 8 / 60 ] loss: 0.066
[ 9 / 60 ] loss: 0.163
[ 10 / 60 ] loss: 0.382
[ 11 / 60 ] loss: 0.096
[ 12 / 60 ] loss: 0.096
[ 13 / 60 ] loss: 0.210
[ 14 / 60 ] loss: 0.325
[ 15 / 60 ] loss: 0.456
[ 16 / 60 ] loss: 0.426
[ 17 / 60 ] loss: 0.198
[ 18 / 60 ] loss: 0.289
[ 19 / 60 ] loss: 0.136
[ 20 / 60 ] loss: 0.074
[ 21 / 60 ] loss: 0.190
[ 22 / 60 ] loss: 0.086
[ 23 / 60 ] loss: 0.085
[ 24 / 60 ] loss: 0.157
[ 25 / 60 ] loss: 0.278
[ 26 / 60 ] loss: 0.102
[ 27 / 60 ] loss: 0.072
[ 28 / 60 ] loss: 0.115
[ 29 / 60 ] loss: 0.214
[ 30 / 60 ] loss: 0.455
[ 31 / 60 ] loss: 0.407
[ 32 / 60 ] loss: 0.109
[ 33 / 60 ] loss: 0.473
[ 34 / 60 ] loss: 0.314
[ 35 / 60 ] loss: 0.272
[ 36 / 60 ] loss: 0.073
[ 37 / 60 ] loss: 0.054
[ 38 / 60 ] loss: 0.037
[ 39 / 60 ] loss: 0.220
[ 40 / 60 ] loss: 0.292
[ 41 / 60 ] loss: 0.145
[ 42 / 60 ] loss: 0.425
[ 43 / 60 ] loss: 0.024
[ 44 / 60 ] loss: 0.089
[ 45 / 60 ] loss: 0.320
[ 46 / 60 ] loss: 0.053
[ 47 / 60 ] loss: 0.239
[ 48 / 60 ] loss: 0.246
[ 49 / 60 ] loss: 0.142
[ 50 / 60 ] loss: 0.271
[ 51 / 60 ] loss: 0.115
[ 52 / 60 ] loss: 0.255
[ 53 / 60 ] loss: 0.480
[ 54 / 60 ] loss: 0.255
[ 55 / 60 ] loss: 0.113
[ 56 / 60 ] loss: 0.312
[ 57 / 60 ] loss: 0.078
[ 58 / 60 ] loss: 0.095
[ 59 / 60 ] loss: 0.103
[ 60 / 60 ] loss: 0.543
0.21096813824648658
Accuracy: 0.738397 -- Precision: 0.809091 -- Recall: 0.684615 -- F1: 0.741667 -- AUC: 0.801510
========= epoch: 14 ==============
[ 1 / 60 ] loss: 0.078
[ 2 / 60 ] loss: 0.091
[ 3 / 60 ] loss: 0.061
[ 4 / 60 ] loss: 0.203
[ 5 / 60 ] loss: 0.103
[ 6 / 60 ] loss: 0.122
[ 7 / 60 ] loss: 0.148
[ 8 / 60 ] loss: 0.097
[ 9 / 60 ] loss: 0.164
[ 10 / 60 ] loss: 0.084
[ 11 / 60 ] loss: 0.376
[ 12 / 60 ] loss: 0.158
[ 13 / 60 ] loss: 0.077
[ 14 / 60 ] loss: 0.071
[ 15 / 60 ] loss: 0.159
[ 16 / 60 ] loss: 0.209
[ 17 / 60 ] loss: 0.166
[ 18 / 60 ] loss: 0.221
[ 19 / 60 ] loss: 0.019
[ 20 / 60 ] loss: 0.535
[ 21 / 60 ] loss: 0.119
[ 22 / 60 ] loss: 0.341
[ 23 / 60 ] loss: 0.011
[ 24 / 60 ] loss: 0.277
[ 25 / 60 ] loss: 0.328
[ 26 / 60 ] loss: 0.142
[ 27 / 60 ] loss: 0.357
[ 28 / 60 ] loss: 0.203
[ 29 / 60 ] loss: 0.628
[ 30 / 60 ] loss: 0.220
[ 31 / 60 ] loss: 0.258
[ 32 / 60 ] loss: 0.073
[ 33 / 60 ] loss: 0.180
[ 34 / 60 ] loss: 0.061
[ 35 / 60 ] loss: 0.424
[ 36 / 60 ] loss: 0.235
[ 37 / 60 ] loss: 0.191
[ 38 / 60 ] loss: 0.262
[ 39 / 60 ] loss: 0.247
[ 40 / 60 ] loss: 0.201
[ 41 / 60 ] loss: 0.158
[ 42 / 60 ] loss: 0.323
[ 43 / 60 ] loss: 0.493
[ 44 / 60 ] loss: 0.133
[ 45 / 60 ] loss: 0.130
[ 46 / 60 ] loss: 0.126
[ 47 / 60 ] loss: 0.137
[ 48 / 60 ] loss: 0.332
[ 49 / 60 ] loss: 0.346
[ 50 / 60 ] loss: 0.384
[ 51 / 60 ] loss: 0.088
[ 52 / 60 ] loss: 0.087
[ 53 / 60 ] loss: 0.185
[ 54 / 60 ] loss: 0.109
[ 55 / 60 ] loss: 0.103
[ 56 / 60 ] loss: 0.445
[ 57 / 60 ] loss: 0.096
[ 58 / 60 ] loss: 0.251
[ 59 / 60 ] loss: 0.155
[ 60 / 60 ] loss: 0.085
0.20110592044269046
Accuracy: 0.772152 -- Precision: 0.796875 -- Recall: 0.784615 -- F1: 0.790698 -- AUC: 0.827462
========= epoch: 15 ==============
[ 1 / 60 ] loss: 0.214
[ 2 / 60 ] loss: 0.219
[ 3 / 60 ] loss: 0.157
[ 4 / 60 ] loss: 0.203
[ 5 / 60 ] loss: 0.107
[ 6 / 60 ] loss: 0.050
[ 7 / 60 ] loss: 0.060
[ 8 / 60 ] loss: 0.027
[ 9 / 60 ] loss: 0.241
[ 10 / 60 ] loss: 0.100
[ 11 / 60 ] loss: 0.123
[ 12 / 60 ] loss: 0.122
[ 13 / 60 ] loss: 0.026
[ 14 / 60 ] loss: 0.231
[ 15 / 60 ] loss: 0.192
[ 16 / 60 ] loss: 0.091
[ 17 / 60 ] loss: 0.023
[ 18 / 60 ] loss: 0.076
[ 19 / 60 ] loss: 0.221
[ 20 / 60 ] loss: 0.109
[ 21 / 60 ] loss: 0.037
[ 22 / 60 ] loss: 0.321
[ 23 / 60 ] loss: 0.068
[ 24 / 60 ] loss: 0.020
[ 25 / 60 ] loss: 0.085
[ 26 / 60 ] loss: 0.045
[ 27 / 60 ] loss: 0.151
[ 28 / 60 ] loss: 0.046
[ 29 / 60 ] loss: 0.400
[ 30 / 60 ] loss: 0.146
[ 31 / 60 ] loss: 0.122
[ 32 / 60 ] loss: 0.043
[ 33 / 60 ] loss: 0.322
[ 34 / 60 ] loss: 0.019
[ 35 / 60 ] loss: 0.219
[ 36 / 60 ] loss: 0.219
[ 37 / 60 ] loss: 0.020
[ 38 / 60 ] loss: 0.130
[ 39 / 60 ] loss: 0.126
[ 40 / 60 ] loss: 0.158
[ 41 / 60 ] loss: 0.076
[ 42 / 60 ] loss: 0.591
[ 43 / 60 ] loss: 0.280
[ 44 / 60 ] loss: 0.077
[ 45 / 60 ] loss: 0.072
[ 46 / 60 ] loss: 0.407
[ 47 / 60 ] loss: 0.304
[ 48 / 60 ] loss: 0.545
[ 49 / 60 ] loss: 0.274
[ 50 / 60 ] loss: 0.526
[ 51 / 60 ] loss: 0.546
[ 52 / 60 ] loss: 0.065
[ 53 / 60 ] loss: 0.180
[ 54 / 60 ] loss: 0.187
[ 55 / 60 ] loss: 0.278
[ 56 / 60 ] loss: 0.363
[ 57 / 60 ] loss: 0.253
[ 58 / 60 ] loss: 0.090
[ 59 / 60 ] loss: 0.081
[ 60 / 60 ] loss: 1.431
0.19860659517968696
Accuracy: 0.780591 -- Precision: 0.786765 -- Recall: 0.823077 -- F1: 0.804511 -- AUC: 0.827534
保存模型参数
========= epoch: 16 ==============
[ 1 / 60 ] loss: 0.275
[ 2 / 60 ] loss: 0.127
[ 3 / 60 ] loss: 0.307
[ 4 / 60 ] loss: 0.213
[ 5 / 60 ] loss: 0.185
[ 6 / 60 ] loss: 0.241
[ 7 / 60 ] loss: 0.181
[ 8 / 60 ] loss: 0.340
[ 9 / 60 ] loss: 0.195
[ 10 / 60 ] loss: 0.311
[ 11 / 60 ] loss: 0.141
[ 12 / 60 ] loss: 0.258
[ 13 / 60 ] loss: 0.212
[ 14 / 60 ] loss: 0.208
[ 15 / 60 ] loss: 0.185
[ 16 / 60 ] loss: 0.212
[ 17 / 60 ] loss: 0.097
[ 18 / 60 ] loss: 0.132
[ 19 / 60 ] loss: 0.293
[ 20 / 60 ] loss: 0.091
[ 21 / 60 ] loss: 0.163
[ 22 / 60 ] loss: 0.178
[ 23 / 60 ] loss: 0.153
[ 24 / 60 ] loss: 0.042
[ 25 / 60 ] loss: 0.190
[ 26 / 60 ] loss: 0.184
[ 27 / 60 ] loss: 0.268
[ 28 / 60 ] loss: 0.294
[ 29 / 60 ] loss: 0.134
[ 30 / 60 ] loss: 0.269
[ 31 / 60 ] loss: 0.078
[ 32 / 60 ] loss: 0.231
[ 33 / 60 ] loss: 0.161
[ 34 / 60 ] loss: 0.411
[ 35 / 60 ] loss: 0.137
[ 36 / 60 ] loss: 0.228
[ 37 / 60 ] loss: 0.103
[ 38 / 60 ] loss: 0.415
[ 39 / 60 ] loss: 0.407
[ 40 / 60 ] loss: 0.457
[ 41 / 60 ] loss: 0.313
[ 42 / 60 ] loss: 0.314
[ 43 / 60 ] loss: 0.347
[ 44 / 60 ] loss: 0.206
[ 45 / 60 ] loss: 0.305
[ 46 / 60 ] loss: 0.148
[ 47 / 60 ] loss: 0.181
[ 48 / 60 ] loss: 0.090
[ 49 / 60 ] loss: 0.195
[ 50 / 60 ] loss: 0.199
[ 51 / 60 ] loss: 0.135
[ 52 / 60 ] loss: 0.172
[ 53 / 60 ] loss: 0.172
[ 54 / 60 ] loss: 0.226
[ 55 / 60 ] loss: 0.132
[ 56 / 60 ] loss: 0.113
[ 57 / 60 ] loss: 0.059
[ 58 / 60 ] loss: 0.093
[ 59 / 60 ] loss: 0.091
[ 60 / 60 ] loss: 0.134
0.20558118683596452
Accuracy: 0.776371 -- Precision: 0.798450 -- Recall: 0.792308 -- F1: 0.795367 -- AUC: 0.824659
========= epoch: 17 ==============
[ 1 / 60 ] loss: 0.062
[ 2 / 60 ] loss: 0.227
[ 3 / 60 ] loss: 0.165
[ 4 / 60 ] loss: 0.022
[ 5 / 60 ] loss: 0.242
[ 6 / 60 ] loss: 0.104
[ 7 / 60 ] loss: 0.265
[ 8 / 60 ] loss: 0.387
[ 9 / 60 ] loss: 0.102
[ 10 / 60 ] loss: 0.282
[ 11 / 60 ] loss: 0.227
[ 12 / 60 ] loss: 0.275
[ 13 / 60 ] loss: 0.029
[ 14 / 60 ] loss: 0.280
[ 15 / 60 ] loss: 0.349
[ 16 / 60 ] loss: 0.255
[ 17 / 60 ] loss: 0.081
[ 18 / 60 ] loss: 0.193
[ 19 / 60 ] loss: 0.143
[ 20 / 60 ] loss: 0.600
[ 21 / 60 ] loss: 0.258
[ 22 / 60 ] loss: 0.039
[ 23 / 60 ] loss: 0.653
[ 24 / 60 ] loss: 0.134
[ 25 / 60 ] loss: 0.161
[ 26 / 60 ] loss: 0.066
[ 27 / 60 ] loss: 0.359
[ 28 / 60 ] loss: 0.186
[ 29 / 60 ] loss: 0.193
[ 30 / 60 ] loss: 0.307
[ 31 / 60 ] loss: 0.298
[ 32 / 60 ] loss: 0.475
[ 33 / 60 ] loss: 0.363
[ 34 / 60 ] loss: 0.223
[ 35 / 60 ] loss: 0.253
[ 36 / 60 ] loss: 0.333
[ 37 / 60 ] loss: 0.265
[ 38 / 60 ] loss: 0.507
[ 39 / 60 ] loss: 0.513
[ 40 / 60 ] loss: 0.336
[ 41 / 60 ] loss: 0.138
[ 42 / 60 ] loss: 0.415
[ 43 / 60 ] loss: 0.299
[ 44 / 60 ] loss: 0.118
[ 45 / 60 ] loss: 0.356
[ 46 / 60 ] loss: 0.579
[ 47 / 60 ] loss: 0.071
[ 48 / 60 ] loss: 0.083
[ 49 / 60 ] loss: 0.152
[ 50 / 60 ] loss: 0.251
[ 51 / 60 ] loss: 0.142
[ 52 / 60 ] loss: 0.098
[ 53 / 60 ] loss: 0.175
[ 54 / 60 ] loss: 0.778
[ 55 / 60 ] loss: 0.114
[ 56 / 60 ] loss: 0.229
[ 57 / 60 ] loss: 0.765
[ 58 / 60 ] loss: 0.310
[ 59 / 60 ] loss: 0.160
[ 60 / 60 ] loss: 0.047
0.2582479297183454
Accuracy: 0.755274 -- Precision: 0.833333 -- Recall: 0.692308 -- F1: 0.756303 -- AUC: 0.830985
========= epoch: 18 ==============
[ 1 / 60 ] loss: 0.135
[ 2 / 60 ] loss: 0.264
[ 3 / 60 ] loss: 0.387
[ 4 / 60 ] loss: 0.072
[ 5 / 60 ] loss: 0.201
[ 6 / 60 ] loss: 0.421
[ 7 / 60 ] loss: 0.026
[ 8 / 60 ] loss: 0.203
[ 9 / 60 ] loss: 0.205
[ 10 / 60 ] loss: 0.384
[ 11 / 60 ] loss: 0.180
[ 12 / 60 ] loss: 0.253
[ 13 / 60 ] loss: 0.270
[ 14 / 60 ] loss: 0.294
[ 15 / 60 ] loss: 0.267
[ 16 / 60 ] loss: 0.227
[ 17 / 60 ] loss: 0.235
[ 18 / 60 ] loss: 0.040
[ 19 / 60 ] loss: 0.180
[ 20 / 60 ] loss: 0.167
[ 21 / 60 ] loss: 0.133
[ 22 / 60 ] loss: 0.179
[ 23 / 60 ] loss: 0.279
[ 24 / 60 ] loss: 0.060
[ 25 / 60 ] loss: 0.198
[ 26 / 60 ] loss: 0.237
[ 27 / 60 ] loss: 0.212
[ 28 / 60 ] loss: 0.216
[ 29 / 60 ] loss: 0.240
[ 30 / 60 ] loss: 0.220
[ 31 / 60 ] loss: 0.175
[ 32 / 60 ] loss: 0.323
[ 33 / 60 ] loss: 0.215
[ 34 / 60 ] loss: 0.112
[ 35 / 60 ] loss: 0.156
[ 36 / 60 ] loss: 0.196
[ 37 / 60 ] loss: 0.220
[ 38 / 60 ] loss: 0.328
[ 39 / 60 ] loss: 0.122
[ 40 / 60 ] loss: 0.048
[ 41 / 60 ] loss: 0.132
[ 42 / 60 ] loss: 0.208
[ 43 / 60 ] loss: 0.249
[ 44 / 60 ] loss: 0.171
[ 45 / 60 ] loss: 0.196
[ 46 / 60 ] loss: 0.038
[ 47 / 60 ] loss: 0.031
[ 48 / 60 ] loss: 0.507
[ 49 / 60 ] loss: 0.028
[ 50 / 60 ] loss: 0.164
[ 51 / 60 ] loss: 0.027
[ 52 / 60 ] loss: 0.045
[ 53 / 60 ] loss: 0.158
[ 54 / 60 ] loss: 0.147
[ 55 / 60 ] loss: 0.325
[ 56 / 60 ] loss: 0.236
[ 57 / 60 ] loss: 0.036
[ 58 / 60 ] loss: 0.256
[ 59 / 60 ] loss: 0.218
[ 60 / 60 ] loss: 0.131
0.19302472515652577
Accuracy: 0.759494 -- Precision: 0.787402 -- Recall: 0.769231 -- F1: 0.778210 -- AUC: 0.797412
========= epoch: 19 ==============
[ 1 / 60 ] loss: 0.107
[ 2 / 60 ] loss: 0.201
[ 3 / 60 ] loss: 0.026
[ 4 / 60 ] loss: 0.246
[ 5 / 60 ] loss: 0.210
[ 6 / 60 ] loss: 0.248
[ 7 / 60 ] loss: 0.030
[ 8 / 60 ] loss: 0.125
[ 9 / 60 ] loss: 0.306
[ 10 / 60 ] loss: 0.132
[ 11 / 60 ] loss: 0.383
[ 12 / 60 ] loss: 0.144
[ 13 / 60 ] loss: 0.283
[ 14 / 60 ] loss: 0.026
[ 15 / 60 ] loss: 0.396
[ 16 / 60 ] loss: 0.190
[ 17 / 60 ] loss: 0.065
[ 18 / 60 ] loss: 0.127
[ 19 / 60 ] loss: 0.612
[ 20 / 60 ] loss: 0.057
[ 21 / 60 ] loss: 0.311
[ 22 / 60 ] loss: 0.476
[ 23 / 60 ] loss: 0.228
[ 24 / 60 ] loss: 0.428
[ 25 / 60 ] loss: 0.073
[ 26 / 60 ] loss: 0.204
[ 27 / 60 ] loss: 0.356
[ 28 / 60 ] loss: 0.380
[ 29 / 60 ] loss: 0.100
[ 30 / 60 ] loss: 0.162
[ 31 / 60 ] loss: 0.034
[ 32 / 60 ] loss: 0.069
[ 33 / 60 ] loss: 0.358
[ 34 / 60 ] loss: 0.365
[ 35 / 60 ] loss: 0.101
[ 36 / 60 ] loss: 0.070
[ 37 / 60 ] loss: 0.119
[ 38 / 60 ] loss: 0.285
[ 39 / 60 ] loss: 0.053
[ 40 / 60 ] loss: 0.133
[ 41 / 60 ] loss: 0.048
[ 42 / 60 ] loss: 0.482
[ 43 / 60 ] loss: 0.168
[ 44 / 60 ] loss: 0.317
[ 45 / 60 ] loss: 0.097
[ 46 / 60 ] loss: 0.204
[ 47 / 60 ] loss: 0.049
[ 48 / 60 ] loss: 0.139
[ 49 / 60 ] loss: 0.405
[ 50 / 60 ] loss: 0.234
[ 51 / 60 ] loss: 0.135
[ 52 / 60 ] loss: 0.188
[ 53 / 60 ] loss: 0.169
[ 54 / 60 ] loss: 0.108
[ 55 / 60 ] loss: 0.058
[ 56 / 60 ] loss: 0.122
[ 57 / 60 ] loss: 0.077
[ 58 / 60 ] loss: 0.264
[ 59 / 60 ] loss: 0.104
[ 60 / 60 ] loss: 0.164
0.19583520361532766
Accuracy: 0.772152 -- Precision: 0.792308 -- Recall: 0.792308 -- F1: 0.792308 -- AUC: 0.808986
========= epoch: 20 ==============
[ 1 / 60 ] loss: 0.150
[ 2 / 60 ] loss: 0.017
[ 3 / 60 ] loss: 0.101
[ 4 / 60 ] loss: 0.025
[ 5 / 60 ] loss: 0.343
[ 6 / 60 ] loss: 0.061
[ 7 / 60 ] loss: 0.014
[ 8 / 60 ] loss: 0.110
[ 9 / 60 ] loss: 0.084
[ 10 / 60 ] loss: 0.015
[ 11 / 60 ] loss: 0.020
[ 12 / 60 ] loss: 0.051
[ 13 / 60 ] loss: 0.279
[ 14 / 60 ] loss: 0.036
[ 15 / 60 ] loss: 0.039
[ 16 / 60 ] loss: 0.226
[ 17 / 60 ] loss: 0.157
[ 18 / 60 ] loss: 0.162
[ 19 / 60 ] loss: 0.097
[ 20 / 60 ] loss: 0.069
[ 21 / 60 ] loss: 0.083
[ 22 / 60 ] loss: 0.071
[ 23 / 60 ] loss: 0.279
[ 24 / 60 ] loss: 0.288
[ 25 / 60 ] loss: 0.141
[ 26 / 60 ] loss: 0.279
[ 27 / 60 ] loss: 0.088
[ 28 / 60 ] loss: 0.069
[ 29 / 60 ] loss: 0.309
[ 30 / 60 ] loss: 0.011
[ 31 / 60 ] loss: 0.045
[ 32 / 60 ] loss: 0.196
[ 33 / 60 ] loss: 0.113
[ 34 / 60 ] loss: 0.494
[ 35 / 60 ] loss: 0.224
[ 36 / 60 ] loss: 0.157
[ 37 / 60 ] loss: 0.075
[ 38 / 60 ] loss: 0.045
[ 39 / 60 ] loss: 0.189
[ 40 / 60 ] loss: 0.055
[ 41 / 60 ] loss: 0.266
[ 42 / 60 ] loss: 0.451
[ 43 / 60 ] loss: 0.099
[ 44 / 60 ] loss: 0.414
[ 45 / 60 ] loss: 0.128
[ 46 / 60 ] loss: 0.135
[ 47 / 60 ] loss: 0.136
[ 48 / 60 ] loss: 0.081
[ 49 / 60 ] loss: 0.071
[ 50 / 60 ] loss: 0.132
[ 51 / 60 ] loss: 0.130
[ 52 / 60 ] loss: 0.362
[ 53 / 60 ] loss: 0.471
[ 54 / 60 ] loss: 0.113
[ 55 / 60 ] loss: 0.124
[ 56 / 60 ] loss: 0.082
[ 57 / 60 ] loss: 0.365
[ 58 / 60 ] loss: 0.379
[ 59 / 60 ] loss: 0.125
[ 60 / 60 ] loss: 0.004
0.1555614912106345
Accuracy: 0.738397 -- Precision: 0.783333 -- Recall: 0.723077 -- F1: 0.752000 -- AUC: 0.802444
========= epoch: 21 ==============
[ 1 / 60 ] loss: 0.057
[ 2 / 60 ] loss: 0.109
[ 3 / 60 ] loss: 0.187
[ 4 / 60 ] loss: 0.251
[ 5 / 60 ] loss: 0.148
[ 6 / 60 ] loss: 0.146
[ 7 / 60 ] loss: 0.030
[ 8 / 60 ] loss: 0.064
[ 9 / 60 ] loss: 0.150
[ 10 / 60 ] loss: 0.101
[ 11 / 60 ] loss: 0.177
[ 12 / 60 ] loss: 0.109
[ 13 / 60 ] loss: 0.281
[ 14 / 60 ] loss: 0.241
[ 15 / 60 ] loss: 0.052
[ 16 / 60 ] loss: 0.197
[ 17 / 60 ] loss: 0.296
[ 18 / 60 ] loss: 0.143
[ 19 / 60 ] loss: 0.058
[ 20 / 60 ] loss: 0.208
[ 21 / 60 ] loss: 0.188
[ 22 / 60 ] loss: 0.231
[ 23 / 60 ] loss: 0.051
[ 24 / 60 ] loss: 0.025
[ 25 / 60 ] loss: 0.171
[ 26 / 60 ] loss: 0.114
[ 27 / 60 ] loss: 0.398
[ 28 / 60 ] loss: 0.355
[ 29 / 60 ] loss: 0.046
[ 30 / 60 ] loss: 0.083
[ 31 / 60 ] loss: 0.238
[ 32 / 60 ] loss: 0.119
[ 33 / 60 ] loss: 0.238
[ 34 / 60 ] loss: 0.126
[ 35 / 60 ] loss: 0.214
[ 36 / 60 ] loss: 0.116
[ 37 / 60 ] loss: 0.060
[ 38 / 60 ] loss: 0.075
[ 39 / 60 ] loss: 0.243
[ 40 / 60 ] loss: 0.060
[ 41 / 60 ] loss: 0.115
[ 42 / 60 ] loss: 0.086
[ 43 / 60 ] loss: 0.179
[ 44 / 60 ] loss: 0.188
[ 45 / 60 ] loss: 0.048
[ 46 / 60 ] loss: 0.120
[ 47 / 60 ] loss: 0.057
[ 48 / 60 ] loss: 0.108
[ 49 / 60 ] loss: 0.287
[ 50 / 60 ] loss: 0.367
[ 51 / 60 ] loss: 0.036
[ 52 / 60 ] loss: 0.008
[ 53 / 60 ] loss: 0.103
[ 54 / 60 ] loss: 0.088
[ 55 / 60 ] loss: 0.042
[ 56 / 60 ] loss: 0.083
[ 57 / 60 ] loss: 0.122
[ 58 / 60 ] loss: 0.425
[ 59 / 60 ] loss: 0.043
[ 60 / 60 ] loss: 1.029
0.1614965042875459
Accuracy: 0.759494 -- Precision: 0.782946 -- Recall: 0.776923 -- F1: 0.779923 -- AUC: 0.812150
========= epoch: 22 ==============
[ 1 / 60 ] loss: 0.492
[ 2 / 60 ] loss: 0.144
[ 3 / 60 ] loss: 0.086
[ 4 / 60 ] loss: 0.039
[ 5 / 60 ] loss: 0.018
[ 6 / 60 ] loss: 0.075
[ 7 / 60 ] loss: 0.177
[ 8 / 60 ] loss: 0.266
[ 9 / 60 ] loss: 0.112
[ 10 / 60 ] loss: 0.228
[ 11 / 60 ] loss: 0.375
[ 12 / 60 ] loss: 0.268
[ 13 / 60 ] loss: 0.235
[ 14 / 60 ] loss: 0.241
[ 15 / 60 ] loss: 0.083
[ 16 / 60 ] loss: 0.074
[ 17 / 60 ] loss: 0.487
[ 18 / 60 ] loss: 0.212
[ 19 / 60 ] loss: 0.175
[ 20 / 60 ] loss: 0.082
[ 21 / 60 ] loss: 0.097
[ 22 / 60 ] loss: 0.175
[ 23 / 60 ] loss: 0.108
[ 24 / 60 ] loss: 0.065
[ 25 / 60 ] loss: 0.032
[ 26 / 60 ] loss: 0.064
[ 27 / 60 ] loss: 0.133
[ 28 / 60 ] loss: 0.412
[ 29 / 60 ] loss: 0.112
[ 30 / 60 ] loss: 0.079
[ 31 / 60 ] loss: 0.067
[ 32 / 60 ] loss: 0.072
[ 33 / 60 ] loss: 0.065
[ 34 / 60 ] loss: 0.187
[ 35 / 60 ] loss: 0.202
[ 36 / 60 ] loss: 0.040
[ 37 / 60 ] loss: 0.169
[ 38 / 60 ] loss: 0.259
[ 39 / 60 ] loss: 0.144
[ 40 / 60 ] loss: 0.066
[ 41 / 60 ] loss: 0.084
[ 42 / 60 ] loss: 0.558
[ 43 / 60 ] loss: 0.036
[ 44 / 60 ] loss: 0.208
[ 45 / 60 ] loss: 0.052
[ 46 / 60 ] loss: 0.072
[ 47 / 60 ] loss: 0.322
[ 48 / 60 ] loss: 0.187
[ 49 / 60 ] loss: 0.671
[ 50 / 60 ] loss: 0.147
[ 51 / 60 ] loss: 0.024
[ 52 / 60 ] loss: 0.113
[ 53 / 60 ] loss: 0.222
[ 54 / 60 ] loss: 0.302
[ 55 / 60 ] loss: 0.102
[ 56 / 60 ] loss: 0.188
[ 57 / 60 ] loss: 0.037
[ 58 / 60 ] loss: 0.151
[ 59 / 60 ] loss: 0.257
[ 60 / 60 ] loss: 0.037
0.1697707447844247
Accuracy: 0.759494 -- Precision: 0.762590 -- Recall: 0.815385 -- F1: 0.788104 -- AUC: 0.794033
========= epoch: 23 ==============
[ 1 / 60 ] loss: 0.091
[ 2 / 60 ] loss: 0.138
[ 3 / 60 ] loss: 0.225
[ 4 / 60 ] loss: 0.156
[ 5 / 60 ] loss: 0.243
[ 6 / 60 ] loss: 0.036
[ 7 / 60 ] loss: 0.089
[ 8 / 60 ] loss: 0.077
[ 9 / 60 ] loss: 0.123
[ 10 / 60 ] loss: 0.068
[ 11 / 60 ] loss: 0.031
[ 12 / 60 ] loss: 0.118
[ 13 / 60 ] loss: 0.123
[ 14 / 60 ] loss: 0.304
[ 15 / 60 ] loss: 0.028
[ 16 / 60 ] loss: 0.239
[ 17 / 60 ] loss: 0.335
[ 18 / 60 ] loss: 0.129
[ 19 / 60 ] loss: 0.032
[ 20 / 60 ] loss: 0.049
[ 21 / 60 ] loss: 0.290
[ 22 / 60 ] loss: 0.023
[ 23 / 60 ] loss: 0.141
[ 24 / 60 ] loss: 0.042
[ 25 / 60 ] loss: 0.138
[ 26 / 60 ] loss: 0.049
[ 27 / 60 ] loss: 0.072
[ 28 / 60 ] loss: 0.063
[ 29 / 60 ] loss: 0.024
[ 30 / 60 ] loss: 0.307
[ 31 / 60 ] loss: 0.322
[ 32 / 60 ] loss: 0.292
[ 33 / 60 ] loss: 0.118
[ 34 / 60 ] loss: 0.200
[ 35 / 60 ] loss: 0.430
[ 36 / 60 ] loss: 0.208
[ 37 / 60 ] loss: 0.133
[ 38 / 60 ] loss: 0.163
[ 39 / 60 ] loss: 0.214
[ 40 / 60 ] loss: 0.255
[ 41 / 60 ] loss: 0.061
[ 42 / 60 ] loss: 0.189
[ 43 / 60 ] loss: 0.051
[ 44 / 60 ] loss: 0.067
[ 45 / 60 ] loss: 0.025
[ 46 / 60 ] loss: 0.409
[ 47 / 60 ] loss: 0.340
[ 48 / 60 ] loss: 0.543
[ 49 / 60 ] loss: 0.087
[ 50 / 60 ] loss: 0.211
[ 51 / 60 ] loss: 0.151
[ 52 / 60 ] loss: 0.136
[ 53 / 60 ] loss: 0.110
[ 54 / 60 ] loss: 0.457
[ 55 / 60 ] loss: 0.225
[ 56 / 60 ] loss: 0.256
[ 57 / 60 ] loss: 0.070
[ 58 / 60 ] loss: 0.177
[ 59 / 60 ] loss: 0.156
[ 60 / 60 ] loss: 0.549
0.17313547336185972
Accuracy: 0.751055 -- Precision: 0.788618 -- Recall: 0.746154 -- F1: 0.766798 -- AUC: 0.779367
========= epoch: 24 ==============
[ 1 / 60 ] loss: 0.083
[ 2 / 60 ] loss: 0.137
[ 3 / 60 ] loss: 0.325
[ 4 / 60 ] loss: 0.084
[ 5 / 60 ] loss: 0.347
[ 6 / 60 ] loss: 0.134
[ 7 / 60 ] loss: 0.306
[ 8 / 60 ] loss: 0.043
[ 9 / 60 ] loss: 0.278
[ 10 / 60 ] loss: 0.084
[ 11 / 60 ] loss: 0.136
[ 12 / 60 ] loss: 0.327
[ 13 / 60 ] loss: 0.135
[ 14 / 60 ] loss: 0.118
[ 15 / 60 ] loss: 0.085
[ 16 / 60 ] loss: 0.045
[ 17 / 60 ] loss: 0.048
[ 18 / 60 ] loss: 0.336
[ 19 / 60 ] loss: 0.437
[ 20 / 60 ] loss: 0.364
[ 21 / 60 ] loss: 0.064
[ 22 / 60 ] loss: 0.087
[ 23 / 60 ] loss: 0.250
[ 24 / 60 ] loss: 0.015
[ 25 / 60 ] loss: 0.092
[ 26 / 60 ] loss: 0.232
[ 27 / 60 ] loss: 0.133
[ 28 / 60 ] loss: 0.213
[ 29 / 60 ] loss: 0.151
[ 30 / 60 ] loss: 0.113
[ 31 / 60 ] loss: 0.078
[ 32 / 60 ] loss: 0.044
[ 33 / 60 ] loss: 0.137
[ 34 / 60 ] loss: 0.057
[ 35 / 60 ] loss: 0.078
[ 36 / 60 ] loss: 0.071
[ 37 / 60 ] loss: 0.088
[ 38 / 60 ] loss: 0.119
[ 39 / 60 ] loss: 0.089
[ 40 / 60 ] loss: 0.046
[ 41 / 60 ] loss: 0.226
[ 42 / 60 ] loss: 0.569
[ 43 / 60 ] loss: 0.030
[ 44 / 60 ] loss: 0.058
[ 45 / 60 ] loss: 0.400
[ 46 / 60 ] loss: 0.033
[ 47 / 60 ] loss: 0.173
[ 48 / 60 ] loss: 0.514
[ 49 / 60 ] loss: 0.187
[ 50 / 60 ] loss: 0.171
[ 51 / 60 ] loss: 0.066
[ 52 / 60 ] loss: 0.027
[ 53 / 60 ] loss: 0.145
[ 54 / 60 ] loss: 0.126
[ 55 / 60 ] loss: 0.193
[ 56 / 60 ] loss: 0.071
[ 57 / 60 ] loss: 0.067
[ 58 / 60 ] loss: 0.104
[ 59 / 60 ] loss: 0.356
[ 60 / 60 ] loss: 0.072
0.15994773077157637
Accuracy: 0.763713 -- Precision: 0.849057 -- Recall: 0.692308 -- F1: 0.762712 -- AUC: 0.809130
========= epoch: 25 ==============
[ 1 / 60 ] loss: 0.143
[ 2 / 60 ] loss: 0.042
[ 3 / 60 ] loss: 0.164
[ 4 / 60 ] loss: 0.238
[ 5 / 60 ] loss: 0.078
[ 6 / 60 ] loss: 0.174
[ 7 / 60 ] loss: 0.152
[ 8 / 60 ] loss: 0.189
[ 9 / 60 ] loss: 0.056
[ 10 / 60 ] loss: 0.049
[ 11 / 60 ] loss: 0.046
[ 12 / 60 ] loss: 0.018
[ 13 / 60 ] loss: 0.287
[ 14 / 60 ] loss: 0.025
[ 15 / 60 ] loss: 0.025
[ 16 / 60 ] loss: 0.456
[ 17 / 60 ] loss: 0.206
[ 18 / 60 ] loss: 0.214
[ 19 / 60 ] loss: 0.027
[ 20 / 60 ] loss: 0.229
[ 21 / 60 ] loss: 0.057
[ 22 / 60 ] loss: 0.500
[ 23 / 60 ] loss: 0.023
[ 24 / 60 ] loss: 0.026
[ 25 / 60 ] loss: 0.089
[ 26 / 60 ] loss: 0.181
[ 27 / 60 ] loss: 0.046
[ 28 / 60 ] loss: 0.324
[ 29 / 60 ] loss: 0.052
[ 30 / 60 ] loss: 0.078
[ 31 / 60 ] loss: 0.249
[ 32 / 60 ] loss: 0.043
[ 33 / 60 ] loss: 0.116
[ 34 / 60 ] loss: 0.141
[ 35 / 60 ] loss: 0.092
[ 36 / 60 ] loss: 0.269
[ 37 / 60 ] loss: 0.317
[ 38 / 60 ] loss: 0.218
[ 39 / 60 ] loss: 0.182
[ 40 / 60 ] loss: 0.086
[ 41 / 60 ] loss: 0.060
[ 42 / 60 ] loss: 0.264
[ 43 / 60 ] loss: 0.057
[ 44 / 60 ] loss: 0.117
[ 45 / 60 ] loss: 0.091
[ 46 / 60 ] loss: 0.052
[ 47 / 60 ] loss: 0.185
[ 48 / 60 ] loss: 0.087
[ 49 / 60 ] loss: 0.248
[ 50 / 60 ] loss: 0.217
[ 51 / 60 ] loss: 0.034
[ 52 / 60 ] loss: 0.255
[ 53 / 60 ] loss: 0.050
[ 54 / 60 ] loss: 0.301
[ 55 / 60 ] loss: 0.047
[ 56 / 60 ] loss: 0.150
[ 57 / 60 ] loss: 0.110
[ 58 / 60 ] loss: 0.116
[ 59 / 60 ] loss: 0.181
[ 60 / 60 ] loss: 0.082
0.14347645572076242
Accuracy: 0.772152 -- Precision: 0.796875 -- Recall: 0.784615 -- F1: 0.790698 -- AUC: 0.818332
========= epoch: 26 ==============
[ 1 / 60 ] loss: 0.016
[ 2 / 60 ] loss: 0.081
[ 3 / 60 ] loss: 0.028
[ 4 / 60 ] loss: 0.039
[ 5 / 60 ] loss: 0.154
[ 6 / 60 ] loss: 0.052
[ 7 / 60 ] loss: 0.096
[ 8 / 60 ] loss: 0.065
[ 9 / 60 ] loss: 0.132
[ 10 / 60 ] loss: 0.067
[ 11 / 60 ] loss: 0.043
[ 12 / 60 ] loss: 0.106
[ 13 / 60 ] loss: 0.048
[ 14 / 60 ] loss: 0.226
[ 15 / 60 ] loss: 0.057
[ 16 / 60 ] loss: 0.065
[ 17 / 60 ] loss: 0.227
[ 18 / 60 ] loss: 0.383
[ 19 / 60 ] loss: 0.175
[ 20 / 60 ] loss: 0.044
[ 21 / 60 ] loss: 0.154
[ 22 / 60 ] loss: 0.169
[ 23 / 60 ] loss: 0.125
[ 24 / 60 ] loss: 0.482
[ 25 / 60 ] loss: 0.066
[ 26 / 60 ] loss: 0.294
[ 27 / 60 ] loss: 0.234
[ 28 / 60 ] loss: 0.036
[ 29 / 60 ] loss: 0.144
[ 30 / 60 ] loss: 0.235
[ 31 / 60 ] loss: 0.111
[ 32 / 60 ] loss: 0.157
[ 33 / 60 ] loss: 0.104
[ 34 / 60 ] loss: 0.106
[ 35 / 60 ] loss: 0.042
[ 36 / 60 ] loss: 0.117
[ 37 / 60 ] loss: 0.325
[ 38 / 60 ] loss: 0.054
[ 39 / 60 ] loss: 0.437
[ 40 / 60 ] loss: 0.095
[ 41 / 60 ] loss: 0.042
[ 42 / 60 ] loss: 0.044
[ 43 / 60 ] loss: 0.151
[ 44 / 60 ] loss: 0.043
[ 45 / 60 ] loss: 0.033
[ 46 / 60 ] loss: 0.241
[ 47 / 60 ] loss: 0.191
[ 48 / 60 ] loss: 0.103
[ 49 / 60 ] loss: 0.078
[ 50 / 60 ] loss: 0.105
[ 51 / 60 ] loss: 0.176
[ 52 / 60 ] loss: 0.047
[ 53 / 60 ] loss: 0.012
[ 54 / 60 ] loss: 0.040
[ 55 / 60 ] loss: 0.061
[ 56 / 60 ] loss: 0.031
[ 57 / 60 ] loss: 0.356
[ 58 / 60 ] loss: 0.023
[ 59 / 60 ] loss: 0.155
[ 60 / 60 ] loss: 0.010
0.12554542932969828
Accuracy: 0.776371 -- Precision: 0.808000 -- Recall: 0.776923 -- F1: 0.792157 -- AUC: 0.792092
========= epoch: 27 ==============
[ 1 / 60 ] loss: 0.005
[ 2 / 60 ] loss: 0.448
[ 3 / 60 ] loss: 0.018
[ 4 / 60 ] loss: 0.152
[ 5 / 60 ] loss: 0.472
[ 6 / 60 ] loss: 0.046
[ 7 / 60 ] loss: 0.096
[ 8 / 60 ] loss: 0.015
[ 9 / 60 ] loss: 0.031
[ 10 / 60 ] loss: 0.158
[ 11 / 60 ] loss: 0.076
[ 12 / 60 ] loss: 0.241
[ 13 / 60 ] loss: 0.166
[ 14 / 60 ] loss: 0.073
[ 15 / 60 ] loss: 0.023
[ 16 / 60 ] loss: 0.084
[ 17 / 60 ] loss: 0.046
[ 18 / 60 ] loss: 0.093
[ 19 / 60 ] loss: 0.303
[ 20 / 60 ] loss: 0.019
[ 21 / 60 ] loss: 0.047
[ 22 / 60 ] loss: 0.066
[ 23 / 60 ] loss: 0.107
[ 24 / 60 ] loss: 0.013
[ 25 / 60 ] loss: 0.008
[ 26 / 60 ] loss: 0.058
[ 27 / 60 ] loss: 0.177
[ 28 / 60 ] loss: 0.024
[ 29 / 60 ] loss: 0.224
[ 30 / 60 ] loss: 0.345
[ 31 / 60 ] loss: 0.057
[ 32 / 60 ] loss: 0.162
[ 33 / 60 ] loss: 0.016
[ 34 / 60 ] loss: 0.102
[ 35 / 60 ] loss: 0.204
[ 36 / 60 ] loss: 0.049
[ 37 / 60 ] loss: 0.140
[ 38 / 60 ] loss: 0.034
[ 39 / 60 ] loss: 0.176
[ 40 / 60 ] loss: 0.046
[ 41 / 60 ] loss: 0.093
[ 42 / 60 ] loss: 0.019
[ 43 / 60 ] loss: 0.056
[ 44 / 60 ] loss: 0.239
[ 45 / 60 ] loss: 0.050
[ 46 / 60 ] loss: 0.021
[ 47 / 60 ] loss: 0.109
[ 48 / 60 ] loss: 0.018
[ 49 / 60 ] loss: 0.450
[ 50 / 60 ] loss: 0.261
[ 51 / 60 ] loss: 0.019
[ 52 / 60 ] loss: 0.033
[ 53 / 60 ] loss: 0.109
[ 54 / 60 ] loss: 0.450
[ 55 / 60 ] loss: 0.042
[ 56 / 60 ] loss: 0.026
[ 57 / 60 ] loss: 0.218
[ 58 / 60 ] loss: 0.030
[ 59 / 60 ] loss: 0.086
[ 60 / 60 ] loss: 0.467
0.1236306900701796
Accuracy: 0.763713 -- Precision: 0.776119 -- Recall: 0.800000 -- F1: 0.787879 -- AUC: 0.807549
========= epoch: 28 ==============
[ 1 / 60 ] loss: 0.284
[ 2 / 60 ] loss: 0.063
[ 3 / 60 ] loss: 0.033
[ 4 / 60 ] loss: 0.013
[ 5 / 60 ] loss: 0.349
[ 6 / 60 ] loss: 0.202
[ 7 / 60 ] loss: 0.210
[ 8 / 60 ] loss: 0.153
[ 9 / 60 ] loss: 0.203
[ 10 / 60 ] loss: 0.289
[ 11 / 60 ] loss: 0.187
[ 12 / 60 ] loss: 0.099
[ 13 / 60 ] loss: 0.132
[ 14 / 60 ] loss: 0.111
[ 15 / 60 ] loss: 0.045
[ 16 / 60 ] loss: 0.273
[ 17 / 60 ] loss: 0.189
[ 18 / 60 ] loss: 0.033
[ 19 / 60 ] loss: 0.222
[ 20 / 60 ] loss: 0.076
[ 21 / 60 ] loss: 0.037
[ 22 / 60 ] loss: 0.057
[ 23 / 60 ] loss: 0.043
[ 24 / 60 ] loss: 0.010
[ 25 / 60 ] loss: 0.069
[ 26 / 60 ] loss: 0.485
[ 27 / 60 ] loss: 0.368
[ 28 / 60 ] loss: 0.197
[ 29 / 60 ] loss: 0.031
[ 30 / 60 ] loss: 0.031
[ 31 / 60 ] loss: 0.058
[ 32 / 60 ] loss: 0.230
[ 33 / 60 ] loss: 0.112
[ 34 / 60 ] loss: 0.091
[ 35 / 60 ] loss: 0.015
[ 36 / 60 ] loss: 0.065
[ 37 / 60 ] loss: 0.111
[ 38 / 60 ] loss: 0.031
[ 39 / 60 ] loss: 0.359
[ 40 / 60 ] loss: 0.151
[ 41 / 60 ] loss: 0.066
[ 42 / 60 ] loss: 0.072
[ 43 / 60 ] loss: 0.048
[ 44 / 60 ] loss: 0.147
[ 45 / 60 ] loss: 0.123
[ 46 / 60 ] loss: 0.094
[ 47 / 60 ] loss: 0.005
[ 48 / 60 ] loss: 0.118
[ 49 / 60 ] loss: 0.022
[ 50 / 60 ] loss: 0.347
[ 51 / 60 ] loss: 0.113
[ 52 / 60 ] loss: 0.026
[ 53 / 60 ] loss: 0.042
[ 54 / 60 ] loss: 0.141
[ 55 / 60 ] loss: 0.079
[ 56 / 60 ] loss: 0.390
[ 57 / 60 ] loss: 0.698
[ 58 / 60 ] loss: 0.427
[ 59 / 60 ] loss: 0.055
[ 60 / 60 ] loss: 0.002
0.14554094876317927
Accuracy: 0.763713 -- Precision: 0.798387 -- Recall: 0.761538 -- F1: 0.779528 -- AUC: 0.778577
========= epoch: 29 ==============
[ 1 / 60 ] loss: 0.152
[ 2 / 60 ] loss: 0.020
[ 3 / 60 ] loss: 0.307
[ 4 / 60 ] loss: 0.089
[ 5 / 60 ] loss: 0.243
[ 6 / 60 ] loss: 0.064
[ 7 / 60 ] loss: 0.113
[ 8 / 60 ] loss: 0.059
[ 9 / 60 ] loss: 0.103
[ 10 / 60 ] loss: 0.170
[ 11 / 60 ] loss: 0.098
[ 12 / 60 ] loss: 0.044
[ 13 / 60 ] loss: 0.050
[ 14 / 60 ] loss: 0.090
[ 15 / 60 ] loss: 0.037
[ 16 / 60 ] loss: 0.294
[ 17 / 60 ] loss: 0.067
[ 18 / 60 ] loss: 0.112
[ 19 / 60 ] loss: 0.037
[ 20 / 60 ] loss: 0.117
[ 21 / 60 ] loss: 0.073
[ 22 / 60 ] loss: 0.244
[ 23 / 60 ] loss: 0.070
[ 24 / 60 ] loss: 0.081
[ 25 / 60 ] loss: 0.214
[ 26 / 60 ] loss: 0.416
[ 27 / 60 ] loss: 0.756
[ 28 / 60 ] loss: 0.066
[ 29 / 60 ] loss: 0.053
[ 30 / 60 ] loss: 0.204
[ 31 / 60 ] loss: 0.019
[ 32 / 60 ] loss: 0.088
[ 33 / 60 ] loss: 0.110
[ 34 / 60 ] loss: 0.048
[ 35 / 60 ] loss: 0.279
[ 36 / 60 ] loss: 0.195
[ 37 / 60 ] loss: 0.157
[ 38 / 60 ] loss: 0.050
[ 39 / 60 ] loss: 0.223
[ 40 / 60 ] loss: 0.069
[ 41 / 60 ] loss: 0.016
[ 42 / 60 ] loss: 0.070
[ 43 / 60 ] loss: 0.055
[ 44 / 60 ] loss: 0.260
[ 45 / 60 ] loss: 0.543
[ 46 / 60 ] loss: 0.108
[ 47 / 60 ] loss: 0.074
[ 48 / 60 ] loss: 0.318
[ 49 / 60 ] loss: 0.077
[ 50 / 60 ] loss: 0.212
[ 51 / 60 ] loss: 0.132
[ 52 / 60 ] loss: 0.028
[ 53 / 60 ] loss: 0.278
[ 54 / 60 ] loss: 0.136
[ 55 / 60 ] loss: 0.080
[ 56 / 60 ] loss: 0.046
[ 57 / 60 ] loss: 0.039
[ 58 / 60 ] loss: 0.103
[ 59 / 60 ] loss: 0.104
[ 60 / 60 ] loss: 0.028
0.13978821334118643
Accuracy: 0.759494 -- Precision: 0.758865 -- Recall: 0.823077 -- F1: 0.789668 -- AUC: 0.801150
训练集: 946
测试集: 237
Some weights of the model checkpoint at bert-base-uncased were not used when initializing BertModel: ['cls.seq_relationship.bias', 'cls.predictions.transform.dense.weight', 'cls.seq_relationship.weight', 'cls.predictions.transform.dense.bias', 'cls.predictions.transform.LayerNorm.weight', 'cls.predictions.decoder.weight', 'cls.predictions.bias', 'cls.predictions.transform.LayerNorm.bias']
- This IS expected if you are initializing BertModel from the checkpoint of a model trained on another task or with another architecture (e.g. initializing a BertForSequenceClassification model from a BertForPreTraining model).
- This IS NOT expected if you are initializing BertModel from the checkpoint of a model that you expect to be exactly identical (initializing a BertForSequenceClassification model from a BertForSequenceClassification model).
/root/anaconda3/envs/evapatch/lib/python3.6/site-packages/transformers/optimization.py:309: FutureWarning: This implementation of AdamW is deprecated and will be removed in a future version. Use the PyTorch implementation torch.optim.AdamW instead, or set `no_deprecation_warning=True` to disable this warning
  FutureWarning,
-------------- start training --------------- 

========= epoch: 0 ==============
[ 1 / 60 ] loss: 0.705
[ 2 / 60 ] loss: 0.719
[ 3 / 60 ] loss: 0.684
[ 4 / 60 ] loss: 0.695
[ 5 / 60 ] loss: 0.707
[ 6 / 60 ] loss: 0.655
[ 7 / 60 ] loss: 0.657
[ 8 / 60 ] loss: 0.725
[ 9 / 60 ] loss: 0.656
[ 10 / 60 ] loss: 0.618
[ 11 / 60 ] loss: 0.776
[ 12 / 60 ] loss: 0.633
[ 13 / 60 ] loss: 0.679
[ 14 / 60 ] loss: 0.716
[ 15 / 60 ] loss: 0.729
[ 16 / 60 ] loss: 0.677
[ 17 / 60 ] loss: 0.616
[ 18 / 60 ] loss: 0.688
[ 19 / 60 ] loss: 0.690
[ 20 / 60 ] loss: 0.776
[ 21 / 60 ] loss: 0.704
[ 22 / 60 ] loss: 0.670
[ 23 / 60 ] loss: 0.673
[ 24 / 60 ] loss: 0.676
[ 25 / 60 ] loss: 0.664
[ 26 / 60 ] loss: 0.716
[ 27 / 60 ] loss: 0.689
[ 28 / 60 ] loss: 0.642
[ 29 / 60 ] loss: 0.649
[ 30 / 60 ] loss: 0.666
[ 31 / 60 ] loss: 0.724
[ 32 / 60 ] loss: 0.610
[ 33 / 60 ] loss: 0.623
[ 34 / 60 ] loss: 0.633
[ 35 / 60 ] loss: 0.684
[ 36 / 60 ] loss: 0.730
[ 37 / 60 ] loss: 0.737
[ 38 / 60 ] loss: 0.675
[ 39 / 60 ] loss: 0.651
[ 40 / 60 ] loss: 0.603
[ 41 / 60 ] loss: 0.666
[ 42 / 60 ] loss: 0.544
[ 43 / 60 ] loss: 0.609
[ 44 / 60 ] loss: 0.677
[ 45 / 60 ] loss: 0.469
[ 46 / 60 ] loss: 0.560
[ 47 / 60 ] loss: 0.576
[ 48 / 60 ] loss: 0.763
[ 49 / 60 ] loss: 0.592
[ 50 / 60 ] loss: 0.456
[ 51 / 60 ] loss: 0.635
[ 52 / 60 ] loss: 0.473
[ 53 / 60 ] loss: 0.589
[ 54 / 60 ] loss: 0.887
[ 55 / 60 ] loss: 0.829
[ 56 / 60 ] loss: 0.587
[ 57 / 60 ] loss: 0.768
[ 58 / 60 ] loss: 0.703
[ 59 / 60 ] loss: 0.697
[ 60 / 60 ] loss: 1.095
0.6732686882217725
Accuracy: 0.616034 -- Precision: 0.644444 -- Recall: 0.669231 -- F1: 0.656604 -- AUC: 0.651258
保存模型参数
========= epoch: 1 ==============
[ 1 / 60 ] loss: 0.595
[ 2 / 60 ] loss: 0.637
[ 3 / 60 ] loss: 0.611
[ 4 / 60 ] loss: 0.530
[ 5 / 60 ] loss: 0.549
[ 6 / 60 ] loss: 0.657
[ 7 / 60 ] loss: 0.684
[ 8 / 60 ] loss: 0.640
[ 9 / 60 ] loss: 0.597
[ 10 / 60 ] loss: 0.579
[ 11 / 60 ] loss: 0.642
[ 12 / 60 ] loss: 0.616
[ 13 / 60 ] loss: 0.624
[ 14 / 60 ] loss: 0.599
[ 15 / 60 ] loss: 0.726
[ 16 / 60 ] loss: 0.594
[ 17 / 60 ] loss: 0.535
[ 18 / 60 ] loss: 0.645
[ 19 / 60 ] loss: 0.716
[ 20 / 60 ] loss: 0.463
[ 21 / 60 ] loss: 0.842
[ 22 / 60 ] loss: 0.674
[ 23 / 60 ] loss: 0.743
[ 24 / 60 ] loss: 0.717
[ 25 / 60 ] loss: 0.701
[ 26 / 60 ] loss: 0.568
[ 27 / 60 ] loss: 0.586
[ 28 / 60 ] loss: 0.654
[ 29 / 60 ] loss: 0.546
[ 30 / 60 ] loss: 0.683
[ 31 / 60 ] loss: 0.524
[ 32 / 60 ] loss: 0.686
[ 33 / 60 ] loss: 0.661
[ 34 / 60 ] loss: 0.645
[ 35 / 60 ] loss: 0.659
[ 36 / 60 ] loss: 0.611
[ 37 / 60 ] loss: 0.563
[ 38 / 60 ] loss: 0.512
[ 39 / 60 ] loss: 0.710
[ 40 / 60 ] loss: 0.609
[ 41 / 60 ] loss: 0.808
[ 42 / 60 ] loss: 0.550
[ 43 / 60 ] loss: 0.658
[ 44 / 60 ] loss: 0.617
[ 45 / 60 ] loss: 0.597
[ 46 / 60 ] loss: 0.669
[ 47 / 60 ] loss: 0.459
[ 48 / 60 ] loss: 0.615
[ 49 / 60 ] loss: 0.840
[ 50 / 60 ] loss: 0.764
[ 51 / 60 ] loss: 0.741
[ 52 / 60 ] loss: 0.806
[ 53 / 60 ] loss: 0.690
[ 54 / 60 ] loss: 0.724
[ 55 / 60 ] loss: 0.564
[ 56 / 60 ] loss: 0.626
[ 57 / 60 ] loss: 0.581
[ 58 / 60 ] loss: 0.642
[ 59 / 60 ] loss: 0.679
[ 60 / 60 ] loss: 0.636
0.6399645999073982
Accuracy: 0.485232 -- Precision: 0.633333 -- Recall: 0.146154 -- F1: 0.237500 -- AUC: 0.615025
========= epoch: 2 ==============
[ 1 / 60 ] loss: 0.868
[ 2 / 60 ] loss: 0.662
[ 3 / 60 ] loss: 0.781
[ 4 / 60 ] loss: 0.635
[ 5 / 60 ] loss: 0.569
[ 6 / 60 ] loss: 0.642
[ 7 / 60 ] loss: 0.596
[ 8 / 60 ] loss: 0.610
[ 9 / 60 ] loss: 0.763
[ 10 / 60 ] loss: 0.606
[ 11 / 60 ] loss: 0.732
[ 12 / 60 ] loss: 0.609
[ 13 / 60 ] loss: 0.631
[ 14 / 60 ] loss: 0.521
[ 15 / 60 ] loss: 0.534
[ 16 / 60 ] loss: 0.465
[ 17 / 60 ] loss: 0.625
[ 18 / 60 ] loss: 0.401
[ 19 / 60 ] loss: 0.398
[ 20 / 60 ] loss: 0.597
[ 21 / 60 ] loss: 0.702
[ 22 / 60 ] loss: 0.524
[ 23 / 60 ] loss: 0.555
[ 24 / 60 ] loss: 0.743
[ 25 / 60 ] loss: 0.728
[ 26 / 60 ] loss: 0.506
[ 27 / 60 ] loss: 0.489
[ 28 / 60 ] loss: 0.622
[ 29 / 60 ] loss: 0.651
[ 30 / 60 ] loss: 0.595
[ 31 / 60 ] loss: 0.796
[ 32 / 60 ] loss: 0.594
[ 33 / 60 ] loss: 0.647
[ 34 / 60 ] loss: 0.611
[ 35 / 60 ] loss: 0.633
[ 36 / 60 ] loss: 0.639
[ 37 / 60 ] loss: 0.631
[ 38 / 60 ] loss: 0.613
[ 39 / 60 ] loss: 0.658
[ 40 / 60 ] loss: 0.610
[ 41 / 60 ] loss: 0.647
[ 42 / 60 ] loss: 0.646
[ 43 / 60 ] loss: 0.597
[ 44 / 60 ] loss: 0.571
[ 45 / 60 ] loss: 0.712
[ 46 / 60 ] loss: 0.614
[ 47 / 60 ] loss: 0.461
[ 48 / 60 ] loss: 0.649
[ 49 / 60 ] loss: 0.503
[ 50 / 60 ] loss: 0.869
[ 51 / 60 ] loss: 0.499
[ 52 / 60 ] loss: 0.659
[ 53 / 60 ] loss: 0.528
[ 54 / 60 ] loss: 0.645
[ 55 / 60 ] loss: 0.423
[ 56 / 60 ] loss: 0.428
[ 57 / 60 ] loss: 0.465
[ 58 / 60 ] loss: 0.506
[ 59 / 60 ] loss: 0.503
[ 60 / 60 ] loss: 0.414
0.6022206465403239
Accuracy: 0.725738 -- Precision: 0.730496 -- Recall: 0.792308 -- F1: 0.760148 -- AUC: 0.768943
保存模型参数
========= epoch: 3 ==============
[ 1 / 60 ] loss: 0.520
[ 2 / 60 ] loss: 0.437
[ 3 / 60 ] loss: 0.268
[ 4 / 60 ] loss: 0.251
[ 5 / 60 ] loss: 0.390
[ 6 / 60 ] loss: 0.267
[ 7 / 60 ] loss: 0.493
[ 8 / 60 ] loss: 0.370
[ 9 / 60 ] loss: 0.253
[ 10 / 60 ] loss: 0.352
[ 11 / 60 ] loss: 0.240
[ 12 / 60 ] loss: 0.588
[ 13 / 60 ] loss: 0.569
[ 14 / 60 ] loss: 0.484
[ 15 / 60 ] loss: 0.261
[ 16 / 60 ] loss: 0.470
[ 17 / 60 ] loss: 0.755
[ 18 / 60 ] loss: 0.358
[ 19 / 60 ] loss: 0.420
[ 20 / 60 ] loss: 0.432
[ 21 / 60 ] loss: 0.492
[ 22 / 60 ] loss: 0.498
[ 23 / 60 ] loss: 0.400
[ 24 / 60 ] loss: 0.464
[ 25 / 60 ] loss: 0.637
[ 26 / 60 ] loss: 0.585
[ 27 / 60 ] loss: 0.544
[ 28 / 60 ] loss: 0.422
[ 29 / 60 ] loss: 0.595
[ 30 / 60 ] loss: 0.632
[ 31 / 60 ] loss: 0.551
[ 32 / 60 ] loss: 0.621
[ 33 / 60 ] loss: 0.309
[ 34 / 60 ] loss: 0.564
[ 35 / 60 ] loss: 0.669
[ 36 / 60 ] loss: 0.426
[ 37 / 60 ] loss: 0.358
[ 38 / 60 ] loss: 0.590
[ 39 / 60 ] loss: 0.393
[ 40 / 60 ] loss: 0.673
[ 41 / 60 ] loss: 0.509
[ 42 / 60 ] loss: 0.530
[ 43 / 60 ] loss: 0.623
[ 44 / 60 ] loss: 0.282
[ 45 / 60 ] loss: 0.518
[ 46 / 60 ] loss: 0.544
[ 47 / 60 ] loss: 0.558
[ 48 / 60 ] loss: 0.514
[ 49 / 60 ] loss: 0.735
[ 50 / 60 ] loss: 0.482
[ 51 / 60 ] loss: 0.454
[ 52 / 60 ] loss: 0.462
[ 53 / 60 ] loss: 0.419
[ 54 / 60 ] loss: 0.546
[ 55 / 60 ] loss: 0.594
[ 56 / 60 ] loss: 0.653
[ 57 / 60 ] loss: 0.417
[ 58 / 60 ] loss: 0.618
[ 59 / 60 ] loss: 0.503
[ 60 / 60 ] loss: 0.947
0.49181541949510577
Accuracy: 0.734177 -- Precision: 0.693642 -- Recall: 0.923077 -- F1: 0.792079 -- AUC: 0.820058
保存模型参数
========= epoch: 4 ==============
[ 1 / 60 ] loss: 0.317
[ 2 / 60 ] loss: 0.352
[ 3 / 60 ] loss: 0.326
[ 4 / 60 ] loss: 0.361
[ 5 / 60 ] loss: 0.319
[ 6 / 60 ] loss: 0.297
[ 7 / 60 ] loss: 0.530
[ 8 / 60 ] loss: 0.398
[ 9 / 60 ] loss: 0.471
[ 10 / 60 ] loss: 0.393
[ 11 / 60 ] loss: 0.172
[ 12 / 60 ] loss: 0.396
[ 13 / 60 ] loss: 0.478
[ 14 / 60 ] loss: 0.431
[ 15 / 60 ] loss: 0.388
[ 16 / 60 ] loss: 0.560
[ 17 / 60 ] loss: 0.471
[ 18 / 60 ] loss: 0.217
[ 19 / 60 ] loss: 0.256
[ 20 / 60 ] loss: 0.645
[ 21 / 60 ] loss: 0.668
[ 22 / 60 ] loss: 0.358
[ 23 / 60 ] loss: 0.129
[ 24 / 60 ] loss: 0.240
[ 25 / 60 ] loss: 0.158
[ 26 / 60 ] loss: 0.421
[ 27 / 60 ] loss: 0.349
[ 28 / 60 ] loss: 0.626
[ 29 / 60 ] loss: 0.385
[ 30 / 60 ] loss: 0.385
[ 31 / 60 ] loss: 0.286
[ 32 / 60 ] loss: 0.376
[ 33 / 60 ] loss: 0.428
[ 34 / 60 ] loss: 0.486
[ 35 / 60 ] loss: 0.385
[ 36 / 60 ] loss: 0.468
[ 37 / 60 ] loss: 0.501
[ 38 / 60 ] loss: 0.347
[ 39 / 60 ] loss: 0.549
[ 40 / 60 ] loss: 0.474
[ 41 / 60 ] loss: 0.464
[ 42 / 60 ] loss: 0.461
[ 43 / 60 ] loss: 0.409
[ 44 / 60 ] loss: 0.398
[ 45 / 60 ] loss: 0.493
[ 46 / 60 ] loss: 0.592
[ 47 / 60 ] loss: 0.591
[ 48 / 60 ] loss: 0.448
[ 49 / 60 ] loss: 0.507
[ 50 / 60 ] loss: 0.286
[ 51 / 60 ] loss: 0.279
[ 52 / 60 ] loss: 0.422
[ 53 / 60 ] loss: 0.379
[ 54 / 60 ] loss: 0.243
[ 55 / 60 ] loss: 0.476
[ 56 / 60 ] loss: 0.652
[ 57 / 60 ] loss: 0.527
[ 58 / 60 ] loss: 0.256
[ 59 / 60 ] loss: 0.219
[ 60 / 60 ] loss: 0.326
0.4037478916347027
Accuracy: 0.746835 -- Precision: 0.812500 -- Recall: 0.700000 -- F1: 0.752066 -- AUC: 0.831057
保存模型参数
========= epoch: 5 ==============
[ 1 / 60 ] loss: 0.339
[ 2 / 60 ] loss: 0.139
[ 3 / 60 ] loss: 0.229
[ 4 / 60 ] loss: 0.170
[ 5 / 60 ] loss: 0.476
[ 6 / 60 ] loss: 0.330
[ 7 / 60 ] loss: 0.416
[ 8 / 60 ] loss: 0.289
[ 9 / 60 ] loss: 0.610
[ 10 / 60 ] loss: 0.585
[ 11 / 60 ] loss: 0.348
[ 12 / 60 ] loss: 0.141
[ 13 / 60 ] loss: 0.132
[ 14 / 60 ] loss: 0.142
[ 15 / 60 ] loss: 0.103
[ 16 / 60 ] loss: 0.279
[ 17 / 60 ] loss: 0.315
[ 18 / 60 ] loss: 0.436
[ 19 / 60 ] loss: 0.189
[ 20 / 60 ] loss: 0.544
[ 21 / 60 ] loss: 0.305
[ 22 / 60 ] loss: 0.426
[ 23 / 60 ] loss: 0.265
[ 24 / 60 ] loss: 0.332
[ 25 / 60 ] loss: 0.392
[ 26 / 60 ] loss: 0.394
[ 27 / 60 ] loss: 0.438
[ 28 / 60 ] loss: 0.407
[ 29 / 60 ] loss: 0.154
[ 30 / 60 ] loss: 0.602
[ 31 / 60 ] loss: 0.344
[ 32 / 60 ] loss: 0.376
[ 33 / 60 ] loss: 0.540
[ 34 / 60 ] loss: 0.404
[ 35 / 60 ] loss: 0.473
[ 36 / 60 ] loss: 0.374
[ 37 / 60 ] loss: 0.652
[ 38 / 60 ] loss: 0.336
[ 39 / 60 ] loss: 0.279
[ 40 / 60 ] loss: 0.328
[ 41 / 60 ] loss: 0.327
[ 42 / 60 ] loss: 0.151
[ 43 / 60 ] loss: 0.261
[ 44 / 60 ] loss: 0.218
[ 45 / 60 ] loss: 0.378
[ 46 / 60 ] loss: 0.070
[ 47 / 60 ] loss: 0.088
[ 48 / 60 ] loss: 0.377
[ 49 / 60 ] loss: 0.179
[ 50 / 60 ] loss: 0.781
[ 51 / 60 ] loss: 0.317
[ 52 / 60 ] loss: 0.230
[ 53 / 60 ] loss: 0.061
[ 54 / 60 ] loss: 0.335
[ 55 / 60 ] loss: 0.455
[ 56 / 60 ] loss: 0.211
[ 57 / 60 ] loss: 0.656
[ 58 / 60 ] loss: 0.562
[ 59 / 60 ] loss: 0.761
[ 60 / 60 ] loss: 0.073
0.34204694541792074
Accuracy: 0.776371 -- Precision: 0.785185 -- Recall: 0.815385 -- F1: 0.800000 -- AUC: 0.847448
保存模型参数
========= epoch: 6 ==============
[ 1 / 60 ] loss: 0.071
[ 2 / 60 ] loss: 0.490
[ 3 / 60 ] loss: 0.168
[ 4 / 60 ] loss: 0.375
[ 5 / 60 ] loss: 0.262
[ 6 / 60 ] loss: 0.258
[ 7 / 60 ] loss: 0.165
[ 8 / 60 ] loss: 0.185
[ 9 / 60 ] loss: 0.172
[ 10 / 60 ] loss: 0.094
[ 11 / 60 ] loss: 0.645
[ 12 / 60 ] loss: 0.141
[ 13 / 60 ] loss: 0.434
[ 14 / 60 ] loss: 0.211
[ 15 / 60 ] loss: 0.360
[ 16 / 60 ] loss: 0.506
[ 17 / 60 ] loss: 0.357
[ 18 / 60 ] loss: 0.144
[ 19 / 60 ] loss: 0.295
[ 20 / 60 ] loss: 0.227
[ 21 / 60 ] loss: 0.209
[ 22 / 60 ] loss: 0.869
[ 23 / 60 ] loss: 0.457
[ 24 / 60 ] loss: 0.257
[ 25 / 60 ] loss: 0.282
[ 26 / 60 ] loss: 0.093
[ 27 / 60 ] loss: 0.113
[ 28 / 60 ] loss: 0.058
[ 29 / 60 ] loss: 0.093
[ 30 / 60 ] loss: 0.471
[ 31 / 60 ] loss: 0.092
[ 32 / 60 ] loss: 0.078
[ 33 / 60 ] loss: 0.499
[ 34 / 60 ] loss: 0.523
[ 35 / 60 ] loss: 0.193
[ 36 / 60 ] loss: 0.136
[ 37 / 60 ] loss: 0.214
[ 38 / 60 ] loss: 0.112
[ 39 / 60 ] loss: 0.243
[ 40 / 60 ] loss: 0.407
[ 41 / 60 ] loss: 0.412
[ 42 / 60 ] loss: 0.187
[ 43 / 60 ] loss: 0.400
[ 44 / 60 ] loss: 0.466
[ 45 / 60 ] loss: 0.318
[ 46 / 60 ] loss: 0.360
[ 47 / 60 ] loss: 0.223
[ 48 / 60 ] loss: 0.576
[ 49 / 60 ] loss: 0.340
[ 50 / 60 ] loss: 0.473
[ 51 / 60 ] loss: 0.335
[ 52 / 60 ] loss: 0.435
[ 53 / 60 ] loss: 0.568
[ 54 / 60 ] loss: 0.405
[ 55 / 60 ] loss: 0.351
[ 56 / 60 ] loss: 0.207
[ 57 / 60 ] loss: 0.610
[ 58 / 60 ] loss: 0.373
[ 59 / 60 ] loss: 0.265
[ 60 / 60 ] loss: 0.133
0.3065723820279042
Accuracy: 0.746835 -- Precision: 0.812500 -- Recall: 0.700000 -- F1: 0.752066 -- AUC: 0.803091
========= epoch: 7 ==============
[ 1 / 60 ] loss: 0.305
[ 2 / 60 ] loss: 0.237
[ 3 / 60 ] loss: 0.393
[ 4 / 60 ] loss: 0.372
[ 5 / 60 ] loss: 0.374
[ 6 / 60 ] loss: 0.388
[ 7 / 60 ] loss: 0.307
[ 8 / 60 ] loss: 0.414
[ 9 / 60 ] loss: 0.216
[ 10 / 60 ] loss: 0.136
[ 11 / 60 ] loss: 0.296
[ 12 / 60 ] loss: 0.332
[ 13 / 60 ] loss: 0.128
[ 14 / 60 ] loss: 0.284
[ 15 / 60 ] loss: 0.252
[ 16 / 60 ] loss: 0.298
[ 17 / 60 ] loss: 0.140
[ 18 / 60 ] loss: 0.281
[ 19 / 60 ] loss: 0.384
[ 20 / 60 ] loss: 0.212
[ 21 / 60 ] loss: 0.095
[ 22 / 60 ] loss: 0.268
[ 23 / 60 ] loss: 0.585
[ 24 / 60 ] loss: 0.163
[ 25 / 60 ] loss: 0.219
[ 26 / 60 ] loss: 0.479
[ 27 / 60 ] loss: 0.346
[ 28 / 60 ] loss: 0.232
[ 29 / 60 ] loss: 0.091
[ 30 / 60 ] loss: 0.161
[ 31 / 60 ] loss: 0.399
[ 32 / 60 ] loss: 0.033
[ 33 / 60 ] loss: 0.255
[ 34 / 60 ] loss: 0.342
[ 35 / 60 ] loss: 0.470
[ 36 / 60 ] loss: 0.123
[ 37 / 60 ] loss: 0.217
[ 38 / 60 ] loss: 0.200
[ 39 / 60 ] loss: 0.028
[ 40 / 60 ] loss: 0.147
[ 41 / 60 ] loss: 0.538
[ 42 / 60 ] loss: 0.036
[ 43 / 60 ] loss: 0.226
[ 44 / 60 ] loss: 0.201
[ 45 / 60 ] loss: 0.602
[ 46 / 60 ] loss: 0.197
[ 47 / 60 ] loss: 0.113
[ 48 / 60 ] loss: 0.387
[ 49 / 60 ] loss: 0.070
[ 50 / 60 ] loss: 0.397
[ 51 / 60 ] loss: 0.415
[ 52 / 60 ] loss: 0.355
[ 53 / 60 ] loss: 0.261
[ 54 / 60 ] loss: 0.162
[ 55 / 60 ] loss: 0.434
[ 56 / 60 ] loss: 0.140
[ 57 / 60 ] loss: 0.748
[ 58 / 60 ] loss: 0.299
[ 59 / 60 ] loss: 0.375
[ 60 / 60 ] loss: 0.050
0.2768305085288982
Accuracy: 0.746835 -- Precision: 0.750000 -- Recall: 0.807692 -- F1: 0.777778 -- AUC: 0.847448
========= epoch: 8 ==============
[ 1 / 60 ] loss: 0.261
[ 2 / 60 ] loss: 0.098
[ 3 / 60 ] loss: 0.131
[ 4 / 60 ] loss: 0.157
[ 5 / 60 ] loss: 0.186
[ 6 / 60 ] loss: 0.306
[ 7 / 60 ] loss: 0.433
[ 8 / 60 ] loss: 0.157
[ 9 / 60 ] loss: 0.296
[ 10 / 60 ] loss: 0.082
[ 11 / 60 ] loss: 0.528
[ 12 / 60 ] loss: 0.047
[ 13 / 60 ] loss: 0.101
[ 14 / 60 ] loss: 0.052
[ 15 / 60 ] loss: 0.153
[ 16 / 60 ] loss: 0.350
[ 17 / 60 ] loss: 0.157
[ 18 / 60 ] loss: 0.348
[ 19 / 60 ] loss: 0.302
[ 20 / 60 ] loss: 0.089
[ 21 / 60 ] loss: 0.165
[ 22 / 60 ] loss: 0.542
[ 23 / 60 ] loss: 0.678
[ 24 / 60 ] loss: 0.152
[ 25 / 60 ] loss: 0.309
[ 26 / 60 ] loss: 0.155
[ 27 / 60 ] loss: 0.279
[ 28 / 60 ] loss: 0.668
[ 29 / 60 ] loss: 0.136
[ 30 / 60 ] loss: 0.229
[ 31 / 60 ] loss: 0.203
[ 32 / 60 ] loss: 0.191
[ 33 / 60 ] loss: 0.104
[ 34 / 60 ] loss: 0.109
[ 35 / 60 ] loss: 0.124
[ 36 / 60 ] loss: 0.325
[ 37 / 60 ] loss: 0.216
[ 38 / 60 ] loss: 0.069
[ 39 / 60 ] loss: 0.475
[ 40 / 60 ] loss: 0.074
[ 41 / 60 ] loss: 0.647
[ 42 / 60 ] loss: 0.234
[ 43 / 60 ] loss: 0.224
[ 44 / 60 ] loss: 0.236
[ 45 / 60 ] loss: 0.090
[ 46 / 60 ] loss: 0.084
[ 47 / 60 ] loss: 0.319
[ 48 / 60 ] loss: 0.236
[ 49 / 60 ] loss: 0.260
[ 50 / 60 ] loss: 0.108
[ 51 / 60 ] loss: 0.202
[ 52 / 60 ] loss: 0.071
[ 53 / 60 ] loss: 0.442
[ 54 / 60 ] loss: 0.217
[ 55 / 60 ] loss: 0.345
[ 56 / 60 ] loss: 0.177
[ 57 / 60 ] loss: 0.131
[ 58 / 60 ] loss: 0.316
[ 59 / 60 ] loss: 0.199
[ 60 / 60 ] loss: 0.024
0.23333073016256095
Accuracy: 0.721519 -- Precision: 0.690476 -- Recall: 0.892308 -- F1: 0.778523 -- AUC: 0.829116
========= epoch: 9 ==============
[ 1 / 60 ] loss: 0.152
[ 2 / 60 ] loss: 0.221
[ 3 / 60 ] loss: 0.332
[ 4 / 60 ] loss: 0.368
[ 5 / 60 ] loss: 0.564
[ 6 / 60 ] loss: 0.206
[ 7 / 60 ] loss: 0.211
[ 8 / 60 ] loss: 0.187
[ 9 / 60 ] loss: 0.405
[ 10 / 60 ] loss: 0.046
[ 11 / 60 ] loss: 0.078
[ 12 / 60 ] loss: 0.123
[ 13 / 60 ] loss: 0.091
[ 14 / 60 ] loss: 0.098
[ 15 / 60 ] loss: 0.104
[ 16 / 60 ] loss: 0.033
[ 17 / 60 ] loss: 0.212
[ 18 / 60 ] loss: 0.371
[ 19 / 60 ] loss: 0.265
[ 20 / 60 ] loss: 0.078
[ 21 / 60 ] loss: 0.261
[ 22 / 60 ] loss: 0.225
[ 23 / 60 ] loss: 0.042
[ 24 / 60 ] loss: 0.123
[ 25 / 60 ] loss: 0.083
[ 26 / 60 ] loss: 0.121
[ 27 / 60 ] loss: 0.605
[ 28 / 60 ] loss: 0.564
[ 29 / 60 ] loss: 0.373
[ 30 / 60 ] loss: 0.092
[ 31 / 60 ] loss: 0.094
[ 32 / 60 ] loss: 0.277
[ 33 / 60 ] loss: 0.105
[ 34 / 60 ] loss: 0.212
[ 35 / 60 ] loss: 0.125
[ 36 / 60 ] loss: 0.306
[ 37 / 60 ] loss: 0.189
[ 38 / 60 ] loss: 0.262
[ 39 / 60 ] loss: 0.218
[ 40 / 60 ] loss: 0.120
[ 41 / 60 ] loss: 0.506
[ 42 / 60 ] loss: 0.105
[ 43 / 60 ] loss: 0.072
[ 44 / 60 ] loss: 0.223
[ 45 / 60 ] loss: 0.403
[ 46 / 60 ] loss: 0.093
[ 47 / 60 ] loss: 0.171
[ 48 / 60 ] loss: 0.057
[ 49 / 60 ] loss: 0.311
[ 50 / 60 ] loss: 0.320
[ 51 / 60 ] loss: 0.236
[ 52 / 60 ] loss: 0.227
[ 53 / 60 ] loss: 0.102
[ 54 / 60 ] loss: 0.072
[ 55 / 60 ] loss: 0.122
[ 56 / 60 ] loss: 0.043
[ 57 / 60 ] loss: 0.305
[ 58 / 60 ] loss: 0.070
[ 59 / 60 ] loss: 0.043
[ 60 / 60 ] loss: 0.037
0.20101282044003407
Accuracy: 0.759494 -- Precision: 0.758865 -- Recall: 0.823077 -- F1: 0.789668 -- AUC: 0.841840
========= epoch: 10 ==============
[ 1 / 60 ] loss: 0.070
[ 2 / 60 ] loss: 0.406
[ 3 / 60 ] loss: 0.209
[ 4 / 60 ] loss: 0.172
[ 5 / 60 ] loss: 0.065
[ 6 / 60 ] loss: 0.086
[ 7 / 60 ] loss: 0.096
[ 8 / 60 ] loss: 0.073
[ 9 / 60 ] loss: 0.251
[ 10 / 60 ] loss: 0.156
[ 11 / 60 ] loss: 0.206
[ 12 / 60 ] loss: 0.256
[ 13 / 60 ] loss: 0.013
[ 14 / 60 ] loss: 0.015
[ 15 / 60 ] loss: 0.197
[ 16 / 60 ] loss: 0.180
[ 17 / 60 ] loss: 0.080
[ 18 / 60 ] loss: 0.414
[ 19 / 60 ] loss: 0.432
[ 20 / 60 ] loss: 0.030
[ 21 / 60 ] loss: 0.095
[ 22 / 60 ] loss: 0.107
[ 23 / 60 ] loss: 0.106
[ 24 / 60 ] loss: 0.193
[ 25 / 60 ] loss: 0.185
[ 26 / 60 ] loss: 0.149
[ 27 / 60 ] loss: 0.131
[ 28 / 60 ] loss: 0.058
[ 29 / 60 ] loss: 0.147
[ 30 / 60 ] loss: 0.117
[ 31 / 60 ] loss: 0.313
[ 32 / 60 ] loss: 0.194
[ 33 / 60 ] loss: 0.258
[ 34 / 60 ] loss: 0.349
[ 35 / 60 ] loss: 0.086
[ 36 / 60 ] loss: 0.382
[ 37 / 60 ] loss: 0.492
[ 38 / 60 ] loss: 0.080
[ 39 / 60 ] loss: 0.156
[ 40 / 60 ] loss: 0.059
[ 41 / 60 ] loss: 0.281
[ 42 / 60 ] loss: 0.096
[ 43 / 60 ] loss: 0.670
[ 44 / 60 ] loss: 0.040
[ 45 / 60 ] loss: 0.222
[ 46 / 60 ] loss: 0.078
[ 47 / 60 ] loss: 0.209
[ 48 / 60 ] loss: 0.149
[ 49 / 60 ] loss: 0.094
[ 50 / 60 ] loss: 0.371
[ 51 / 60 ] loss: 0.269
[ 52 / 60 ] loss: 0.241
[ 53 / 60 ] loss: 0.263
[ 54 / 60 ] loss: 0.286
[ 55 / 60 ] loss: 0.223
[ 56 / 60 ] loss: 0.206
[ 57 / 60 ] loss: 0.172
[ 58 / 60 ] loss: 0.491
[ 59 / 60 ] loss: 0.134
[ 60 / 60 ] loss: 0.042
0.1932910536105434
Accuracy: 0.755274 -- Precision: 0.764706 -- Recall: 0.800000 -- F1: 0.781955 -- AUC: 0.810855
========= epoch: 11 ==============
[ 1 / 60 ] loss: 0.383
[ 2 / 60 ] loss: 0.165
[ 3 / 60 ] loss: 0.151
[ 4 / 60 ] loss: 0.194
[ 5 / 60 ] loss: 0.044
[ 6 / 60 ] loss: 0.091
[ 7 / 60 ] loss: 0.090
[ 8 / 60 ] loss: 0.158
[ 9 / 60 ] loss: 0.099
[ 10 / 60 ] loss: 0.138
[ 11 / 60 ] loss: 0.029
[ 12 / 60 ] loss: 0.200
[ 13 / 60 ] loss: 0.089
[ 14 / 60 ] loss: 0.174
[ 15 / 60 ] loss: 0.415
[ 16 / 60 ] loss: 0.318
[ 17 / 60 ] loss: 0.209
[ 18 / 60 ] loss: 0.018
[ 19 / 60 ] loss: 0.160
[ 20 / 60 ] loss: 0.054
[ 21 / 60 ] loss: 0.037
[ 22 / 60 ] loss: 0.115
[ 23 / 60 ] loss: 0.192
[ 24 / 60 ] loss: 0.292
[ 25 / 60 ] loss: 0.328
[ 26 / 60 ] loss: 0.183
[ 27 / 60 ] loss: 0.321
[ 28 / 60 ] loss: 0.190
[ 29 / 60 ] loss: 0.131
[ 30 / 60 ] loss: 0.139
[ 31 / 60 ] loss: 0.405
[ 32 / 60 ] loss: 0.382
[ 33 / 60 ] loss: 0.195
[ 34 / 60 ] loss: 0.275
[ 35 / 60 ] loss: 0.254
[ 36 / 60 ] loss: 0.087
[ 37 / 60 ] loss: 0.087
[ 38 / 60 ] loss: 0.125
[ 39 / 60 ] loss: 0.140
[ 40 / 60 ] loss: 0.047
[ 41 / 60 ] loss: 0.201
[ 42 / 60 ] loss: 0.271
[ 43 / 60 ] loss: 0.245
[ 44 / 60 ] loss: 0.445
[ 45 / 60 ] loss: 0.067
[ 46 / 60 ] loss: 0.151
[ 47 / 60 ] loss: 0.025
[ 48 / 60 ] loss: 0.063
[ 49 / 60 ] loss: 0.095
[ 50 / 60 ] loss: 0.406
[ 51 / 60 ] loss: 0.098
[ 52 / 60 ] loss: 0.150
[ 53 / 60 ] loss: 0.304
[ 54 / 60 ] loss: 0.035
[ 55 / 60 ] loss: 0.199
[ 56 / 60 ] loss: 0.109
[ 57 / 60 ] loss: 0.138
[ 58 / 60 ] loss: 0.399
[ 59 / 60 ] loss: 0.154
[ 60 / 60 ] loss: 0.149
0.18013181968902547
Accuracy: 0.742616 -- Precision: 0.734694 -- Recall: 0.830769 -- F1: 0.779783 -- AUC: 0.806398
========= epoch: 12 ==============
[ 1 / 60 ] loss: 0.011
[ 2 / 60 ] loss: 0.116
[ 3 / 60 ] loss: 0.080
[ 4 / 60 ] loss: 0.076
[ 5 / 60 ] loss: 0.197
[ 6 / 60 ] loss: 0.136
[ 7 / 60 ] loss: 0.309
[ 8 / 60 ] loss: 0.339
[ 9 / 60 ] loss: 0.070
[ 10 / 60 ] loss: 0.083
[ 11 / 60 ] loss: 0.154
[ 12 / 60 ] loss: 0.036
[ 13 / 60 ] loss: 0.060
[ 14 / 60 ] loss: 0.341
[ 15 / 60 ] loss: 0.320
[ 16 / 60 ] loss: 0.294
[ 17 / 60 ] loss: 0.144
[ 18 / 60 ] loss: 0.127
[ 19 / 60 ] loss: 0.132
[ 20 / 60 ] loss: 0.049
[ 21 / 60 ] loss: 0.028
[ 22 / 60 ] loss: 0.116
[ 23 / 60 ] loss: 0.029
[ 24 / 60 ] loss: 0.162
[ 25 / 60 ] loss: 0.061
[ 26 / 60 ] loss: 0.119
[ 27 / 60 ] loss: 0.095
[ 28 / 60 ] loss: 0.107
[ 29 / 60 ] loss: 0.111
[ 30 / 60 ] loss: 0.048
[ 31 / 60 ] loss: 0.136
[ 32 / 60 ] loss: 0.136
[ 33 / 60 ] loss: 0.230
[ 34 / 60 ] loss: 0.179
[ 35 / 60 ] loss: 0.072
[ 36 / 60 ] loss: 0.447
[ 37 / 60 ] loss: 0.015
