nohup: ignoring input
训练集: 946
测试集: 237
Some weights of the model checkpoint at bert-base-uncased were not used when initializing BertModel: ['cls.predictions.transform.LayerNorm.weight', 'cls.predictions.transform.dense.weight', 'cls.seq_relationship.weight', 'cls.predictions.transform.dense.bias', 'cls.predictions.transform.LayerNorm.bias', 'cls.predictions.decoder.weight', 'cls.predictions.bias', 'cls.seq_relationship.bias']
- This IS expected if you are initializing BertModel from the checkpoint of a model trained on another task or with another architecture (e.g. initializing a BertForSequenceClassification model from a BertForPreTraining model).
- This IS NOT expected if you are initializing BertModel from the checkpoint of a model that you expect to be exactly identical (initializing a BertForSequenceClassification model from a BertForSequenceClassification model).
/root/miniconda3/envs/evapatch/lib/python3.6/site-packages/transformers/optimization.py:309: FutureWarning: This implementation of AdamW is deprecated and will be removed in a future version. Use the PyTorch implementation torch.optim.AdamW instead, or set `no_deprecation_warning=True` to disable this warning
  FutureWarning,
-------------- start training --------------- 

========= epoch: 0 ==============
[ 1 / 60 ] loss: 0.696
[ 2 / 60 ] loss: 0.690
[ 3 / 60 ] loss: 0.702
[ 4 / 60 ] loss: 0.684
[ 5 / 60 ] loss: 0.689
[ 6 / 60 ] loss: 0.690
[ 7 / 60 ] loss: 0.691
[ 8 / 60 ] loss: 0.684
[ 9 / 60 ] loss: 0.688
[ 10 / 60 ] loss: 0.668
[ 11 / 60 ] loss: 0.689
[ 12 / 60 ] loss: 0.651
[ 13 / 60 ] loss: 0.760
[ 14 / 60 ] loss: 0.648
[ 15 / 60 ] loss: 0.678
[ 16 / 60 ] loss: 0.628
[ 17 / 60 ] loss: 0.671
Token indices sequence length is longer than the specified maximum sequence length for this model (737 > 512). Running this sequence through the model will result in indexing errors
[ 18 / 60 ] loss: 0.610
[ 19 / 60 ] loss: 0.737
[ 20 / 60 ] loss: 0.766
[ 21 / 60 ] loss: 0.656
[ 22 / 60 ] loss: 0.650
[ 23 / 60 ] loss: 0.667
[ 24 / 60 ] loss: 0.684
[ 25 / 60 ] loss: 0.669
[ 26 / 60 ] loss: 0.674
[ 27 / 60 ] loss: 0.623
[ 28 / 60 ] loss: 0.617
[ 29 / 60 ] loss: 0.625
[ 30 / 60 ] loss: 0.739
[ 31 / 60 ] loss: 0.619
[ 32 / 60 ] loss: 0.600
[ 33 / 60 ] loss: 0.668
[ 34 / 60 ] loss: 0.684
[ 35 / 60 ] loss: 0.618
[ 36 / 60 ] loss: 0.654
[ 37 / 60 ] loss: 0.640
[ 38 / 60 ] loss: 0.578
[ 39 / 60 ] loss: 0.613
[ 40 / 60 ] loss: 0.615
[ 41 / 60 ] loss: 0.825
[ 42 / 60 ] loss: 0.715
[ 43 / 60 ] loss: 0.590
[ 44 / 60 ] loss: 0.672
[ 45 / 60 ] loss: 0.681
[ 46 / 60 ] loss: 0.682
[ 47 / 60 ] loss: 0.587
[ 48 / 60 ] loss: 0.599
[ 49 / 60 ] loss: 0.678
[ 50 / 60 ] loss: 0.693
[ 51 / 60 ] loss: 0.602
[ 52 / 60 ] loss: 0.722
[ 53 / 60 ] loss: 0.597
[ 54 / 60 ] loss: 0.621
[ 55 / 60 ] loss: 0.669
[ 56 / 60 ] loss: 0.696
[ 57 / 60 ] loss: 0.665
[ 58 / 60 ] loss: 0.671
[ 59 / 60 ] loss: 0.685
[ 60 / 60 ] loss: 0.488
0.662551312148571
Accuracy: 0.649789 -- Precision: 0.653595 -- Recall: 0.769231 -- F1: 0.706714 -- AUC: 0.745579
保存模型参数
========= epoch: 1 ==============
[ 1 / 60 ] loss: 0.651
[ 2 / 60 ] loss: 0.595
[ 3 / 60 ] loss: 0.535
[ 4 / 60 ] loss: 0.611
[ 5 / 60 ] loss: 0.565
[ 6 / 60 ] loss: 0.582
[ 7 / 60 ] loss: 0.627
[ 8 / 60 ] loss: 0.779
[ 9 / 60 ] loss: 0.511
[ 10 / 60 ] loss: 0.690
[ 11 / 60 ] loss: 0.492
[ 12 / 60 ] loss: 0.567
[ 13 / 60 ] loss: 0.720
[ 14 / 60 ] loss: 0.554
[ 15 / 60 ] loss: 0.522
[ 16 / 60 ] loss: 0.587
[ 17 / 60 ] loss: 0.704
[ 18 / 60 ] loss: 0.732
[ 19 / 60 ] loss: 0.655
[ 20 / 60 ] loss: 0.619
[ 21 / 60 ] loss: 0.525
[ 22 / 60 ] loss: 0.537
[ 23 / 60 ] loss: 0.613
[ 24 / 60 ] loss: 0.560
[ 25 / 60 ] loss: 0.414
[ 26 / 60 ] loss: 0.558
[ 27 / 60 ] loss: 0.355
[ 28 / 60 ] loss: 0.569
[ 29 / 60 ] loss: 0.696
[ 30 / 60 ] loss: 0.423
[ 31 / 60 ] loss: 0.491
[ 32 / 60 ] loss: 0.527
[ 33 / 60 ] loss: 0.687
[ 34 / 60 ] loss: 0.578
[ 35 / 60 ] loss: 0.350
[ 36 / 60 ] loss: 0.546
[ 37 / 60 ] loss: 0.548
[ 38 / 60 ] loss: 0.650
[ 39 / 60 ] loss: 0.647
[ 40 / 60 ] loss: 0.571
[ 41 / 60 ] loss: 1.008
[ 42 / 60 ] loss: 0.654
[ 43 / 60 ] loss: 0.592
[ 44 / 60 ] loss: 0.772
[ 45 / 60 ] loss: 0.736
[ 46 / 60 ] loss: 0.477
[ 47 / 60 ] loss: 0.592
[ 48 / 60 ] loss: 0.574
[ 49 / 60 ] loss: 0.534
[ 50 / 60 ] loss: 0.812
[ 51 / 60 ] loss: 0.517
[ 52 / 60 ] loss: 0.671
[ 53 / 60 ] loss: 0.498
[ 54 / 60 ] loss: 0.657
[ 55 / 60 ] loss: 0.624
[ 56 / 60 ] loss: 0.589
[ 57 / 60 ] loss: 0.543
[ 58 / 60 ] loss: 0.634
[ 59 / 60 ] loss: 0.588
[ 60 / 60 ] loss: 1.017
0.6038345754146576
Accuracy: 0.620253 -- Precision: 0.770270 -- Recall: 0.438462 -- F1: 0.558824 -- AUC: 0.739180
========= epoch: 2 ==============
[ 1 / 60 ] loss: 0.577
[ 2 / 60 ] loss: 0.526
[ 3 / 60 ] loss: 0.479
[ 4 / 60 ] loss: 0.558
[ 5 / 60 ] loss: 0.609
[ 6 / 60 ] loss: 0.581
[ 7 / 60 ] loss: 0.584
[ 8 / 60 ] loss: 0.448
[ 9 / 60 ] loss: 0.522
[ 10 / 60 ] loss: 0.524
[ 11 / 60 ] loss: 0.422
[ 12 / 60 ] loss: 0.489
[ 13 / 60 ] loss: 0.407
[ 14 / 60 ] loss: 0.611
[ 15 / 60 ] loss: 0.430
[ 16 / 60 ] loss: 0.570
[ 17 / 60 ] loss: 0.665
[ 18 / 60 ] loss: 0.451
[ 19 / 60 ] loss: 0.602
[ 20 / 60 ] loss: 0.694
[ 21 / 60 ] loss: 0.408
[ 22 / 60 ] loss: 0.389
[ 23 / 60 ] loss: 0.504
[ 24 / 60 ] loss: 0.559
[ 25 / 60 ] loss: 0.375
[ 26 / 60 ] loss: 0.329
[ 27 / 60 ] loss: 0.396
[ 28 / 60 ] loss: 0.531
[ 29 / 60 ] loss: 0.591
[ 30 / 60 ] loss: 0.580
[ 31 / 60 ] loss: 0.554
[ 32 / 60 ] loss: 0.490
[ 33 / 60 ] loss: 0.500
[ 34 / 60 ] loss: 0.626
[ 35 / 60 ] loss: 0.480
[ 36 / 60 ] loss: 0.699
[ 37 / 60 ] loss: 0.537
[ 38 / 60 ] loss: 0.620
[ 39 / 60 ] loss: 0.718
[ 40 / 60 ] loss: 0.533
[ 41 / 60 ] loss: 0.469
[ 42 / 60 ] loss: 0.405
[ 43 / 60 ] loss: 0.623
[ 44 / 60 ] loss: 0.563
[ 45 / 60 ] loss: 0.637
[ 46 / 60 ] loss: 0.610
[ 47 / 60 ] loss: 0.826
[ 48 / 60 ] loss: 0.508
[ 49 / 60 ] loss: 0.697
[ 50 / 60 ] loss: 0.460
[ 51 / 60 ] loss: 0.582
[ 52 / 60 ] loss: 0.582
[ 53 / 60 ] loss: 0.520
[ 54 / 60 ] loss: 0.567
[ 55 / 60 ] loss: 0.426
[ 56 / 60 ] loss: 0.467
[ 57 / 60 ] loss: 0.531
[ 58 / 60 ] loss: 0.557
[ 59 / 60 ] loss: 0.651
[ 60 / 60 ] loss: 0.366
0.5369508941968282
Accuracy: 0.691983 -- Precision: 0.702128 -- Recall: 0.761538 -- F1: 0.730627 -- AUC: 0.755787
保存模型参数
========= epoch: 3 ==============
[ 1 / 60 ] loss: 0.481
[ 2 / 60 ] loss: 0.416
[ 3 / 60 ] loss: 0.516
[ 4 / 60 ] loss: 0.294
[ 5 / 60 ] loss: 0.696
[ 6 / 60 ] loss: 0.316
[ 7 / 60 ] loss: 0.409
[ 8 / 60 ] loss: 0.231
[ 9 / 60 ] loss: 0.718
[ 10 / 60 ] loss: 0.671
[ 11 / 60 ] loss: 0.413
[ 12 / 60 ] loss: 0.597
[ 13 / 60 ] loss: 0.649
[ 14 / 60 ] loss: 0.534
[ 15 / 60 ] loss: 0.610
[ 16 / 60 ] loss: 0.479
[ 17 / 60 ] loss: 0.574
[ 18 / 60 ] loss: 0.455
[ 19 / 60 ] loss: 0.340
[ 20 / 60 ] loss: 0.247
[ 21 / 60 ] loss: 0.223
[ 22 / 60 ] loss: 0.544
[ 23 / 60 ] loss: 1.010
[ 24 / 60 ] loss: 0.390
[ 25 / 60 ] loss: 0.356
[ 26 / 60 ] loss: 0.549
[ 27 / 60 ] loss: 0.365
[ 28 / 60 ] loss: 0.271
[ 29 / 60 ] loss: 0.702
[ 30 / 60 ] loss: 0.504
[ 31 / 60 ] loss: 0.348
[ 32 / 60 ] loss: 0.739
[ 33 / 60 ] loss: 0.462
[ 34 / 60 ] loss: 0.461
[ 35 / 60 ] loss: 0.457
[ 36 / 60 ] loss: 0.341
[ 37 / 60 ] loss: 0.359
[ 38 / 60 ] loss: 0.555
[ 39 / 60 ] loss: 0.605
[ 40 / 60 ] loss: 0.536
[ 41 / 60 ] loss: 0.505
[ 42 / 60 ] loss: 0.511
[ 43 / 60 ] loss: 0.466
[ 44 / 60 ] loss: 0.390
[ 45 / 60 ] loss: 0.391
[ 46 / 60 ] loss: 0.469
[ 47 / 60 ] loss: 0.422
[ 48 / 60 ] loss: 0.439
[ 49 / 60 ] loss: 0.366
[ 50 / 60 ] loss: 0.350
[ 51 / 60 ] loss: 0.278
[ 52 / 60 ] loss: 0.470
[ 53 / 60 ] loss: 0.342
[ 54 / 60 ] loss: 0.551
[ 55 / 60 ] loss: 0.226
[ 56 / 60 ] loss: 0.748
[ 57 / 60 ] loss: 0.375
[ 58 / 60 ] loss: 0.338
[ 59 / 60 ] loss: 0.224
[ 60 / 60 ] loss: 0.130
0.4569466712574164
Accuracy: 0.717300 -- Precision: 0.831579 -- Recall: 0.607692 -- F1: 0.702222 -- AUC: 0.788282
保存模型参数
========= epoch: 4 ==============
[ 1 / 60 ] loss: 0.530
[ 2 / 60 ] loss: 0.658
[ 3 / 60 ] loss: 0.383
[ 4 / 60 ] loss: 0.398
[ 5 / 60 ] loss: 0.678
[ 6 / 60 ] loss: 0.398
[ 7 / 60 ] loss: 0.195
[ 8 / 60 ] loss: 0.344
[ 9 / 60 ] loss: 0.295
[ 10 / 60 ] loss: 0.385
[ 11 / 60 ] loss: 0.448
[ 12 / 60 ] loss: 0.378
[ 13 / 60 ] loss: 0.309
[ 14 / 60 ] loss: 0.378
[ 15 / 60 ] loss: 0.566
[ 16 / 60 ] loss: 0.389
[ 17 / 60 ] loss: 0.708
[ 18 / 60 ] loss: 0.340
[ 19 / 60 ] loss: 0.494
[ 20 / 60 ] loss: 0.576
[ 21 / 60 ] loss: 0.776
[ 22 / 60 ] loss: 0.531
[ 23 / 60 ] loss: 0.477
[ 24 / 60 ] loss: 0.387
[ 25 / 60 ] loss: 0.285
[ 26 / 60 ] loss: 0.349
[ 27 / 60 ] loss: 0.371
[ 28 / 60 ] loss: 0.305
[ 29 / 60 ] loss: 0.309
[ 30 / 60 ] loss: 0.468
[ 31 / 60 ] loss: 0.351
[ 32 / 60 ] loss: 0.318
[ 33 / 60 ] loss: 0.293
[ 34 / 60 ] loss: 0.230
[ 35 / 60 ] loss: 0.353
[ 36 / 60 ] loss: 0.627
[ 37 / 60 ] loss: 0.432
[ 38 / 60 ] loss: 0.627
[ 39 / 60 ] loss: 0.560
[ 40 / 60 ] loss: 0.362
[ 41 / 60 ] loss: 0.451
[ 42 / 60 ] loss: 0.526
[ 43 / 60 ] loss: 0.455
[ 44 / 60 ] loss: 0.253
[ 45 / 60 ] loss: 0.279
[ 46 / 60 ] loss: 0.255
[ 47 / 60 ] loss: 0.395
[ 48 / 60 ] loss: 0.258
[ 49 / 60 ] loss: 0.482
[ 50 / 60 ] loss: 0.309
[ 51 / 60 ] loss: 0.378
[ 52 / 60 ] loss: 0.488
[ 53 / 60 ] loss: 0.273
[ 54 / 60 ] loss: 0.145
[ 55 / 60 ] loss: 0.324
[ 56 / 60 ] loss: 0.598
[ 57 / 60 ] loss: 0.213
[ 58 / 60 ] loss: 0.696
[ 59 / 60 ] loss: 0.411
[ 60 / 60 ] loss: 0.063
0.4085719005515178
Accuracy: 0.729958 -- Precision: 0.750000 -- Recall: 0.761538 -- F1: 0.755725 -- AUC: 0.775845
保存模型参数
========= epoch: 5 ==============
[ 1 / 60 ] loss: 0.391
[ 2 / 60 ] loss: 0.228
[ 3 / 60 ] loss: 0.173
[ 4 / 60 ] loss: 0.411
[ 5 / 60 ] loss: 0.367
[ 6 / 60 ] loss: 0.265
[ 7 / 60 ] loss: 0.292
[ 8 / 60 ] loss: 0.184
[ 9 / 60 ] loss: 0.564
[ 10 / 60 ] loss: 0.390
[ 11 / 60 ] loss: 0.280
[ 12 / 60 ] loss: 0.176
[ 13 / 60 ] loss: 0.168
[ 14 / 60 ] loss: 0.347
[ 15 / 60 ] loss: 0.696
[ 16 / 60 ] loss: 0.206
[ 17 / 60 ] loss: 0.497
[ 18 / 60 ] loss: 0.218
[ 19 / 60 ] loss: 0.486
[ 20 / 60 ] loss: 0.243
[ 21 / 60 ] loss: 0.487
[ 22 / 60 ] loss: 0.260
[ 23 / 60 ] loss: 0.215
[ 24 / 60 ] loss: 0.275
[ 25 / 60 ] loss: 0.213
[ 26 / 60 ] loss: 0.137
[ 27 / 60 ] loss: 0.111
[ 28 / 60 ] loss: 0.710
[ 29 / 60 ] loss: 0.599
[ 30 / 60 ] loss: 0.124
[ 31 / 60 ] loss: 0.113
[ 32 / 60 ] loss: 0.438
[ 33 / 60 ] loss: 0.087
[ 34 / 60 ] loss: 0.087
[ 35 / 60 ] loss: 0.267
[ 36 / 60 ] loss: 0.385
[ 37 / 60 ] loss: 0.401
[ 38 / 60 ] loss: 0.183
[ 39 / 60 ] loss: 0.713
[ 40 / 60 ] loss: 0.284
[ 41 / 60 ] loss: 0.563
[ 42 / 60 ] loss: 0.496
[ 43 / 60 ] loss: 0.190
[ 44 / 60 ] loss: 0.432
[ 45 / 60 ] loss: 0.197
[ 46 / 60 ] loss: 0.214
[ 47 / 60 ] loss: 0.442
[ 48 / 60 ] loss: 0.743
[ 49 / 60 ] loss: 0.231
[ 50 / 60 ] loss: 0.248
[ 51 / 60 ] loss: 0.321
[ 52 / 60 ] loss: 0.357
[ 53 / 60 ] loss: 0.365
[ 54 / 60 ] loss: 0.655
[ 55 / 60 ] loss: 0.313
[ 56 / 60 ] loss: 0.588
[ 57 / 60 ] loss: 0.137
[ 58 / 60 ] loss: 0.634
[ 59 / 60 ] loss: 0.218
[ 60 / 60 ] loss: 0.080
0.33489562968413034
Accuracy: 0.742616 -- Precision: 0.759398 -- Recall: 0.776923 -- F1: 0.768061 -- AUC: 0.784472
保存模型参数
========= epoch: 6 ==============
[ 1 / 60 ] loss: 0.419
[ 2 / 60 ] loss: 0.309
[ 3 / 60 ] loss: 0.215
[ 4 / 60 ] loss: 0.307
[ 5 / 60 ] loss: 0.346
[ 6 / 60 ] loss: 0.210
[ 7 / 60 ] loss: 0.317
[ 8 / 60 ] loss: 0.295
[ 9 / 60 ] loss: 0.334
[ 10 / 60 ] loss: 0.508
[ 11 / 60 ] loss: 0.449
[ 12 / 60 ] loss: 0.384
[ 13 / 60 ] loss: 0.292
[ 14 / 60 ] loss: 0.414
[ 15 / 60 ] loss: 0.234
[ 16 / 60 ] loss: 0.146
[ 17 / 60 ] loss: 0.171
[ 18 / 60 ] loss: 0.077
[ 19 / 60 ] loss: 0.155
[ 20 / 60 ] loss: 0.330
[ 21 / 60 ] loss: 0.212
[ 22 / 60 ] loss: 0.384
[ 23 / 60 ] loss: 0.554
[ 24 / 60 ] loss: 0.233
[ 25 / 60 ] loss: 0.299
[ 26 / 60 ] loss: 0.319
[ 27 / 60 ] loss: 0.246
[ 28 / 60 ] loss: 0.209
[ 29 / 60 ] loss: 0.343
[ 30 / 60 ] loss: 0.507
[ 31 / 60 ] loss: 0.100
[ 32 / 60 ] loss: 0.358
[ 33 / 60 ] loss: 0.166
[ 34 / 60 ] loss: 0.410
[ 35 / 60 ] loss: 0.284
[ 36 / 60 ] loss: 0.649
[ 37 / 60 ] loss: 0.382
[ 38 / 60 ] loss: 0.370
[ 39 / 60 ] loss: 0.427
[ 40 / 60 ] loss: 0.434
[ 41 / 60 ] loss: 0.374
[ 42 / 60 ] loss: 0.174
[ 43 / 60 ] loss: 0.194
[ 44 / 60 ] loss: 0.315
[ 45 / 60 ] loss: 0.362
[ 46 / 60 ] loss: 0.296
[ 47 / 60 ] loss: 0.181
[ 48 / 60 ] loss: 0.154
[ 49 / 60 ] loss: 0.348
[ 50 / 60 ] loss: 0.304
[ 51 / 60 ] loss: 0.190
[ 52 / 60 ] loss: 0.254
[ 53 / 60 ] loss: 0.263
[ 54 / 60 ] loss: 0.325
[ 55 / 60 ] loss: 0.272
[ 56 / 60 ] loss: 0.537
[ 57 / 60 ] loss: 0.193
[ 58 / 60 ] loss: 0.421
[ 59 / 60 ] loss: 0.367
[ 60 / 60 ] loss: 0.054
0.30624674502760174
Accuracy: 0.683544 -- Precision: 0.752294 -- Recall: 0.630769 -- F1: 0.686192 -- AUC: 0.754062
========= epoch: 7 ==============
[ 1 / 60 ] loss: 0.220
[ 2 / 60 ] loss: 0.359
[ 3 / 60 ] loss: 0.282
[ 4 / 60 ] loss: 0.107
[ 5 / 60 ] loss: 0.124
[ 6 / 60 ] loss: 0.097
[ 7 / 60 ] loss: 0.128
[ 8 / 60 ] loss: 0.301
[ 9 / 60 ] loss: 0.400
[ 10 / 60 ] loss: 0.081
[ 11 / 60 ] loss: 0.062
[ 12 / 60 ] loss: 0.124
[ 13 / 60 ] loss: 0.421
[ 14 / 60 ] loss: 0.167
[ 15 / 60 ] loss: 0.193
[ 16 / 60 ] loss: 0.132
[ 17 / 60 ] loss: 0.110
[ 18 / 60 ] loss: 0.692
[ 19 / 60 ] loss: 0.518
[ 20 / 60 ] loss: 0.287
[ 21 / 60 ] loss: 0.573
[ 22 / 60 ] loss: 0.530
[ 23 / 60 ] loss: 0.244
[ 24 / 60 ] loss: 0.223
[ 25 / 60 ] loss: 0.105
[ 26 / 60 ] loss: 0.274
[ 27 / 60 ] loss: 0.359
[ 28 / 60 ] loss: 0.136
[ 29 / 60 ] loss: 0.172
[ 30 / 60 ] loss: 0.366
[ 31 / 60 ] loss: 0.140
[ 32 / 60 ] loss: 0.242
[ 33 / 60 ] loss: 0.122
[ 34 / 60 ] loss: 0.432
[ 35 / 60 ] loss: 0.223
[ 36 / 60 ] loss: 0.108
[ 37 / 60 ] loss: 0.198
[ 38 / 60 ] loss: 0.499
[ 39 / 60 ] loss: 0.111
[ 40 / 60 ] loss: 0.345
[ 41 / 60 ] loss: 0.224
[ 42 / 60 ] loss: 0.541
[ 43 / 60 ] loss: 0.261
[ 44 / 60 ] loss: 0.167
[ 45 / 60 ] loss: 0.335
[ 46 / 60 ] loss: 0.199
[ 47 / 60 ] loss: 0.403
[ 48 / 60 ] loss: 0.290
[ 49 / 60 ] loss: 0.105
[ 50 / 60 ] loss: 0.413
[ 51 / 60 ] loss: 0.289
[ 52 / 60 ] loss: 0.128
[ 53 / 60 ] loss: 0.441
[ 54 / 60 ] loss: 0.100
[ 55 / 60 ] loss: 0.333
[ 56 / 60 ] loss: 0.297
[ 57 / 60 ] loss: 0.150
[ 58 / 60 ] loss: 0.108
[ 59 / 60 ] loss: 0.119
[ 60 / 60 ] loss: 0.222
0.25549304503947495
Accuracy: 0.691983 -- Precision: 0.696552 -- Recall: 0.776923 -- F1: 0.734545 -- AUC: 0.760820
========= epoch: 8 ==============
[ 1 / 60 ] loss: 0.102
[ 2 / 60 ] loss: 0.300
[ 3 / 60 ] loss: 0.197
[ 4 / 60 ] loss: 0.362
[ 5 / 60 ] loss: 0.135
[ 6 / 60 ] loss: 0.147
[ 7 / 60 ] loss: 0.172
[ 8 / 60 ] loss: 0.593
[ 9 / 60 ] loss: 0.230
[ 10 / 60 ] loss: 0.044
[ 11 / 60 ] loss: 0.228
[ 12 / 60 ] loss: 0.253
[ 13 / 60 ] loss: 0.177
[ 14 / 60 ] loss: 0.214
[ 15 / 60 ] loss: 0.164
[ 16 / 60 ] loss: 0.092
[ 17 / 60 ] loss: 0.276
[ 18 / 60 ] loss: 0.345
[ 19 / 60 ] loss: 0.151
[ 20 / 60 ] loss: 0.291
[ 21 / 60 ] loss: 0.194
[ 22 / 60 ] loss: 0.429
[ 23 / 60 ] loss: 0.126
[ 24 / 60 ] loss: 0.280
[ 25 / 60 ] loss: 0.114
[ 26 / 60 ] loss: 0.057
[ 27 / 60 ] loss: 0.164
[ 28 / 60 ] loss: 0.157
[ 29 / 60 ] loss: 0.065
[ 30 / 60 ] loss: 0.152
[ 31 / 60 ] loss: 0.068
[ 32 / 60 ] loss: 0.297
[ 33 / 60 ] loss: 0.141
[ 34 / 60 ] loss: 0.187
[ 35 / 60 ] loss: 0.132
[ 36 / 60 ] loss: 0.112
[ 37 / 60 ] loss: 0.171
[ 38 / 60 ] loss: 0.044
[ 39 / 60 ] loss: 0.209
[ 40 / 60 ] loss: 0.215
[ 41 / 60 ] loss: 0.048
[ 42 / 60 ] loss: 0.421
[ 43 / 60 ] loss: 0.067
[ 44 / 60 ] loss: 0.232
[ 45 / 60 ] loss: 0.091
[ 46 / 60 ] loss: 0.094
[ 47 / 60 ] loss: 0.045
[ 48 / 60 ] loss: 0.293
[ 49 / 60 ] loss: 0.037
[ 50 / 60 ] loss: 0.348
[ 51 / 60 ] loss: 0.041
[ 52 / 60 ] loss: 0.228
[ 53 / 60 ] loss: 0.496
[ 54 / 60 ] loss: 0.539
[ 55 / 60 ] loss: 0.292
[ 56 / 60 ] loss: 0.285
[ 57 / 60 ] loss: 0.629
[ 58 / 60 ] loss: 0.116
[ 59 / 60 ] loss: 0.427
[ 60 / 60 ] loss: 0.049
0.20944902213911215
Accuracy: 0.742616 -- Precision: 0.785124 -- Recall: 0.730769 -- F1: 0.756972 -- AUC: 0.796405
========= epoch: 9 ==============
[ 1 / 60 ] loss: 0.074
[ 2 / 60 ] loss: 0.266
[ 3 / 60 ] loss: 0.322
[ 4 / 60 ] loss: 0.147
[ 5 / 60 ] loss: 0.067
[ 6 / 60 ] loss: 0.235
[ 7 / 60 ] loss: 0.040
[ 8 / 60 ] loss: 0.088
[ 9 / 60 ] loss: 0.049
[ 10 / 60 ] loss: 0.269
[ 11 / 60 ] loss: 0.060
[ 12 / 60 ] loss: 0.185
[ 13 / 60 ] loss: 0.263
[ 14 / 60 ] loss: 0.124
[ 15 / 60 ] loss: 0.066
[ 16 / 60 ] loss: 0.117
[ 17 / 60 ] loss: 0.470
[ 18 / 60 ] loss: 0.068
[ 19 / 60 ] loss: 0.091
[ 20 / 60 ] loss: 0.518
[ 21 / 60 ] loss: 0.187
[ 22 / 60 ] loss: 0.236
[ 23 / 60 ] loss: 0.225
[ 24 / 60 ] loss: 0.083
[ 25 / 60 ] loss: 0.280
[ 26 / 60 ] loss: 0.340
[ 27 / 60 ] loss: 0.322
[ 28 / 60 ] loss: 0.120
[ 29 / 60 ] loss: 0.287
[ 30 / 60 ] loss: 0.277
[ 31 / 60 ] loss: 0.286
[ 32 / 60 ] loss: 0.064
[ 33 / 60 ] loss: 0.478
[ 34 / 60 ] loss: 0.082
[ 35 / 60 ] loss: 0.539
[ 36 / 60 ] loss: 0.723
[ 37 / 60 ] loss: 0.260
[ 38 / 60 ] loss: 0.186
[ 39 / 60 ] loss: 0.120
[ 40 / 60 ] loss: 0.193
[ 41 / 60 ] loss: 0.150
[ 42 / 60 ] loss: 0.084
[ 43 / 60 ] loss: 0.083
[ 44 / 60 ] loss: 0.179
[ 45 / 60 ] loss: 0.053
[ 46 / 60 ] loss: 0.210
[ 47 / 60 ] loss: 0.253
[ 48 / 60 ] loss: 0.317
[ 49 / 60 ] loss: 0.050
[ 50 / 60 ] loss: 0.370
[ 51 / 60 ] loss: 0.366
[ 52 / 60 ] loss: 0.032
[ 53 / 60 ] loss: 0.242
[ 54 / 60 ] loss: 0.109
[ 55 / 60 ] loss: 0.341
[ 56 / 60 ] loss: 0.123
[ 57 / 60 ] loss: 0.160
[ 58 / 60 ] loss: 0.378
[ 59 / 60 ] loss: 0.282
[ 60 / 60 ] loss: 0.027
0.21024784793456394
Accuracy: 0.755274 -- Precision: 0.795082 -- Recall: 0.746154 -- F1: 0.769841 -- AUC: 0.786053
保存模型参数
========= epoch: 10 ==============
[ 1 / 60 ] loss: 0.029
[ 2 / 60 ] loss: 0.036
[ 3 / 60 ] loss: 0.348
[ 4 / 60 ] loss: 0.062
[ 5 / 60 ] loss: 0.168
[ 6 / 60 ] loss: 0.119
[ 7 / 60 ] loss: 0.107
[ 8 / 60 ] loss: 0.175
[ 9 / 60 ] loss: 0.078
[ 10 / 60 ] loss: 0.235
[ 11 / 60 ] loss: 0.465
[ 12 / 60 ] loss: 0.313
[ 13 / 60 ] loss: 0.507
[ 14 / 60 ] loss: 0.287
[ 15 / 60 ] loss: 0.171
[ 16 / 60 ] loss: 0.112
[ 17 / 60 ] loss: 0.322
[ 18 / 60 ] loss: 0.199
[ 19 / 60 ] loss: 0.079
[ 20 / 60 ] loss: 0.031
[ 21 / 60 ] loss: 0.253
[ 22 / 60 ] loss: 0.298
[ 23 / 60 ] loss: 0.084
[ 24 / 60 ] loss: 0.104
[ 25 / 60 ] loss: 0.049
[ 26 / 60 ] loss: 0.035
[ 27 / 60 ] loss: 0.125
[ 28 / 60 ] loss: 0.176
[ 29 / 60 ] loss: 0.135
[ 30 / 60 ] loss: 0.137
[ 31 / 60 ] loss: 0.403
[ 32 / 60 ] loss: 0.114
[ 33 / 60 ] loss: 0.071
[ 34 / 60 ] loss: 0.105
[ 35 / 60 ] loss: 0.078
[ 36 / 60 ] loss: 0.053
[ 37 / 60 ] loss: 0.156
[ 38 / 60 ] loss: 0.038
[ 39 / 60 ] loss: 0.027
[ 40 / 60 ] loss: 0.057
[ 41 / 60 ] loss: 0.136
[ 42 / 60 ] loss: 0.500
[ 43 / 60 ] loss: 0.024
[ 44 / 60 ] loss: 0.026
[ 45 / 60 ] loss: 0.091
[ 46 / 60 ] loss: 0.033
[ 47 / 60 ] loss: 0.262
[ 48 / 60 ] loss: 0.047
[ 49 / 60 ] loss: 0.236
[ 50 / 60 ] loss: 0.196
[ 51 / 60 ] loss: 0.332
[ 52 / 60 ] loss: 0.035
[ 53 / 60 ] loss: 0.278
[ 54 / 60 ] loss: 0.034
[ 55 / 60 ] loss: 0.025
[ 56 / 60 ] loss: 0.292
[ 57 / 60 ] loss: 0.267
[ 58 / 60 ] loss: 0.301
[ 59 / 60 ] loss: 0.035
[ 60 / 60 ] loss: 0.018
0.15851845598469178
Accuracy: 0.742616 -- Precision: 0.767442 -- Recall: 0.761538 -- F1: 0.764479 -- AUC: 0.786485
========= epoch: 11 ==============
[ 1 / 60 ] loss: 0.030
[ 2 / 60 ] loss: 0.034
[ 3 / 60 ] loss: 0.192
[ 4 / 60 ] loss: 0.058
[ 5 / 60 ] loss: 0.047
[ 6 / 60 ] loss: 0.026
[ 7 / 60 ] loss: 0.063
[ 8 / 60 ] loss: 0.079
[ 9 / 60 ] loss: 0.233
[ 10 / 60 ] loss: 0.380
[ 11 / 60 ] loss: 0.053
[ 12 / 60 ] loss: 0.020
[ 13 / 60 ] loss: 0.098
[ 14 / 60 ] loss: 0.159
[ 15 / 60 ] loss: 0.039
[ 16 / 60 ] loss: 0.088
[ 17 / 60 ] loss: 0.063
[ 18 / 60 ] loss: 0.029
[ 19 / 60 ] loss: 0.036
[ 20 / 60 ] loss: 0.096
[ 21 / 60 ] loss: 0.060
[ 22 / 60 ] loss: 0.096
[ 23 / 60 ] loss: 0.392
[ 24 / 60 ] loss: 0.055
[ 25 / 60 ] loss: 0.039
[ 26 / 60 ] loss: 0.690
[ 27 / 60 ] loss: 0.053
[ 28 / 60 ] loss: 0.025
[ 29 / 60 ] loss: 0.483
[ 30 / 60 ] loss: 0.105
[ 31 / 60 ] loss: 0.344
[ 32 / 60 ] loss: 0.162
[ 33 / 60 ] loss: 0.020
[ 34 / 60 ] loss: 0.140
[ 35 / 60 ] loss: 0.062
[ 36 / 60 ] loss: 0.404
[ 37 / 60 ] loss: 0.153
[ 38 / 60 ] loss: 0.475
[ 39 / 60 ] loss: 0.319
[ 40 / 60 ] loss: 0.409
[ 41 / 60 ] loss: 0.506
[ 42 / 60 ] loss: 0.044
[ 43 / 60 ] loss: 0.063
[ 44 / 60 ] loss: 0.055
[ 45 / 60 ] loss: 0.132
[ 46 / 60 ] loss: 0.318
[ 47 / 60 ] loss: 0.031
[ 48 / 60 ] loss: 0.610
[ 49 / 60 ] loss: 0.410
[ 50 / 60 ] loss: 0.058
[ 51 / 60 ] loss: 0.534
[ 52 / 60 ] loss: 0.132
[ 53 / 60 ] loss: 0.108
[ 54 / 60 ] loss: 0.196
[ 55 / 60 ] loss: 0.070
[ 56 / 60 ] loss: 0.068
[ 57 / 60 ] loss: 0.131
[ 58 / 60 ] loss: 0.160
[ 59 / 60 ] loss: 0.086
[ 60 / 60 ] loss: 0.041
0.16769396703069409
Accuracy: 0.734177 -- Precision: 0.741007 -- Recall: 0.792308 -- F1: 0.765799 -- AUC: 0.779152
========= epoch: 12 ==============
[ 1 / 60 ] loss: 0.055
[ 2 / 60 ] loss: 0.033
[ 3 / 60 ] loss: 0.304
[ 4 / 60 ] loss: 0.122
[ 5 / 60 ] loss: 0.108
[ 6 / 60 ] loss: 0.073
[ 7 / 60 ] loss: 0.060
[ 8 / 60 ] loss: 0.057
[ 9 / 60 ] loss: 0.058
[ 10 / 60 ] loss: 0.097
[ 11 / 60 ] loss: 0.066
[ 12 / 60 ] loss: 0.039
[ 13 / 60 ] loss: 0.036
[ 14 / 60 ] loss: 0.040
[ 15 / 60 ] loss: 0.258
[ 16 / 60 ] loss: 0.052
[ 17 / 60 ] loss: 0.156
[ 18 / 60 ] loss: 0.047
[ 19 / 60 ] loss: 0.019
[ 20 / 60 ] loss: 0.072
[ 21 / 60 ] loss: 0.070
[ 22 / 60 ] loss: 0.018
[ 23 / 60 ] loss: 0.020
[ 24 / 60 ] loss: 0.139
[ 25 / 60 ] loss: 0.265
[ 26 / 60 ] loss: 0.239
[ 27 / 60 ] loss: 0.020
[ 28 / 60 ] loss: 0.257
[ 29 / 60 ] loss: 0.700
[ 30 / 60 ] loss: 0.118
[ 31 / 60 ] loss: 0.019
[ 32 / 60 ] loss: 0.051
[ 33 / 60 ] loss: 0.122
[ 34 / 60 ] loss: 0.502
[ 35 / 60 ] loss: 0.721
[ 36 / 60 ] loss: 0.505
[ 37 / 60 ] loss: 0.258
[ 38 / 60 ] loss: 0.237
[ 39 / 60 ] loss: 0.022
[ 40 / 60 ] loss: 0.287
[ 41 / 60 ] loss: 0.148
[ 42 / 60 ] loss: 0.700
[ 43 / 60 ] loss: 0.954
[ 44 / 60 ] loss: 0.231
[ 45 / 60 ] loss: 0.223
[ 46 / 60 ] loss: 0.071
[ 47 / 60 ] loss: 0.224
[ 48 / 60 ] loss: 0.117
[ 49 / 60 ] loss: 0.171
[ 50 / 60 ] loss: 0.411
[ 51 / 60 ] loss: 0.291
[ 52 / 60 ] loss: 0.192
[ 53 / 60 ] loss: 0.195
[ 54 / 60 ] loss: 0.283
[ 55 / 60 ] loss: 0.263
[ 56 / 60 ] loss: 0.203
[ 57 / 60 ] loss: 0.195
[ 58 / 60 ] loss: 0.172
[ 59 / 60 ] loss: 0.060
[ 60 / 60 ] loss: 0.028
0.19087167639906208
Accuracy: 0.763713 -- Precision: 0.798387 -- Recall: 0.761538 -- F1: 0.779528 -- AUC: 0.799281
保存模型参数
========= epoch: 13 ==============
[ 1 / 60 ] loss: 0.160
[ 2 / 60 ] loss: 0.072
[ 3 / 60 ] loss: 0.123
[ 4 / 60 ] loss: 0.463
[ 5 / 60 ] loss: 0.050
[ 6 / 60 ] loss: 0.126
[ 7 / 60 ] loss: 0.255
[ 8 / 60 ] loss: 0.049
[ 9 / 60 ] loss: 0.024
[ 10 / 60 ] loss: 0.062
[ 11 / 60 ] loss: 0.060
[ 12 / 60 ] loss: 0.221
[ 13 / 60 ] loss: 0.202
[ 14 / 60 ] loss: 0.131
[ 15 / 60 ] loss: 0.030
[ 16 / 60 ] loss: 0.248
[ 17 / 60 ] loss: 0.174
[ 18 / 60 ] loss: 0.352
[ 19 / 60 ] loss: 0.263
[ 20 / 60 ] loss: 0.183
[ 21 / 60 ] loss: 0.459
[ 22 / 60 ] loss: 0.269
[ 23 / 60 ] loss: 0.156
[ 24 / 60 ] loss: 0.199
[ 25 / 60 ] loss: 0.042
[ 26 / 60 ] loss: 0.293
[ 27 / 60 ] loss: 0.238
[ 28 / 60 ] loss: 0.072
[ 29 / 60 ] loss: 0.344
[ 30 / 60 ] loss: 0.144
[ 31 / 60 ] loss: 0.041
[ 32 / 60 ] loss: 0.057
[ 33 / 60 ] loss: 0.081
[ 34 / 60 ] loss: 0.121
[ 35 / 60 ] loss: 0.326
[ 36 / 60 ] loss: 0.043
[ 37 / 60 ] loss: 0.196
[ 38 / 60 ] loss: 0.077
[ 39 / 60 ] loss: 0.030
[ 40 / 60 ] loss: 0.353
[ 41 / 60 ] loss: 0.124
[ 42 / 60 ] loss: 0.199
[ 43 / 60 ] loss: 0.031
[ 44 / 60 ] loss: 0.045
[ 45 / 60 ] loss: 0.039
[ 46 / 60 ] loss: 0.073
[ 47 / 60 ] loss: 0.267
[ 48 / 60 ] loss: 0.213
[ 49 / 60 ] loss: 0.132
[ 50 / 60 ] loss: 0.029
[ 51 / 60 ] loss: 0.270
[ 52 / 60 ] loss: 0.345
[ 53 / 60 ] loss: 0.260
[ 54 / 60 ] loss: 0.023
[ 55 / 60 ] loss: 0.119
[ 56 / 60 ] loss: 0.325
[ 57 / 60 ] loss: 0.191
[ 58 / 60 ] loss: 0.331
[ 59 / 60 ] loss: 0.029
[ 60 / 60 ] loss: 0.989
0.18037505360941092
Accuracy: 0.746835 -- Precision: 0.746479 -- Recall: 0.815385 -- F1: 0.779412 -- AUC: 0.775054
========= epoch: 14 ==============
[ 1 / 60 ] loss: 0.254
[ 2 / 60 ] loss: 0.289
[ 3 / 60 ] loss: 0.260
[ 4 / 60 ] loss: 0.526
[ 5 / 60 ] loss: 0.737
[ 6 / 60 ] loss: 0.421
[ 7 / 60 ] loss: 0.639
[ 8 / 60 ] loss: 0.245
[ 9 / 60 ] loss: 0.506
[ 10 / 60 ] loss: 0.159
[ 11 / 60 ] loss: 0.273
[ 12 / 60 ] loss: 0.168
[ 13 / 60 ] loss: 0.204
[ 14 / 60 ] loss: 0.196
[ 15 / 60 ] loss: 0.602
[ 16 / 60 ] loss: 0.244
[ 17 / 60 ] loss: 0.260
[ 18 / 60 ] loss: 0.439
[ 19 / 60 ] loss: 0.147
[ 20 / 60 ] loss: 0.342
[ 21 / 60 ] loss: 0.264
[ 22 / 60 ] loss: 0.367
[ 23 / 60 ] loss: 0.232
[ 24 / 60 ] loss: 0.289
[ 25 / 60 ] loss: 0.257
[ 26 / 60 ] loss: 0.200
[ 27 / 60 ] loss: 0.216
[ 28 / 60 ] loss: 0.208
[ 29 / 60 ] loss: 0.087
[ 30 / 60 ] loss: 0.054
[ 31 / 60 ] loss: 0.210
[ 32 / 60 ] loss: 0.063
[ 33 / 60 ] loss: 0.361
[ 34 / 60 ] loss: 0.054
[ 35 / 60 ] loss: 0.080
[ 36 / 60 ] loss: 0.121
[ 37 / 60 ] loss: 0.050
[ 38 / 60 ] loss: 0.340
[ 39 / 60 ] loss: 0.216
[ 40 / 60 ] loss: 0.137
[ 41 / 60 ] loss: 0.120
[ 42 / 60 ] loss: 0.075
[ 43 / 60 ] loss: 0.046
[ 44 / 60 ] loss: 0.029
[ 45 / 60 ] loss: 0.032
[ 46 / 60 ] loss: 0.109
[ 47 / 60 ] loss: 0.089
[ 48 / 60 ] loss: 0.068
[ 49 / 60 ] loss: 0.103
[ 50 / 60 ] loss: 0.341
[ 51 / 60 ] loss: 0.237
[ 52 / 60 ] loss: 0.134
[ 53 / 60 ] loss: 0.079
[ 54 / 60 ] loss: 0.148
[ 55 / 60 ] loss: 0.119
[ 56 / 60 ] loss: 0.255
[ 57 / 60 ] loss: 0.059
[ 58 / 60 ] loss: 0.698
[ 59 / 60 ] loss: 0.176
[ 60 / 60 ] loss: 0.031
0.22778163279096286
Accuracy: 0.734177 -- Precision: 0.713376 -- Recall: 0.861538 -- F1: 0.780488 -- AUC: 0.774407
========= epoch: 15 ==============
[ 1 / 60 ] loss: 0.111
[ 2 / 60 ] loss: 0.097
[ 3 / 60 ] loss: 0.051
[ 4 / 60 ] loss: 0.152
[ 5 / 60 ] loss: 0.136
[ 6 / 60 ] loss: 0.077
[ 7 / 60 ] loss: 0.187
[ 8 / 60 ] loss: 0.149
[ 9 / 60 ] loss: 0.261
[ 10 / 60 ] loss: 0.036
[ 11 / 60 ] loss: 0.035
[ 12 / 60 ] loss: 0.031
[ 13 / 60 ] loss: 0.024
[ 14 / 60 ] loss: 0.201
[ 15 / 60 ] loss: 0.114
[ 16 / 60 ] loss: 0.494
[ 17 / 60 ] loss: 0.032
[ 18 / 60 ] loss: 0.030
[ 19 / 60 ] loss: 0.033
[ 20 / 60 ] loss: 0.049
[ 21 / 60 ] loss: 0.162
[ 22 / 60 ] loss: 0.034
[ 23 / 60 ] loss: 0.183
[ 24 / 60 ] loss: 0.024
[ 25 / 60 ] loss: 0.158
[ 26 / 60 ] loss: 0.041
[ 27 / 60 ] loss: 0.023
[ 28 / 60 ] loss: 0.023
[ 29 / 60 ] loss: 0.098
[ 30 / 60 ] loss: 0.280
[ 31 / 60 ] loss: 0.017
[ 32 / 60 ] loss: 0.392
[ 33 / 60 ] loss: 0.016
[ 34 / 60 ] loss: 0.022
[ 35 / 60 ] loss: 0.118
[ 36 / 60 ] loss: 0.319
[ 37 / 60 ] loss: 0.334
[ 38 / 60 ] loss: 0.266
[ 39 / 60 ] loss: 0.360
[ 40 / 60 ] loss: 0.022
[ 41 / 60 ] loss: 0.025
[ 42 / 60 ] loss: 0.322
[ 43 / 60 ] loss: 0.185
[ 44 / 60 ] loss: 0.271
[ 45 / 60 ] loss: 0.070
[ 46 / 60 ] loss: 0.042
[ 47 / 60 ] loss: 0.252
[ 48 / 60 ] loss: 0.259
[ 49 / 60 ] loss: 0.021
[ 50 / 60 ] loss: 0.264
[ 51 / 60 ] loss: 0.053
[ 52 / 60 ] loss: 0.027
[ 53 / 60 ] loss: 0.173
[ 54 / 60 ] loss: 0.111
[ 55 / 60 ] loss: 0.092
[ 56 / 60 ] loss: 0.050
[ 57 / 60 ] loss: 0.019
[ 58 / 60 ] loss: 0.222
[ 59 / 60 ] loss: 0.018
[ 60 / 60 ] loss: 0.018
0.12809181405852238
Accuracy: 0.734177 -- Precision: 0.744526 -- Recall: 0.784615 -- F1: 0.764045 -- AUC: 0.765061
========= epoch: 16 ==============
[ 1 / 60 ] loss: 0.030
[ 2 / 60 ] loss: 0.022
[ 3 / 60 ] loss: 0.132
[ 4 / 60 ] loss: 0.020
[ 5 / 60 ] loss: 0.066
[ 6 / 60 ] loss: 0.023
[ 7 / 60 ] loss: 0.029
[ 8 / 60 ] loss: 0.047
[ 9 / 60 ] loss: 0.029
[ 10 / 60 ] loss: 0.124
[ 11 / 60 ] loss: 0.096
[ 12 / 60 ] loss: 0.053
[ 13 / 60 ] loss: 0.019
[ 14 / 60 ] loss: 0.034
[ 15 / 60 ] loss: 0.031
[ 16 / 60 ] loss: 0.017
[ 17 / 60 ] loss: 0.225
[ 18 / 60 ] loss: 0.069
[ 19 / 60 ] loss: 0.018
[ 20 / 60 ] loss: 0.036
[ 21 / 60 ] loss: 0.107
[ 22 / 60 ] loss: 0.059
[ 23 / 60 ] loss: 0.018
[ 24 / 60 ] loss: 0.374
[ 25 / 60 ] loss: 0.096
[ 26 / 60 ] loss: 0.251
[ 27 / 60 ] loss: 0.042
[ 28 / 60 ] loss: 0.045
[ 29 / 60 ] loss: 0.013
[ 30 / 60 ] loss: 0.252
[ 31 / 60 ] loss: 0.045
[ 32 / 60 ] loss: 0.261
[ 33 / 60 ] loss: 0.404
[ 34 / 60 ] loss: 0.346
[ 35 / 60 ] loss: 0.065
[ 36 / 60 ] loss: 0.033
[ 37 / 60 ] loss: 0.315
[ 38 / 60 ] loss: 0.028
[ 39 / 60 ] loss: 0.217
[ 40 / 60 ] loss: 0.031
[ 41 / 60 ] loss: 0.060
[ 42 / 60 ] loss: 0.252
[ 43 / 60 ] loss: 0.015
[ 44 / 60 ] loss: 0.259
[ 45 / 60 ] loss: 0.156
[ 46 / 60 ] loss: 0.036
[ 47 / 60 ] loss: 0.279
[ 48 / 60 ] loss: 0.034
[ 49 / 60 ] loss: 0.018
[ 50 / 60 ] loss: 0.171
[ 51 / 60 ] loss: 0.088
[ 52 / 60 ] loss: 0.294
[ 53 / 60 ] loss: 0.177
[ 54 / 60 ] loss: 0.127
[ 55 / 60 ] loss: 0.017
[ 56 / 60 ] loss: 0.016
[ 57 / 60 ] loss: 0.073
[ 58 / 60 ] loss: 0.103
[ 59 / 60 ] loss: 0.018
[ 60 / 60 ] loss: 0.022
0.10558261989305416
Accuracy: 0.721519 -- Precision: 0.796296 -- Recall: 0.661538 -- F1: 0.722689 -- AUC: 0.785694
========= epoch: 17 ==============
[ 1 / 60 ] loss: 0.061
[ 2 / 60 ] loss: 0.036
[ 3 / 60 ] loss: 0.441
[ 4 / 60 ] loss: 0.021
[ 5 / 60 ] loss: 0.015
[ 6 / 60 ] loss: 0.110
[ 7 / 60 ] loss: 0.180
[ 8 / 60 ] loss: 0.262
[ 9 / 60 ] loss: 0.039
[ 10 / 60 ] loss: 0.158
[ 11 / 60 ] loss: 0.049
[ 12 / 60 ] loss: 0.037
[ 13 / 60 ] loss: 0.033
[ 14 / 60 ] loss: 0.039
[ 15 / 60 ] loss: 0.474
[ 16 / 60 ] loss: 0.285
[ 17 / 60 ] loss: 0.291
[ 18 / 60 ] loss: 0.115
[ 19 / 60 ] loss: 0.095
[ 20 / 60 ] loss: 0.073
[ 21 / 60 ] loss: 0.133
[ 22 / 60 ] loss: 0.111
[ 23 / 60 ] loss: 0.361
[ 24 / 60 ] loss: 0.124
[ 25 / 60 ] loss: 0.071
[ 26 / 60 ] loss: 0.091
[ 27 / 60 ] loss: 0.163
[ 28 / 60 ] loss: 0.024
[ 29 / 60 ] loss: 0.025
[ 30 / 60 ] loss: 0.088
[ 31 / 60 ] loss: 0.013
[ 32 / 60 ] loss: 0.020
[ 33 / 60 ] loss: 0.085
[ 34 / 60 ] loss: 0.022
[ 35 / 60 ] loss: 0.076
[ 36 / 60 ] loss: 0.027
[ 37 / 60 ] loss: 0.020
[ 38 / 60 ] loss: 0.274
[ 39 / 60 ] loss: 0.056
[ 40 / 60 ] loss: 0.338
[ 41 / 60 ] loss: 0.058
[ 42 / 60 ] loss: 0.015
[ 43 / 60 ] loss: 0.084
[ 44 / 60 ] loss: 0.076
[ 45 / 60 ] loss: 0.276
[ 46 / 60 ] loss: 0.019
[ 47 / 60 ] loss: 0.022
[ 48 / 60 ] loss: 0.097
[ 49 / 60 ] loss: 0.017
[ 50 / 60 ] loss: 0.061
[ 51 / 60 ] loss: 0.023
[ 52 / 60 ] loss: 0.017
[ 53 / 60 ] loss: 0.021
[ 54 / 60 ] loss: 0.042
[ 55 / 60 ] loss: 0.018
[ 56 / 60 ] loss: 0.037
[ 57 / 60 ] loss: 0.033
[ 58 / 60 ] loss: 0.020
[ 59 / 60 ] loss: 0.045
[ 60 / 60 ] loss: 0.014
0.0987892208310465
Accuracy: 0.729958 -- Precision: 0.742647 -- Recall: 0.776923 -- F1: 0.759398 -- AUC: 0.776995
========= epoch: 18 ==============
[ 1 / 60 ] loss: 0.010
[ 2 / 60 ] loss: 0.013
[ 3 / 60 ] loss: 0.022
[ 4 / 60 ] loss: 0.019
[ 5 / 60 ] loss: 0.020
[ 6 / 60 ] loss: 0.008
[ 7 / 60 ] loss: 0.035
[ 8 / 60 ] loss: 0.094
[ 9 / 60 ] loss: 0.121
[ 10 / 60 ] loss: 0.033
[ 11 / 60 ] loss: 0.244
[ 12 / 60 ] loss: 0.013
[ 13 / 60 ] loss: 0.012
[ 14 / 60 ] loss: 0.366
[ 15 / 60 ] loss: 0.143
[ 16 / 60 ] loss: 0.013
[ 17 / 60 ] loss: 0.046
[ 18 / 60 ] loss: 0.241
[ 19 / 60 ] loss: 0.011
[ 20 / 60 ] loss: 0.072
[ 21 / 60 ] loss: 0.009
[ 22 / 60 ] loss: 0.009
[ 23 / 60 ] loss: 0.012
[ 24 / 60 ] loss: 0.010
[ 25 / 60 ] loss: 0.034
[ 26 / 60 ] loss: 0.168
[ 27 / 60 ] loss: 0.013
[ 28 / 60 ] loss: 0.092
[ 29 / 60 ] loss: 0.350
[ 30 / 60 ] loss: 0.022
[ 31 / 60 ] loss: 0.313
[ 32 / 60 ] loss: 0.012
[ 33 / 60 ] loss: 0.297
[ 34 / 60 ] loss: 0.055
[ 35 / 60 ] loss: 0.034
[ 36 / 60 ] loss: 0.186
[ 37 / 60 ] loss: 0.032
[ 38 / 60 ] loss: 0.014
[ 39 / 60 ] loss: 0.019
[ 40 / 60 ] loss: 0.047
[ 41 / 60 ] loss: 0.064
[ 42 / 60 ] loss: 0.037
[ 43 / 60 ] loss: 0.028
[ 44 / 60 ] loss: 0.028
[ 45 / 60 ] loss: 0.026
[ 46 / 60 ] loss: 0.085
[ 47 / 60 ] loss: 0.042
[ 48 / 60 ] loss: 0.020
[ 49 / 60 ] loss: 0.032
[ 50 / 60 ] loss: 0.315
[ 51 / 60 ] loss: 0.082
[ 52 / 60 ] loss: 0.019
[ 53 / 60 ] loss: 0.013
[ 54 / 60 ] loss: 0.013
[ 55 / 60 ] loss: 0.045
[ 56 / 60 ] loss: 0.012
[ 57 / 60 ] loss: 0.015
[ 58 / 60 ] loss: 0.334
[ 59 / 60 ] loss: 0.158
[ 60 / 60 ] loss: 0.009
0.07739734586017827
Accuracy: 0.738397 -- Precision: 0.769841 -- Recall: 0.746154 -- F1: 0.757813 -- AUC: 0.780230
========= epoch: 19 ==============
[ 1 / 60 ] loss: 0.035
[ 2 / 60 ] loss: 0.012
[ 3 / 60 ] loss: 0.009
[ 4 / 60 ] loss: 0.053
[ 5 / 60 ] loss: 0.022
[ 6 / 60 ] loss: 0.021
[ 7 / 60 ] loss: 0.012
[ 8 / 60 ] loss: 0.042
[ 9 / 60 ] loss: 0.010
[ 10 / 60 ] loss: 0.012
[ 11 / 60 ] loss: 0.008
[ 12 / 60 ] loss: 0.008
[ 13 / 60 ] loss: 0.029
[ 14 / 60 ] loss: 0.257
[ 15 / 60 ] loss: 0.009
[ 16 / 60 ] loss: 0.010
[ 17 / 60 ] loss: 0.018
[ 18 / 60 ] loss: 0.011
[ 19 / 60 ] loss: 0.173
[ 20 / 60 ] loss: 0.217
[ 21 / 60 ] loss: 0.011
[ 22 / 60 ] loss: 0.008
[ 23 / 60 ] loss: 0.010
[ 24 / 60 ] loss: 0.023
[ 25 / 60 ] loss: 0.013
[ 26 / 60 ] loss: 0.409
[ 27 / 60 ] loss: 0.040
[ 28 / 60 ] loss: 0.010
[ 29 / 60 ] loss: 0.090
[ 30 / 60 ] loss: 0.012
[ 31 / 60 ] loss: 0.011
[ 32 / 60 ] loss: 0.113
[ 33 / 60 ] loss: 0.071
[ 34 / 60 ] loss: 0.347
[ 35 / 60 ] loss: 0.230
[ 36 / 60 ] loss: 0.274
[ 37 / 60 ] loss: 0.023
[ 38 / 60 ] loss: 0.042
[ 39 / 60 ] loss: 0.036
[ 40 / 60 ] loss: 0.009
[ 41 / 60 ] loss: 0.247
[ 42 / 60 ] loss: 0.076
[ 43 / 60 ] loss: 0.010
[ 44 / 60 ] loss: 0.010
[ 45 / 60 ] loss: 0.036
[ 46 / 60 ] loss: 0.010
[ 47 / 60 ] loss: 0.033
[ 48 / 60 ] loss: 0.016
[ 49 / 60 ] loss: 0.016
[ 50 / 60 ] loss: 0.038
[ 51 / 60 ] loss: 0.215
[ 52 / 60 ] loss: 0.164
[ 53 / 60 ] loss: 0.107
[ 54 / 60 ] loss: 0.011
[ 55 / 60 ] loss: 0.011
[ 56 / 60 ] loss: 0.127
[ 57 / 60 ] loss: 0.036
[ 58 / 60 ] loss: 0.465
[ 59 / 60 ] loss: 0.011
[ 60 / 60 ] loss: 0.055
0.07405381964053959
Accuracy: 0.763713 -- Precision: 0.768116 -- Recall: 0.815385 -- F1: 0.791045 -- AUC: 0.784328
========= epoch: 20 ==============
[ 1 / 60 ] loss: 0.009
[ 2 / 60 ] loss: 0.312
[ 3 / 60 ] loss: 0.076
[ 4 / 60 ] loss: 0.024
[ 5 / 60 ] loss: 0.044
[ 6 / 60 ] loss: 0.081
[ 7 / 60 ] loss: 0.039
[ 8 / 60 ] loss: 0.008
[ 9 / 60 ] loss: 0.010
[ 10 / 60 ] loss: 0.011
[ 11 / 60 ] loss: 0.027
[ 12 / 60 ] loss: 0.037
[ 13 / 60 ] loss: 0.331
[ 14 / 60 ] loss: 0.039
[ 15 / 60 ] loss: 0.019
[ 16 / 60 ] loss: 0.009
[ 17 / 60 ] loss: 0.009
[ 18 / 60 ] loss: 0.039
[ 19 / 60 ] loss: 0.008
[ 20 / 60 ] loss: 0.010
[ 21 / 60 ] loss: 0.055
[ 22 / 60 ] loss: 0.263
[ 23 / 60 ] loss: 0.258
[ 24 / 60 ] loss: 0.010
[ 25 / 60 ] loss: 0.020
[ 26 / 60 ] loss: 0.010
[ 27 / 60 ] loss: 0.312
[ 28 / 60 ] loss: 0.012
[ 29 / 60 ] loss: 0.011
[ 30 / 60 ] loss: 0.019
[ 31 / 60 ] loss: 0.014
[ 32 / 60 ] loss: 0.014
[ 33 / 60 ] loss: 0.318
[ 34 / 60 ] loss: 0.014
[ 35 / 60 ] loss: 0.010
[ 36 / 60 ] loss: 0.013
[ 37 / 60 ] loss: 0.063
[ 38 / 60 ] loss: 0.009
[ 39 / 60 ] loss: 0.252
[ 40 / 60 ] loss: 0.064
[ 41 / 60 ] loss: 0.010
[ 42 / 60 ] loss: 0.015
[ 43 / 60 ] loss: 0.012
[ 44 / 60 ] loss: 0.134
[ 45 / 60 ] loss: 0.014
[ 46 / 60 ] loss: 0.041
[ 47 / 60 ] loss: 0.056
[ 48 / 60 ] loss: 0.012
[ 49 / 60 ] loss: 0.066
[ 50 / 60 ] loss: 0.017
[ 51 / 60 ] loss: 0.034
[ 52 / 60 ] loss: 0.304
[ 53 / 60 ] loss: 0.029
[ 54 / 60 ] loss: 0.013
[ 55 / 60 ] loss: 0.336
[ 56 / 60 ] loss: 0.020
[ 57 / 60 ] loss: 0.051
[ 58 / 60 ] loss: 0.379
[ 59 / 60 ] loss: 0.263
[ 60 / 60 ] loss: 0.015
0.07839794509733716
Accuracy: 0.751055 -- Precision: 0.775194 -- Recall: 0.769231 -- F1: 0.772201 -- AUC: 0.775413
========= epoch: 21 ==============
[ 1 / 60 ] loss: 0.010
[ 2 / 60 ] loss: 0.023
[ 3 / 60 ] loss: 0.007
[ 4 / 60 ] loss: 0.083
[ 5 / 60 ] loss: 0.008
[ 6 / 60 ] loss: 0.136
[ 7 / 60 ] loss: 0.016
[ 8 / 60 ] loss: 0.011
[ 9 / 60 ] loss: 0.024
[ 10 / 60 ] loss: 0.329
[ 11 / 60 ] loss: 0.009
[ 12 / 60 ] loss: 0.164
[ 13 / 60 ] loss: 0.010
[ 14 / 60 ] loss: 0.033
[ 15 / 60 ] loss: 0.223
[ 16 / 60 ] loss: 0.034
[ 17 / 60 ] loss: 0.050
[ 18 / 60 ] loss: 0.009
[ 19 / 60 ] loss: 0.009
[ 20 / 60 ] loss: 0.008
[ 21 / 60 ] loss: 0.020
[ 22 / 60 ] loss: 0.014
[ 23 / 60 ] loss: 0.010
[ 24 / 60 ] loss: 0.014
[ 25 / 60 ] loss: 0.016
[ 26 / 60 ] loss: 0.224
[ 27 / 60 ] loss: 0.017
[ 28 / 60 ] loss: 0.021
[ 29 / 60 ] loss: 0.187
[ 30 / 60 ] loss: 0.300
[ 31 / 60 ] loss: 0.011
[ 32 / 60 ] loss: 0.012
[ 33 / 60 ] loss: 0.012
[ 34 / 60 ] loss: 0.017
[ 35 / 60 ] loss: 0.019
[ 36 / 60 ] loss: 0.349
[ 37 / 60 ] loss: 0.019
[ 38 / 60 ] loss: 0.049
[ 39 / 60 ] loss: 0.299
[ 40 / 60 ] loss: 0.187
[ 41 / 60 ] loss: 0.448
[ 42 / 60 ] loss: 0.086
[ 43 / 60 ] loss: 0.078
[ 44 / 60 ] loss: 0.050
[ 45 / 60 ] loss: 0.061
[ 46 / 60 ] loss: 0.299
[ 47 / 60 ] loss: 0.447
[ 48 / 60 ] loss: 0.071
[ 49 / 60 ] loss: 0.113
[ 50 / 60 ] loss: 0.039
[ 51 / 60 ] loss: 0.025
[ 52 / 60 ] loss: 0.021
[ 53 / 60 ] loss: 0.025
[ 54 / 60 ] loss: 0.031
[ 55 / 60 ] loss: 0.013
[ 56 / 60 ] loss: 0.289
[ 57 / 60 ] loss: 0.013
[ 58 / 60 ] loss: 0.054
[ 59 / 60 ] loss: 0.100
[ 60 / 60 ] loss: 0.012
0.08770912994320194
Accuracy: 0.759494 -- Precision: 0.778626 -- Recall: 0.784615 -- F1: 0.781609 -- AUC: 0.782243
========= epoch: 22 ==============
[ 1 / 60 ] loss: 0.024
[ 2 / 60 ] loss: 0.015
[ 3 / 60 ] loss: 0.011
[ 4 / 60 ] loss: 0.204
[ 5 / 60 ] loss: 0.028
[ 6 / 60 ] loss: 0.038
[ 7 / 60 ] loss: 0.012
[ 8 / 60 ] loss: 0.010
[ 9 / 60 ] loss: 0.009
[ 10 / 60 ] loss: 0.014
[ 11 / 60 ] loss: 0.009
[ 12 / 60 ] loss: 0.035
[ 13 / 60 ] loss: 0.013
[ 14 / 60 ] loss: 0.194
[ 15 / 60 ] loss: 0.021
[ 16 / 60 ] loss: 0.056
[ 17 / 60 ] loss: 0.013
[ 18 / 60 ] loss: 0.035
[ 19 / 60 ] loss: 0.012
[ 20 / 60 ] loss: 0.014
[ 21 / 60 ] loss: 0.062
[ 22 / 60 ] loss: 0.066
[ 23 / 60 ] loss: 0.124
[ 24 / 60 ] loss: 0.089
[ 25 / 60 ] loss: 0.042
[ 26 / 60 ] loss: 0.011
[ 27 / 60 ] loss: 0.042
[ 28 / 60 ] loss: 0.308
[ 29 / 60 ] loss: 0.053
[ 30 / 60 ] loss: 0.017
[ 31 / 60 ] loss: 0.016
[ 32 / 60 ] loss: 0.010
[ 33 / 60 ] loss: 0.034
[ 34 / 60 ] loss: 0.007
[ 35 / 60 ] loss: 0.130
[ 36 / 60 ] loss: 0.112
[ 37 / 60 ] loss: 0.008
[ 38 / 60 ] loss: 0.010
[ 39 / 60 ] loss: 0.008
[ 40 / 60 ] loss: 0.009
[ 41 / 60 ] loss: 0.336
[ 42 / 60 ] loss: 0.025
[ 43 / 60 ] loss: 0.007
[ 44 / 60 ] loss: 0.026
[ 45 / 60 ] loss: 0.020
[ 46 / 60 ] loss: 0.009
[ 47 / 60 ] loss: 0.007
[ 48 / 60 ] loss: 0.072
[ 49 / 60 ] loss: 0.025
[ 50 / 60 ] loss: 0.007
[ 51 / 60 ] loss: 0.008
[ 52 / 60 ] loss: 0.100
[ 53 / 60 ] loss: 0.026
[ 54 / 60 ] loss: 0.009
[ 55 / 60 ] loss: 0.390
[ 56 / 60 ] loss: 0.027
[ 57 / 60 ] loss: 0.007
[ 58 / 60 ] loss: 0.008
[ 59 / 60 ] loss: 0.050
[ 60 / 60 ] loss: 0.006
0.05154245592808972
Accuracy: 0.738397 -- Precision: 0.778689 -- Recall: 0.730769 -- F1: 0.753968 -- AUC: 0.766571
========= epoch: 23 ==============
[ 1 / 60 ] loss: 0.007
[ 2 / 60 ] loss: 0.008
[ 3 / 60 ] loss: 0.007
[ 4 / 60 ] loss: 0.022
[ 5 / 60 ] loss: 0.009
[ 6 / 60 ] loss: 0.007
[ 7 / 60 ] loss: 0.040
[ 8 / 60 ] loss: 0.007
[ 9 / 60 ] loss: 0.010
[ 10 / 60 ] loss: 0.125
[ 11 / 60 ] loss: 0.027
[ 12 / 60 ] loss: 0.006
[ 13 / 60 ] loss: 0.007
[ 14 / 60 ] loss: 0.006
[ 15 / 60 ] loss: 0.015
[ 16 / 60 ] loss: 0.005
[ 17 / 60 ] loss: 0.016
[ 18 / 60 ] loss: 0.008
[ 19 / 60 ] loss: 0.012
[ 20 / 60 ] loss: 0.017
[ 21 / 60 ] loss: 0.008
[ 22 / 60 ] loss: 0.006
[ 23 / 60 ] loss: 0.026
[ 24 / 60 ] loss: 0.034
[ 25 / 60 ] loss: 0.228
[ 26 / 60 ] loss: 0.006
[ 27 / 60 ] loss: 0.007
[ 28 / 60 ] loss: 0.335
[ 29 / 60 ] loss: 0.014
[ 30 / 60 ] loss: 0.005
[ 31 / 60 ] loss: 0.369
[ 32 / 60 ] loss: 0.073
[ 33 / 60 ] loss: 0.234
[ 34 / 60 ] loss: 0.006
[ 35 / 60 ] loss: 0.014
[ 36 / 60 ] loss: 0.007
[ 37 / 60 ] loss: 0.069
[ 38 / 60 ] loss: 0.014
[ 39 / 60 ] loss: 0.068
[ 40 / 60 ] loss: 0.040
[ 41 / 60 ] loss: 0.012
[ 42 / 60 ] loss: 0.007
[ 43 / 60 ] loss: 0.006
[ 44 / 60 ] loss: 0.037
[ 45 / 60 ] loss: 0.008
[ 46 / 60 ] loss: 0.009
[ 47 / 60 ] loss: 0.005
[ 48 / 60 ] loss: 0.316
[ 49 / 60 ] loss: 0.007
[ 50 / 60 ] loss: 0.143
[ 51 / 60 ] loss: 0.026
[ 52 / 60 ] loss: 0.015
[ 53 / 60 ] loss: 0.011
[ 54 / 60 ] loss: 0.153
[ 55 / 60 ] loss: 0.006
[ 56 / 60 ] loss: 0.013
[ 57 / 60 ] loss: 0.084
[ 58 / 60 ] loss: 0.005
[ 59 / 60 ] loss: 0.006
[ 60 / 60 ] loss: 0.006
0.046660697429130475
Accuracy: 0.746835 -- Precision: 0.796610 -- Recall: 0.723077 -- F1: 0.758065 -- AUC: 0.775845
========= epoch: 24 ==============
[ 1 / 60 ] loss: 0.035
[ 2 / 60 ] loss: 0.008
[ 3 / 60 ] loss: 0.012
[ 4 / 60 ] loss: 0.034
[ 5 / 60 ] loss: 0.007
[ 6 / 60 ] loss: 0.015
[ 7 / 60 ] loss: 0.065
[ 8 / 60 ] loss: 0.060
[ 9 / 60 ] loss: 0.005
[ 10 / 60 ] loss: 0.325
[ 11 / 60 ] loss: 0.008
[ 12 / 60 ] loss: 0.007
[ 13 / 60 ] loss: 0.044
[ 14 / 60 ] loss: 0.014
[ 15 / 60 ] loss: 0.008
[ 16 / 60 ] loss: 0.114
[ 17 / 60 ] loss: 0.005
[ 18 / 60 ] loss: 0.022
[ 19 / 60 ] loss: 0.006
[ 20 / 60 ] loss: 0.010
[ 21 / 60 ] loss: 0.006
[ 22 / 60 ] loss: 0.005
[ 23 / 60 ] loss: 0.009
[ 24 / 60 ] loss: 0.005
[ 25 / 60 ] loss: 0.059
[ 26 / 60 ] loss: 0.024
[ 27 / 60 ] loss: 0.018
[ 28 / 60 ] loss: 0.011
[ 29 / 60 ] loss: 0.007
[ 30 / 60 ] loss: 0.006
[ 31 / 60 ] loss: 0.007
[ 32 / 60 ] loss: 0.005
[ 33 / 60 ] loss: 0.005
[ 34 / 60 ] loss: 0.008
[ 35 / 60 ] loss: 0.013
[ 36 / 60 ] loss: 0.080
[ 37 / 60 ] loss: 0.040
[ 38 / 60 ] loss: 0.021
[ 39 / 60 ] loss: 0.443
[ 40 / 60 ] loss: 0.012
[ 41 / 60 ] loss: 0.005
[ 42 / 60 ] loss: 0.006
[ 43 / 60 ] loss: 0.040
[ 44 / 60 ] loss: 0.208
[ 45 / 60 ] loss: 0.043
[ 46 / 60 ] loss: 0.031
[ 47 / 60 ] loss: 0.006
[ 48 / 60 ] loss: 0.070
[ 49 / 60 ] loss: 0.081
[ 50 / 60 ] loss: 0.346
[ 51 / 60 ] loss: 0.009
[ 52 / 60 ] loss: 0.011
[ 53 / 60 ] loss: 0.010
[ 54 / 60 ] loss: 0.024
[ 55 / 60 ] loss: 0.255
[ 56 / 60 ] loss: 0.135
[ 57 / 60 ] loss: 0.035
[ 58 / 60 ] loss: 0.475
[ 59 / 60 ] loss: 0.156
[ 60 / 60 ] loss: 0.005
0.059004056026848654
Accuracy: 0.738397 -- Precision: 0.788136 -- Recall: 0.715385 -- F1: 0.750000 -- AUC: 0.755572
========= epoch: 25 ==============
[ 1 / 60 ] loss: 0.006
[ 2 / 60 ] loss: 0.008
[ 3 / 60 ] loss: 0.007
[ 4 / 60 ] loss: 0.006
[ 5 / 60 ] loss: 0.038
[ 6 / 60 ] loss: 0.014
[ 7 / 60 ] loss: 0.005
[ 8 / 60 ] loss: 0.030
[ 9 / 60 ] loss: 0.032
[ 10 / 60 ] loss: 0.008
[ 11 / 60 ] loss: 0.007
[ 12 / 60 ] loss: 0.255
[ 13 / 60 ] loss: 0.023
[ 14 / 60 ] loss: 0.038
[ 15 / 60 ] loss: 0.330
[ 16 / 60 ] loss: 0.026
[ 17 / 60 ] loss: 0.008
[ 18 / 60 ] loss: 0.033
[ 19 / 60 ] loss: 0.029
[ 20 / 60 ] loss: 0.009
[ 21 / 60 ] loss: 0.014
[ 22 / 60 ] loss: 0.009
[ 23 / 60 ] loss: 0.177
[ 24 / 60 ] loss: 0.010
[ 25 / 60 ] loss: 0.064
[ 26 / 60 ] loss: 0.008
[ 27 / 60 ] loss: 0.062
[ 28 / 60 ] loss: 0.014
[ 29 / 60 ] loss: 0.008
[ 30 / 60 ] loss: 0.052
[ 31 / 60 ] loss: 0.020
[ 32 / 60 ] loss: 0.053
[ 33 / 60 ] loss: 0.138
[ 34 / 60 ] loss: 0.305
[ 35 / 60 ] loss: 0.009
[ 36 / 60 ] loss: 0.052
[ 37 / 60 ] loss: 0.018
[ 38 / 60 ] loss: 0.006
[ 39 / 60 ] loss: 0.491
[ 40 / 60 ] loss: 0.082
[ 41 / 60 ] loss: 0.008
[ 42 / 60 ] loss: 0.371
[ 43 / 60 ] loss: 0.095
[ 44 / 60 ] loss: 0.042
[ 45 / 60 ] loss: 0.016
[ 46 / 60 ] loss: 0.059
[ 47 / 60 ] loss: 0.018
[ 48 / 60 ] loss: 0.027
[ 49 / 60 ] loss: 0.319
[ 50 / 60 ] loss: 0.374
[ 51 / 60 ] loss: 0.353
[ 52 / 60 ] loss: 0.017
[ 53 / 60 ] loss: 0.030
[ 54 / 60 ] loss: 0.008
[ 55 / 60 ] loss: 0.029
[ 56 / 60 ] loss: 0.010
[ 57 / 60 ] loss: 0.069
[ 58 / 60 ] loss: 0.083
[ 59 / 60 ] loss: 0.067
[ 60 / 60 ] loss: 0.011
0.07513550561852753
Accuracy: 0.729958 -- Precision: 0.775000 -- Recall: 0.715385 -- F1: 0.744000 -- AUC: 0.752336
========= epoch: 26 ==============
[ 1 / 60 ] loss: 0.008
[ 2 / 60 ] loss: 0.176
[ 3 / 60 ] loss: 0.061
[ 4 / 60 ] loss: 0.022
[ 5 / 60 ] loss: 0.032
[ 6 / 60 ] loss: 0.298
[ 7 / 60 ] loss: 0.073
[ 8 / 60 ] loss: 0.012
[ 9 / 60 ] loss: 0.039
[ 10 / 60 ] loss: 0.021
[ 11 / 60 ] loss: 0.071
[ 12 / 60 ] loss: 0.203
[ 13 / 60 ] loss: 0.011
[ 14 / 60 ] loss: 0.013
[ 15 / 60 ] loss: 0.092
[ 16 / 60 ] loss: 0.011
[ 17 / 60 ] loss: 0.012
[ 18 / 60 ] loss: 0.013
[ 19 / 60 ] loss: 0.096
[ 20 / 60 ] loss: 0.014
[ 21 / 60 ] loss: 0.164
[ 22 / 60 ] loss: 0.042
[ 23 / 60 ] loss: 0.025
[ 24 / 60 ] loss: 0.007
[ 25 / 60 ] loss: 0.039
[ 26 / 60 ] loss: 0.266
[ 27 / 60 ] loss: 0.009
[ 28 / 60 ] loss: 0.318
[ 29 / 60 ] loss: 0.019
[ 30 / 60 ] loss: 0.031
[ 31 / 60 ] loss: 0.047
[ 32 / 60 ] loss: 0.059
[ 33 / 60 ] loss: 0.259
[ 34 / 60 ] loss: 0.239
[ 35 / 60 ] loss: 0.019
[ 36 / 60 ] loss: 0.254
[ 37 / 60 ] loss: 0.209
[ 38 / 60 ] loss: 0.010
[ 39 / 60 ] loss: 0.032
[ 40 / 60 ] loss: 0.033
[ 41 / 60 ] loss: 0.008
[ 42 / 60 ] loss: 0.010
[ 43 / 60 ] loss: 0.213
[ 44 / 60 ] loss: 0.026
[ 45 / 60 ] loss: 0.016
[ 46 / 60 ] loss: 0.016
[ 47 / 60 ] loss: 0.030
[ 48 / 60 ] loss: 0.070
[ 49 / 60 ] loss: 0.020
[ 50 / 60 ] loss: 0.016
[ 51 / 60 ] loss: 0.089
[ 52 / 60 ] loss: 0.014
[ 53 / 60 ] loss: 0.016
[ 54 / 60 ] loss: 0.324
[ 55 / 60 ] loss: 0.014
[ 56 / 60 ] loss: 0.366
[ 57 / 60 ] loss: 0.053
[ 58 / 60 ] loss: 0.017
[ 59 / 60 ] loss: 0.027
[ 60 / 60 ] loss: 0.010
0.07861263072894266
Accuracy: 0.755274 -- Precision: 0.768657 -- Recall: 0.792308 -- F1: 0.780303 -- AUC: 0.757800
========= epoch: 27 ==============
[ 1 / 60 ] loss: 0.014
[ 2 / 60 ] loss: 0.214
[ 3 / 60 ] loss: 0.015
[ 4 / 60 ] loss: 0.021
[ 5 / 60 ] loss: 0.126
[ 6 / 60 ] loss: 0.045
[ 7 / 60 ] loss: 0.054
[ 8 / 60 ] loss: 0.050
[ 9 / 60 ] loss: 0.258
[ 10 / 60 ] loss: 0.020
[ 11 / 60 ] loss: 0.009
[ 12 / 60 ] loss: 0.028
[ 13 / 60 ] loss: 0.173
[ 14 / 60 ] loss: 0.018
[ 15 / 60 ] loss: 0.020
[ 16 / 60 ] loss: 0.040
[ 17 / 60 ] loss: 0.008
[ 18 / 60 ] loss: 0.022
[ 19 / 60 ] loss: 0.010
[ 20 / 60 ] loss: 0.069
[ 21 / 60 ] loss: 0.015
[ 22 / 60 ] loss: 0.012
[ 23 / 60 ] loss: 0.030
[ 24 / 60 ] loss: 0.023
[ 25 / 60 ] loss: 0.015
[ 26 / 60 ] loss: 0.009
[ 27 / 60 ] loss: 0.111
[ 28 / 60 ] loss: 0.006
[ 29 / 60 ] loss: 0.009
[ 30 / 60 ] loss: 0.005
[ 31 / 60 ] loss: 0.017
[ 32 / 60 ] loss: 0.010
[ 33 / 60 ] loss: 0.331
[ 34 / 60 ] loss: 0.012
[ 35 / 60 ] loss: 0.067
[ 36 / 60 ] loss: 0.016
[ 37 / 60 ] loss: 0.014
[ 38 / 60 ] loss: 0.017
[ 39 / 60 ] loss: 0.028
[ 40 / 60 ] loss: 0.008
[ 41 / 60 ] loss: 0.006
[ 42 / 60 ] loss: 0.029
[ 43 / 60 ] loss: 0.170
[ 44 / 60 ] loss: 0.005
[ 45 / 60 ] loss: 0.008
[ 46 / 60 ] loss: 0.018
[ 47 / 60 ] loss: 0.005
[ 48 / 60 ] loss: 0.014
[ 49 / 60 ] loss: 0.084
[ 50 / 60 ] loss: 0.005
[ 51 / 60 ] loss: 0.006
[ 52 / 60 ] loss: 0.007
[ 53 / 60 ] loss: 0.026
[ 54 / 60 ] loss: 0.007
[ 55 / 60 ] loss: 0.195
[ 56 / 60 ] loss: 0.022
[ 57 / 60 ] loss: 0.342
[ 58 / 60 ] loss: 0.011
[ 59 / 60 ] loss: 0.022
[ 60 / 60 ] loss: 0.004
0.049289798263149956
Accuracy: 0.729958 -- Precision: 0.722973 -- Recall: 0.823077 -- F1: 0.769784 -- AUC: 0.752265
========= epoch: 28 ==============
[ 1 / 60 ] loss: 0.005
[ 2 / 60 ] loss: 0.007
[ 3 / 60 ] loss: 0.042
[ 4 / 60 ] loss: 0.006
[ 5 / 60 ] loss: 0.007
[ 6 / 60 ] loss: 0.116
[ 7 / 60 ] loss: 0.008
[ 8 / 60 ] loss: 0.011
[ 9 / 60 ] loss: 0.008
[ 10 / 60 ] loss: 0.079
[ 11 / 60 ] loss: 0.006
[ 12 / 60 ] loss: 0.021
[ 13 / 60 ] loss: 0.006
[ 14 / 60 ] loss: 0.018
[ 15 / 60 ] loss: 0.006
[ 16 / 60 ] loss: 0.008
[ 17 / 60 ] loss: 0.005
[ 18 / 60 ] loss: 0.005
[ 19 / 60 ] loss: 0.041
[ 20 / 60 ] loss: 0.007
[ 21 / 60 ] loss: 0.006
[ 22 / 60 ] loss: 0.006
[ 23 / 60 ] loss: 0.146
[ 24 / 60 ] loss: 0.010
[ 25 / 60 ] loss: 0.006
[ 26 / 60 ] loss: 0.007
[ 27 / 60 ] loss: 0.007
[ 28 / 60 ] loss: 0.103
[ 29 / 60 ] loss: 0.010
[ 30 / 60 ] loss: 0.005
[ 31 / 60 ] loss: 0.008
[ 32 / 60 ] loss: 0.011
[ 33 / 60 ] loss: 0.416
[ 34 / 60 ] loss: 0.007
[ 35 / 60 ] loss: 0.006
[ 36 / 60 ] loss: 0.008
[ 37 / 60 ] loss: 0.306
[ 38 / 60 ] loss: 0.006
[ 39 / 60 ] loss: 0.188
[ 40 / 60 ] loss: 0.025
[ 41 / 60 ] loss: 0.048
[ 42 / 60 ] loss: 0.014
[ 43 / 60 ] loss: 0.007
[ 44 / 60 ] loss: 0.328
[ 45 / 60 ] loss: 0.014
[ 46 / 60 ] loss: 0.007
[ 47 / 60 ] loss: 0.205
[ 48 / 60 ] loss: 0.148
[ 49 / 60 ] loss: 0.013
[ 50 / 60 ] loss: 0.104
[ 51 / 60 ] loss: 0.309
[ 52 / 60 ] loss: 0.008
[ 53 / 60 ] loss: 0.019
[ 54 / 60 ] loss: 0.024
[ 55 / 60 ] loss: 0.046
[ 56 / 60 ] loss: 0.018
[ 57 / 60 ] loss: 0.064
[ 58 / 60 ] loss: 0.052
[ 59 / 60 ] loss: 0.253
[ 60 / 60 ] loss: 0.009
0.056462329183705154
Accuracy: 0.734177 -- Precision: 0.763780 -- Recall: 0.746154 -- F1: 0.754864 -- AUC: 0.773832
========= epoch: 29 ==============
[ 1 / 60 ] loss: 0.013
[ 2 / 60 ] loss: 0.016
[ 3 / 60 ] loss: 0.008
[ 4 / 60 ] loss: 0.030
[ 5 / 60 ] loss: 0.130
[ 6 / 60 ] loss: 0.007
[ 7 / 60 ] loss: 0.043
[ 8 / 60 ] loss: 0.014
[ 9 / 60 ] loss: 0.042
[ 10 / 60 ] loss: 0.006
[ 11 / 60 ] loss: 0.005
[ 12 / 60 ] loss: 0.015
[ 13 / 60 ] loss: 0.281
[ 14 / 60 ] loss: 0.008
[ 15 / 60 ] loss: 0.071
[ 16 / 60 ] loss: 0.005
[ 17 / 60 ] loss: 0.014
[ 18 / 60 ] loss: 0.008
[ 19 / 60 ] loss: 0.008
[ 20 / 60 ] loss: 0.006
[ 21 / 60 ] loss: 0.011
[ 22 / 60 ] loss: 0.008
[ 23 / 60 ] loss: 0.319
[ 24 / 60 ] loss: 0.005
[ 25 / 60 ] loss: 0.011
[ 26 / 60 ] loss: 0.005
[ 27 / 60 ] loss: 0.004
[ 28 / 60 ] loss: 0.005
[ 29 / 60 ] loss: 0.011
[ 30 / 60 ] loss: 0.007
[ 31 / 60 ] loss: 0.007
[ 32 / 60 ] loss: 0.185
[ 33 / 60 ] loss: 0.297
[ 34 / 60 ] loss: 0.106
[ 35 / 60 ] loss: 0.006
[ 36 / 60 ] loss: 0.004
[ 37 / 60 ] loss: 0.008
[ 38 / 60 ] loss: 0.197
[ 39 / 60 ] loss: 0.191
[ 40 / 60 ] loss: 0.027
[ 41 / 60 ] loss: 0.013
[ 42 / 60 ] loss: 0.138
[ 43 / 60 ] loss: 0.048
[ 44 / 60 ] loss: 0.014
[ 45 / 60 ] loss: 0.010
[ 46 / 60 ] loss: 0.009
[ 47 / 60 ] loss: 0.008
[ 48 / 60 ] loss: 0.006
[ 49 / 60 ] loss: 0.013
[ 50 / 60 ] loss: 0.011
[ 51 / 60 ] loss: 0.151
[ 52 / 60 ] loss: 0.041
[ 53 / 60 ] loss: 0.014
[ 54 / 60 ] loss: 0.206
[ 55 / 60 ] loss: 0.037
[ 56 / 60 ] loss: 0.006
[ 57 / 60 ] loss: 0.035
[ 58 / 60 ] loss: 0.111
[ 59 / 60 ] loss: 0.047
[ 60 / 60 ] loss: 0.128
0.053173237635443606
Accuracy: 0.734177 -- Precision: 0.772358 -- Recall: 0.730769 -- F1: 0.750988 -- AUC: 0.758447
========= epoch: 30 ==============
[ 1 / 60 ] loss: 0.016
[ 2 / 60 ] loss: 0.006
[ 3 / 60 ] loss: 0.091
[ 4 / 60 ] loss: 0.072
[ 5 / 60 ] loss: 0.394
[ 6 / 60 ] loss: 0.182
[ 7 / 60 ] loss: 0.093
[ 8 / 60 ] loss: 0.014
[ 9 / 60 ] loss: 0.014
[ 10 / 60 ] loss: 0.019
[ 11 / 60 ] loss: 0.027
[ 12 / 60 ] loss: 0.033
[ 13 / 60 ] loss: 0.008
[ 14 / 60 ] loss: 0.027
[ 15 / 60 ] loss: 0.225
[ 16 / 60 ] loss: 0.012
[ 17 / 60 ] loss: 0.014
[ 18 / 60 ] loss: 0.008
[ 19 / 60 ] loss: 0.360
[ 20 / 60 ] loss: 0.004
[ 21 / 60 ] loss: 0.009
[ 22 / 60 ] loss: 0.004
[ 23 / 60 ] loss: 0.006
[ 24 / 60 ] loss: 0.008
[ 25 / 60 ] loss: 0.152
[ 26 / 60 ] loss: 0.005
[ 27 / 60 ] loss: 0.082
[ 28 / 60 ] loss: 0.004
[ 29 / 60 ] loss: 0.014
[ 30 / 60 ] loss: 0.009
[ 31 / 60 ] loss: 0.018
[ 32 / 60 ] loss: 0.006
[ 33 / 60 ] loss: 0.248
[ 34 / 60 ] loss: 0.280
[ 35 / 60 ] loss: 0.344
[ 36 / 60 ] loss: 0.062
[ 37 / 60 ] loss: 0.139
[ 38 / 60 ] loss: 0.015
[ 39 / 60 ] loss: 0.285
[ 40 / 60 ] loss: 0.106
[ 41 / 60 ] loss: 0.013
[ 42 / 60 ] loss: 0.118
[ 43 / 60 ] loss: 0.024
[ 44 / 60 ] loss: 0.017
[ 45 / 60 ] loss: 0.024
[ 46 / 60 ] loss: 0.050
[ 47 / 60 ] loss: 0.056
[ 48 / 60 ] loss: 0.016
[ 49 / 60 ] loss: 0.040
[ 50 / 60 ] loss: 0.046
[ 51 / 60 ] loss: 0.008
[ 52 / 60 ] loss: 0.260
[ 53 / 60 ] loss: 0.026
[ 54 / 60 ] loss: 0.013
[ 55 / 60 ] loss: 0.094
[ 56 / 60 ] loss: 0.031
[ 57 / 60 ] loss: 0.069
[ 58 / 60 ] loss: 0.085
[ 59 / 60 ] loss: 0.031
[ 60 / 60 ] loss: 0.007
0.07403701677297553
Accuracy: 0.763713 -- Precision: 0.772059 -- Recall: 0.807692 -- F1: 0.789474 -- AUC: 0.778433
========= epoch: 31 ==============
[ 1 / 60 ] loss: 0.008
[ 2 / 60 ] loss: 0.057
[ 3 / 60 ] loss: 0.016
[ 4 / 60 ] loss: 0.011
[ 5 / 60 ] loss: 0.022
[ 6 / 60 ] loss: 0.051
[ 7 / 60 ] loss: 0.005
[ 8 / 60 ] loss: 0.009
[ 9 / 60 ] loss: 0.006
[ 10 / 60 ] loss: 0.008
[ 11 / 60 ] loss: 0.066
[ 12 / 60 ] loss: 0.007
[ 13 / 60 ] loss: 0.204
[ 14 / 60 ] loss: 0.009
[ 15 / 60 ] loss: 0.006
[ 16 / 60 ] loss: 0.007
[ 17 / 60 ] loss: 0.004
[ 18 / 60 ] loss: 0.058
[ 19 / 60 ] loss: 0.005
[ 20 / 60 ] loss: 0.356
[ 21 / 60 ] loss: 0.038
[ 22 / 60 ] loss: 0.010
[ 23 / 60 ] loss: 0.006
[ 24 / 60 ] loss: 0.004
[ 25 / 60 ] loss: 0.007
[ 26 / 60 ] loss: 0.200
[ 27 / 60 ] loss: 0.008
[ 28 / 60 ] loss: 0.086
[ 29 / 60 ] loss: 0.047
[ 30 / 60 ] loss: 0.105
[ 31 / 60 ] loss: 0.009
[ 32 / 60 ] loss: 0.024
[ 33 / 60 ] loss: 0.011
[ 34 / 60 ] loss: 0.044
[ 35 / 60 ] loss: 0.011
[ 36 / 60 ] loss: 0.022
[ 37 / 60 ] loss: 0.106
[ 38 / 60 ] loss: 0.010
[ 39 / 60 ] loss: 0.254
[ 40 / 60 ] loss: 0.345
[ 41 / 60 ] loss: 0.007
[ 42 / 60 ] loss: 0.005
[ 43 / 60 ] loss: 0.010
[ 44 / 60 ] loss: 0.041
[ 45 / 60 ] loss: 0.008
[ 46 / 60 ] loss: 0.055
[ 47 / 60 ] loss: 0.067
[ 48 / 60 ] loss: 0.023
[ 49 / 60 ] loss: 0.006
[ 50 / 60 ] loss: 0.009
[ 51 / 60 ] loss: 0.004
[ 52 / 60 ] loss: 0.007
[ 53 / 60 ] loss: 0.012
[ 54 / 60 ] loss: 0.146
[ 55 / 60 ] loss: 0.012
[ 56 / 60 ] loss: 0.213
[ 57 / 60 ] loss: 0.171
[ 58 / 60 ] loss: 0.006
[ 59 / 60 ] loss: 0.309
[ 60 / 60 ] loss: 0.005
0.05626600834851463
Accuracy: 0.717300 -- Precision: 0.693252 -- Recall: 0.869231 -- F1: 0.771331 -- AUC: 0.784112
========= epoch: 32 ==============
[ 1 / 60 ] loss: 0.006
[ 2 / 60 ] loss: 0.007
[ 3 / 60 ] loss: 0.374
[ 4 / 60 ] loss: 0.076
[ 5 / 60 ] loss: 0.014
[ 6 / 60 ] loss: 0.009
[ 7 / 60 ] loss: 0.009
[ 8 / 60 ] loss: 0.009
[ 9 / 60 ] loss: 0.006
[ 10 / 60 ] loss: 0.168
[ 11 / 60 ] loss: 0.032
[ 12 / 60 ] loss: 0.063
[ 13 / 60 ] loss: 0.010
[ 14 / 60 ] loss: 0.070
[ 15 / 60 ] loss: 0.214
[ 16 / 60 ] loss: 0.044
[ 17 / 60 ] loss: 0.016
[ 18 / 60 ] loss: 0.008
[ 19 / 60 ] loss: 0.011
[ 20 / 60 ] loss: 0.025
[ 21 / 60 ] loss: 0.014
[ 22 / 60 ] loss: 0.053
[ 23 / 60 ] loss: 0.013
[ 24 / 60 ] loss: 0.020
[ 25 / 60 ] loss: 0.014
[ 26 / 60 ] loss: 0.038
[ 27 / 60 ] loss: 0.090
[ 28 / 60 ] loss: 0.319
[ 29 / 60 ] loss: 0.005
[ 30 / 60 ] loss: 0.041
[ 31 / 60 ] loss: 0.016
[ 32 / 60 ] loss: 0.004
[ 33 / 60 ] loss: 0.008
[ 34 / 60 ] loss: 0.004
[ 35 / 60 ] loss: 0.005
[ 36 / 60 ] loss: 0.054
[ 37 / 60 ] loss: 0.004
[ 38 / 60 ] loss: 0.010
[ 39 / 60 ] loss: 0.004
[ 40 / 60 ] loss: 0.008
[ 41 / 60 ] loss: 0.020
[ 42 / 60 ] loss: 0.005
[ 43 / 60 ] loss: 0.012
[ 44 / 60 ] loss: 0.268
[ 45 / 60 ] loss: 0.006
[ 46 / 60 ] loss: 0.007
[ 47 / 60 ] loss: 0.004
[ 48 / 60 ] loss: 0.005
[ 49 / 60 ] loss: 0.061
[ 50 / 60 ] loss: 0.085
[ 51 / 60 ] loss: 0.323
[ 52 / 60 ] loss: 0.005
[ 53 / 60 ] loss: 0.007
[ 54 / 60 ] loss: 0.009
[ 55 / 60 ] loss: 0.284
[ 56 / 60 ] loss: 0.128
[ 57 / 60 ] loss: 0.217
[ 58 / 60 ] loss: 0.184
[ 59 / 60 ] loss: 0.012
[ 60 / 60 ] loss: 0.022
0.05933016943745315
Accuracy: 0.734177 -- Precision: 0.751880 -- Recall: 0.769231 -- F1: 0.760456 -- AUC: 0.769590
========= epoch: 33 ==============
[ 1 / 60 ] loss: 0.005
[ 2 / 60 ] loss: 0.030
[ 3 / 60 ] loss: 0.015
[ 4 / 60 ] loss: 0.008
[ 5 / 60 ] loss: 0.097
[ 6 / 60 ] loss: 0.011
[ 7 / 60 ] loss: 0.061
[ 8 / 60 ] loss: 0.057
[ 9 / 60 ] loss: 0.009
[ 10 / 60 ] loss: 0.039
[ 11 / 60 ] loss: 0.014
[ 12 / 60 ] loss: 0.014
[ 13 / 60 ] loss: 0.005
[ 14 / 60 ] loss: 0.022
[ 15 / 60 ] loss: 0.019
[ 16 / 60 ] loss: 0.008
[ 17 / 60 ] loss: 0.005
[ 18 / 60 ] loss: 0.016
[ 19 / 60 ] loss: 0.038
[ 20 / 60 ] loss: 0.014
[ 21 / 60 ] loss: 0.006
[ 22 / 60 ] loss: 0.025
[ 23 / 60 ] loss: 0.007
[ 24 / 60 ] loss: 0.062
[ 25 / 60 ] loss: 0.009
[ 26 / 60 ] loss: 0.006
[ 27 / 60 ] loss: 0.010
[ 28 / 60 ] loss: 0.008
[ 29 / 60 ] loss: 0.004
[ 30 / 60 ] loss: 0.108
[ 31 / 60 ] loss: 0.214
[ 32 / 60 ] loss: 0.023
[ 33 / 60 ] loss: 0.003
[ 34 / 60 ] loss: 0.057
[ 35 / 60 ] loss: 0.088
[ 36 / 60 ] loss: 0.011
[ 37 / 60 ] loss: 0.005
[ 38 / 60 ] loss: 0.007
[ 39 / 60 ] loss: 0.016
[ 40 / 60 ] loss: 0.054
[ 41 / 60 ] loss: 0.055
[ 42 / 60 ] loss: 0.042
[ 43 / 60 ] loss: 0.010
[ 44 / 60 ] loss: 0.007
[ 45 / 60 ] loss: 0.006
[ 46 / 60 ] loss: 0.003
[ 47 / 60 ] loss: 0.004
[ 48 / 60 ] loss: 0.045
[ 49 / 60 ] loss: 0.004
[ 50 / 60 ] loss: 0.003
[ 51 / 60 ] loss: 0.004
[ 52 / 60 ] loss: 0.010
[ 53 / 60 ] loss: 0.007
[ 54 / 60 ] loss: 0.007
[ 55 / 60 ] loss: 0.004
[ 56 / 60 ] loss: 0.004
[ 57 / 60 ] loss: 0.004
[ 58 / 60 ] loss: 0.362
[ 59 / 60 ] loss: 0.003
[ 60 / 60 ] loss: 0.003
0.02993179512753462
Accuracy: 0.721519 -- Precision: 0.753968 -- Recall: 0.730769 -- F1: 0.742187 -- AUC: 0.771999
========= epoch: 34 ==============
[ 1 / 60 ] loss: 0.003
[ 2 / 60 ] loss: 0.006
[ 3 / 60 ] loss: 0.003
[ 4 / 60 ] loss: 0.003
[ 5 / 60 ] loss: 0.056
[ 6 / 60 ] loss: 0.013
[ 7 / 60 ] loss: 0.003
[ 8 / 60 ] loss: 0.004
[ 9 / 60 ] loss: 0.005
[ 10 / 60 ] loss: 0.008
[ 11 / 60 ] loss: 0.003
[ 12 / 60 ] loss: 0.043
[ 13 / 60 ] loss: 0.003
[ 14 / 60 ] loss: 0.020
[ 15 / 60 ] loss: 0.006
[ 16 / 60 ] loss: 0.004
[ 17 / 60 ] loss: 0.004
[ 18 / 60 ] loss: 0.005
[ 19 / 60 ] loss: 0.004
[ 20 / 60 ] loss: 0.035
[ 21 / 60 ] loss: 0.374
[ 22 / 60 ] loss: 0.340
[ 23 / 60 ] loss: 0.002
[ 24 / 60 ] loss: 0.003
[ 25 / 60 ] loss: 0.009
[ 26 / 60 ] loss: 0.004
[ 27 / 60 ] loss: 0.003
[ 28 / 60 ] loss: 0.009
[ 29 / 60 ] loss: 0.016
[ 30 / 60 ] loss: 0.005
[ 31 / 60 ] loss: 0.006
[ 32 / 60 ] loss: 0.008
[ 33 / 60 ] loss: 0.284
[ 34 / 60 ] loss: 0.007
[ 35 / 60 ] loss: 0.080
[ 36 / 60 ] loss: 0.062
[ 37 / 60 ] loss: 0.051
[ 38 / 60 ] loss: 0.005
[ 39 / 60 ] loss: 0.007
[ 40 / 60 ] loss: 0.026
[ 41 / 60 ] loss: 0.155
[ 42 / 60 ] loss: 0.006
[ 43 / 60 ] loss: 0.005
[ 44 / 60 ] loss: 0.005
[ 45 / 60 ] loss: 0.005
[ 46 / 60 ] loss: 0.005
[ 47 / 60 ] loss: 0.021
[ 48 / 60 ] loss: 0.005
[ 49 / 60 ] loss: 0.004
[ 50 / 60 ] loss: 0.497
[ 51 / 60 ] loss: 0.034
[ 52 / 60 ] loss: 0.004
[ 53 / 60 ] loss: 0.035
[ 54 / 60 ] loss: 0.008
[ 55 / 60 ] loss: 0.006
[ 56 / 60 ] loss: 0.004
[ 57 / 60 ] loss: 0.043
[ 58 / 60 ] loss: 0.081
[ 59 / 60 ] loss: 0.031
[ 60 / 60 ] loss: 0.003
0.04143598970646659
Accuracy: 0.755274 -- Precision: 0.757143 -- Recall: 0.815385 -- F1: 0.785185 -- AUC: 0.776132
========= epoch: 35 ==============
[ 1 / 60 ] loss: 0.008
[ 2 / 60 ] loss: 0.047
[ 3 / 60 ] loss: 0.015
[ 4 / 60 ] loss: 0.007
[ 5 / 60 ] loss: 0.013
[ 6 / 60 ] loss: 0.019
[ 7 / 60 ] loss: 0.063
[ 8 / 60 ] loss: 0.058
[ 9 / 60 ] loss: 0.004
[ 10 / 60 ] loss: 0.035
[ 11 / 60 ] loss: 0.007
[ 12 / 60 ] loss: 0.033
[ 13 / 60 ] loss: 0.004
[ 14 / 60 ] loss: 0.249
[ 15 / 60 ] loss: 0.036
[ 16 / 60 ] loss: 0.004
[ 17 / 60 ] loss: 0.003
[ 18 / 60 ] loss: 0.023
[ 19 / 60 ] loss: 0.004
[ 20 / 60 ] loss: 0.006
[ 21 / 60 ] loss: 0.005
[ 22 / 60 ] loss: 0.003
[ 23 / 60 ] loss: 0.009
[ 24 / 60 ] loss: 0.323
[ 25 / 60 ] loss: 0.007
[ 26 / 60 ] loss: 0.004
[ 27 / 60 ] loss: 0.003
[ 28 / 60 ] loss: 0.009
[ 29 / 60 ] loss: 0.067
[ 30 / 60 ] loss: 0.003
[ 31 / 60 ] loss: 0.010
[ 32 / 60 ] loss: 0.018
[ 33 / 60 ] loss: 0.013
[ 34 / 60 ] loss: 0.091
[ 35 / 60 ] loss: 0.006
[ 36 / 60 ] loss: 0.027
[ 37 / 60 ] loss: 0.233
[ 38 / 60 ] loss: 0.005
[ 39 / 60 ] loss: 0.051
[ 40 / 60 ] loss: 0.007
[ 41 / 60 ] loss: 0.004
[ 42 / 60 ] loss: 0.006
[ 43 / 60 ] loss: 0.006
[ 44 / 60 ] loss: 0.116
[ 45 / 60 ] loss: 0.004
[ 46 / 60 ] loss: 0.010
[ 47 / 60 ] loss: 0.009
[ 48 / 60 ] loss: 0.006
[ 49 / 60 ] loss: 0.003
[ 50 / 60 ] loss: 0.329
[ 51 / 60 ] loss: 0.007
[ 52 / 60 ] loss: 0.068
[ 53 / 60 ] loss: 0.007
[ 54 / 60 ] loss: 0.016
[ 55 / 60 ] loss: 0.154
[ 56 / 60 ] loss: 0.003
[ 57 / 60 ] loss: 0.059
[ 58 / 60 ] loss: 0.003
[ 59 / 60 ] loss: 0.004
[ 60 / 60 ] loss: 0.005
0.0392060152371414
Accuracy: 0.742616 -- Precision: 0.789916 -- Recall: 0.723077 -- F1: 0.755020 -- AUC: 0.771387
========= epoch: 36 ==============
[ 1 / 60 ] loss: 0.003
[ 2 / 60 ] loss: 0.350
[ 3 / 60 ] loss: 0.004
[ 4 / 60 ] loss: 0.031
[ 5 / 60 ] loss: 0.039
[ 6 / 60 ] loss: 0.028
[ 7 / 60 ] loss: 0.071
[ 8 / 60 ] loss: 0.004
[ 9 / 60 ] loss: 0.009
[ 10 / 60 ] loss: 0.003
[ 11 / 60 ] loss: 0.004
[ 12 / 60 ] loss: 0.022
[ 13 / 60 ] loss: 0.045
[ 14 / 60 ] loss: 0.007
[ 15 / 60 ] loss: 0.003
[ 16 / 60 ] loss: 0.017
[ 17 / 60 ] loss: 0.093
[ 18 / 60 ] loss: 0.158
[ 19 / 60 ] loss: 0.144
[ 20 / 60 ] loss: 0.004
[ 21 / 60 ] loss: 0.003
[ 22 / 60 ] loss: 0.003
[ 23 / 60 ] loss: 0.004
[ 24 / 60 ] loss: 0.005
[ 25 / 60 ] loss: 0.007
[ 26 / 60 ] loss: 0.004
[ 27 / 60 ] loss: 0.025
[ 28 / 60 ] loss: 0.074
[ 29 / 60 ] loss: 0.004
[ 30 / 60 ] loss: 0.029
[ 31 / 60 ] loss: 0.005
[ 32 / 60 ] loss: 0.003
[ 33 / 60 ] loss: 0.004
[ 34 / 60 ] loss: 0.006
[ 35 / 60 ] loss: 0.005
[ 36 / 60 ] loss: 0.032
[ 37 / 60 ] loss: 0.043
[ 38 / 60 ] loss: 0.010
[ 39 / 60 ] loss: 0.005
[ 40 / 60 ] loss: 0.003
[ 41 / 60 ] loss: 0.113
[ 42 / 60 ] loss: 0.153
[ 43 / 60 ] loss: 0.073
[ 44 / 60 ] loss: 0.006
[ 45 / 60 ] loss: 0.438
[ 46 / 60 ] loss: 0.003
[ 47 / 60 ] loss: 0.011
[ 48 / 60 ] loss: 0.007
[ 49 / 60 ] loss: 0.005
[ 50 / 60 ] loss: 0.018
[ 51 / 60 ] loss: 0.170
[ 52 / 60 ] loss: 0.009
[ 53 / 60 ] loss: 0.026
[ 54 / 60 ] loss: 0.006
[ 55 / 60 ] loss: 0.126
[ 56 / 60 ] loss: 0.253
[ 57 / 60 ] loss: 0.029
[ 58 / 60 ] loss: 0.032
[ 59 / 60 ] loss: 0.020
[ 60 / 60 ] loss: 0.003
0.04689967600085462
Accuracy: 0.708861 -- Precision: 0.752066 -- Recall: 0.700000 -- F1: 0.725100 -- AUC: 0.750683
========= epoch: 37 ==============
[ 1 / 60 ] loss: 0.017
[ 2 / 60 ] loss: 0.010
[ 3 / 60 ] loss: 0.183
[ 4 / 60 ] loss: 0.170
[ 5 / 60 ] loss: 0.124
[ 6 / 60 ] loss: 0.007
[ 7 / 60 ] loss: 0.015
[ 8 / 60 ] loss: 0.078
[ 9 / 60 ] loss: 0.004
[ 10 / 60 ] loss: 0.008
[ 11 / 60 ] loss: 0.064
[ 12 / 60 ] loss: 0.010
[ 13 / 60 ] loss: 0.017
[ 14 / 60 ] loss: 0.027
[ 15 / 60 ] loss: 0.006
[ 16 / 60 ] loss: 0.449
[ 17 / 60 ] loss: 0.004
[ 18 / 60 ] loss: 0.003
[ 19 / 60 ] loss: 0.009
[ 20 / 60 ] loss: 0.009
[ 21 / 60 ] loss: 0.057
[ 22 / 60 ] loss: 0.038
[ 23 / 60 ] loss: 0.011
[ 24 / 60 ] loss: 0.052
[ 25 / 60 ] loss: 0.085
[ 26 / 60 ] loss: 0.046
[ 27 / 60 ] loss: 0.012
[ 28 / 60 ] loss: 0.006
[ 29 / 60 ] loss: 0.031
[ 30 / 60 ] loss: 0.009
[ 31 / 60 ] loss: 0.008
[ 32 / 60 ] loss: 0.008
[ 33 / 60 ] loss: 0.006
[ 34 / 60 ] loss: 0.005
[ 35 / 60 ] loss: 0.103
[ 36 / 60 ] loss: 0.075
[ 37 / 60 ] loss: 0.049
[ 38 / 60 ] loss: 0.068
[ 39 / 60 ] loss: 0.005
[ 40 / 60 ] loss: 0.009
[ 41 / 60 ] loss: 0.121
[ 42 / 60 ] loss: 0.017
[ 43 / 60 ] loss: 0.036
[ 44 / 60 ] loss: 0.003
[ 45 / 60 ] loss: 0.004
[ 46 / 60 ] loss: 0.011
[ 47 / 60 ] loss: 0.003
[ 48 / 60 ] loss: 0.005
[ 49 / 60 ] loss: 0.003
[ 50 / 60 ] loss: 0.004
[ 51 / 60 ] loss: 0.006
[ 52 / 60 ] loss: 0.033
[ 53 / 60 ] loss: 0.004
[ 54 / 60 ] loss: 0.003
[ 55 / 60 ] loss: 0.004
[ 56 / 60 ] loss: 0.003
[ 57 / 60 ] loss: 0.004
[ 58 / 60 ] loss: 0.026
[ 59 / 60 ] loss: 0.003
[ 60 / 60 ] loss: 0.002
0.03659584775644665
Accuracy: 0.742616 -- Precision: 0.767442 -- Recall: 0.761538 -- F1: 0.764479 -- AUC: 0.760604
========= epoch: 38 ==============
[ 1 / 60 ] loss: 0.006
[ 2 / 60 ] loss: 0.004
[ 3 / 60 ] loss: 0.020
[ 4 / 60 ] loss: 0.002
[ 5 / 60 ] loss: 0.003
[ 6 / 60 ] loss: 0.004
[ 7 / 60 ] loss: 0.002
[ 8 / 60 ] loss: 0.002
[ 9 / 60 ] loss: 0.005
[ 10 / 60 ] loss: 0.003
[ 11 / 60 ] loss: 0.002
[ 12 / 60 ] loss: 0.040
[ 13 / 60 ] loss: 0.003
[ 14 / 60 ] loss: 0.002
[ 15 / 60 ] loss: 0.003
[ 16 / 60 ] loss: 0.002
[ 17 / 60 ] loss: 0.002
[ 18 / 60 ] loss: 0.004
[ 19 / 60 ] loss: 0.084
[ 20 / 60 ] loss: 0.004
[ 21 / 60 ] loss: 0.002
[ 22 / 60 ] loss: 0.002
[ 23 / 60 ] loss: 0.003
[ 24 / 60 ] loss: 0.003
[ 25 / 60 ] loss: 0.029
[ 26 / 60 ] loss: 0.002
[ 27 / 60 ] loss: 0.003
[ 28 / 60 ] loss: 0.002
[ 29 / 60 ] loss: 0.021
[ 30 / 60 ] loss: 0.024
[ 31 / 60 ] loss: 0.002
[ 32 / 60 ] loss: 0.002
[ 33 / 60 ] loss: 0.003
[ 34 / 60 ] loss: 0.002
[ 35 / 60 ] loss: 0.003
[ 36 / 60 ] loss: 0.002
[ 37 / 60 ] loss: 0.002
[ 38 / 60 ] loss: 0.003
[ 39 / 60 ] loss: 0.002
[ 40 / 60 ] loss: 0.042
[ 41 / 60 ] loss: 0.091
[ 42 / 60 ] loss: 0.003
[ 43 / 60 ] loss: 0.002
[ 44 / 60 ] loss: 0.020
[ 45 / 60 ] loss: 0.002
[ 46 / 60 ] loss: 0.002
[ 47 / 60 ] loss: 0.005
[ 48 / 60 ] loss: 0.002
[ 49 / 60 ] loss: 0.061
[ 50 / 60 ] loss: 0.003
[ 51 / 60 ] loss: 0.002
[ 52 / 60 ] loss: 0.002
[ 53 / 60 ] loss: 0.002
[ 54 / 60 ] loss: 0.002
[ 55 / 60 ] loss: 0.002
[ 56 / 60 ] loss: 0.002
[ 57 / 60 ] loss: 0.005
[ 58 / 60 ] loss: 0.002
[ 59 / 60 ] loss: 0.102
[ 60 / 60 ] loss: 0.002
0.011088566288041573
Accuracy: 0.746835 -- Precision: 0.765152 -- Recall: 0.776923 -- F1: 0.770992 -- AUC: 0.770058
========= epoch: 39 ==============
[ 1 / 60 ] loss: 0.004
[ 2 / 60 ] loss: 0.014
[ 3 / 60 ] loss: 0.002
[ 4 / 60 ] loss: 0.008
[ 5 / 60 ] loss: 0.002
[ 6 / 60 ] loss: 0.002
[ 7 / 60 ] loss: 0.035
[ 8 / 60 ] loss: 0.020
[ 9 / 60 ] loss: 0.003
[ 10 / 60 ] loss: 0.002
[ 11 / 60 ] loss: 0.002
[ 12 / 60 ] loss: 0.002
[ 13 / 60 ] loss: 0.003
[ 14 / 60 ] loss: 0.002
[ 15 / 60 ] loss: 0.002
[ 16 / 60 ] loss: 0.001
[ 17 / 60 ] loss: 0.002
[ 18 / 60 ] loss: 0.004
[ 19 / 60 ] loss: 0.002
[ 20 / 60 ] loss: 0.002
[ 21 / 60 ] loss: 0.030
[ 22 / 60 ] loss: 0.001
[ 23 / 60 ] loss: 0.002
[ 24 / 60 ] loss: 0.003
[ 25 / 60 ] loss: 0.002
[ 26 / 60 ] loss: 0.002
[ 27 / 60 ] loss: 0.001
[ 28 / 60 ] loss: 0.001
[ 29 / 60 ] loss: 0.002
[ 30 / 60 ] loss: 0.008
[ 31 / 60 ] loss: 0.026
[ 32 / 60 ] loss: 0.001
[ 33 / 60 ] loss: 0.002
[ 34 / 60 ] loss: 0.003
[ 35 / 60 ] loss: 0.002
[ 36 / 60 ] loss: 0.002
[ 37 / 60 ] loss: 0.002
[ 38 / 60 ] loss: 0.002
[ 39 / 60 ] loss: 0.001
[ 40 / 60 ] loss: 0.002
[ 41 / 60 ] loss: 0.002
[ 42 / 60 ] loss: 0.001
[ 43 / 60 ] loss: 0.002
[ 44 / 60 ] loss: 0.100
[ 45 / 60 ] loss: 0.009
[ 46 / 60 ] loss: 0.001
[ 47 / 60 ] loss: 0.001
[ 48 / 60 ] loss: 0.013
[ 49 / 60 ] loss: 0.002
[ 50 / 60 ] loss: 0.002
[ 51 / 60 ] loss: 0.001
[ 52 / 60 ] loss: 0.002
[ 53 / 60 ] loss: 0.001
[ 54 / 60 ] loss: 0.002
[ 55 / 60 ] loss: 0.002
[ 56 / 60 ] loss: 0.001
[ 57 / 60 ] loss: 0.086
[ 58 / 60 ] loss: 0.003
[ 59 / 60 ] loss: 0.002
[ 60 / 60 ] loss: 0.084
0.00875381045625545
Accuracy: 0.751055 -- Precision: 0.784000 -- Recall: 0.753846 -- F1: 0.768627 -- AUC: 0.770022
========= epoch: 40 ==============
[ 1 / 60 ] loss: 0.008
[ 2 / 60 ] loss: 0.140
[ 3 / 60 ] loss: 0.003
[ 4 / 60 ] loss: 0.001
[ 5 / 60 ] loss: 0.001
[ 6 / 60 ] loss: 0.051
[ 7 / 60 ] loss: 0.002
[ 8 / 60 ] loss: 0.002
[ 9 / 60 ] loss: 0.002
[ 10 / 60 ] loss: 0.001
[ 11 / 60 ] loss: 0.002
[ 12 / 60 ] loss: 0.001
[ 13 / 60 ] loss: 0.001
[ 14 / 60 ] loss: 0.026
[ 15 / 60 ] loss: 0.001
[ 16 / 60 ] loss: 0.003
[ 17 / 60 ] loss: 0.002
[ 18 / 60 ] loss: 0.001
[ 19 / 60 ] loss: 0.002
[ 20 / 60 ] loss: 0.002
[ 21 / 60 ] loss: 0.230
[ 22 / 60 ] loss: 0.002
[ 23 / 60 ] loss: 0.001
[ 24 / 60 ] loss: 0.002
[ 25 / 60 ] loss: 0.001
[ 26 / 60 ] loss: 0.054
[ 27 / 60 ] loss: 0.001
[ 28 / 60 ] loss: 0.001
[ 29 / 60 ] loss: 0.002
[ 30 / 60 ] loss: 0.001
[ 31 / 60 ] loss: 0.003
[ 32 / 60 ] loss: 0.004
[ 33 / 60 ] loss: 0.001
[ 34 / 60 ] loss: 0.001
[ 35 / 60 ] loss: 0.002
[ 36 / 60 ] loss: 0.002
[ 37 / 60 ] loss: 0.001
[ 38 / 60 ] loss: 0.002
[ 39 / 60 ] loss: 0.002
[ 40 / 60 ] loss: 0.052
[ 41 / 60 ] loss: 0.002
[ 42 / 60 ] loss: 0.003
[ 43 / 60 ] loss: 0.003
[ 44 / 60 ] loss: 0.002
[ 45 / 60 ] loss: 0.001
[ 46 / 60 ] loss: 0.061
[ 47 / 60 ] loss: 0.001
[ 48 / 60 ] loss: 0.036
[ 49 / 60 ] loss: 0.002
[ 50 / 60 ] loss: 0.040
[ 51 / 60 ] loss: 0.113
[ 52 / 60 ] loss: 0.001
[ 53 / 60 ] loss: 0.002
[ 54 / 60 ] loss: 0.002
[ 55 / 60 ] loss: 0.001
[ 56 / 60 ] loss: 0.001
[ 57 / 60 ] loss: 0.001
[ 58 / 60 ] loss: 0.001
[ 59 / 60 ] loss: 0.002
[ 60 / 60 ] loss: 0.001
0.014903586402457829
Accuracy: 0.738397 -- Precision: 0.774194 -- Recall: 0.738462 -- F1: 0.755906 -- AUC: 0.772214
========= epoch: 41 ==============
[ 1 / 60 ] loss: 0.002
[ 2 / 60 ] loss: 0.001
[ 3 / 60 ] loss: 0.001
[ 4 / 60 ] loss: 0.002
[ 5 / 60 ] loss: 0.001
[ 6 / 60 ] loss: 0.002
[ 7 / 60 ] loss: 0.016
[ 8 / 60 ] loss: 0.001
[ 9 / 60 ] loss: 0.001
[ 10 / 60 ] loss: 0.001
[ 11 / 60 ] loss: 0.001
[ 12 / 60 ] loss: 0.002
[ 13 / 60 ] loss: 0.001
[ 14 / 60 ] loss: 0.102
[ 15 / 60 ] loss: 0.002
[ 16 / 60 ] loss: 0.002
[ 17 / 60 ] loss: 0.021
[ 18 / 60 ] loss: 0.002
[ 19 / 60 ] loss: 0.002
[ 20 / 60 ] loss: 0.001
[ 21 / 60 ] loss: 0.001
[ 22 / 60 ] loss: 0.002
[ 23 / 60 ] loss: 0.001
[ 24 / 60 ] loss: 0.006
[ 25 / 60 ] loss: 0.002
[ 26 / 60 ] loss: 0.001
[ 27 / 60 ] loss: 0.001
[ 28 / 60 ] loss: 0.002
[ 29 / 60 ] loss: 0.003
[ 30 / 60 ] loss: 0.002
[ 31 / 60 ] loss: 0.001
[ 32 / 60 ] loss: 0.001
[ 33 / 60 ] loss: 0.001
[ 34 / 60 ] loss: 0.062
[ 35 / 60 ] loss: 0.036
[ 36 / 60 ] loss: 0.001
[ 37 / 60 ] loss: 0.023
[ 38 / 60 ] loss: 0.003
[ 39 / 60 ] loss: 0.001
[ 40 / 60 ] loss: 0.001
[ 41 / 60 ] loss: 0.003
[ 42 / 60 ] loss: 0.002
[ 43 / 60 ] loss: 0.003
[ 44 / 60 ] loss: 0.002
[ 45 / 60 ] loss: 0.001
[ 46 / 60 ] loss: 0.001
[ 47 / 60 ] loss: 0.002
[ 48 / 60 ] loss: 0.002
[ 49 / 60 ] loss: 0.339
[ 50 / 60 ] loss: 0.002
[ 51 / 60 ] loss: 0.007
[ 52 / 60 ] loss: 0.025
[ 53 / 60 ] loss: 0.002
[ 54 / 60 ] loss: 0.027
[ 55 / 60 ] loss: 0.001
[ 56 / 60 ] loss: 0.004
[ 57 / 60 ] loss: 0.024
[ 58 / 60 ] loss: 0.001
[ 59 / 60 ] loss: 0.005
[ 60 / 60 ] loss: 0.002
0.012818098498973996
Accuracy: 0.729958 -- Precision: 0.761905 -- Recall: 0.738462 -- F1: 0.750000 -- AUC: 0.773185
========= epoch: 42 ==============
[ 1 / 60 ] loss: 0.001
[ 2 / 60 ] loss: 0.001
[ 3 / 60 ] loss: 0.001
[ 4 / 60 ] loss: 0.003
[ 5 / 60 ] loss: 0.002
[ 6 / 60 ] loss: 0.002
[ 7 / 60 ] loss: 0.001
[ 8 / 60 ] loss: 0.001
[ 9 / 60 ] loss: 0.003
[ 10 / 60 ] loss: 0.002
[ 11 / 60 ] loss: 0.001
[ 12 / 60 ] loss: 0.001
[ 13 / 60 ] loss: 0.001
[ 14 / 60 ] loss: 0.056
[ 15 / 60 ] loss: 0.018
[ 16 / 60 ] loss: 0.002
[ 17 / 60 ] loss: 0.001
[ 18 / 60 ] loss: 0.001
[ 19 / 60 ] loss: 0.001
[ 20 / 60 ] loss: 0.001
[ 21 / 60 ] loss: 0.016
[ 22 / 60 ] loss: 0.001
[ 23 / 60 ] loss: 0.001
[ 24 / 60 ] loss: 0.002
[ 25 / 60 ] loss: 0.002
[ 26 / 60 ] loss: 0.002
[ 27 / 60 ] loss: 0.002
[ 28 / 60 ] loss: 0.002
[ 29 / 60 ] loss: 0.001
[ 30 / 60 ] loss: 0.013
[ 31 / 60 ] loss: 0.002
[ 32 / 60 ] loss: 0.001
[ 33 / 60 ] loss: 0.007
[ 34 / 60 ] loss: 0.107
[ 35 / 60 ] loss: 0.002
[ 36 / 60 ] loss: 0.001
[ 37 / 60 ] loss: 0.003
[ 38 / 60 ] loss: 0.001
[ 39 / 60 ] loss: 0.002
[ 40 / 60 ] loss: 0.001
[ 41 / 60 ] loss: 0.001
[ 42 / 60 ] loss: 0.097
[ 43 / 60 ] loss: 0.060
[ 44 / 60 ] loss: 0.001
[ 45 / 60 ] loss: 0.001
[ 46 / 60 ] loss: 0.012
[ 47 / 60 ] loss: 0.012
[ 48 / 60 ] loss: 0.001
[ 49 / 60 ] loss: 0.002
[ 50 / 60 ] loss: 0.001
[ 51 / 60 ] loss: 0.011
[ 52 / 60 ] loss: 0.001
[ 53 / 60 ] loss: 0.001
[ 54 / 60 ] loss: 0.001
[ 55 / 60 ] loss: 0.005
[ 56 / 60 ] loss: 0.001
[ 57 / 60 ] loss: 0.001
[ 58 / 60 ] loss: 0.002
[ 59 / 60 ] loss: 0.002
[ 60 / 60 ] loss: 0.001
0.008058859033432479
Accuracy: 0.738397 -- Precision: 0.783333 -- Recall: 0.723077 -- F1: 0.752000 -- AUC: 0.778433
========= epoch: 43 ==============
[ 1 / 60 ] loss: 0.018
[ 2 / 60 ] loss: 0.001
[ 3 / 60 ] loss: 0.001
[ 4 / 60 ] loss: 0.002
[ 5 / 60 ] loss: 0.002
[ 6 / 60 ] loss: 0.002
[ 7 / 60 ] loss: 0.001
[ 8 / 60 ] loss: 0.001
[ 9 / 60 ] loss: 0.002
[ 10 / 60 ] loss: 0.001
[ 11 / 60 ] loss: 0.002
[ 12 / 60 ] loss: 0.001
[ 13 / 60 ] loss: 0.001
[ 14 / 60 ] loss: 0.001
[ 15 / 60 ] loss: 0.004
[ 16 / 60 ] loss: 0.001
[ 17 / 60 ] loss: 0.001
[ 18 / 60 ] loss: 0.002
[ 19 / 60 ] loss: 0.025
[ 20 / 60 ] loss: 0.020
[ 21 / 60 ] loss: 0.001
[ 22 / 60 ] loss: 0.001
[ 23 / 60 ] loss: 0.001
[ 24 / 60 ] loss: 0.001
[ 25 / 60 ] loss: 0.002
[ 26 / 60 ] loss: 0.012
[ 27 / 60 ] loss: 0.001
[ 28 / 60 ] loss: 0.001
[ 29 / 60 ] loss: 0.002
[ 30 / 60 ] loss: 0.001
[ 31 / 60 ] loss: 0.001
[ 32 / 60 ] loss: 0.108
[ 33 / 60 ] loss: 0.002
[ 34 / 60 ] loss: 0.001
[ 35 / 60 ] loss: 0.001
[ 36 / 60 ] loss: 0.001
[ 37 / 60 ] loss: 0.001
[ 38 / 60 ] loss: 0.001
[ 39 / 60 ] loss: 0.002
[ 40 / 60 ] loss: 0.001
[ 41 / 60 ] loss: 0.001
[ 42 / 60 ] loss: 0.001
[ 43 / 60 ] loss: 0.030
[ 44 / 60 ] loss: 0.009
[ 45 / 60 ] loss: 0.001
[ 46 / 60 ] loss: 0.001
[ 47 / 60 ] loss: 0.001
[ 48 / 60 ] loss: 0.003
[ 49 / 60 ] loss: 0.005
[ 50 / 60 ] loss: 0.002
[ 51 / 60 ] loss: 0.001
[ 52 / 60 ] loss: 0.001
[ 53 / 60 ] loss: 0.001
[ 54 / 60 ] loss: 0.001
[ 55 / 60 ] loss: 0.001
[ 56 / 60 ] loss: 0.001
[ 57 / 60 ] loss: 0.001
[ 58 / 60 ] loss: 0.001
[ 59 / 60 ] loss: 0.001
[ 60 / 60 ] loss: 0.001
0.004925187993406629
Accuracy: 0.755274 -- Precision: 0.764706 -- Recall: 0.800000 -- F1: 0.781955 -- AUC: 0.775054
========= epoch: 44 ==============
[ 1 / 60 ] loss: 0.001
[ 2 / 60 ] loss: 0.001
[ 3 / 60 ] loss: 0.005
[ 4 / 60 ] loss: 0.003
[ 5 / 60 ] loss: 0.001
[ 6 / 60 ] loss: 0.001
[ 7 / 60 ] loss: 0.001
[ 8 / 60 ] loss: 0.002
[ 9 / 60 ] loss: 0.001
[ 10 / 60 ] loss: 0.001
[ 11 / 60 ] loss: 0.001
[ 12 / 60 ] loss: 0.004
[ 13 / 60 ] loss: 0.001
[ 14 / 60 ] loss: 0.001
[ 15 / 60 ] loss: 0.001
[ 16 / 60 ] loss: 0.001
[ 17 / 60 ] loss: 0.001
[ 18 / 60 ] loss: 0.001
[ 19 / 60 ] loss: 0.001
[ 20 / 60 ] loss: 0.001
[ 21 / 60 ] loss: 0.001
[ 22 / 60 ] loss: 0.001
[ 23 / 60 ] loss: 0.001
[ 24 / 60 ] loss: 0.001
[ 25 / 60 ] loss: 0.001
[ 26 / 60 ] loss: 0.001
[ 27 / 60 ] loss: 0.005
[ 28 / 60 ] loss: 0.001
[ 29 / 60 ] loss: 0.014
[ 30 / 60 ] loss: 0.001
[ 31 / 60 ] loss: 0.001
[ 32 / 60 ] loss: 0.001
[ 33 / 60 ] loss: 0.001
[ 34 / 60 ] loss: 0.001
[ 35 / 60 ] loss: 0.009
[ 36 / 60 ] loss: 0.002
[ 37 / 60 ] loss: 0.001
[ 38 / 60 ] loss: 0.004
[ 39 / 60 ] loss: 0.004
[ 40 / 60 ] loss: 0.001
[ 41 / 60 ] loss: 0.001
[ 42 / 60 ] loss: 0.009
[ 43 / 60 ] loss: 0.001
[ 44 / 60 ] loss: 0.001
[ 45 / 60 ] loss: 0.001
[ 46 / 60 ] loss: 0.001
[ 47 / 60 ] loss: 0.001
[ 48 / 60 ] loss: 0.001
[ 49 / 60 ] loss: 0.001
[ 50 / 60 ] loss: 0.001
[ 51 / 60 ] loss: 0.160
[ 52 / 60 ] loss: 0.001
[ 53 / 60 ] loss: 0.001
[ 54 / 60 ] loss: 0.001
[ 55 / 60 ] loss: 0.001
[ 56 / 60 ] loss: 0.001
[ 57 / 60 ] loss: 0.002
[ 58 / 60 ] loss: 0.001
[ 59 / 60 ] loss: 0.001
[ 60 / 60 ] loss: 0.001
0.004388807180415218
Accuracy: 0.767932 -- Precision: 0.777778 -- Recall: 0.807692 -- F1: 0.792453 -- AUC: 0.772070
保存模型参数
========= epoch: 45 ==============
[ 1 / 60 ] loss: 0.001
[ 2 / 60 ] loss: 0.002
[ 3 / 60 ] loss: 0.001
[ 4 / 60 ] loss: 0.001
[ 5 / 60 ] loss: 0.002
[ 6 / 60 ] loss: 0.001
[ 7 / 60 ] loss: 0.001
[ 8 / 60 ] loss: 0.001
[ 9 / 60 ] loss: 0.001
[ 10 / 60 ] loss: 0.002
[ 11 / 60 ] loss: 0.001
[ 12 / 60 ] loss: 0.001
[ 13 / 60 ] loss: 0.022
[ 14 / 60 ] loss: 0.001
[ 15 / 60 ] loss: 0.037
[ 16 / 60 ] loss: 0.001
[ 17 / 60 ] loss: 0.001
[ 18 / 60 ] loss: 0.002
[ 19 / 60 ] loss: 0.001
[ 20 / 60 ] loss: 0.028
[ 21 / 60 ] loss: 0.001
[ 22 / 60 ] loss: 0.001
[ 23 / 60 ] loss: 0.001
[ 24 / 60 ] loss: 0.001
[ 25 / 60 ] loss: 0.001
[ 26 / 60 ] loss: 0.002
[ 27 / 60 ] loss: 0.001
[ 28 / 60 ] loss: 0.001
[ 29 / 60 ] loss: 0.003
[ 30 / 60 ] loss: 0.001
[ 31 / 60 ] loss: 0.002
[ 32 / 60 ] loss: 0.001
[ 33 / 60 ] loss: 0.001
[ 34 / 60 ] loss: 0.001
[ 35 / 60 ] loss: 0.001
[ 36 / 60 ] loss: 0.001
[ 37 / 60 ] loss: 0.001
[ 38 / 60 ] loss: 0.001
[ 39 / 60 ] loss: 0.001
[ 40 / 60 ] loss: 0.001
[ 41 / 60 ] loss: 0.001
[ 42 / 60 ] loss: 0.001
[ 43 / 60 ] loss: 0.001
[ 44 / 60 ] loss: 0.037
[ 45 / 60 ] loss: 0.001
[ 46 / 60 ] loss: 0.001
[ 47 / 60 ] loss: 0.001
[ 48 / 60 ] loss: 0.011
[ 49 / 60 ] loss: 0.001
[ 50 / 60 ] loss: 0.001
[ 51 / 60 ] loss: 0.001
[ 52 / 60 ] loss: 0.001
[ 53 / 60 ] loss: 0.001
[ 54 / 60 ] loss: 0.001
[ 55 / 60 ] loss: 0.001
[ 56 / 60 ] loss: 0.001
[ 57 / 60 ] loss: 0.120
[ 58 / 60 ] loss: 0.001
[ 59 / 60 ] loss: 0.001
[ 60 / 60 ] loss: 0.001
0.005102266071480699
Accuracy: 0.746835 -- Precision: 0.769231 -- Recall: 0.769231 -- F1: 0.769231 -- AUC: 0.775665
========= epoch: 46 ==============
[ 1 / 60 ] loss: 0.001
[ 2 / 60 ] loss: 0.002
[ 3 / 60 ] loss: 0.001
[ 4 / 60 ] loss: 0.001
[ 5 / 60 ] loss: 0.001
[ 6 / 60 ] loss: 0.047
[ 7 / 60 ] loss: 0.001
[ 8 / 60 ] loss: 0.003
[ 9 / 60 ] loss: 0.004
[ 10 / 60 ] loss: 0.001
[ 11 / 60 ] loss: 0.001
[ 12 / 60 ] loss: 0.001
[ 13 / 60 ] loss: 0.198
[ 14 / 60 ] loss: 0.003
[ 15 / 60 ] loss: 0.001
[ 16 / 60 ] loss: 0.001
[ 17 / 60 ] loss: 0.002
[ 18 / 60 ] loss: 0.001
[ 19 / 60 ] loss: 0.001
[ 20 / 60 ] loss: 0.001
[ 21 / 60 ] loss: 0.001
[ 22 / 60 ] loss: 0.001
[ 23 / 60 ] loss: 0.001
[ 24 / 60 ] loss: 0.001
[ 25 / 60 ] loss: 0.001
[ 26 / 60 ] loss: 0.065
[ 27 / 60 ] loss: 0.018
[ 28 / 60 ] loss: 0.037
[ 29 / 60 ] loss: 0.001
[ 30 / 60 ] loss: 0.001
[ 31 / 60 ] loss: 0.001
[ 32 / 60 ] loss: 0.001
[ 33 / 60 ] loss: 0.001
[ 34 / 60 ] loss: 0.019
[ 35 / 60 ] loss: 0.001
[ 36 / 60 ] loss: 0.001
[ 37 / 60 ] loss: 0.001
[ 38 / 60 ] loss: 0.001
[ 39 / 60 ] loss: 0.063
[ 40 / 60 ] loss: 0.001
[ 41 / 60 ] loss: 0.001
[ 42 / 60 ] loss: 0.001
[ 43 / 60 ] loss: 0.000
[ 44 / 60 ] loss: 0.001
[ 45 / 60 ] loss: 0.001
[ 46 / 60 ] loss: 0.001
[ 47 / 60 ] loss: 0.001
[ 48 / 60 ] loss: 0.001
[ 49 / 60 ] loss: 0.013
[ 50 / 60 ] loss: 0.001
[ 51 / 60 ] loss: 0.036
[ 52 / 60 ] loss: 0.001
[ 53 / 60 ] loss: 0.002
[ 54 / 60 ] loss: 0.001
[ 55 / 60 ] loss: 0.001
[ 56 / 60 ] loss: 0.001
[ 57 / 60 ] loss: 0.001
[ 58 / 60 ] loss: 0.001
[ 59 / 60 ] loss: 0.001
[ 60 / 60 ] loss: 0.001
0.009156678506406024
Accuracy: 0.746835 -- Precision: 0.773438 -- Recall: 0.761538 -- F1: 0.767442 -- AUC: 0.770812
========= epoch: 47 ==============
[ 1 / 60 ] loss: 0.001
[ 2 / 60 ] loss: 0.001
[ 3 / 60 ] loss: 0.001
[ 4 / 60 ] loss: 0.001
[ 5 / 60 ] loss: 0.001
[ 6 / 60 ] loss: 0.001
[ 7 / 60 ] loss: 0.001
[ 8 / 60 ] loss: 0.001
[ 9 / 60 ] loss: 0.036
[ 10 / 60 ] loss: 0.001
[ 11 / 60 ] loss: 0.001
[ 12 / 60 ] loss: 0.001
[ 13 / 60 ] loss: 0.085
[ 14 / 60 ] loss: 0.536
[ 15 / 60 ] loss: 0.186
[ 16 / 60 ] loss: 0.069
[ 17 / 60 ] loss: 0.005
[ 18 / 60 ] loss: 0.223
[ 19 / 60 ] loss: 0.025
[ 20 / 60 ] loss: 0.001
[ 21 / 60 ] loss: 0.002
[ 22 / 60 ] loss: 0.002
[ 23 / 60 ] loss: 0.002
[ 24 / 60 ] loss: 0.008
[ 25 / 60 ] loss: 0.252
[ 26 / 60 ] loss: 0.001
[ 27 / 60 ] loss: 0.001
[ 28 / 60 ] loss: 0.001
[ 29 / 60 ] loss: 0.004
[ 30 / 60 ] loss: 0.001
[ 31 / 60 ] loss: 0.018
[ 32 / 60 ] loss: 0.002
[ 33 / 60 ] loss: 0.001
[ 34 / 60 ] loss: 0.001
[ 35 / 60 ] loss: 0.009
[ 36 / 60 ] loss: 0.005
[ 37 / 60 ] loss: 0.001
[ 38 / 60 ] loss: 0.002
[ 39 / 60 ] loss: 0.001
[ 40 / 60 ] loss: 0.001
[ 41 / 60 ] loss: 0.001
[ 42 / 60 ] loss: 0.001
[ 43 / 60 ] loss: 0.167
[ 44 / 60 ] loss: 0.002
[ 45 / 60 ] loss: 0.001
[ 46 / 60 ] loss: 0.001
[ 47 / 60 ] loss: 0.001
[ 48 / 60 ] loss: 0.002
[ 49 / 60 ] loss: 0.001
[ 50 / 60 ] loss: 0.001
[ 51 / 60 ] loss: 0.001
[ 52 / 60 ] loss: 0.001
[ 53 / 60 ] loss: 0.022
[ 54 / 60 ] loss: 0.001
[ 55 / 60 ] loss: 0.117
[ 56 / 60 ] loss: 0.001
[ 57 / 60 ] loss: 0.103
[ 58 / 60 ] loss: 0.111
[ 59 / 60 ] loss: 0.001
[ 60 / 60 ] loss: 0.074
0.034946430643321945
Accuracy: 0.742616 -- Precision: 0.751825 -- Recall: 0.792308 -- F1: 0.771536 -- AUC: 0.762904
========= epoch: 48 ==============
[ 1 / 60 ] loss: 0.001
[ 2 / 60 ] loss: 0.022
[ 3 / 60 ] loss: 0.001
[ 4 / 60 ] loss: 0.070
[ 5 / 60 ] loss: 0.001
[ 6 / 60 ] loss: 0.003
[ 7 / 60 ] loss: 0.001
[ 8 / 60 ] loss: 0.062
[ 9 / 60 ] loss: 0.005
[ 10 / 60 ] loss: 0.030
[ 11 / 60 ] loss: 0.001
[ 12 / 60 ] loss: 0.077
[ 13 / 60 ] loss: 0.001
[ 14 / 60 ] loss: 0.001
[ 15 / 60 ] loss: 0.001
[ 16 / 60 ] loss: 0.002
[ 17 / 60 ] loss: 0.054
[ 18 / 60 ] loss: 0.012
[ 19 / 60 ] loss: 0.001
[ 20 / 60 ] loss: 0.001
[ 21 / 60 ] loss: 0.051
[ 22 / 60 ] loss: 0.002
[ 23 / 60 ] loss: 0.001
[ 24 / 60 ] loss: 0.049
[ 25 / 60 ] loss: 0.001
[ 26 / 60 ] loss: 0.001
[ 27 / 60 ] loss: 0.002
[ 28 / 60 ] loss: 0.001
[ 29 / 60 ] loss: 0.004
[ 30 / 60 ] loss: 0.088
[ 31 / 60 ] loss: 0.218
[ 32 / 60 ] loss: 0.001
[ 33 / 60 ] loss: 0.008
[ 34 / 60 ] loss: 0.001
[ 35 / 60 ] loss: 0.003
[ 36 / 60 ] loss: 0.002
[ 37 / 60 ] loss: 0.001
[ 38 / 60 ] loss: 0.001
[ 39 / 60 ] loss: 0.001
[ 40 / 60 ] loss: 0.006
[ 41 / 60 ] loss: 0.001
[ 42 / 60 ] loss: 0.001
[ 43 / 60 ] loss: 0.001
[ 44 / 60 ] loss: 0.367
[ 45 / 60 ] loss: 0.001
[ 46 / 60 ] loss: 0.001
[ 47 / 60 ] loss: 0.022
[ 48 / 60 ] loss: 0.024
[ 49 / 60 ] loss: 0.002
[ 50 / 60 ] loss: 0.003
[ 51 / 60 ] loss: 0.013
[ 52 / 60 ] loss: 0.124
[ 53 / 60 ] loss: 0.003
[ 54 / 60 ] loss: 0.004
[ 55 / 60 ] loss: 0.004
[ 56 / 60 ] loss: 0.002
[ 57 / 60 ] loss: 0.009
[ 58 / 60 ] loss: 0.003
[ 59 / 60 ] loss: 0.007
[ 60 / 60 ] loss: 0.001
0.022964625891957743
Accuracy: 0.717300 -- Precision: 0.744186 -- Recall: 0.738462 -- F1: 0.741313 -- AUC: 0.763983
========= epoch: 49 ==============
[ 1 / 60 ] loss: 0.005
[ 2 / 60 ] loss: 0.002
[ 3 / 60 ] loss: 0.002
[ 4 / 60 ] loss: 0.003
[ 5 / 60 ] loss: 0.004
[ 6 / 60 ] loss: 0.003
[ 7 / 60 ] loss: 0.082
[ 8 / 60 ] loss: 0.076
[ 9 / 60 ] loss: 0.018
[ 10 / 60 ] loss: 0.002
[ 11 / 60 ] loss: 0.001
[ 12 / 60 ] loss: 0.003
[ 13 / 60 ] loss: 0.001
[ 14 / 60 ] loss: 0.001
[ 15 / 60 ] loss: 0.002
[ 16 / 60 ] loss: 0.001
[ 17 / 60 ] loss: 0.001
[ 18 / 60 ] loss: 0.001
[ 19 / 60 ] loss: 0.001
[ 20 / 60 ] loss: 0.001
[ 21 / 60 ] loss: 0.007
[ 22 / 60 ] loss: 0.001
[ 23 / 60 ] loss: 0.058
[ 24 / 60 ] loss: 0.001
[ 25 / 60 ] loss: 0.001
[ 26 / 60 ] loss: 0.001
[ 27 / 60 ] loss: 0.001
[ 28 / 60 ] loss: 0.014
[ 29 / 60 ] loss: 0.001
[ 30 / 60 ] loss: 0.001
[ 31 / 60 ] loss: 0.001
[ 32 / 60 ] loss: 0.001
[ 33 / 60 ] loss: 0.001
[ 34 / 60 ] loss: 0.001
[ 35 / 60 ] loss: 0.009
[ 36 / 60 ] loss: 0.028
[ 37 / 60 ] loss: 0.002
[ 38 / 60 ] loss: 0.001
[ 39 / 60 ] loss: 0.019
[ 40 / 60 ] loss: 0.003
[ 41 / 60 ] loss: 0.001
[ 42 / 60 ] loss: 0.001
[ 43 / 60 ] loss: 0.001
[ 44 / 60 ] loss: 0.001
[ 45 / 60 ] loss: 0.001
[ 46 / 60 ] loss: 0.001
[ 47 / 60 ] loss: 0.001
[ 48 / 60 ] loss: 0.001
[ 49 / 60 ] loss: 0.001
[ 50 / 60 ] loss: 0.033
[ 51 / 60 ] loss: 0.001
[ 52 / 60 ] loss: 0.001
[ 53 / 60 ] loss: 0.003
[ 54 / 60 ] loss: 0.001
[ 55 / 60 ] loss: 0.001
[ 56 / 60 ] loss: 0.003
[ 57 / 60 ] loss: 0.001
[ 58 / 60 ] loss: 0.001
[ 59 / 60 ] loss: 0.003
[ 60 / 60 ] loss: 0.000
0.00692233294248581
Accuracy: 0.746835 -- Precision: 0.753623 -- Recall: 0.800000 -- F1: 0.776119 -- AUC: 0.758843
