nohup: ignoring input
训练集: 946
测试集: 237
Some weights of the model checkpoint at bert-base-uncased were not used when initializing BertModel: ['cls.predictions.transform.dense.weight', 'cls.predictions.transform.LayerNorm.weight', 'cls.predictions.bias', 'cls.seq_relationship.weight', 'cls.seq_relationship.bias', 'cls.predictions.transform.dense.bias', 'cls.predictions.transform.LayerNorm.bias', 'cls.predictions.decoder.weight']
- This IS expected if you are initializing BertModel from the checkpoint of a model trained on another task or with another architecture (e.g. initializing a BertForSequenceClassification model from a BertForPreTraining model).
- This IS NOT expected if you are initializing BertModel from the checkpoint of a model that you expect to be exactly identical (initializing a BertForSequenceClassification model from a BertForSequenceClassification model).
/root/miniconda3/envs/evapatch/lib/python3.6/site-packages/transformers/optimization.py:309: FutureWarning: This implementation of AdamW is deprecated and will be removed in a future version. Use the PyTorch implementation torch.optim.AdamW instead, or set `no_deprecation_warning=True` to disable this warning
  FutureWarning,
-------------- start training --------------- 

========= epoch: 0 ==============
[ 1 / 60 ] loss: 0.697
[ 2 / 60 ] loss: 0.690
[ 3 / 60 ] loss: 0.703
[ 4 / 60 ] loss: 0.696
[ 5 / 60 ] loss: 0.682
[ 6 / 60 ] loss: 0.691
[ 7 / 60 ] loss: 0.690
[ 8 / 60 ] loss: 0.687
[ 9 / 60 ] loss: 0.675
[ 10 / 60 ] loss: 0.685
[ 11 / 60 ] loss: 0.684
[ 12 / 60 ] loss: 0.681
[ 13 / 60 ] loss: 0.707
[ 14 / 60 ] loss: 0.712
[ 15 / 60 ] loss: 0.672
[ 16 / 60 ] loss: 0.704
[ 17 / 60 ] loss: 0.693
Token indices sequence length is longer than the specified maximum sequence length for this model (776 > 512). Running this sequence through the model will result in indexing errors
[ 18 / 60 ] loss: 0.702
[ 19 / 60 ] loss: 0.696
[ 20 / 60 ] loss: 0.677
[ 21 / 60 ] loss: 0.685
[ 22 / 60 ] loss: 0.673
[ 23 / 60 ] loss: 0.667
[ 24 / 60 ] loss: 0.646
[ 25 / 60 ] loss: 0.665
[ 26 / 60 ] loss: 0.721
[ 27 / 60 ] loss: 0.685
[ 28 / 60 ] loss: 0.732
[ 29 / 60 ] loss: 0.664
[ 30 / 60 ] loss: 0.698
[ 31 / 60 ] loss: 0.651
[ 32 / 60 ] loss: 0.631
[ 33 / 60 ] loss: 0.672
[ 34 / 60 ] loss: 0.675
[ 35 / 60 ] loss: 0.641
[ 36 / 60 ] loss: 0.729
[ 37 / 60 ] loss: 0.720
[ 38 / 60 ] loss: 0.631
[ 39 / 60 ] loss: 0.690
[ 40 / 60 ] loss: 0.660
[ 41 / 60 ] loss: 0.698
[ 42 / 60 ] loss: 0.691
[ 43 / 60 ] loss: 0.671
[ 44 / 60 ] loss: 0.698
[ 45 / 60 ] loss: 0.681
[ 46 / 60 ] loss: 0.664
[ 47 / 60 ] loss: 0.643
[ 48 / 60 ] loss: 0.679
[ 49 / 60 ] loss: 0.692
[ 50 / 60 ] loss: 0.698
[ 51 / 60 ] loss: 0.639
[ 52 / 60 ] loss: 0.679
[ 53 / 60 ] loss: 0.592
[ 54 / 60 ] loss: 0.664
[ 55 / 60 ] loss: 0.594
[ 56 / 60 ] loss: 0.696
[ 57 / 60 ] loss: 0.626
[ 58 / 60 ] loss: 0.620
[ 59 / 60 ] loss: 0.667
[ 60 / 60 ] loss: 0.540
0.6748789966106414
Accuracy: 0.620253 -- Precision: 0.593458 -- Recall: 0.976923 -- F1: 0.738372 -- AUC: 0.706111
保存模型参数
========= epoch: 1 ==============
[ 1 / 60 ] loss: 0.577
[ 2 / 60 ] loss: 0.493
[ 3 / 60 ] loss: 0.710
[ 4 / 60 ] loss: 0.583
[ 5 / 60 ] loss: 0.667
[ 6 / 60 ] loss: 0.551
[ 7 / 60 ] loss: 0.576
[ 8 / 60 ] loss: 0.573
[ 9 / 60 ] loss: 0.753
[ 10 / 60 ] loss: 0.689
[ 11 / 60 ] loss: 0.639
[ 12 / 60 ] loss: 0.617
[ 13 / 60 ] loss: 0.584
[ 14 / 60 ] loss: 0.590
[ 15 / 60 ] loss: 0.493
[ 16 / 60 ] loss: 0.636
[ 17 / 60 ] loss: 0.659
[ 18 / 60 ] loss: 0.619
[ 19 / 60 ] loss: 0.648
[ 20 / 60 ] loss: 0.571
[ 21 / 60 ] loss: 0.629
[ 22 / 60 ] loss: 0.585
[ 23 / 60 ] loss: 0.642
[ 24 / 60 ] loss: 0.601
[ 25 / 60 ] loss: 0.580
[ 26 / 60 ] loss: 0.587
[ 27 / 60 ] loss: 0.436
[ 28 / 60 ] loss: 0.573
[ 29 / 60 ] loss: 0.640
[ 30 / 60 ] loss: 0.642
[ 31 / 60 ] loss: 0.601
[ 32 / 60 ] loss: 0.751
[ 33 / 60 ] loss: 0.518
[ 34 / 60 ] loss: 0.519
[ 35 / 60 ] loss: 0.572
[ 36 / 60 ] loss: 0.539
[ 37 / 60 ] loss: 0.579
[ 38 / 60 ] loss: 0.619
[ 39 / 60 ] loss: 0.549
[ 40 / 60 ] loss: 0.538
[ 41 / 60 ] loss: 0.318
[ 42 / 60 ] loss: 0.563
[ 43 / 60 ] loss: 0.537
[ 44 / 60 ] loss: 0.420
[ 45 / 60 ] loss: 0.682
[ 46 / 60 ] loss: 0.662
[ 47 / 60 ] loss: 0.365
[ 48 / 60 ] loss: 0.678
[ 49 / 60 ] loss: 0.611
[ 50 / 60 ] loss: 0.616
[ 51 / 60 ] loss: 0.823
[ 52 / 60 ] loss: 0.539
[ 53 / 60 ] loss: 0.731
[ 54 / 60 ] loss: 0.494
[ 55 / 60 ] loss: 0.492
[ 56 / 60 ] loss: 0.436
[ 57 / 60 ] loss: 0.555
[ 58 / 60 ] loss: 0.419
[ 59 / 60 ] loss: 0.604
[ 60 / 60 ] loss: 0.831
0.5883927871783574
Accuracy: 0.679325 -- Precision: 0.721311 -- Recall: 0.676923 -- F1: 0.698413 -- AUC: 0.759741
保存模型参数
========= epoch: 2 ==============
[ 1 / 60 ] loss: 0.542
[ 2 / 60 ] loss: 0.662
[ 3 / 60 ] loss: 0.518
[ 4 / 60 ] loss: 0.394
[ 5 / 60 ] loss: 0.505
[ 6 / 60 ] loss: 0.539
[ 7 / 60 ] loss: 0.447
[ 8 / 60 ] loss: 0.498
[ 9 / 60 ] loss: 0.607
[ 10 / 60 ] loss: 0.395
[ 11 / 60 ] loss: 0.514
[ 12 / 60 ] loss: 0.347
[ 13 / 60 ] loss: 0.752
[ 14 / 60 ] loss: 0.402
[ 15 / 60 ] loss: 0.482
[ 16 / 60 ] loss: 0.382
[ 17 / 60 ] loss: 0.450
[ 18 / 60 ] loss: 0.330
[ 19 / 60 ] loss: 0.503
[ 20 / 60 ] loss: 0.323
[ 21 / 60 ] loss: 0.361
[ 22 / 60 ] loss: 0.744
[ 23 / 60 ] loss: 0.707
[ 24 / 60 ] loss: 0.357
[ 25 / 60 ] loss: 0.307
[ 26 / 60 ] loss: 0.283
[ 27 / 60 ] loss: 0.408
[ 28 / 60 ] loss: 0.556
[ 29 / 60 ] loss: 0.201
[ 30 / 60 ] loss: 0.351
[ 31 / 60 ] loss: 0.406
[ 32 / 60 ] loss: 0.370
[ 33 / 60 ] loss: 0.293
[ 34 / 60 ] loss: 0.409
[ 35 / 60 ] loss: 0.491
[ 36 / 60 ] loss: 0.402
[ 37 / 60 ] loss: 0.351
[ 38 / 60 ] loss: 0.377
[ 39 / 60 ] loss: 0.534
[ 40 / 60 ] loss: 0.423
[ 41 / 60 ] loss: 0.588
[ 42 / 60 ] loss: 0.840
[ 43 / 60 ] loss: 0.764
[ 44 / 60 ] loss: 0.282
[ 45 / 60 ] loss: 0.643
[ 46 / 60 ] loss: 0.600
[ 47 / 60 ] loss: 0.617
[ 48 / 60 ] loss: 0.432
[ 49 / 60 ] loss: 0.441
[ 50 / 60 ] loss: 0.552
[ 51 / 60 ] loss: 0.462
[ 52 / 60 ] loss: 0.434
[ 53 / 60 ] loss: 0.576
[ 54 / 60 ] loss: 0.472
[ 55 / 60 ] loss: 0.693
[ 56 / 60 ] loss: 0.762
[ 57 / 60 ] loss: 0.351
[ 58 / 60 ] loss: 0.590
[ 59 / 60 ] loss: 0.573
[ 60 / 60 ] loss: 0.180
0.479590829461813
Accuracy: 0.734177 -- Precision: 0.727891 -- Recall: 0.823077 -- F1: 0.772563 -- AUC: 0.792667
保存模型参数
========= epoch: 3 ==============
[ 1 / 60 ] loss: 0.496
[ 2 / 60 ] loss: 0.250
[ 3 / 60 ] loss: 0.368
[ 4 / 60 ] loss: 0.376
[ 5 / 60 ] loss: 0.561
[ 6 / 60 ] loss: 0.627
[ 7 / 60 ] loss: 0.255
[ 8 / 60 ] loss: 0.268
[ 9 / 60 ] loss: 0.566
[ 10 / 60 ] loss: 0.403
[ 11 / 60 ] loss: 0.462
[ 12 / 60 ] loss: 0.398
[ 13 / 60 ] loss: 0.370
[ 14 / 60 ] loss: 0.396
[ 15 / 60 ] loss: 0.438
[ 16 / 60 ] loss: 0.444
[ 17 / 60 ] loss: 0.242
[ 18 / 60 ] loss: 0.534
[ 19 / 60 ] loss: 0.408
[ 20 / 60 ] loss: 0.401
[ 21 / 60 ] loss: 0.704
[ 22 / 60 ] loss: 0.375
[ 23 / 60 ] loss: 0.301
[ 24 / 60 ] loss: 0.453
[ 25 / 60 ] loss: 0.206
[ 26 / 60 ] loss: 0.533
[ 27 / 60 ] loss: 0.420
[ 28 / 60 ] loss: 0.503
[ 29 / 60 ] loss: 0.356
[ 30 / 60 ] loss: 0.411
[ 31 / 60 ] loss: 0.262
[ 32 / 60 ] loss: 0.356
[ 33 / 60 ] loss: 0.444
[ 34 / 60 ] loss: 0.585
[ 35 / 60 ] loss: 0.385
[ 36 / 60 ] loss: 0.199
[ 37 / 60 ] loss: 0.442
[ 38 / 60 ] loss: 0.252
[ 39 / 60 ] loss: 0.409
[ 40 / 60 ] loss: 0.187
[ 41 / 60 ] loss: 0.340
[ 42 / 60 ] loss: 0.197
[ 43 / 60 ] loss: 0.447
[ 44 / 60 ] loss: 0.248
[ 45 / 60 ] loss: 0.203
[ 46 / 60 ] loss: 0.653
[ 47 / 60 ] loss: 0.213
[ 48 / 60 ] loss: 0.424
[ 49 / 60 ] loss: 0.309
[ 50 / 60 ] loss: 0.432
[ 51 / 60 ] loss: 0.226
[ 52 / 60 ] loss: 0.369
[ 53 / 60 ] loss: 0.588
[ 54 / 60 ] loss: 0.259
[ 55 / 60 ] loss: 0.525
[ 56 / 60 ] loss: 0.249
[ 57 / 60 ] loss: 0.551
[ 58 / 60 ] loss: 0.589
[ 59 / 60 ] loss: 0.519
[ 60 / 60 ] loss: 0.095
0.3913817323744297
Accuracy: 0.670886 -- Precision: 0.668831 -- Recall: 0.792308 -- F1: 0.725352 -- AUC: 0.758088
========= epoch: 4 ==============
[ 1 / 60 ] loss: 0.237
[ 2 / 60 ] loss: 0.288
[ 3 / 60 ] loss: 0.263
[ 4 / 60 ] loss: 0.183
[ 5 / 60 ] loss: 0.303
[ 6 / 60 ] loss: 0.286
[ 7 / 60 ] loss: 0.232
[ 8 / 60 ] loss: 0.135
[ 9 / 60 ] loss: 0.282
[ 10 / 60 ] loss: 0.097
[ 11 / 60 ] loss: 0.229
[ 12 / 60 ] loss: 0.072
[ 13 / 60 ] loss: 0.406
[ 14 / 60 ] loss: 0.448
[ 15 / 60 ] loss: 0.191
[ 16 / 60 ] loss: 0.451
[ 17 / 60 ] loss: 0.209
[ 18 / 60 ] loss: 0.193
[ 19 / 60 ] loss: 0.322
[ 20 / 60 ] loss: 0.246
[ 21 / 60 ] loss: 0.241
[ 22 / 60 ] loss: 0.157
[ 23 / 60 ] loss: 0.151
[ 24 / 60 ] loss: 0.729
[ 25 / 60 ] loss: 0.233
[ 26 / 60 ] loss: 0.129
[ 27 / 60 ] loss: 0.523
[ 28 / 60 ] loss: 0.208
[ 29 / 60 ] loss: 0.246
[ 30 / 60 ] loss: 0.350
[ 31 / 60 ] loss: 0.166
[ 32 / 60 ] loss: 0.853
[ 33 / 60 ] loss: 0.543
[ 34 / 60 ] loss: 0.270
[ 35 / 60 ] loss: 0.402
[ 36 / 60 ] loss: 0.230
[ 37 / 60 ] loss: 0.159
[ 38 / 60 ] loss: 0.357
[ 39 / 60 ] loss: 0.324
[ 40 / 60 ] loss: 0.107
[ 41 / 60 ] loss: 0.206
[ 42 / 60 ] loss: 0.402
[ 43 / 60 ] loss: 0.469
[ 44 / 60 ] loss: 0.485
[ 45 / 60 ] loss: 0.265
[ 46 / 60 ] loss: 0.407
[ 47 / 60 ] loss: 0.500
[ 48 / 60 ] loss: 0.289
[ 49 / 60 ] loss: 0.510
[ 50 / 60 ] loss: 0.293
[ 51 / 60 ] loss: 0.493
[ 52 / 60 ] loss: 0.322
[ 53 / 60 ] loss: 0.129
[ 54 / 60 ] loss: 0.225
[ 55 / 60 ] loss: 0.220
[ 56 / 60 ] loss: 0.681
[ 57 / 60 ] loss: 0.445
[ 58 / 60 ] loss: 0.417
[ 59 / 60 ] loss: 0.534
[ 60 / 60 ] loss: 0.149
0.31487064187725383
Accuracy: 0.704641 -- Precision: 0.783019 -- Recall: 0.638462 -- F1: 0.703390 -- AUC: 0.802372
========= epoch: 5 ==============
[ 1 / 60 ] loss: 0.354
[ 2 / 60 ] loss: 0.205
[ 3 / 60 ] loss: 0.281
[ 4 / 60 ] loss: 0.483
[ 5 / 60 ] loss: 0.210
[ 6 / 60 ] loss: 0.291
[ 7 / 60 ] loss: 0.340
[ 8 / 60 ] loss: 0.352
[ 9 / 60 ] loss: 0.580
[ 10 / 60 ] loss: 0.307
[ 11 / 60 ] loss: 0.116
[ 12 / 60 ] loss: 0.129
[ 13 / 60 ] loss: 0.311
[ 14 / 60 ] loss: 0.250
[ 15 / 60 ] loss: 0.228
[ 16 / 60 ] loss: 0.291
[ 17 / 60 ] loss: 0.208
[ 18 / 60 ] loss: 0.087
[ 19 / 60 ] loss: 0.355
[ 20 / 60 ] loss: 0.184
[ 21 / 60 ] loss: 0.113
[ 22 / 60 ] loss: 0.085
[ 23 / 60 ] loss: 0.077
[ 24 / 60 ] loss: 0.413
[ 25 / 60 ] loss: 0.377
[ 26 / 60 ] loss: 0.273
[ 27 / 60 ] loss: 0.570
[ 28 / 60 ] loss: 0.309
[ 29 / 60 ] loss: 0.326
[ 30 / 60 ] loss: 0.248
[ 31 / 60 ] loss: 0.327
[ 32 / 60 ] loss: 0.111
[ 33 / 60 ] loss: 0.319
[ 34 / 60 ] loss: 0.210
[ 35 / 60 ] loss: 0.473
[ 36 / 60 ] loss: 0.173
[ 37 / 60 ] loss: 0.461
[ 38 / 60 ] loss: 0.122
[ 39 / 60 ] loss: 0.245
[ 40 / 60 ] loss: 0.172
[ 41 / 60 ] loss: 0.444
[ 42 / 60 ] loss: 0.484
[ 43 / 60 ] loss: 0.182
[ 44 / 60 ] loss: 0.292
[ 45 / 60 ] loss: 0.259
[ 46 / 60 ] loss: 0.250
[ 47 / 60 ] loss: 0.191
[ 48 / 60 ] loss: 0.325
[ 49 / 60 ] loss: 0.099
[ 50 / 60 ] loss: 0.309
[ 51 / 60 ] loss: 0.391
[ 52 / 60 ] loss: 0.235
[ 53 / 60 ] loss: 0.513
[ 54 / 60 ] loss: 0.128
[ 55 / 60 ] loss: 0.360
[ 56 / 60 ] loss: 0.249
[ 57 / 60 ] loss: 0.125
[ 58 / 60 ] loss: 0.514
[ 59 / 60 ] loss: 0.172
[ 60 / 60 ] loss: 0.149
0.2773477042714755
Accuracy: 0.734177 -- Precision: 0.737589 -- Recall: 0.800000 -- F1: 0.767528 -- AUC: 0.769087
========= epoch: 6 ==============
[ 1 / 60 ] loss: 0.213
[ 2 / 60 ] loss: 0.137
[ 3 / 60 ] loss: 0.183
[ 4 / 60 ] loss: 0.130
[ 5 / 60 ] loss: 0.258
[ 6 / 60 ] loss: 0.294
[ 7 / 60 ] loss: 0.176
[ 8 / 60 ] loss: 0.369
[ 9 / 60 ] loss: 0.153
[ 10 / 60 ] loss: 0.357
[ 11 / 60 ] loss: 0.292
[ 12 / 60 ] loss: 0.116
[ 13 / 60 ] loss: 0.140
[ 14 / 60 ] loss: 0.434
[ 15 / 60 ] loss: 0.048
[ 16 / 60 ] loss: 0.345
[ 17 / 60 ] loss: 0.109
[ 18 / 60 ] loss: 0.453
[ 19 / 60 ] loss: 0.142
[ 20 / 60 ] loss: 0.279
[ 21 / 60 ] loss: 0.372
[ 22 / 60 ] loss: 0.225
[ 23 / 60 ] loss: 0.224
[ 24 / 60 ] loss: 0.268
[ 25 / 60 ] loss: 0.297
[ 26 / 60 ] loss: 0.139
[ 27 / 60 ] loss: 0.405
[ 28 / 60 ] loss: 0.268
[ 29 / 60 ] loss: 0.370
[ 30 / 60 ] loss: 0.160
[ 31 / 60 ] loss: 0.076
[ 32 / 60 ] loss: 0.350
[ 33 / 60 ] loss: 0.427
[ 34 / 60 ] loss: 0.175
[ 35 / 60 ] loss: 0.233
[ 36 / 60 ] loss: 0.160
[ 37 / 60 ] loss: 0.056
[ 38 / 60 ] loss: 0.115
[ 39 / 60 ] loss: 0.079
[ 40 / 60 ] loss: 0.345
[ 41 / 60 ] loss: 0.154
[ 42 / 60 ] loss: 0.281
[ 43 / 60 ] loss: 0.096
[ 44 / 60 ] loss: 0.417
[ 45 / 60 ] loss: 0.273
[ 46 / 60 ] loss: 0.264
[ 47 / 60 ] loss: 0.327
[ 48 / 60 ] loss: 0.153
[ 49 / 60 ] loss: 0.279
[ 50 / 60 ] loss: 0.215
[ 51 / 60 ] loss: 0.257
[ 52 / 60 ] loss: 0.310
[ 53 / 60 ] loss: 0.106
[ 54 / 60 ] loss: 0.133
[ 55 / 60 ] loss: 0.064
[ 56 / 60 ] loss: 0.185
[ 57 / 60 ] loss: 0.058
[ 58 / 60 ] loss: 0.265
[ 59 / 60 ] loss: 0.267
[ 60 / 60 ] loss: 0.024
0.22500546711186567
Accuracy: 0.721519 -- Precision: 0.785714 -- Recall: 0.676923 -- F1: 0.727273 -- AUC: 0.800288
========= epoch: 7 ==============
[ 1 / 60 ] loss: 0.164
[ 2 / 60 ] loss: 0.132
[ 3 / 60 ] loss: 0.075
[ 4 / 60 ] loss: 0.104
[ 5 / 60 ] loss: 0.563
[ 6 / 60 ] loss: 0.276
[ 7 / 60 ] loss: 0.250
[ 8 / 60 ] loss: 0.419
[ 9 / 60 ] loss: 0.525
[ 10 / 60 ] loss: 0.067
[ 11 / 60 ] loss: 0.102
[ 12 / 60 ] loss: 0.097
[ 13 / 60 ] loss: 0.289
[ 14 / 60 ] loss: 0.044
[ 15 / 60 ] loss: 0.099
[ 16 / 60 ] loss: 0.176
[ 17 / 60 ] loss: 0.130
[ 18 / 60 ] loss: 0.037
[ 19 / 60 ] loss: 0.092
[ 20 / 60 ] loss: 0.255
[ 21 / 60 ] loss: 0.076
[ 22 / 60 ] loss: 0.144
[ 23 / 60 ] loss: 0.193
[ 24 / 60 ] loss: 0.349
[ 25 / 60 ] loss: 0.239
[ 26 / 60 ] loss: 0.188
[ 27 / 60 ] loss: 0.056
[ 28 / 60 ] loss: 0.298
[ 29 / 60 ] loss: 0.118
[ 30 / 60 ] loss: 1.038
[ 31 / 60 ] loss: 0.595
[ 32 / 60 ] loss: 0.364
[ 33 / 60 ] loss: 0.195
[ 34 / 60 ] loss: 0.118
[ 35 / 60 ] loss: 0.092
[ 36 / 60 ] loss: 0.048
[ 37 / 60 ] loss: 0.340
[ 38 / 60 ] loss: 0.236
[ 39 / 60 ] loss: 0.228
[ 40 / 60 ] loss: 0.053
[ 41 / 60 ] loss: 0.264
[ 42 / 60 ] loss: 0.033
[ 43 / 60 ] loss: 0.124
[ 44 / 60 ] loss: 0.327
[ 45 / 60 ] loss: 0.193
[ 46 / 60 ] loss: 0.235
[ 47 / 60 ] loss: 0.211
[ 48 / 60 ] loss: 0.179
[ 49 / 60 ] loss: 0.067
[ 50 / 60 ] loss: 0.139
[ 51 / 60 ] loss: 0.342
[ 52 / 60 ] loss: 0.123
[ 53 / 60 ] loss: 0.139
[ 54 / 60 ] loss: 0.247
[ 55 / 60 ] loss: 0.421
[ 56 / 60 ] loss: 0.075
[ 57 / 60 ] loss: 0.083
[ 58 / 60 ] loss: 0.156
[ 59 / 60 ] loss: 0.380
[ 60 / 60 ] loss: 0.059
0.2110376628736655
Accuracy: 0.725738 -- Precision: 0.724138 -- Recall: 0.807692 -- F1: 0.763636 -- AUC: 0.780733
========= epoch: 8 ==============
[ 1 / 60 ] loss: 0.119
[ 2 / 60 ] loss: 0.055
[ 3 / 60 ] loss: 0.059
[ 4 / 60 ] loss: 0.270
[ 5 / 60 ] loss: 0.155
[ 6 / 60 ] loss: 0.088
[ 7 / 60 ] loss: 0.031
[ 8 / 60 ] loss: 0.026
[ 9 / 60 ] loss: 0.047
[ 10 / 60 ] loss: 0.279
[ 11 / 60 ] loss: 0.383
[ 12 / 60 ] loss: 0.418
[ 13 / 60 ] loss: 0.117
[ 14 / 60 ] loss: 0.228
[ 15 / 60 ] loss: 0.215
[ 16 / 60 ] loss: 0.258
[ 17 / 60 ] loss: 0.173
[ 18 / 60 ] loss: 0.459
[ 19 / 60 ] loss: 0.228
[ 20 / 60 ] loss: 0.109
[ 21 / 60 ] loss: 0.403
[ 22 / 60 ] loss: 0.071
[ 23 / 60 ] loss: 0.074
[ 24 / 60 ] loss: 0.269
[ 25 / 60 ] loss: 0.239
[ 26 / 60 ] loss: 0.036
[ 27 / 60 ] loss: 0.070
[ 28 / 60 ] loss: 0.194
[ 29 / 60 ] loss: 0.231
[ 30 / 60 ] loss: 0.252
[ 31 / 60 ] loss: 0.082
[ 32 / 60 ] loss: 0.060
[ 33 / 60 ] loss: 0.130
[ 34 / 60 ] loss: 0.023
[ 35 / 60 ] loss: 0.472
[ 36 / 60 ] loss: 0.126
[ 37 / 60 ] loss: 0.163
[ 38 / 60 ] loss: 0.094
[ 39 / 60 ] loss: 0.248
[ 40 / 60 ] loss: 0.048
[ 41 / 60 ] loss: 0.091
[ 42 / 60 ] loss: 0.126
[ 43 / 60 ] loss: 0.379
[ 44 / 60 ] loss: 0.094
[ 45 / 60 ] loss: 0.293
[ 46 / 60 ] loss: 0.026
[ 47 / 60 ] loss: 0.058
[ 48 / 60 ] loss: 0.254
[ 49 / 60 ] loss: 0.147
[ 50 / 60 ] loss: 0.237
[ 51 / 60 ] loss: 0.166
[ 52 / 60 ] loss: 0.374
[ 53 / 60 ] loss: 0.263
[ 54 / 60 ] loss: 0.230
[ 55 / 60 ] loss: 0.114
[ 56 / 60 ] loss: 0.280
[ 57 / 60 ] loss: 0.084
[ 58 / 60 ] loss: 0.041
[ 59 / 60 ] loss: 0.536
[ 60 / 60 ] loss: 1.270
0.20108784806604188
Accuracy: 0.729958 -- Precision: 0.732394 -- Recall: 0.800000 -- F1: 0.764706 -- AUC: 0.762257
========= epoch: 9 ==============
[ 1 / 60 ] loss: 0.344
[ 2 / 60 ] loss: 0.058
[ 3 / 60 ] loss: 0.234
[ 4 / 60 ] loss: 0.331
[ 5 / 60 ] loss: 0.066
[ 6 / 60 ] loss: 0.072
[ 7 / 60 ] loss: 0.072
[ 8 / 60 ] loss: 0.228
[ 9 / 60 ] loss: 0.365
[ 10 / 60 ] loss: 0.036
[ 11 / 60 ] loss: 0.109
[ 12 / 60 ] loss: 0.067
[ 13 / 60 ] loss: 0.052
[ 14 / 60 ] loss: 0.079
[ 15 / 60 ] loss: 0.063
[ 16 / 60 ] loss: 0.184
[ 17 / 60 ] loss: 0.062
[ 18 / 60 ] loss: 0.074
[ 19 / 60 ] loss: 0.431
[ 20 / 60 ] loss: 0.070
[ 21 / 60 ] loss: 0.067
[ 22 / 60 ] loss: 0.321
[ 23 / 60 ] loss: 0.087
[ 24 / 60 ] loss: 0.253
[ 25 / 60 ] loss: 0.252
[ 26 / 60 ] loss: 0.131
[ 27 / 60 ] loss: 0.065
[ 28 / 60 ] loss: 0.210
[ 29 / 60 ] loss: 0.177
[ 30 / 60 ] loss: 0.263
[ 31 / 60 ] loss: 0.294
[ 32 / 60 ] loss: 0.030
[ 33 / 60 ] loss: 0.076
[ 34 / 60 ] loss: 0.042
[ 35 / 60 ] loss: 0.253
[ 36 / 60 ] loss: 0.324
[ 37 / 60 ] loss: 0.030
[ 38 / 60 ] loss: 0.237
[ 39 / 60 ] loss: 0.057
[ 40 / 60 ] loss: 0.096
[ 41 / 60 ] loss: 0.124
[ 42 / 60 ] loss: 0.044
[ 43 / 60 ] loss: 0.498
[ 44 / 60 ] loss: 0.026
[ 45 / 60 ] loss: 0.080
[ 46 / 60 ] loss: 0.242
[ 47 / 60 ] loss: 0.046
[ 48 / 60 ] loss: 0.101
[ 49 / 60 ] loss: 0.283
[ 50 / 60 ] loss: 0.526
[ 51 / 60 ] loss: 0.218
[ 52 / 60 ] loss: 0.239
[ 53 / 60 ] loss: 0.395
[ 54 / 60 ] loss: 0.290
[ 55 / 60 ] loss: 0.133
[ 56 / 60 ] loss: 0.136
[ 57 / 60 ] loss: 0.260
[ 58 / 60 ] loss: 0.311
[ 59 / 60 ] loss: 0.143
[ 60 / 60 ] loss: 0.020
0.17301664870853226
Accuracy: 0.721519 -- Precision: 0.766667 -- Recall: 0.707692 -- F1: 0.736000 -- AUC: 0.774766
========= epoch: 10 ==============
[ 1 / 60 ] loss: 0.028
[ 2 / 60 ] loss: 0.158
[ 3 / 60 ] loss: 0.060
[ 4 / 60 ] loss: 0.163
[ 5 / 60 ] loss: 0.056
[ 6 / 60 ] loss: 0.067
[ 7 / 60 ] loss: 0.071
[ 8 / 60 ] loss: 0.050
[ 9 / 60 ] loss: 0.107
[ 10 / 60 ] loss: 0.307
[ 11 / 60 ] loss: 0.035
[ 12 / 60 ] loss: 0.303
[ 13 / 60 ] loss: 0.025
[ 14 / 60 ] loss: 0.032
[ 15 / 60 ] loss: 0.095
[ 16 / 60 ] loss: 0.018
[ 17 / 60 ] loss: 0.193
[ 18 / 60 ] loss: 0.332
[ 19 / 60 ] loss: 0.074
[ 20 / 60 ] loss: 0.138
[ 21 / 60 ] loss: 0.295
[ 22 / 60 ] loss: 0.039
[ 23 / 60 ] loss: 0.353
[ 24 / 60 ] loss: 0.051
[ 25 / 60 ] loss: 0.085
[ 26 / 60 ] loss: 0.034
[ 27 / 60 ] loss: 0.268
[ 28 / 60 ] loss: 0.382
[ 29 / 60 ] loss: 0.107
[ 30 / 60 ] loss: 0.067
[ 31 / 60 ] loss: 0.441
[ 32 / 60 ] loss: 0.279
[ 33 / 60 ] loss: 0.050
[ 34 / 60 ] loss: 0.290
[ 35 / 60 ] loss: 0.337
[ 36 / 60 ] loss: 0.343
[ 37 / 60 ] loss: 0.129
[ 38 / 60 ] loss: 0.128
[ 39 / 60 ] loss: 0.147
[ 40 / 60 ] loss: 0.032
[ 41 / 60 ] loss: 0.083
[ 42 / 60 ] loss: 0.239
[ 43 / 60 ] loss: 0.131
[ 44 / 60 ] loss: 0.083
[ 45 / 60 ] loss: 0.084
[ 46 / 60 ] loss: 0.140
[ 47 / 60 ] loss: 0.093
[ 48 / 60 ] loss: 0.236
[ 49 / 60 ] loss: 0.022
[ 50 / 60 ] loss: 0.102
[ 51 / 60 ] loss: 0.099
[ 52 / 60 ] loss: 0.024
[ 53 / 60 ] loss: 0.208
[ 54 / 60 ] loss: 0.333
[ 55 / 60 ] loss: 0.063
[ 56 / 60 ] loss: 0.077
[ 57 / 60 ] loss: 0.110
[ 58 / 60 ] loss: 0.189
[ 59 / 60 ] loss: 0.074
[ 60 / 60 ] loss: 0.041
0.14330113399773836
Accuracy: 0.713080 -- Precision: 0.767241 -- Recall: 0.684615 -- F1: 0.723577 -- AUC: 0.779871
========= epoch: 11 ==============
[ 1 / 60 ] loss: 0.017
[ 2 / 60 ] loss: 0.028
[ 3 / 60 ] loss: 0.039
[ 4 / 60 ] loss: 0.246
[ 5 / 60 ] loss: 0.018
[ 6 / 60 ] loss: 0.093
[ 7 / 60 ] loss: 0.094
[ 8 / 60 ] loss: 0.023
[ 9 / 60 ] loss: 0.021
[ 10 / 60 ] loss: 0.141
[ 11 / 60 ] loss: 0.037
[ 12 / 60 ] loss: 0.138
[ 13 / 60 ] loss: 0.022
[ 14 / 60 ] loss: 0.014
[ 15 / 60 ] loss: 0.342
[ 16 / 60 ] loss: 0.089
[ 17 / 60 ] loss: 0.296
[ 18 / 60 ] loss: 0.125
[ 19 / 60 ] loss: 0.259
[ 20 / 60 ] loss: 0.283
[ 21 / 60 ] loss: 0.432
[ 22 / 60 ] loss: 0.016
[ 23 / 60 ] loss: 0.240
[ 24 / 60 ] loss: 0.157
[ 25 / 60 ] loss: 0.204
[ 26 / 60 ] loss: 0.055
[ 27 / 60 ] loss: 0.273
[ 28 / 60 ] loss: 0.287
[ 29 / 60 ] loss: 0.171
[ 30 / 60 ] loss: 0.030
[ 31 / 60 ] loss: 0.079
[ 32 / 60 ] loss: 0.082
[ 33 / 60 ] loss: 0.054
[ 34 / 60 ] loss: 0.148
[ 35 / 60 ] loss: 0.272
[ 36 / 60 ] loss: 0.143
[ 37 / 60 ] loss: 0.214
[ 38 / 60 ] loss: 0.137
[ 39 / 60 ] loss: 0.163
[ 40 / 60 ] loss: 0.147
[ 41 / 60 ] loss: 0.108
[ 42 / 60 ] loss: 0.275
[ 43 / 60 ] loss: 0.400
[ 44 / 60 ] loss: 0.143
[ 45 / 60 ] loss: 0.394
[ 46 / 60 ] loss: 0.024
[ 47 / 60 ] loss: 0.052
[ 48 / 60 ] loss: 0.026
[ 49 / 60 ] loss: 0.020
[ 50 / 60 ] loss: 0.102
[ 51 / 60 ] loss: 0.351
[ 52 / 60 ] loss: 0.190
[ 53 / 60 ] loss: 0.159
[ 54 / 60 ] loss: 0.049
[ 55 / 60 ] loss: 0.148
[ 56 / 60 ] loss: 0.542
[ 57 / 60 ] loss: 0.021
[ 58 / 60 ] loss: 0.067
[ 59 / 60 ] loss: 0.317
[ 60 / 60 ] loss: 0.016
0.1505235225117455
Accuracy: 0.725738 -- Precision: 0.733813 -- Recall: 0.784615 -- F1: 0.758364 -- AUC: 0.783249
========= epoch: 12 ==============
[ 1 / 60 ] loss: 0.031
[ 2 / 60 ] loss: 0.093
[ 3 / 60 ] loss: 0.364
[ 4 / 60 ] loss: 0.126
[ 5 / 60 ] loss: 0.107
[ 6 / 60 ] loss: 0.169
[ 7 / 60 ] loss: 0.490
[ 8 / 60 ] loss: 0.139
[ 9 / 60 ] loss: 0.041
[ 10 / 60 ] loss: 0.465
[ 11 / 60 ] loss: 0.406
[ 12 / 60 ] loss: 0.192
[ 13 / 60 ] loss: 0.278
[ 14 / 60 ] loss: 0.128
[ 15 / 60 ] loss: 0.525
[ 16 / 60 ] loss: 0.022
[ 17 / 60 ] loss: 0.105
[ 18 / 60 ] loss: 0.024
[ 19 / 60 ] loss: 0.167
[ 20 / 60 ] loss: 0.153
[ 21 / 60 ] loss: 0.031
[ 22 / 60 ] loss: 0.179
[ 23 / 60 ] loss: 0.102
[ 24 / 60 ] loss: 0.076
[ 25 / 60 ] loss: 0.073
[ 26 / 60 ] loss: 0.150
[ 27 / 60 ] loss: 0.087
[ 28 / 60 ] loss: 0.102
[ 29 / 60 ] loss: 0.289
[ 30 / 60 ] loss: 0.018
[ 31 / 60 ] loss: 0.022
[ 32 / 60 ] loss: 0.220
[ 33 / 60 ] loss: 0.051
[ 34 / 60 ] loss: 0.220
[ 35 / 60 ] loss: 0.018
[ 36 / 60 ] loss: 0.022
[ 37 / 60 ] loss: 0.074
[ 38 / 60 ] loss: 0.017
[ 39 / 60 ] loss: 0.038
[ 40 / 60 ] loss: 0.378
[ 41 / 60 ] loss: 0.047
[ 42 / 60 ] loss: 0.062
[ 43 / 60 ] loss: 0.116
[ 44 / 60 ] loss: 0.065
[ 45 / 60 ] loss: 0.082
[ 46 / 60 ] loss: 0.182
[ 47 / 60 ] loss: 0.014
[ 48 / 60 ] loss: 0.026
[ 49 / 60 ] loss: 0.217
[ 50 / 60 ] loss: 0.019
[ 51 / 60 ] loss: 0.085
[ 52 / 60 ] loss: 0.077
[ 53 / 60 ] loss: 0.375
[ 54 / 60 ] loss: 0.023
[ 55 / 60 ] loss: 0.077
[ 56 / 60 ] loss: 0.018
[ 57 / 60 ] loss: 0.040
[ 58 / 60 ] loss: 0.281
[ 59 / 60 ] loss: 0.275
[ 60 / 60 ] loss: 0.014
0.13807030242557328
Accuracy: 0.734177 -- Precision: 0.731034 -- Recall: 0.815385 -- F1: 0.770909 -- AUC: 0.756362
========= epoch: 13 ==============
[ 1 / 60 ] loss: 0.049
[ 2 / 60 ] loss: 0.018
[ 3 / 60 ] loss: 0.031
[ 4 / 60 ] loss: 0.021
[ 5 / 60 ] loss: 0.019
[ 6 / 60 ] loss: 0.195
[ 7 / 60 ] loss: 0.017
[ 8 / 60 ] loss: 0.268
[ 9 / 60 ] loss: 0.348
[ 10 / 60 ] loss: 0.017
[ 11 / 60 ] loss: 0.214
[ 12 / 60 ] loss: 0.293
[ 13 / 60 ] loss: 0.132
[ 14 / 60 ] loss: 0.051
[ 15 / 60 ] loss: 0.042
[ 16 / 60 ] loss: 0.047
[ 17 / 60 ] loss: 0.216
[ 18 / 60 ] loss: 0.081
[ 19 / 60 ] loss: 0.161
[ 20 / 60 ] loss: 0.041
[ 21 / 60 ] loss: 0.026
[ 22 / 60 ] loss: 0.024
[ 23 / 60 ] loss: 0.112
[ 24 / 60 ] loss: 0.046
[ 25 / 60 ] loss: 0.061
[ 26 / 60 ] loss: 0.013
[ 27 / 60 ] loss: 0.207
[ 28 / 60 ] loss: 0.253
[ 29 / 60 ] loss: 0.200
[ 30 / 60 ] loss: 0.072
[ 31 / 60 ] loss: 0.044
[ 32 / 60 ] loss: 0.091
[ 33 / 60 ] loss: 0.023
[ 34 / 60 ] loss: 0.336
[ 35 / 60 ] loss: 0.158
[ 36 / 60 ] loss: 0.034
[ 37 / 60 ] loss: 0.410
[ 38 / 60 ] loss: 0.025
[ 39 / 60 ] loss: 0.169
[ 40 / 60 ] loss: 0.410
[ 41 / 60 ] loss: 0.016
[ 42 / 60 ] loss: 0.062
[ 43 / 60 ] loss: 0.019
[ 44 / 60 ] loss: 0.133
[ 45 / 60 ] loss: 0.156
[ 46 / 60 ] loss: 0.148
[ 47 / 60 ] loss: 0.146
[ 48 / 60 ] loss: 0.023
[ 49 / 60 ] loss: 0.063
[ 50 / 60 ] loss: 0.026
[ 51 / 60 ] loss: 0.062
[ 52 / 60 ] loss: 0.246
[ 53 / 60 ] loss: 0.179
[ 54 / 60 ] loss: 0.033
[ 55 / 60 ] loss: 0.018
[ 56 / 60 ] loss: 0.046
[ 57 / 60 ] loss: 0.013
[ 58 / 60 ] loss: 0.331
[ 59 / 60 ] loss: 0.114
[ 60 / 60 ] loss: 0.005
0.11359432834821442
Accuracy: 0.713080 -- Precision: 0.754098 -- Recall: 0.707692 -- F1: 0.730159 -- AUC: 0.775701
========= epoch: 14 ==============
[ 1 / 60 ] loss: 0.056
[ 2 / 60 ] loss: 0.074
[ 3 / 60 ] loss: 0.054
[ 4 / 60 ] loss: 0.128
[ 5 / 60 ] loss: 0.177
[ 6 / 60 ] loss: 0.026
[ 7 / 60 ] loss: 0.180
[ 8 / 60 ] loss: 0.606
[ 9 / 60 ] loss: 0.012
[ 10 / 60 ] loss: 0.124
[ 11 / 60 ] loss: 0.066
[ 12 / 60 ] loss: 0.073
[ 13 / 60 ] loss: 0.070
[ 14 / 60 ] loss: 0.183
[ 15 / 60 ] loss: 0.135
[ 16 / 60 ] loss: 0.047
[ 17 / 60 ] loss: 0.037
[ 18 / 60 ] loss: 0.079
[ 19 / 60 ] loss: 0.059
[ 20 / 60 ] loss: 0.170
[ 21 / 60 ] loss: 0.081
[ 22 / 60 ] loss: 0.123
[ 23 / 60 ] loss: 0.502
[ 24 / 60 ] loss: 0.153
[ 25 / 60 ] loss: 0.027
[ 26 / 60 ] loss: 0.084
[ 27 / 60 ] loss: 0.049
[ 28 / 60 ] loss: 0.055
[ 29 / 60 ] loss: 0.288
[ 30 / 60 ] loss: 0.073
[ 31 / 60 ] loss: 0.020
[ 32 / 60 ] loss: 0.030
[ 33 / 60 ] loss: 0.101
[ 34 / 60 ] loss: 0.035
[ 35 / 60 ] loss: 0.122
[ 36 / 60 ] loss: 0.011
[ 37 / 60 ] loss: 0.201
[ 38 / 60 ] loss: 0.098
[ 39 / 60 ] loss: 0.217
[ 40 / 60 ] loss: 0.054
[ 41 / 60 ] loss: 0.013
[ 42 / 60 ] loss: 0.084
[ 43 / 60 ] loss: 0.037
[ 44 / 60 ] loss: 0.419
[ 45 / 60 ] loss: 0.034
[ 46 / 60 ] loss: 0.028
[ 47 / 60 ] loss: 0.262
[ 48 / 60 ] loss: 0.138
[ 49 / 60 ] loss: 0.096
[ 50 / 60 ] loss: 0.018
[ 51 / 60 ] loss: 0.057
[ 52 / 60 ] loss: 0.035
[ 53 / 60 ] loss: 0.042
[ 54 / 60 ] loss: 0.043
[ 55 / 60 ] loss: 0.151
[ 56 / 60 ] loss: 0.020
[ 57 / 60 ] loss: 0.028
[ 58 / 60 ] loss: 0.293
[ 59 / 60 ] loss: 0.012
[ 60 / 60 ] loss: 0.008
0.10836043373371164
Accuracy: 0.725738 -- Precision: 0.755906 -- Recall: 0.738462 -- F1: 0.747082 -- AUC: 0.763192
========= epoch: 15 ==============
[ 1 / 60 ] loss: 0.027
[ 2 / 60 ] loss: 0.138
[ 3 / 60 ] loss: 0.275
[ 4 / 60 ] loss: 0.181
[ 5 / 60 ] loss: 0.010
[ 6 / 60 ] loss: 0.024
[ 7 / 60 ] loss: 0.013
[ 8 / 60 ] loss: 0.099
[ 9 / 60 ] loss: 0.089
[ 10 / 60 ] loss: 0.234
[ 11 / 60 ] loss: 0.199
[ 12 / 60 ] loss: 0.023
[ 13 / 60 ] loss: 0.053
[ 14 / 60 ] loss: 0.076
[ 15 / 60 ] loss: 0.686
[ 16 / 60 ] loss: 0.173
[ 17 / 60 ] loss: 0.035
[ 18 / 60 ] loss: 0.106
[ 19 / 60 ] loss: 0.384
[ 20 / 60 ] loss: 0.070
[ 21 / 60 ] loss: 0.079
[ 22 / 60 ] loss: 0.033
[ 23 / 60 ] loss: 0.198
[ 24 / 60 ] loss: 0.075
[ 25 / 60 ] loss: 0.081
[ 26 / 60 ] loss: 0.099
[ 27 / 60 ] loss: 0.127
[ 28 / 60 ] loss: 0.154
[ 29 / 60 ] loss: 0.051
[ 30 / 60 ] loss: 0.056
[ 31 / 60 ] loss: 0.073
[ 32 / 60 ] loss: 0.381
[ 33 / 60 ] loss: 0.161
[ 34 / 60 ] loss: 0.019
[ 35 / 60 ] loss: 0.049
[ 36 / 60 ] loss: 0.279
[ 37 / 60 ] loss: 0.379
[ 38 / 60 ] loss: 0.058
[ 39 / 60 ] loss: 0.239
[ 40 / 60 ] loss: 0.087
[ 41 / 60 ] loss: 0.309
[ 42 / 60 ] loss: 0.203
[ 43 / 60 ] loss: 0.013
[ 44 / 60 ] loss: 0.016
[ 45 / 60 ] loss: 0.114
[ 46 / 60 ] loss: 0.014
[ 47 / 60 ] loss: 0.031
[ 48 / 60 ] loss: 0.112
[ 49 / 60 ] loss: 0.012
[ 50 / 60 ] loss: 0.032
[ 51 / 60 ] loss: 0.053
[ 52 / 60 ] loss: 0.167
[ 53 / 60 ] loss: 0.252
[ 54 / 60 ] loss: 0.150
[ 55 / 60 ] loss: 0.030
[ 56 / 60 ] loss: 0.196
[ 57 / 60 ] loss: 0.121
[ 58 / 60 ] loss: 0.017
[ 59 / 60 ] loss: 0.069
[ 60 / 60 ] loss: 0.023
0.1250663590617478
Accuracy: 0.687764 -- Precision: 0.681818 -- Recall: 0.807692 -- F1: 0.739437 -- AUC: 0.744788
========= epoch: 16 ==============
[ 1 / 60 ] loss: 0.088
[ 2 / 60 ] loss: 0.449
[ 3 / 60 ] loss: 0.092
[ 4 / 60 ] loss: 0.068
[ 5 / 60 ] loss: 0.095
[ 6 / 60 ] loss: 0.132
[ 7 / 60 ] loss: 0.098
[ 8 / 60 ] loss: 0.100
[ 9 / 60 ] loss: 0.069
[ 10 / 60 ] loss: 0.121
[ 11 / 60 ] loss: 0.040
[ 12 / 60 ] loss: 0.060
[ 13 / 60 ] loss: 0.272
[ 14 / 60 ] loss: 0.046
[ 15 / 60 ] loss: 0.074
[ 16 / 60 ] loss: 0.014
[ 17 / 60 ] loss: 0.478
[ 18 / 60 ] loss: 0.020
[ 19 / 60 ] loss: 0.012
[ 20 / 60 ] loss: 0.191
[ 21 / 60 ] loss: 0.018
[ 22 / 60 ] loss: 0.043
[ 23 / 60 ] loss: 0.102
[ 24 / 60 ] loss: 0.062
[ 25 / 60 ] loss: 0.012
[ 26 / 60 ] loss: 0.091
[ 27 / 60 ] loss: 0.008
[ 28 / 60 ] loss: 0.017
[ 29 / 60 ] loss: 0.233
[ 30 / 60 ] loss: 0.241
[ 31 / 60 ] loss: 0.239
[ 32 / 60 ] loss: 0.078
[ 33 / 60 ] loss: 0.031
[ 34 / 60 ] loss: 0.448
[ 35 / 60 ] loss: 0.056
[ 36 / 60 ] loss: 0.021
[ 37 / 60 ] loss: 0.060
[ 38 / 60 ] loss: 0.010
[ 39 / 60 ] loss: 0.047
[ 40 / 60 ] loss: 0.116
[ 41 / 60 ] loss: 0.022
[ 42 / 60 ] loss: 0.126
[ 43 / 60 ] loss: 0.012
[ 44 / 60 ] loss: 0.174
[ 45 / 60 ] loss: 0.147
[ 46 / 60 ] loss: 0.291
[ 47 / 60 ] loss: 0.041
[ 48 / 60 ] loss: 0.433
[ 49 / 60 ] loss: 0.060
[ 50 / 60 ] loss: 0.349
[ 51 / 60 ] loss: 0.199
[ 52 / 60 ] loss: 0.019
[ 53 / 60 ] loss: 0.137
[ 54 / 60 ] loss: 0.275
[ 55 / 60 ] loss: 0.074
[ 56 / 60 ] loss: 0.147
[ 57 / 60 ] loss: 0.375
[ 58 / 60 ] loss: 0.043
[ 59 / 60 ] loss: 0.171
[ 60 / 60 ] loss: 0.050
0.12656764201819898
Accuracy: 0.708861 -- Precision: 0.725926 -- Recall: 0.753846 -- F1: 0.739623 -- AUC: 0.749533
========= epoch: 17 ==============
[ 1 / 60 ] loss: 0.110
[ 2 / 60 ] loss: 0.061
[ 3 / 60 ] loss: 0.050
[ 4 / 60 ] loss: 0.049
[ 5 / 60 ] loss: 0.040
[ 6 / 60 ] loss: 0.013
[ 7 / 60 ] loss: 0.043
[ 8 / 60 ] loss: 0.229
[ 9 / 60 ] loss: 0.045
[ 10 / 60 ] loss: 0.024
[ 11 / 60 ] loss: 0.021
[ 12 / 60 ] loss: 0.041
[ 13 / 60 ] loss: 0.167
[ 14 / 60 ] loss: 0.036
[ 15 / 60 ] loss: 0.143
[ 16 / 60 ] loss: 0.131
[ 17 / 60 ] loss: 0.013
[ 18 / 60 ] loss: 0.128
[ 19 / 60 ] loss: 0.009
[ 20 / 60 ] loss: 0.053
[ 21 / 60 ] loss: 0.008
[ 22 / 60 ] loss: 0.027
[ 23 / 60 ] loss: 0.025
[ 24 / 60 ] loss: 0.045
[ 25 / 60 ] loss: 0.247
[ 26 / 60 ] loss: 0.056
[ 27 / 60 ] loss: 0.254
[ 28 / 60 ] loss: 0.010
[ 29 / 60 ] loss: 0.229
[ 30 / 60 ] loss: 0.559
[ 31 / 60 ] loss: 0.035
[ 32 / 60 ] loss: 0.124
[ 33 / 60 ] loss: 0.029
[ 34 / 60 ] loss: 0.374
[ 35 / 60 ] loss: 0.009
[ 36 / 60 ] loss: 0.051
[ 37 / 60 ] loss: 0.041
[ 38 / 60 ] loss: 0.119
[ 39 / 60 ] loss: 0.048
[ 40 / 60 ] loss: 0.028
[ 41 / 60 ] loss: 0.111
[ 42 / 60 ] loss: 0.048
[ 43 / 60 ] loss: 0.058
[ 44 / 60 ] loss: 0.077
[ 45 / 60 ] loss: 0.139
[ 46 / 60 ] loss: 0.124
[ 47 / 60 ] loss: 0.049
[ 48 / 60 ] loss: 0.393
[ 49 / 60 ] loss: 0.040
[ 50 / 60 ] loss: 0.123
[ 51 / 60 ] loss: 0.133
[ 52 / 60 ] loss: 0.203
[ 53 / 60 ] loss: 0.017
[ 54 / 60 ] loss: 0.020
[ 55 / 60 ] loss: 0.021
[ 56 / 60 ] loss: 0.171
[ 57 / 60 ] loss: 0.022
[ 58 / 60 ] loss: 0.159
[ 59 / 60 ] loss: 0.395
[ 60 / 60 ] loss: 0.008
0.10055918344296515
Accuracy: 0.708861 -- Precision: 0.732824 -- Recall: 0.738462 -- F1: 0.735632 -- AUC: 0.753630
========= epoch: 18 ==============
[ 1 / 60 ] loss: 0.012
[ 2 / 60 ] loss: 0.063
[ 3 / 60 ] loss: 0.048
[ 4 / 60 ] loss: 0.058
[ 5 / 60 ] loss: 0.081
[ 6 / 60 ] loss: 0.045
[ 7 / 60 ] loss: 0.046
[ 8 / 60 ] loss: 0.312
[ 9 / 60 ] loss: 0.011
[ 10 / 60 ] loss: 0.057
[ 11 / 60 ] loss: 0.080
[ 12 / 60 ] loss: 0.061
[ 13 / 60 ] loss: 0.010
[ 14 / 60 ] loss: 0.111
[ 15 / 60 ] loss: 0.061
[ 16 / 60 ] loss: 0.043
[ 17 / 60 ] loss: 0.029
[ 18 / 60 ] loss: 0.102
[ 19 / 60 ] loss: 0.101
[ 20 / 60 ] loss: 0.038
[ 21 / 60 ] loss: 0.023
[ 22 / 60 ] loss: 0.012
[ 23 / 60 ] loss: 0.066
[ 24 / 60 ] loss: 0.203
[ 25 / 60 ] loss: 0.106
[ 26 / 60 ] loss: 0.012
[ 27 / 60 ] loss: 0.098
[ 28 / 60 ] loss: 0.018
[ 29 / 60 ] loss: 0.009
[ 30 / 60 ] loss: 0.078
[ 31 / 60 ] loss: 0.008
[ 32 / 60 ] loss: 0.007
[ 33 / 60 ] loss: 0.009
[ 34 / 60 ] loss: 0.008
[ 35 / 60 ] loss: 0.483
[ 36 / 60 ] loss: 0.022
[ 37 / 60 ] loss: 0.008
[ 38 / 60 ] loss: 0.011
[ 39 / 60 ] loss: 0.011
[ 40 / 60 ] loss: 0.350
[ 41 / 60 ] loss: 0.081
[ 42 / 60 ] loss: 0.412
[ 43 / 60 ] loss: 0.009
[ 44 / 60 ] loss: 0.144
[ 45 / 60 ] loss: 0.013
[ 46 / 60 ] loss: 0.112
[ 47 / 60 ] loss: 0.014
[ 48 / 60 ] loss: 0.095
[ 49 / 60 ] loss: 0.008
[ 50 / 60 ] loss: 0.130
[ 51 / 60 ] loss: 0.145
[ 52 / 60 ] loss: 0.056
[ 53 / 60 ] loss: 0.102
[ 54 / 60 ] loss: 0.098
[ 55 / 60 ] loss: 0.061
[ 56 / 60 ] loss: 0.132
[ 57 / 60 ] loss: 0.125
[ 58 / 60 ] loss: 0.065
[ 59 / 60 ] loss: 0.032
[ 60 / 60 ] loss: 0.006
0.07920820139503727
Accuracy: 0.691983 -- Precision: 0.696552 -- Recall: 0.776923 -- F1: 0.734545 -- AUC: 0.743997
========= epoch: 19 ==============
[ 1 / 60 ] loss: 0.102
[ 2 / 60 ] loss: 0.040
[ 3 / 60 ] loss: 0.074
[ 4 / 60 ] loss: 0.032
[ 5 / 60 ] loss: 0.024
[ 6 / 60 ] loss: 0.006
[ 7 / 60 ] loss: 0.077
[ 8 / 60 ] loss: 0.033
[ 9 / 60 ] loss: 0.004
[ 10 / 60 ] loss: 0.005
[ 11 / 60 ] loss: 0.063
[ 12 / 60 ] loss: 0.021
[ 13 / 60 ] loss: 0.132
[ 14 / 60 ] loss: 0.005
[ 15 / 60 ] loss: 0.006
[ 16 / 60 ] loss: 0.034
[ 17 / 60 ] loss: 0.010
[ 18 / 60 ] loss: 0.035
[ 19 / 60 ] loss: 0.164
[ 20 / 60 ] loss: 0.020
[ 21 / 60 ] loss: 0.035
[ 22 / 60 ] loss: 0.038
[ 23 / 60 ] loss: 0.018
[ 24 / 60 ] loss: 0.100
[ 25 / 60 ] loss: 0.006
[ 26 / 60 ] loss: 0.013
[ 27 / 60 ] loss: 0.021
[ 28 / 60 ] loss: 0.393
[ 29 / 60 ] loss: 0.012
[ 30 / 60 ] loss: 0.105
[ 31 / 60 ] loss: 0.086
[ 32 / 60 ] loss: 0.009
[ 33 / 60 ] loss: 0.042
[ 34 / 60 ] loss: 0.178
[ 35 / 60 ] loss: 0.165
[ 36 / 60 ] loss: 0.005
[ 37 / 60 ] loss: 0.071
[ 38 / 60 ] loss: 0.167
[ 39 / 60 ] loss: 0.094
[ 40 / 60 ] loss: 0.008
[ 41 / 60 ] loss: 0.079
[ 42 / 60 ] loss: 0.011
[ 43 / 60 ] loss: 0.035
[ 44 / 60 ] loss: 0.010
[ 45 / 60 ] loss: 0.011
[ 46 / 60 ] loss: 0.104
[ 47 / 60 ] loss: 0.135
[ 48 / 60 ] loss: 0.072
[ 49 / 60 ] loss: 0.390
[ 50 / 60 ] loss: 0.097
[ 51 / 60 ] loss: 0.023
[ 52 / 60 ] loss: 0.057
[ 53 / 60 ] loss: 0.106
[ 54 / 60 ] loss: 0.045
[ 55 / 60 ] loss: 0.126
[ 56 / 60 ] loss: 0.016
[ 57 / 60 ] loss: 0.036
[ 58 / 60 ] loss: 0.099
[ 59 / 60 ] loss: 0.385
[ 60 / 60 ] loss: 0.006
0.07160355768476924
Accuracy: 0.713080 -- Precision: 0.750000 -- Recall: 0.715385 -- F1: 0.732283 -- AUC: 0.773544
========= epoch: 20 ==============
[ 1 / 60 ] loss: 0.044
[ 2 / 60 ] loss: 0.010
[ 3 / 60 ] loss: 0.106
[ 4 / 60 ] loss: 0.115
[ 5 / 60 ] loss: 0.074
[ 6 / 60 ] loss: 0.207
[ 7 / 60 ] loss: 0.040
[ 8 / 60 ] loss: 0.049
[ 9 / 60 ] loss: 0.039
[ 10 / 60 ] loss: 0.008
[ 11 / 60 ] loss: 0.111
[ 12 / 60 ] loss: 0.020
[ 13 / 60 ] loss: 0.132
[ 14 / 60 ] loss: 0.051
[ 15 / 60 ] loss: 0.048
[ 16 / 60 ] loss: 0.301
[ 17 / 60 ] loss: 0.059
[ 18 / 60 ] loss: 0.115
[ 19 / 60 ] loss: 0.302
[ 20 / 60 ] loss: 0.179
[ 21 / 60 ] loss: 0.069
[ 22 / 60 ] loss: 0.068
[ 23 / 60 ] loss: 0.068
[ 24 / 60 ] loss: 0.022
[ 25 / 60 ] loss: 0.046
[ 26 / 60 ] loss: 0.016
[ 27 / 60 ] loss: 0.036
[ 28 / 60 ] loss: 0.015
[ 29 / 60 ] loss: 0.028
[ 30 / 60 ] loss: 0.009
[ 31 / 60 ] loss: 0.008
[ 32 / 60 ] loss: 0.041
[ 33 / 60 ] loss: 0.052
[ 34 / 60 ] loss: 0.018
[ 35 / 60 ] loss: 0.166
[ 36 / 60 ] loss: 0.108
[ 37 / 60 ] loss: 0.020
[ 38 / 60 ] loss: 0.013
[ 39 / 60 ] loss: 0.026
[ 40 / 60 ] loss: 0.028
[ 41 / 60 ] loss: 0.007
[ 42 / 60 ] loss: 0.007
[ 43 / 60 ] loss: 0.150
[ 44 / 60 ] loss: 0.032
[ 45 / 60 ] loss: 0.028
[ 46 / 60 ] loss: 0.037
[ 47 / 60 ] loss: 0.296
[ 48 / 60 ] loss: 0.098
[ 49 / 60 ] loss: 0.006
[ 50 / 60 ] loss: 0.050
[ 51 / 60 ] loss: 0.024
[ 52 / 60 ] loss: 0.257
[ 53 / 60 ] loss: 0.045
[ 54 / 60 ] loss: 0.069
[ 55 / 60 ] loss: 0.127
[ 56 / 60 ] loss: 0.154
[ 57 / 60 ] loss: 0.124
[ 58 / 60 ] loss: 0.073
[ 59 / 60 ] loss: 0.029
[ 60 / 60 ] loss: 0.188
0.07783569269037495
Accuracy: 0.691983 -- Precision: 0.761468 -- Recall: 0.638462 -- F1: 0.694561 -- AUC: 0.781596
========= epoch: 21 ==============
[ 1 / 60 ] loss: 0.050
[ 2 / 60 ] loss: 0.004
[ 3 / 60 ] loss: 0.021
[ 4 / 60 ] loss: 0.153
[ 5 / 60 ] loss: 0.189
[ 6 / 60 ] loss: 0.144
[ 7 / 60 ] loss: 0.021
[ 8 / 60 ] loss: 0.018
[ 9 / 60 ] loss: 0.154
[ 10 / 60 ] loss: 0.075
[ 11 / 60 ] loss: 0.023
[ 12 / 60 ] loss: 0.229
[ 13 / 60 ] loss: 0.124
[ 14 / 60 ] loss: 0.046
[ 15 / 60 ] loss: 0.048
[ 16 / 60 ] loss: 0.065
[ 17 / 60 ] loss: 0.137
[ 18 / 60 ] loss: 0.107
[ 19 / 60 ] loss: 0.051
[ 20 / 60 ] loss: 0.006
[ 21 / 60 ] loss: 0.237
[ 22 / 60 ] loss: 0.047
[ 23 / 60 ] loss: 0.069
[ 24 / 60 ] loss: 0.071
[ 25 / 60 ] loss: 0.040
[ 26 / 60 ] loss: 0.016
[ 27 / 60 ] loss: 0.153
[ 28 / 60 ] loss: 0.045
[ 29 / 60 ] loss: 0.056
[ 30 / 60 ] loss: 0.069
[ 31 / 60 ] loss: 0.059
[ 32 / 60 ] loss: 0.292
[ 33 / 60 ] loss: 0.004
[ 34 / 60 ] loss: 0.043
[ 35 / 60 ] loss: 0.005
[ 36 / 60 ] loss: 0.024
[ 37 / 60 ] loss: 0.017
[ 38 / 60 ] loss: 0.070
[ 39 / 60 ] loss: 0.016
[ 40 / 60 ] loss: 0.005
[ 41 / 60 ] loss: 0.030
[ 42 / 60 ] loss: 0.023
[ 43 / 60 ] loss: 0.004
[ 44 / 60 ] loss: 0.010
[ 45 / 60 ] loss: 0.317
[ 46 / 60 ] loss: 0.004
[ 47 / 60 ] loss: 0.043
[ 48 / 60 ] loss: 0.028
[ 49 / 60 ] loss: 0.004
[ 50 / 60 ] loss: 0.004
[ 51 / 60 ] loss: 0.024
[ 52 / 60 ] loss: 0.042
[ 53 / 60 ] loss: 0.010
[ 54 / 60 ] loss: 0.043
[ 55 / 60 ] loss: 0.110
[ 56 / 60 ] loss: 0.009
[ 57 / 60 ] loss: 0.217
[ 58 / 60 ] loss: 0.193
[ 59 / 60 ] loss: 0.109
[ 60 / 60 ] loss: 0.004
0.07057163617573678
Accuracy: 0.738397 -- Precision: 0.783333 -- Recall: 0.723077 -- F1: 0.752000 -- AUC: 0.794824
保存模型参数
========= epoch: 22 ==============
[ 1 / 60 ] loss: 0.072
[ 2 / 60 ] loss: 0.066
[ 3 / 60 ] loss: 0.003
[ 4 / 60 ] loss: 0.098
[ 5 / 60 ] loss: 0.005
[ 6 / 60 ] loss: 0.086
[ 7 / 60 ] loss: 0.007
[ 8 / 60 ] loss: 0.032
[ 9 / 60 ] loss: 0.020
[ 10 / 60 ] loss: 0.094
[ 11 / 60 ] loss: 0.127
[ 12 / 60 ] loss: 0.003
[ 13 / 60 ] loss: 0.017
[ 14 / 60 ] loss: 0.048
[ 15 / 60 ] loss: 0.034
[ 16 / 60 ] loss: 0.004
[ 17 / 60 ] loss: 0.052
[ 18 / 60 ] loss: 0.148
[ 19 / 60 ] loss: 0.116
[ 20 / 60 ] loss: 0.051
[ 21 / 60 ] loss: 0.016
[ 22 / 60 ] loss: 0.042
[ 23 / 60 ] loss: 0.036
[ 24 / 60 ] loss: 0.124
[ 25 / 60 ] loss: 0.011
[ 26 / 60 ] loss: 0.017
[ 27 / 60 ] loss: 0.103
[ 28 / 60 ] loss: 0.067
[ 29 / 60 ] loss: 0.003
[ 30 / 60 ] loss: 0.041
[ 31 / 60 ] loss: 0.048
[ 32 / 60 ] loss: 0.019
[ 33 / 60 ] loss: 0.156
[ 34 / 60 ] loss: 0.028
[ 35 / 60 ] loss: 0.131
[ 36 / 60 ] loss: 0.071
[ 37 / 60 ] loss: 0.290
[ 38 / 60 ] loss: 0.013
[ 39 / 60 ] loss: 0.007
[ 40 / 60 ] loss: 0.059
[ 41 / 60 ] loss: 0.065
[ 42 / 60 ] loss: 0.124
[ 43 / 60 ] loss: 0.004
[ 44 / 60 ] loss: 0.014
[ 45 / 60 ] loss: 0.125
[ 46 / 60 ] loss: 0.004
[ 47 / 60 ] loss: 0.069
[ 48 / 60 ] loss: 0.380
[ 49 / 60 ] loss: 0.003
[ 50 / 60 ] loss: 0.224
[ 51 / 60 ] loss: 0.004
[ 52 / 60 ] loss: 0.004
[ 53 / 60 ] loss: 0.047
[ 54 / 60 ] loss: 0.088
[ 55 / 60 ] loss: 0.004
[ 56 / 60 ] loss: 0.005
[ 57 / 60 ] loss: 0.003
[ 58 / 60 ] loss: 0.064
[ 59 / 60 ] loss: 0.003
[ 60 / 60 ] loss: 0.011
0.06019654359358052
Accuracy: 0.721519 -- Precision: 0.722222 -- Recall: 0.800000 -- F1: 0.759124 -- AUC: 0.769554
========= epoch: 23 ==============
[ 1 / 60 ] loss: 0.006
[ 2 / 60 ] loss: 0.035
[ 3 / 60 ] loss: 0.029
[ 4 / 60 ] loss: 0.103
[ 5 / 60 ] loss: 0.009
[ 6 / 60 ] loss: 0.015
[ 7 / 60 ] loss: 0.006
[ 8 / 60 ] loss: 0.021
[ 9 / 60 ] loss: 0.006
[ 10 / 60 ] loss: 0.004
[ 11 / 60 ] loss: 0.005
[ 12 / 60 ] loss: 0.067
[ 13 / 60 ] loss: 0.012
[ 14 / 60 ] loss: 0.006
[ 15 / 60 ] loss: 0.005
[ 16 / 60 ] loss: 0.114
[ 17 / 60 ] loss: 0.112
[ 18 / 60 ] loss: 0.017
[ 19 / 60 ] loss: 0.364
[ 20 / 60 ] loss: 0.172
[ 21 / 60 ] loss: 0.095
[ 22 / 60 ] loss: 0.002
[ 23 / 60 ] loss: 0.003
[ 24 / 60 ] loss: 0.002
[ 25 / 60 ] loss: 0.050
[ 26 / 60 ] loss: 0.111
[ 27 / 60 ] loss: 0.078
[ 28 / 60 ] loss: 0.122
[ 29 / 60 ] loss: 0.178
[ 30 / 60 ] loss: 0.048
[ 31 / 60 ] loss: 0.034
[ 32 / 60 ] loss: 0.003
[ 33 / 60 ] loss: 0.019
[ 34 / 60 ] loss: 0.025
[ 35 / 60 ] loss: 0.022
[ 36 / 60 ] loss: 0.038
[ 37 / 60 ] loss: 0.054
[ 38 / 60 ] loss: 0.005
[ 39 / 60 ] loss: 0.124
[ 40 / 60 ] loss: 0.053
[ 41 / 60 ] loss: 0.050
[ 42 / 60 ] loss: 0.028
[ 43 / 60 ] loss: 0.069
[ 44 / 60 ] loss: 0.040
[ 45 / 60 ] loss: 0.003
[ 46 / 60 ] loss: 0.004
[ 47 / 60 ] loss: 0.003
[ 48 / 60 ] loss: 0.004
[ 49 / 60 ] loss: 0.068
[ 50 / 60 ] loss: 0.057
[ 51 / 60 ] loss: 0.213
[ 52 / 60 ] loss: 0.003
[ 53 / 60 ] loss: 0.005
[ 54 / 60 ] loss: 0.323
[ 55 / 60 ] loss: 0.477
[ 56 / 60 ] loss: 0.070
[ 57 / 60 ] loss: 0.008
[ 58 / 60 ] loss: 0.062
[ 59 / 60 ] loss: 0.007
[ 60 / 60 ] loss: 0.743
0.07355503023524458
Accuracy: 0.717300 -- Precision: 0.788991 -- Recall: 0.661538 -- F1: 0.719665 -- AUC: 0.769518
========= epoch: 24 ==============
[ 1 / 60 ] loss: 0.362
[ 2 / 60 ] loss: 0.075
[ 3 / 60 ] loss: 0.750
[ 4 / 60 ] loss: 0.399
[ 5 / 60 ] loss: 0.203
[ 6 / 60 ] loss: 0.087
[ 7 / 60 ] loss: 0.071
[ 8 / 60 ] loss: 0.015
[ 9 / 60 ] loss: 0.110
[ 10 / 60 ] loss: 0.085
[ 11 / 60 ] loss: 0.071
[ 12 / 60 ] loss: 0.083
[ 13 / 60 ] loss: 0.047
[ 14 / 60 ] loss: 0.085
[ 15 / 60 ] loss: 0.010
[ 16 / 60 ] loss: 0.010
[ 17 / 60 ] loss: 0.115
[ 18 / 60 ] loss: 0.025
[ 19 / 60 ] loss: 0.005
[ 20 / 60 ] loss: 0.023
[ 21 / 60 ] loss: 0.008
[ 22 / 60 ] loss: 0.054
[ 23 / 60 ] loss: 0.336
[ 24 / 60 ] loss: 0.009
[ 25 / 60 ] loss: 0.056
[ 26 / 60 ] loss: 0.118
[ 27 / 60 ] loss: 0.335
[ 28 / 60 ] loss: 0.134
[ 29 / 60 ] loss: 0.035
[ 30 / 60 ] loss: 0.124
[ 31 / 60 ] loss: 0.125
[ 32 / 60 ] loss: 0.129
[ 33 / 60 ] loss: 0.131
[ 34 / 60 ] loss: 0.007
[ 35 / 60 ] loss: 0.013
[ 36 / 60 ] loss: 0.326
[ 37 / 60 ] loss: 0.299
[ 38 / 60 ] loss: 0.239
[ 39 / 60 ] loss: 0.054
[ 40 / 60 ] loss: 0.305
[ 41 / 60 ] loss: 0.060
[ 42 / 60 ] loss: 0.441
[ 43 / 60 ] loss: 0.213
[ 44 / 60 ] loss: 0.077
[ 45 / 60 ] loss: 0.105
[ 46 / 60 ] loss: 0.128
[ 47 / 60 ] loss: 0.083
[ 48 / 60 ] loss: 0.128
[ 49 / 60 ] loss: 0.117
[ 50 / 60 ] loss: 0.108
[ 51 / 60 ] loss: 0.114
[ 52 / 60 ] loss: 0.047
[ 53 / 60 ] loss: 0.241
[ 54 / 60 ] loss: 0.052
[ 55 / 60 ] loss: 0.240
[ 56 / 60 ] loss: 0.192
[ 57 / 60 ] loss: 0.065
[ 58 / 60 ] loss: 0.285
[ 59 / 60 ] loss: 0.082
[ 60 / 60 ] loss: 0.011
0.13758792496131111
Accuracy: 0.729958 -- Precision: 0.742647 -- Recall: 0.776923 -- F1: 0.759398 -- AUC: 0.758879
========= epoch: 25 ==============
[ 1 / 60 ] loss: 0.048
[ 2 / 60 ] loss: 0.063
[ 3 / 60 ] loss: 0.011
[ 4 / 60 ] loss: 0.133
[ 5 / 60 ] loss: 0.018
[ 6 / 60 ] loss: 0.045
[ 7 / 60 ] loss: 0.008
[ 8 / 60 ] loss: 0.326
[ 9 / 60 ] loss: 0.033
[ 10 / 60 ] loss: 0.098
[ 11 / 60 ] loss: 0.057
[ 12 / 60 ] loss: 0.018
[ 13 / 60 ] loss: 0.117
[ 14 / 60 ] loss: 0.159
[ 15 / 60 ] loss: 0.043
[ 16 / 60 ] loss: 0.008
[ 17 / 60 ] loss: 0.238
[ 18 / 60 ] loss: 0.007
[ 19 / 60 ] loss: 0.308
[ 20 / 60 ] loss: 0.036
[ 21 / 60 ] loss: 0.021
[ 22 / 60 ] loss: 0.061
[ 23 / 60 ] loss: 0.164
[ 24 / 60 ] loss: 0.041
[ 25 / 60 ] loss: 0.121
[ 26 / 60 ] loss: 0.393
[ 27 / 60 ] loss: 0.239
[ 28 / 60 ] loss: 0.027
[ 29 / 60 ] loss: 0.009
[ 30 / 60 ] loss: 0.035
[ 31 / 60 ] loss: 0.436
[ 32 / 60 ] loss: 0.079
[ 33 / 60 ] loss: 0.090
[ 34 / 60 ] loss: 0.062
[ 35 / 60 ] loss: 0.117
[ 36 / 60 ] loss: 0.052
[ 37 / 60 ] loss: 0.060
[ 38 / 60 ] loss: 0.023
[ 39 / 60 ] loss: 0.087
[ 40 / 60 ] loss: 0.103
[ 41 / 60 ] loss: 0.009
[ 42 / 60 ] loss: 0.048
[ 43 / 60 ] loss: 0.022
[ 44 / 60 ] loss: 0.044
[ 45 / 60 ] loss: 0.038
[ 46 / 60 ] loss: 0.036
[ 47 / 60 ] loss: 0.014
[ 48 / 60 ] loss: 0.041
[ 49 / 60 ] loss: 0.272
[ 50 / 60 ] loss: 0.244
[ 51 / 60 ] loss: 0.097
[ 52 / 60 ] loss: 0.060
[ 53 / 60 ] loss: 0.008
[ 54 / 60 ] loss: 0.181
[ 55 / 60 ] loss: 0.041
[ 56 / 60 ] loss: 0.009
[ 57 / 60 ] loss: 0.046
[ 58 / 60 ] loss: 0.020
[ 59 / 60 ] loss: 0.075
[ 60 / 60 ] loss: 0.012
0.08858995423652231
Accuracy: 0.691983 -- Precision: 0.717557 -- Recall: 0.723077 -- F1: 0.720307 -- AUC: 0.740259
========= epoch: 26 ==============
[ 1 / 60 ] loss: 0.006
[ 2 / 60 ] loss: 0.067
[ 3 / 60 ] loss: 0.063
[ 4 / 60 ] loss: 0.014
[ 5 / 60 ] loss: 0.028
[ 6 / 60 ] loss: 0.005
[ 7 / 60 ] loss: 0.030
[ 8 / 60 ] loss: 0.026
[ 9 / 60 ] loss: 0.311
[ 10 / 60 ] loss: 0.011
[ 11 / 60 ] loss: 0.305
[ 12 / 60 ] loss: 0.032
[ 13 / 60 ] loss: 0.029
[ 14 / 60 ] loss: 0.006
[ 15 / 60 ] loss: 0.059
[ 16 / 60 ] loss: 0.087
[ 17 / 60 ] loss: 0.006
[ 18 / 60 ] loss: 0.026
[ 19 / 60 ] loss: 0.007
[ 20 / 60 ] loss: 0.191
[ 21 / 60 ] loss: 0.054
[ 22 / 60 ] loss: 0.094
[ 23 / 60 ] loss: 0.043
[ 24 / 60 ] loss: 0.021
[ 25 / 60 ] loss: 0.029
[ 26 / 60 ] loss: 0.033
[ 27 / 60 ] loss: 0.025
[ 28 / 60 ] loss: 0.033
[ 29 / 60 ] loss: 0.066
[ 30 / 60 ] loss: 0.342
[ 31 / 60 ] loss: 0.122
[ 32 / 60 ] loss: 0.003
[ 33 / 60 ] loss: 0.043
[ 34 / 60 ] loss: 0.017
[ 35 / 60 ] loss: 0.072
[ 36 / 60 ] loss: 0.103
[ 37 / 60 ] loss: 0.004
[ 38 / 60 ] loss: 0.009
[ 39 / 60 ] loss: 0.009
[ 40 / 60 ] loss: 0.190
[ 41 / 60 ] loss: 0.088
[ 42 / 60 ] loss: 0.006
[ 43 / 60 ] loss: 0.012
[ 44 / 60 ] loss: 0.107
[ 45 / 60 ] loss: 0.186
[ 46 / 60 ] loss: 0.017
[ 47 / 60 ] loss: 0.013
[ 48 / 60 ] loss: 0.050
[ 49 / 60 ] loss: 0.007
[ 50 / 60 ] loss: 0.468
[ 51 / 60 ] loss: 0.061
[ 52 / 60 ] loss: 0.243
[ 53 / 60 ] loss: 0.101
[ 54 / 60 ] loss: 0.034
[ 55 / 60 ] loss: 0.044
[ 56 / 60 ] loss: 0.008
[ 57 / 60 ] loss: 0.045
[ 58 / 60 ] loss: 0.178
[ 59 / 60 ] loss: 0.012
[ 60 / 60 ] loss: 0.008
0.07178958584942545
Accuracy: 0.738397 -- Precision: 0.769841 -- Recall: 0.746154 -- F1: 0.757813 -- AUC: 0.763480
========= epoch: 27 ==============
[ 1 / 60 ] loss: 0.072
[ 2 / 60 ] loss: 0.038
[ 3 / 60 ] loss: 0.042
[ 4 / 60 ] loss: 0.180
[ 5 / 60 ] loss: 0.097
[ 6 / 60 ] loss: 0.037
[ 7 / 60 ] loss: 0.173
[ 8 / 60 ] loss: 0.083
[ 9 / 60 ] loss: 0.131
[ 10 / 60 ] loss: 0.041
[ 11 / 60 ] loss: 0.017
[ 12 / 60 ] loss: 0.079
[ 13 / 60 ] loss: 0.010
[ 14 / 60 ] loss: 0.031
[ 15 / 60 ] loss: 0.102
[ 16 / 60 ] loss: 0.031
[ 17 / 60 ] loss: 0.094
[ 18 / 60 ] loss: 0.003
[ 19 / 60 ] loss: 0.165
[ 20 / 60 ] loss: 0.027
[ 21 / 60 ] loss: 0.010
[ 22 / 60 ] loss: 0.025
[ 23 / 60 ] loss: 0.124
[ 24 / 60 ] loss: 0.023
[ 25 / 60 ] loss: 0.212
[ 26 / 60 ] loss: 0.248
[ 27 / 60 ] loss: 0.267
[ 28 / 60 ] loss: 0.021
[ 29 / 60 ] loss: 0.197
[ 30 / 60 ] loss: 0.006
[ 31 / 60 ] loss: 0.131
[ 32 / 60 ] loss: 0.145
[ 33 / 60 ] loss: 0.255
[ 34 / 60 ] loss: 0.053
[ 35 / 60 ] loss: 0.034
[ 36 / 60 ] loss: 0.035
[ 37 / 60 ] loss: 0.028
[ 38 / 60 ] loss: 0.135
[ 39 / 60 ] loss: 0.045
[ 40 / 60 ] loss: 0.018
[ 41 / 60 ] loss: 0.031
[ 42 / 60 ] loss: 0.108
[ 43 / 60 ] loss: 0.122
[ 44 / 60 ] loss: 0.121
[ 45 / 60 ] loss: 0.082
[ 46 / 60 ] loss: 0.076
[ 47 / 60 ] loss: 0.063
[ 48 / 60 ] loss: 0.049
[ 49 / 60 ] loss: 0.337
[ 50 / 60 ] loss: 0.010
[ 51 / 60 ] loss: 0.062
[ 52 / 60 ] loss: 0.035
[ 53 / 60 ] loss: 0.181
[ 54 / 60 ] loss: 0.076
[ 55 / 60 ] loss: 0.178
[ 56 / 60 ] loss: 0.023
[ 57 / 60 ] loss: 0.003
[ 58 / 60 ] loss: 0.142
[ 59 / 60 ] loss: 0.159
[ 60 / 60 ] loss: 0.003
0.08880258375235522
Accuracy: 0.742616 -- Precision: 0.744681 -- Recall: 0.807692 -- F1: 0.774908 -- AUC: 0.774119
保存模型参数
========= epoch: 28 ==============
[ 1 / 60 ] loss: 0.017
[ 2 / 60 ] loss: 0.013
[ 3 / 60 ] loss: 0.009
[ 4 / 60 ] loss: 0.105
[ 5 / 60 ] loss: 0.024
[ 6 / 60 ] loss: 0.036
[ 7 / 60 ] loss: 0.009
[ 8 / 60 ] loss: 0.011
[ 9 / 60 ] loss: 0.092
[ 10 / 60 ] loss: 0.022
[ 11 / 60 ] loss: 0.004
[ 12 / 60 ] loss: 0.023
[ 13 / 60 ] loss: 0.009
[ 14 / 60 ] loss: 0.022
[ 15 / 60 ] loss: 0.026
[ 16 / 60 ] loss: 0.238
[ 17 / 60 ] loss: 0.004
[ 18 / 60 ] loss: 0.331
[ 19 / 60 ] loss: 0.047
[ 20 / 60 ] loss: 0.005
[ 21 / 60 ] loss: 0.075
[ 22 / 60 ] loss: 0.045
[ 23 / 60 ] loss: 0.006
[ 24 / 60 ] loss: 0.033
[ 25 / 60 ] loss: 0.071
[ 26 / 60 ] loss: 0.099
[ 27 / 60 ] loss: 0.016
[ 28 / 60 ] loss: 0.017
[ 29 / 60 ] loss: 0.012
[ 30 / 60 ] loss: 0.038
[ 31 / 60 ] loss: 0.138
[ 32 / 60 ] loss: 0.038
[ 33 / 60 ] loss: 0.015
[ 34 / 60 ] loss: 0.048
[ 35 / 60 ] loss: 0.086
[ 36 / 60 ] loss: 0.010
[ 37 / 60 ] loss: 0.091
[ 38 / 60 ] loss: 0.018
[ 39 / 60 ] loss: 0.098
[ 40 / 60 ] loss: 0.162
[ 41 / 60 ] loss: 0.325
[ 42 / 60 ] loss: 0.051
[ 43 / 60 ] loss: 0.006
[ 44 / 60 ] loss: 0.005
[ 45 / 60 ] loss: 0.007
[ 46 / 60 ] loss: 0.028
[ 47 / 60 ] loss: 0.047
[ 48 / 60 ] loss: 0.079
[ 49 / 60 ] loss: 0.050
[ 50 / 60 ] loss: 0.029
[ 51 / 60 ] loss: 0.005
[ 52 / 60 ] loss: 0.055
[ 53 / 60 ] loss: 0.025
[ 54 / 60 ] loss: 0.029
[ 55 / 60 ] loss: 0.130
[ 56 / 60 ] loss: 0.013
[ 57 / 60 ] loss: 0.039
[ 58 / 60 ] loss: 0.004
[ 59 / 60 ] loss: 0.007
[ 60 / 60 ] loss: 0.257
0.05587312531036635
Accuracy: 0.738397 -- Precision: 0.774194 -- Recall: 0.738462 -- F1: 0.755906 -- AUC: 0.786413
========= epoch: 29 ==============
[ 1 / 60 ] loss: 0.064
[ 2 / 60 ] loss: 0.003
[ 3 / 60 ] loss: 0.003
[ 4 / 60 ] loss: 0.100
[ 5 / 60 ] loss: 0.003
[ 6 / 60 ] loss: 0.018
[ 7 / 60 ] loss: 0.006
[ 8 / 60 ] loss: 0.004
[ 9 / 60 ] loss: 0.027
[ 10 / 60 ] loss: 0.010
[ 11 / 60 ] loss: 0.022
[ 12 / 60 ] loss: 0.008
[ 13 / 60 ] loss: 0.004
[ 14 / 60 ] loss: 0.113
[ 15 / 60 ] loss: 0.083
[ 16 / 60 ] loss: 0.002
[ 17 / 60 ] loss: 0.010
[ 18 / 60 ] loss: 0.002
[ 19 / 60 ] loss: 0.003
[ 20 / 60 ] loss: 0.006
[ 21 / 60 ] loss: 0.013
[ 22 / 60 ] loss: 0.003
[ 23 / 60 ] loss: 0.002
[ 24 / 60 ] loss: 0.030
[ 25 / 60 ] loss: 0.010
[ 26 / 60 ] loss: 0.071
[ 27 / 60 ] loss: 0.111
[ 28 / 60 ] loss: 0.105
[ 29 / 60 ] loss: 0.207
[ 30 / 60 ] loss: 0.035
[ 31 / 60 ] loss: 0.002
[ 32 / 60 ] loss: 0.010
[ 33 / 60 ] loss: 0.024
[ 34 / 60 ] loss: 0.003
[ 35 / 60 ] loss: 0.034
[ 36 / 60 ] loss: 0.027
[ 37 / 60 ] loss: 0.118
[ 38 / 60 ] loss: 0.002
[ 39 / 60 ] loss: 0.006
[ 40 / 60 ] loss: 0.025
[ 41 / 60 ] loss: 0.058
[ 42 / 60 ] loss: 0.022
[ 43 / 60 ] loss: 0.113
[ 44 / 60 ] loss: 0.033
[ 45 / 60 ] loss: 0.135
[ 46 / 60 ] loss: 0.002
[ 47 / 60 ] loss: 0.002
[ 48 / 60 ] loss: 0.006
[ 49 / 60 ] loss: 0.005
[ 50 / 60 ] loss: 0.018
[ 51 / 60 ] loss: 0.024
[ 52 / 60 ] loss: 0.018
[ 53 / 60 ] loss: 0.063
[ 54 / 60 ] loss: 0.002
[ 55 / 60 ] loss: 0.005
[ 56 / 60 ] loss: 0.003
[ 57 / 60 ] loss: 0.002
[ 58 / 60 ] loss: 0.019
[ 59 / 60 ] loss: 0.075
[ 60 / 60 ] loss: 0.002
0.03225153401920882
Accuracy: 0.746835 -- Precision: 0.777778 -- Recall: 0.753846 -- F1: 0.765625 -- AUC: 0.776204
保存模型参数
========= epoch: 30 ==============
[ 1 / 60 ] loss: 0.032
[ 2 / 60 ] loss: 0.004
[ 3 / 60 ] loss: 0.016
[ 4 / 60 ] loss: 0.075
[ 5 / 60 ] loss: 0.007
[ 6 / 60 ] loss: 0.099
[ 7 / 60 ] loss: 0.015
[ 8 / 60 ] loss: 0.002
[ 9 / 60 ] loss: 0.004
[ 10 / 60 ] loss: 0.070
[ 11 / 60 ] loss: 0.015
[ 12 / 60 ] loss: 0.003
[ 13 / 60 ] loss: 0.002
[ 14 / 60 ] loss: 0.050
[ 15 / 60 ] loss: 0.008
[ 16 / 60 ] loss: 0.002
[ 17 / 60 ] loss: 0.034
[ 18 / 60 ] loss: 0.019
[ 19 / 60 ] loss: 0.117
[ 20 / 60 ] loss: 0.101
[ 21 / 60 ] loss: 0.002
[ 22 / 60 ] loss: 0.002
[ 23 / 60 ] loss: 0.001
[ 24 / 60 ] loss: 0.047
[ 25 / 60 ] loss: 0.143
[ 26 / 60 ] loss: 0.122
[ 27 / 60 ] loss: 0.007
[ 28 / 60 ] loss: 0.002
[ 29 / 60 ] loss: 0.169
[ 30 / 60 ] loss: 0.003
[ 31 / 60 ] loss: 0.009
[ 32 / 60 ] loss: 0.008
[ 33 / 60 ] loss: 0.011
[ 34 / 60 ] loss: 0.007
[ 35 / 60 ] loss: 0.002
[ 36 / 60 ] loss: 0.002
[ 37 / 60 ] loss: 0.002
[ 38 / 60 ] loss: 0.059
[ 39 / 60 ] loss: 0.008
[ 40 / 60 ] loss: 0.002
[ 41 / 60 ] loss: 0.006
[ 42 / 60 ] loss: 0.001
[ 43 / 60 ] loss: 0.001
[ 44 / 60 ] loss: 0.002
[ 45 / 60 ] loss: 0.002
[ 46 / 60 ] loss: 0.040
[ 47 / 60 ] loss: 0.028
[ 48 / 60 ] loss: 0.002
[ 49 / 60 ] loss: 0.002
[ 50 / 60 ] loss: 0.005
[ 51 / 60 ] loss: 0.001
[ 52 / 60 ] loss: 0.006
[ 53 / 60 ] loss: 0.027
[ 54 / 60 ] loss: 0.115
[ 55 / 60 ] loss: 0.069
[ 56 / 60 ] loss: 0.001
[ 57 / 60 ] loss: 0.010
[ 58 / 60 ] loss: 0.002
[ 59 / 60 ] loss: 0.004
[ 60 / 60 ] loss: 0.001
0.026825778434673944
Accuracy: 0.729958 -- Precision: 0.761905 -- Recall: 0.738462 -- F1: 0.750000 -- AUC: 0.767793
========= epoch: 31 ==============
[ 1 / 60 ] loss: 0.002
[ 2 / 60 ] loss: 0.005
[ 3 / 60 ] loss: 0.017
[ 4 / 60 ] loss: 0.002
[ 5 / 60 ] loss: 0.017
[ 6 / 60 ] loss: 0.001
[ 7 / 60 ] loss: 0.011
[ 8 / 60 ] loss: 0.084
[ 9 / 60 ] loss: 0.014
[ 10 / 60 ] loss: 0.001
[ 11 / 60 ] loss: 0.001
[ 12 / 60 ] loss: 0.011
[ 13 / 60 ] loss: 0.002
[ 14 / 60 ] loss: 0.001
[ 15 / 60 ] loss: 0.010
[ 16 / 60 ] loss: 0.001
[ 17 / 60 ] loss: 0.076
[ 18 / 60 ] loss: 0.002
[ 19 / 60 ] loss: 0.002
[ 20 / 60 ] loss: 0.002
[ 21 / 60 ] loss: 0.004
[ 22 / 60 ] loss: 0.007
[ 23 / 60 ] loss: 0.001
[ 24 / 60 ] loss: 0.001
[ 25 / 60 ] loss: 0.044
[ 26 / 60 ] loss: 0.003
[ 27 / 60 ] loss: 0.004
[ 28 / 60 ] loss: 0.002
[ 29 / 60 ] loss: 0.001
[ 30 / 60 ] loss: 0.027
[ 31 / 60 ] loss: 0.059
[ 32 / 60 ] loss: 0.016
[ 33 / 60 ] loss: 0.001
[ 34 / 60 ] loss: 0.385
[ 35 / 60 ] loss: 0.008
[ 36 / 60 ] loss: 0.002
[ 37 / 60 ] loss: 0.127
[ 38 / 60 ] loss: 0.004
[ 39 / 60 ] loss: 0.143
[ 40 / 60 ] loss: 0.009
[ 41 / 60 ] loss: 0.001
[ 42 / 60 ] loss: 0.001
[ 43 / 60 ] loss: 0.408
[ 44 / 60 ] loss: 0.001
[ 45 / 60 ] loss: 0.001
[ 46 / 60 ] loss: 0.078
[ 47 / 60 ] loss: 0.002
[ 48 / 60 ] loss: 0.261
[ 49 / 60 ] loss: 0.051
[ 50 / 60 ] loss: 0.002
[ 51 / 60 ] loss: 0.002
[ 52 / 60 ] loss: 0.003
[ 53 / 60 ] loss: 0.051
[ 54 / 60 ] loss: 0.047
[ 55 / 60 ] loss: 0.067
[ 56 / 60 ] loss: 0.189
[ 57 / 60 ] loss: 0.002
[ 58 / 60 ] loss: 0.100
[ 59 / 60 ] loss: 0.031
[ 60 / 60 ] loss: 0.002
0.040186806964144735
Accuracy: 0.696203 -- Precision: 0.733871 -- Recall: 0.700000 -- F1: 0.716535 -- AUC: 0.757405
========= epoch: 32 ==============
[ 1 / 60 ] loss: 0.102
[ 2 / 60 ] loss: 0.004
[ 3 / 60 ] loss: 0.002
[ 4 / 60 ] loss: 0.002
[ 5 / 60 ] loss: 0.003
[ 6 / 60 ] loss: 0.055
[ 7 / 60 ] loss: 0.001
[ 8 / 60 ] loss: 0.025
[ 9 / 60 ] loss: 0.105
[ 10 / 60 ] loss: 0.033
[ 11 / 60 ] loss: 0.065
[ 12 / 60 ] loss: 0.005
[ 13 / 60 ] loss: 0.002
[ 14 / 60 ] loss: 0.012
[ 15 / 60 ] loss: 0.028
[ 16 / 60 ] loss: 0.003
[ 17 / 60 ] loss: 0.046
[ 18 / 60 ] loss: 0.073
[ 19 / 60 ] loss: 0.002
[ 20 / 60 ] loss: 0.060
[ 21 / 60 ] loss: 0.131
[ 22 / 60 ] loss: 0.198
[ 23 / 60 ] loss: 0.150
[ 24 / 60 ] loss: 0.042
[ 25 / 60 ] loss: 0.098
[ 26 / 60 ] loss: 0.027
[ 27 / 60 ] loss: 0.021
[ 28 / 60 ] loss: 0.004
[ 29 / 60 ] loss: 0.003
[ 30 / 60 ] loss: 0.180
[ 31 / 60 ] loss: 0.048
[ 32 / 60 ] loss: 0.090
[ 33 / 60 ] loss: 0.031
[ 34 / 60 ] loss: 0.177
[ 35 / 60 ] loss: 0.031
[ 36 / 60 ] loss: 0.002
[ 37 / 60 ] loss: 0.010
[ 38 / 60 ] loss: 0.002
[ 39 / 60 ] loss: 0.013
[ 40 / 60 ] loss: 0.025
[ 41 / 60 ] loss: 0.038
[ 42 / 60 ] loss: 0.008
[ 43 / 60 ] loss: 0.020
[ 44 / 60 ] loss: 0.221
[ 45 / 60 ] loss: 0.102
[ 46 / 60 ] loss: 0.038
[ 47 / 60 ] loss: 0.028
[ 48 / 60 ] loss: 0.037
[ 49 / 60 ] loss: 0.024
[ 50 / 60 ] loss: 0.021
[ 51 / 60 ] loss: 0.107
[ 52 / 60 ] loss: 0.002
[ 53 / 60 ] loss: 0.086
[ 54 / 60 ] loss: 0.090
[ 55 / 60 ] loss: 0.024
[ 56 / 60 ] loss: 0.062
[ 57 / 60 ] loss: 0.004
[ 58 / 60 ] loss: 0.003
[ 59 / 60 ] loss: 0.107
[ 60 / 60 ] loss: 0.187
0.05205303410960672
Accuracy: 0.738397 -- Precision: 0.793103 -- Recall: 0.707692 -- F1: 0.747967 -- AUC: 0.768728
========= epoch: 33 ==============
[ 1 / 60 ] loss: 0.138
[ 2 / 60 ] loss: 0.075
[ 3 / 60 ] loss: 0.001
[ 4 / 60 ] loss: 0.100
[ 5 / 60 ] loss: 0.013
[ 6 / 60 ] loss: 0.001
[ 7 / 60 ] loss: 0.024
[ 8 / 60 ] loss: 0.007
[ 9 / 60 ] loss: 0.002
[ 10 / 60 ] loss: 0.003
[ 11 / 60 ] loss: 0.064
[ 12 / 60 ] loss: 0.005
[ 13 / 60 ] loss: 0.025
[ 14 / 60 ] loss: 0.028
[ 15 / 60 ] loss: 0.008
[ 16 / 60 ] loss: 0.177
[ 17 / 60 ] loss: 0.020
[ 18 / 60 ] loss: 0.002
[ 19 / 60 ] loss: 0.003
[ 20 / 60 ] loss: 0.100
[ 21 / 60 ] loss: 0.130
[ 22 / 60 ] loss: 0.002
[ 23 / 60 ] loss: 0.071
[ 24 / 60 ] loss: 0.138
[ 25 / 60 ] loss: 0.002
[ 26 / 60 ] loss: 0.087
[ 27 / 60 ] loss: 0.047
[ 28 / 60 ] loss: 0.002
[ 29 / 60 ] loss: 0.003
[ 30 / 60 ] loss: 0.001
[ 31 / 60 ] loss: 0.004
[ 32 / 60 ] loss: 0.118
[ 33 / 60 ] loss: 0.001
[ 34 / 60 ] loss: 0.026
[ 35 / 60 ] loss: 0.100
[ 36 / 60 ] loss: 0.072
[ 37 / 60 ] loss: 0.040
[ 38 / 60 ] loss: 0.002
[ 39 / 60 ] loss: 0.051
[ 40 / 60 ] loss: 0.005
[ 41 / 60 ] loss: 0.074
[ 42 / 60 ] loss: 0.021
[ 43 / 60 ] loss: 0.001
[ 44 / 60 ] loss: 0.028
[ 45 / 60 ] loss: 0.029
[ 46 / 60 ] loss: 0.025
[ 47 / 60 ] loss: 0.002
[ 48 / 60 ] loss: 0.025
[ 49 / 60 ] loss: 0.004
[ 50 / 60 ] loss: 0.001
[ 51 / 60 ] loss: 0.002
[ 52 / 60 ] loss: 0.001
[ 53 / 60 ] loss: 0.176
[ 54 / 60 ] loss: 0.001
[ 55 / 60 ] loss: 0.394
[ 56 / 60 ] loss: 0.001
[ 57 / 60 ] loss: 0.224
[ 58 / 60 ] loss: 0.002
[ 59 / 60 ] loss: 0.002
[ 60 / 60 ] loss: 0.002
0.04524369847495109
Accuracy: 0.700422 -- Precision: 0.685535 -- Recall: 0.838462 -- F1: 0.754325 -- AUC: 0.737347
========= epoch: 34 ==============
[ 1 / 60 ] loss: 0.038
[ 2 / 60 ] loss: 0.045
[ 3 / 60 ] loss: 0.599
[ 4 / 60 ] loss: 0.001
[ 5 / 60 ] loss: 0.003
[ 6 / 60 ] loss: 0.026
[ 7 / 60 ] loss: 0.005
[ 8 / 60 ] loss: 0.021
[ 9 / 60 ] loss: 0.283
[ 10 / 60 ] loss: 0.097
[ 11 / 60 ] loss: 0.018
[ 12 / 60 ] loss: 0.137
[ 13 / 60 ] loss: 0.068
[ 14 / 60 ] loss: 0.025
[ 15 / 60 ] loss: 0.026
[ 16 / 60 ] loss: 0.036
[ 17 / 60 ] loss: 0.056
[ 18 / 60 ] loss: 0.002
[ 19 / 60 ] loss: 0.051
[ 20 / 60 ] loss: 0.007
[ 21 / 60 ] loss: 0.105
[ 22 / 60 ] loss: 0.002
[ 23 / 60 ] loss: 0.034
[ 24 / 60 ] loss: 0.012
[ 25 / 60 ] loss: 0.111
[ 26 / 60 ] loss: 0.013
[ 27 / 60 ] loss: 0.034
[ 28 / 60 ] loss: 0.005
[ 29 / 60 ] loss: 0.116
[ 30 / 60 ] loss: 0.004
[ 31 / 60 ] loss: 0.052
[ 32 / 60 ] loss: 0.112
[ 33 / 60 ] loss: 0.041
[ 34 / 60 ] loss: 0.219
[ 35 / 60 ] loss: 0.033
[ 36 / 60 ] loss: 0.106
[ 37 / 60 ] loss: 0.090
[ 38 / 60 ] loss: 0.025
[ 39 / 60 ] loss: 0.003
[ 40 / 60 ] loss: 0.022
[ 41 / 60 ] loss: 0.045
[ 42 / 60 ] loss: 0.168
[ 43 / 60 ] loss: 0.002
[ 44 / 60 ] loss: 0.259
[ 45 / 60 ] loss: 0.003
[ 46 / 60 ] loss: 0.257
[ 47 / 60 ] loss: 0.433
[ 48 / 60 ] loss: 0.028
[ 49 / 60 ] loss: 0.032
[ 50 / 60 ] loss: 0.898
[ 51 / 60 ] loss: 0.027
[ 52 / 60 ] loss: 0.010
[ 53 / 60 ] loss: 0.030
[ 54 / 60 ] loss: 0.034
[ 55 / 60 ] loss: 0.047
[ 56 / 60 ] loss: 0.072
[ 57 / 60 ] loss: 0.107
[ 58 / 60 ] loss: 0.112
[ 59 / 60 ] loss: 0.137
[ 60 / 60 ] loss: 0.008
0.08990662637515925
Accuracy: 0.738397 -- Precision: 0.729730 -- Recall: 0.830769 -- F1: 0.776978 -- AUC: 0.776779
========= epoch: 35 ==============
[ 1 / 60 ] loss: 0.187
[ 2 / 60 ] loss: 0.073
[ 3 / 60 ] loss: 0.042
[ 4 / 60 ] loss: 0.107
[ 5 / 60 ] loss: 0.079
[ 6 / 60 ] loss: 0.189
[ 7 / 60 ] loss: 0.064
[ 8 / 60 ] loss: 0.036
[ 9 / 60 ] loss: 0.050
[ 10 / 60 ] loss: 0.022
[ 11 / 60 ] loss: 0.116
[ 12 / 60 ] loss: 0.018
[ 13 / 60 ] loss: 0.075
[ 14 / 60 ] loss: 0.042
[ 15 / 60 ] loss: 0.216
[ 16 / 60 ] loss: 0.051
[ 17 / 60 ] loss: 0.317
[ 18 / 60 ] loss: 0.019
[ 19 / 60 ] loss: 0.099
[ 20 / 60 ] loss: 0.013
[ 21 / 60 ] loss: 0.322
[ 22 / 60 ] loss: 0.049
[ 23 / 60 ] loss: 0.071
[ 24 / 60 ] loss: 0.300
[ 25 / 60 ] loss: 0.004
[ 26 / 60 ] loss: 0.017
[ 27 / 60 ] loss: 0.158
[ 28 / 60 ] loss: 0.010
[ 29 / 60 ] loss: 0.131
[ 30 / 60 ] loss: 0.035
[ 31 / 60 ] loss: 0.026
[ 32 / 60 ] loss: 0.036
[ 33 / 60 ] loss: 0.038
[ 34 / 60 ] loss: 0.004
[ 35 / 60 ] loss: 0.029
[ 36 / 60 ] loss: 0.011
[ 37 / 60 ] loss: 0.054
[ 38 / 60 ] loss: 0.057
[ 39 / 60 ] loss: 0.142
[ 40 / 60 ] loss: 0.003
[ 41 / 60 ] loss: 0.008
[ 42 / 60 ] loss: 0.006
[ 43 / 60 ] loss: 0.087
[ 44 / 60 ] loss: 0.004
[ 45 / 60 ] loss: 0.409
[ 46 / 60 ] loss: 0.044
[ 47 / 60 ] loss: 0.114
[ 48 / 60 ] loss: 0.002
[ 49 / 60 ] loss: 0.005
[ 50 / 60 ] loss: 0.075
[ 51 / 60 ] loss: 0.026
[ 52 / 60 ] loss: 0.016
[ 53 / 60 ] loss: 0.005
[ 54 / 60 ] loss: 0.003
[ 55 / 60 ] loss: 0.018
[ 56 / 60 ] loss: 0.008
[ 57 / 60 ] loss: 0.010
[ 58 / 60 ] loss: 0.004
[ 59 / 60 ] loss: 0.039
[ 60 / 60 ] loss: 0.150
0.07243753826866547
Accuracy: 0.738397 -- Precision: 0.769841 -- Recall: 0.746154 -- F1: 0.757813 -- AUC: 0.782243
========= epoch: 36 ==============
[ 1 / 60 ] loss: 0.016
[ 2 / 60 ] loss: 0.096
[ 3 / 60 ] loss: 0.112
[ 4 / 60 ] loss: 0.014
[ 5 / 60 ] loss: 0.023
[ 6 / 60 ] loss: 0.003
[ 7 / 60 ] loss: 0.005
[ 8 / 60 ] loss: 0.002
[ 9 / 60 ] loss: 0.004
[ 10 / 60 ] loss: 0.110
[ 11 / 60 ] loss: 0.002
[ 12 / 60 ] loss: 0.181
[ 13 / 60 ] loss: 0.026
[ 14 / 60 ] loss: 0.201
[ 15 / 60 ] loss: 0.016
[ 16 / 60 ] loss: 0.049
[ 17 / 60 ] loss: 0.009
[ 18 / 60 ] loss: 0.003
[ 19 / 60 ] loss: 0.007
[ 20 / 60 ] loss: 0.002
[ 21 / 60 ] loss: 0.008
[ 22 / 60 ] loss: 0.004
[ 23 / 60 ] loss: 0.022
[ 24 / 60 ] loss: 0.003
[ 25 / 60 ] loss: 0.017
[ 26 / 60 ] loss: 0.082
[ 27 / 60 ] loss: 0.010
[ 28 / 60 ] loss: 0.038
[ 29 / 60 ] loss: 0.008
[ 30 / 60 ] loss: 0.005
[ 31 / 60 ] loss: 0.027
[ 32 / 60 ] loss: 0.008
[ 33 / 60 ] loss: 0.006
[ 34 / 60 ] loss: 0.184
[ 35 / 60 ] loss: 0.014
[ 36 / 60 ] loss: 0.002
[ 37 / 60 ] loss: 0.168
[ 38 / 60 ] loss: 0.010
[ 39 / 60 ] loss: 0.003
[ 40 / 60 ] loss: 0.015
[ 41 / 60 ] loss: 0.002
[ 42 / 60 ] loss: 0.107
[ 43 / 60 ] loss: 0.002
[ 44 / 60 ] loss: 0.067
[ 45 / 60 ] loss: 0.002
[ 46 / 60 ] loss: 0.060
[ 47 / 60 ] loss: 0.010
[ 48 / 60 ] loss: 0.035
[ 49 / 60 ] loss: 0.005
[ 50 / 60 ] loss: 0.021
[ 51 / 60 ] loss: 0.018
[ 52 / 60 ] loss: 0.005
[ 53 / 60 ] loss: 0.004
[ 54 / 60 ] loss: 0.012
[ 55 / 60 ] loss: 0.140
[ 56 / 60 ] loss: 0.017
[ 57 / 60 ] loss: 0.002
[ 58 / 60 ] loss: 0.002
[ 59 / 60 ] loss: 0.002
[ 60 / 60 ] loss: 0.007
0.03381458770018071
Accuracy: 0.729958 -- Precision: 0.735714 -- Recall: 0.792308 -- F1: 0.762963 -- AUC: 0.772322
========= epoch: 37 ==============
[ 1 / 60 ] loss: 0.003
[ 2 / 60 ] loss: 0.010
[ 3 / 60 ] loss: 0.001
[ 4 / 60 ] loss: 0.016
[ 5 / 60 ] loss: 0.002
[ 6 / 60 ] loss: 0.048
[ 7 / 60 ] loss: 0.009
[ 8 / 60 ] loss: 0.003
[ 9 / 60 ] loss: 0.129
[ 10 / 60 ] loss: 0.104
[ 11 / 60 ] loss: 0.001
[ 12 / 60 ] loss: 0.002
[ 13 / 60 ] loss: 0.014
[ 14 / 60 ] loss: 0.041
[ 15 / 60 ] loss: 0.001
[ 16 / 60 ] loss: 0.002
[ 17 / 60 ] loss: 0.024
[ 18 / 60 ] loss: 0.015
[ 19 / 60 ] loss: 0.004
[ 20 / 60 ] loss: 0.001
[ 21 / 60 ] loss: 0.159
[ 22 / 60 ] loss: 0.037
[ 23 / 60 ] loss: 0.003
[ 24 / 60 ] loss: 0.079
[ 25 / 60 ] loss: 0.081
[ 26 / 60 ] loss: 0.014
[ 27 / 60 ] loss: 0.001
[ 28 / 60 ] loss: 0.127
[ 29 / 60 ] loss: 0.001
[ 30 / 60 ] loss: 0.003
[ 31 / 60 ] loss: 0.025
[ 32 / 60 ] loss: 0.002
[ 33 / 60 ] loss: 0.022
[ 34 / 60 ] loss: 0.117
[ 35 / 60 ] loss: 0.015
[ 36 / 60 ] loss: 0.003
[ 37 / 60 ] loss: 0.002
[ 38 / 60 ] loss: 0.014
[ 39 / 60 ] loss: 0.002
[ 40 / 60 ] loss: 0.043
[ 41 / 60 ] loss: 0.001
[ 42 / 60 ] loss: 0.001
[ 43 / 60 ] loss: 0.001
[ 44 / 60 ] loss: 0.001
[ 45 / 60 ] loss: 0.033
[ 46 / 60 ] loss: 0.081
[ 47 / 60 ] loss: 0.001
[ 48 / 60 ] loss: 0.002
[ 49 / 60 ] loss: 0.186
[ 50 / 60 ] loss: 0.019
[ 51 / 60 ] loss: 0.021
[ 52 / 60 ] loss: 0.001
[ 53 / 60 ] loss: 0.016
[ 54 / 60 ] loss: 0.021
[ 55 / 60 ] loss: 0.110
[ 56 / 60 ] loss: 0.002
[ 57 / 60 ] loss: 0.056
[ 58 / 60 ] loss: 0.021
[ 59 / 60 ] loss: 0.024
[ 60 / 60 ] loss: 0.001
0.029605116946428704
Accuracy: 0.721519 -- Precision: 0.780702 -- Recall: 0.684615 -- F1: 0.729508 -- AUC: 0.784795
========= epoch: 38 ==============
[ 1 / 60 ] loss: 0.006
[ 2 / 60 ] loss: 0.025
[ 3 / 60 ] loss: 0.054
[ 4 / 60 ] loss: 0.001
[ 5 / 60 ] loss: 0.003
[ 6 / 60 ] loss: 0.168
[ 7 / 60 ] loss: 0.001
[ 8 / 60 ] loss: 0.017
[ 9 / 60 ] loss: 0.019
[ 10 / 60 ] loss: 0.022
[ 11 / 60 ] loss: 0.001
[ 12 / 60 ] loss: 0.011
[ 13 / 60 ] loss: 0.004
[ 14 / 60 ] loss: 0.340
[ 15 / 60 ] loss: 0.019
[ 16 / 60 ] loss: 0.005
[ 17 / 60 ] loss: 0.004
[ 18 / 60 ] loss: 0.034
[ 19 / 60 ] loss: 0.005
[ 20 / 60 ] loss: 0.328
[ 21 / 60 ] loss: 0.667
[ 22 / 60 ] loss: 0.058
[ 23 / 60 ] loss: 0.002
[ 24 / 60 ] loss: 0.649
[ 25 / 60 ] loss: 0.437
[ 26 / 60 ] loss: 0.434
[ 27 / 60 ] loss: 0.327
[ 28 / 60 ] loss: 0.608
[ 29 / 60 ] loss: 0.252
[ 30 / 60 ] loss: 0.172
[ 31 / 60 ] loss: 0.188
[ 32 / 60 ] loss: 0.159
[ 33 / 60 ] loss: 0.070
[ 34 / 60 ] loss: 0.311
[ 35 / 60 ] loss: 0.208
[ 36 / 60 ] loss: 0.139
[ 37 / 60 ] loss: 0.117
[ 38 / 60 ] loss: 0.276
[ 39 / 60 ] loss: 0.237
[ 40 / 60 ] loss: 0.121
[ 41 / 60 ] loss: 0.130
[ 42 / 60 ] loss: 0.022
[ 43 / 60 ] loss: 0.402
[ 44 / 60 ] loss: 0.005
[ 45 / 60 ] loss: 0.457
[ 46 / 60 ] loss: 0.034
[ 47 / 60 ] loss: 0.231
[ 48 / 60 ] loss: 0.038
[ 49 / 60 ] loss: 0.441
[ 50 / 60 ] loss: 0.096
[ 51 / 60 ] loss: 0.056
[ 52 / 60 ] loss: 0.125
[ 53 / 60 ] loss: 0.052
[ 54 / 60 ] loss: 0.084
[ 55 / 60 ] loss: 0.167
[ 56 / 60 ] loss: 0.041
[ 57 / 60 ] loss: 0.225
[ 58 / 60 ] loss: 0.213
[ 59 / 60 ] loss: 0.113
[ 60 / 60 ] loss: 0.133
0.1594319684159321
Accuracy: 0.717300 -- Precision: 0.744186 -- Recall: 0.738462 -- F1: 0.741313 -- AUC: 0.788354
========= epoch: 39 ==============
[ 1 / 60 ] loss: 0.082
[ 2 / 60 ] loss: 0.064
[ 3 / 60 ] loss: 0.083
[ 4 / 60 ] loss: 0.088
[ 5 / 60 ] loss: 0.108
[ 6 / 60 ] loss: 0.158
[ 7 / 60 ] loss: 0.052
[ 8 / 60 ] loss: 0.034
[ 9 / 60 ] loss: 0.178
[ 10 / 60 ] loss: 0.076
[ 11 / 60 ] loss: 0.015
[ 12 / 60 ] loss: 0.212
[ 13 / 60 ] loss: 0.022
[ 14 / 60 ] loss: 0.091
[ 15 / 60 ] loss: 0.032
[ 16 / 60 ] loss: 0.186
[ 17 / 60 ] loss: 0.436
[ 18 / 60 ] loss: 0.036
[ 19 / 60 ] loss: 0.024
[ 20 / 60 ] loss: 0.048
[ 21 / 60 ] loss: 0.069
[ 22 / 60 ] loss: 0.040
[ 23 / 60 ] loss: 0.042
[ 24 / 60 ] loss: 0.096
[ 25 / 60 ] loss: 0.053
[ 26 / 60 ] loss: 0.133
[ 27 / 60 ] loss: 0.018
[ 28 / 60 ] loss: 0.361
[ 29 / 60 ] loss: 0.114
[ 30 / 60 ] loss: 0.010
[ 31 / 60 ] loss: 0.049
[ 32 / 60 ] loss: 0.030
[ 33 / 60 ] loss: 0.192
[ 34 / 60 ] loss: 0.152
[ 35 / 60 ] loss: 0.151
[ 36 / 60 ] loss: 0.006
[ 37 / 60 ] loss: 0.633
[ 38 / 60 ] loss: 0.007
[ 39 / 60 ] loss: 0.080
[ 40 / 60 ] loss: 0.037
[ 41 / 60 ] loss: 0.033
[ 42 / 60 ] loss: 0.028
[ 43 / 60 ] loss: 0.018
[ 44 / 60 ] loss: 0.009
[ 45 / 60 ] loss: 0.032
[ 46 / 60 ] loss: 0.021
[ 47 / 60 ] loss: 0.097
[ 48 / 60 ] loss: 0.011
[ 49 / 60 ] loss: 0.070
[ 50 / 60 ] loss: 0.008
[ 51 / 60 ] loss: 0.014
[ 52 / 60 ] loss: 0.007
[ 53 / 60 ] loss: 0.041
[ 54 / 60 ] loss: 0.005
[ 55 / 60 ] loss: 0.003
[ 56 / 60 ] loss: 0.007
[ 57 / 60 ] loss: 0.004
[ 58 / 60 ] loss: 0.008
[ 59 / 60 ] loss: 0.040
[ 60 / 60 ] loss: 0.001
0.07920318708444635
Accuracy: 0.713080 -- Precision: 0.724638 -- Recall: 0.769231 -- F1: 0.746269 -- AUC: 0.782063
========= epoch: 40 ==============
[ 1 / 60 ] loss: 0.002
[ 2 / 60 ] loss: 0.045
[ 3 / 60 ] loss: 0.126
[ 4 / 60 ] loss: 0.007
[ 5 / 60 ] loss: 0.007
[ 6 / 60 ] loss: 0.009
[ 7 / 60 ] loss: 0.295
[ 8 / 60 ] loss: 0.003
[ 9 / 60 ] loss: 0.058
[ 10 / 60 ] loss: 0.050
[ 11 / 60 ] loss: 0.004
[ 12 / 60 ] loss: 0.012
[ 13 / 60 ] loss: 0.008
[ 14 / 60 ] loss: 0.012
[ 15 / 60 ] loss: 0.143
[ 16 / 60 ] loss: 0.054
[ 17 / 60 ] loss: 0.126
[ 18 / 60 ] loss: 0.012
[ 19 / 60 ] loss: 0.020
[ 20 / 60 ] loss: 0.002
[ 21 / 60 ] loss: 0.007
[ 22 / 60 ] loss: 0.149
[ 23 / 60 ] loss: 0.107
[ 24 / 60 ] loss: 0.014
[ 25 / 60 ] loss: 0.004
[ 26 / 60 ] loss: 0.007
[ 27 / 60 ] loss: 0.002
[ 28 / 60 ] loss: 0.042
[ 29 / 60 ] loss: 0.032
[ 30 / 60 ] loss: 0.060
[ 31 / 60 ] loss: 0.010
[ 32 / 60 ] loss: 0.013
[ 33 / 60 ] loss: 0.046
[ 34 / 60 ] loss: 0.005
[ 35 / 60 ] loss: 0.005
[ 36 / 60 ] loss: 0.260
[ 37 / 60 ] loss: 0.043
[ 38 / 60 ] loss: 0.001
[ 39 / 60 ] loss: 0.019
[ 40 / 60 ] loss: 0.002
[ 41 / 60 ] loss: 0.018
[ 42 / 60 ] loss: 0.121
[ 43 / 60 ] loss: 0.008
[ 44 / 60 ] loss: 0.001
[ 45 / 60 ] loss: 0.002
[ 46 / 60 ] loss: 0.011
[ 47 / 60 ] loss: 0.005
[ 48 / 60 ] loss: 0.118
[ 49 / 60 ] loss: 0.125
[ 50 / 60 ] loss: 0.003
[ 51 / 60 ] loss: 0.101
[ 52 / 60 ] loss: 0.066
[ 53 / 60 ] loss: 0.029
[ 54 / 60 ] loss: 0.044
[ 55 / 60 ] loss: 0.001
[ 56 / 60 ] loss: 0.009
[ 57 / 60 ] loss: 0.150
[ 58 / 60 ] loss: 0.008
[ 59 / 60 ] loss: 0.002
[ 60 / 60 ] loss: 0.001
0.044090605614474046
Accuracy: 0.729958 -- Precision: 0.729167 -- Recall: 0.807692 -- F1: 0.766423 -- AUC: 0.774119
========= epoch: 41 ==============
[ 1 / 60 ] loss: 0.003
[ 2 / 60 ] loss: 0.002
[ 3 / 60 ] loss: 0.004
[ 4 / 60 ] loss: 0.095
[ 5 / 60 ] loss: 0.173
[ 6 / 60 ] loss: 0.019
[ 7 / 60 ] loss: 0.080
[ 8 / 60 ] loss: 0.087
[ 9 / 60 ] loss: 0.034
[ 10 / 60 ] loss: 0.003
[ 11 / 60 ] loss: 0.050
[ 12 / 60 ] loss: 0.048
[ 13 / 60 ] loss: 0.002
[ 14 / 60 ] loss: 0.003
[ 15 / 60 ] loss: 0.044
[ 16 / 60 ] loss: 0.004
[ 17 / 60 ] loss: 0.071
[ 18 / 60 ] loss: 0.081
[ 19 / 60 ] loss: 0.001
[ 20 / 60 ] loss: 0.046
[ 21 / 60 ] loss: 0.088
[ 22 / 60 ] loss: 0.163
[ 23 / 60 ] loss: 0.085
[ 24 / 60 ] loss: 0.012
[ 25 / 60 ] loss: 0.001
[ 26 / 60 ] loss: 0.216
[ 27 / 60 ] loss: 0.025
[ 28 / 60 ] loss: 0.034
[ 29 / 60 ] loss: 0.288
[ 30 / 60 ] loss: 0.040
[ 31 / 60 ] loss: 0.001
[ 32 / 60 ] loss: 0.003
[ 33 / 60 ] loss: 0.142
[ 34 / 60 ] loss: 0.017
[ 35 / 60 ] loss: 0.344
[ 36 / 60 ] loss: 0.075
[ 37 / 60 ] loss: 0.040
[ 38 / 60 ] loss: 0.005
[ 39 / 60 ] loss: 0.151
[ 40 / 60 ] loss: 0.059
[ 41 / 60 ] loss: 0.034
[ 42 / 60 ] loss: 0.024
[ 43 / 60 ] loss: 0.161
[ 44 / 60 ] loss: 0.185
[ 45 / 60 ] loss: 0.006
[ 46 / 60 ] loss: 0.009
[ 47 / 60 ] loss: 0.387
[ 48 / 60 ] loss: 0.083
[ 49 / 60 ] loss: 0.094
[ 50 / 60 ] loss: 0.022
[ 51 / 60 ] loss: 0.038
[ 52 / 60 ] loss: 0.315
[ 53 / 60 ] loss: 0.066
[ 54 / 60 ] loss: 0.089
[ 55 / 60 ] loss: 0.084
[ 56 / 60 ] loss: 0.149
[ 57 / 60 ] loss: 0.010
[ 58 / 60 ] loss: 0.110
[ 59 / 60 ] loss: 0.077
[ 60 / 60 ] loss: 0.447
0.0838137807402139
Accuracy: 0.700422 -- Precision: 0.706294 -- Recall: 0.776923 -- F1: 0.739927 -- AUC: 0.754853
========= epoch: 42 ==============
[ 1 / 60 ] loss: 0.049
[ 2 / 60 ] loss: 0.067
[ 3 / 60 ] loss: 0.084
[ 4 / 60 ] loss: 0.249
[ 5 / 60 ] loss: 0.150
[ 6 / 60 ] loss: 0.053
[ 7 / 60 ] loss: 0.165
[ 8 / 60 ] loss: 0.273
[ 9 / 60 ] loss: 0.048
[ 10 / 60 ] loss: 0.040
[ 11 / 60 ] loss: 0.032
[ 12 / 60 ] loss: 0.008
[ 13 / 60 ] loss: 0.118
[ 14 / 60 ] loss: 0.057
[ 15 / 60 ] loss: 0.010
[ 16 / 60 ] loss: 0.010
[ 17 / 60 ] loss: 0.043
[ 18 / 60 ] loss: 0.031
[ 19 / 60 ] loss: 0.525
[ 20 / 60 ] loss: 0.012
[ 21 / 60 ] loss: 0.023
[ 22 / 60 ] loss: 0.238
[ 23 / 60 ] loss: 0.003
[ 24 / 60 ] loss: 0.066
[ 25 / 60 ] loss: 0.066
[ 26 / 60 ] loss: 0.014
[ 27 / 60 ] loss: 0.037
[ 28 / 60 ] loss: 0.004
[ 29 / 60 ] loss: 0.124
[ 30 / 60 ] loss: 0.009
[ 31 / 60 ] loss: 0.070
[ 32 / 60 ] loss: 0.041
[ 33 / 60 ] loss: 0.118
[ 34 / 60 ] loss: 0.002
[ 35 / 60 ] loss: 0.010
[ 36 / 60 ] loss: 0.080
[ 37 / 60 ] loss: 0.045
[ 38 / 60 ] loss: 0.043
[ 39 / 60 ] loss: 0.159
[ 40 / 60 ] loss: 0.005
[ 41 / 60 ] loss: 0.101
[ 42 / 60 ] loss: 0.130
[ 43 / 60 ] loss: 0.012
[ 44 / 60 ] loss: 0.002
[ 45 / 60 ] loss: 0.109
[ 46 / 60 ] loss: 0.031
[ 47 / 60 ] loss: 0.011
[ 48 / 60 ] loss: 0.005
[ 49 / 60 ] loss: 0.021
[ 50 / 60 ] loss: 0.031
[ 51 / 60 ] loss: 0.027
[ 52 / 60 ] loss: 0.032
[ 53 / 60 ] loss: 0.005
[ 54 / 60 ] loss: 0.009
[ 55 / 60 ] loss: 0.054
[ 56 / 60 ] loss: 0.004
[ 57 / 60 ] loss: 0.094
[ 58 / 60 ] loss: 0.065
[ 59 / 60 ] loss: 0.106
[ 60 / 60 ] loss: 0.081
0.06850062086984204
Accuracy: 0.704641 -- Precision: 0.720588 -- Recall: 0.753846 -- F1: 0.736842 -- AUC: 0.770561
========= epoch: 43 ==============
[ 1 / 60 ] loss: 0.073
[ 2 / 60 ] loss: 0.037
[ 3 / 60 ] loss: 0.014
[ 4 / 60 ] loss: 0.099
[ 5 / 60 ] loss: 0.005
[ 6 / 60 ] loss: 0.081
[ 7 / 60 ] loss: 0.030
[ 8 / 60 ] loss: 0.079
[ 9 / 60 ] loss: 0.147
[ 10 / 60 ] loss: 0.002
[ 11 / 60 ] loss: 0.018
[ 12 / 60 ] loss: 0.002
[ 13 / 60 ] loss: 0.020
[ 14 / 60 ] loss: 0.112
[ 15 / 60 ] loss: 0.007
[ 16 / 60 ] loss: 0.016
[ 17 / 60 ] loss: 0.008
[ 18 / 60 ] loss: 0.042
[ 19 / 60 ] loss: 0.053
[ 20 / 60 ] loss: 0.009
[ 21 / 60 ] loss: 0.001
[ 22 / 60 ] loss: 0.001
[ 23 / 60 ] loss: 0.002
[ 24 / 60 ] loss: 0.001
[ 25 / 60 ] loss: 0.029
[ 26 / 60 ] loss: 0.003
[ 27 / 60 ] loss: 0.011
[ 28 / 60 ] loss: 0.263
[ 29 / 60 ] loss: 0.051
[ 30 / 60 ] loss: 0.021
[ 31 / 60 ] loss: 0.037
[ 32 / 60 ] loss: 0.001
[ 33 / 60 ] loss: 0.014
[ 34 / 60 ] loss: 0.032
[ 35 / 60 ] loss: 0.154
[ 36 / 60 ] loss: 0.002
[ 37 / 60 ] loss: 0.001
[ 38 / 60 ] loss: 0.001
[ 39 / 60 ] loss: 0.027
[ 40 / 60 ] loss: 0.004
[ 41 / 60 ] loss: 0.030
[ 42 / 60 ] loss: 0.019
[ 43 / 60 ] loss: 0.025
[ 44 / 60 ] loss: 0.427
[ 45 / 60 ] loss: 0.002
[ 46 / 60 ] loss: 0.059
[ 47 / 60 ] loss: 0.001
[ 48 / 60 ] loss: 0.024
[ 49 / 60 ] loss: 0.013
[ 50 / 60 ] loss: 0.019
[ 51 / 60 ] loss: 0.046
[ 52 / 60 ] loss: 0.002
[ 53 / 60 ] loss: 0.124
[ 54 / 60 ] loss: 0.058
[ 55 / 60 ] loss: 0.001
[ 56 / 60 ] loss: 0.010
[ 57 / 60 ] loss: 0.088
[ 58 / 60 ] loss: 0.169
[ 59 / 60 ] loss: 0.092
[ 60 / 60 ] loss: 0.001
0.04535862059468248
Accuracy: 0.729958 -- Precision: 0.766129 -- Recall: 0.730769 -- F1: 0.748031 -- AUC: 0.781596
========= epoch: 44 ==============
[ 1 / 60 ] loss: 0.046
[ 2 / 60 ] loss: 0.063
[ 3 / 60 ] loss: 0.099
[ 4 / 60 ] loss: 0.001
[ 5 / 60 ] loss: 0.131
[ 6 / 60 ] loss: 0.002
[ 7 / 60 ] loss: 0.022
[ 8 / 60 ] loss: 0.012
[ 9 / 60 ] loss: 0.069
[ 10 / 60 ] loss: 0.006
[ 11 / 60 ] loss: 0.089
[ 12 / 60 ] loss: 0.017
[ 13 / 60 ] loss: 0.001
[ 14 / 60 ] loss: 0.002
[ 15 / 60 ] loss: 0.025
[ 16 / 60 ] loss: 0.057
[ 17 / 60 ] loss: 0.027
[ 18 / 60 ] loss: 0.049
[ 19 / 60 ] loss: 0.001
[ 20 / 60 ] loss: 0.015
[ 21 / 60 ] loss: 0.076
[ 22 / 60 ] loss: 0.001
[ 23 / 60 ] loss: 0.033
[ 24 / 60 ] loss: 0.034
[ 25 / 60 ] loss: 0.004
[ 26 / 60 ] loss: 0.002
[ 27 / 60 ] loss: 0.002
[ 28 / 60 ] loss: 0.002
[ 29 / 60 ] loss: 0.003
[ 30 / 60 ] loss: 0.001
[ 31 / 60 ] loss: 0.025
[ 32 / 60 ] loss: 0.008
[ 33 / 60 ] loss: 0.067
[ 34 / 60 ] loss: 0.001
[ 35 / 60 ] loss: 0.070
[ 36 / 60 ] loss: 0.001
[ 37 / 60 ] loss: 0.001
[ 38 / 60 ] loss: 0.028
[ 39 / 60 ] loss: 0.004
[ 40 / 60 ] loss: 0.001
[ 41 / 60 ] loss: 0.014
[ 42 / 60 ] loss: 0.029
[ 43 / 60 ] loss: 0.001
[ 44 / 60 ] loss: 0.001
[ 45 / 60 ] loss: 0.025
[ 46 / 60 ] loss: 0.114
[ 47 / 60 ] loss: 0.001
[ 48 / 60 ] loss: 0.075
[ 49 / 60 ] loss: 0.156
[ 50 / 60 ] loss: 0.027
[ 51 / 60 ] loss: 0.001
[ 52 / 60 ] loss: 0.023
[ 53 / 60 ] loss: 0.002
[ 54 / 60 ] loss: 0.003
[ 55 / 60 ] loss: 0.095
[ 56 / 60 ] loss: 0.003
[ 57 / 60 ] loss: 0.005
[ 58 / 60 ] loss: 0.044
[ 59 / 60 ] loss: 0.001
[ 60 / 60 ] loss: 0.001
0.02864004878307848
Accuracy: 0.708861 -- Precision: 0.719424 -- Recall: 0.769231 -- F1: 0.743494 -- AUC: 0.773904
========= epoch: 45 ==============
[ 1 / 60 ] loss: 0.001
[ 2 / 60 ] loss: 0.126
[ 3 / 60 ] loss: 0.001
[ 4 / 60 ] loss: 0.001
[ 5 / 60 ] loss: 0.066
[ 6 / 60 ] loss: 0.055
[ 7 / 60 ] loss: 0.090
[ 8 / 60 ] loss: 0.001
[ 9 / 60 ] loss: 0.036
[ 10 / 60 ] loss: 0.050
[ 11 / 60 ] loss: 0.084
[ 12 / 60 ] loss: 0.001
[ 13 / 60 ] loss: 0.001
[ 14 / 60 ] loss: 0.001
[ 15 / 60 ] loss: 0.104
[ 16 / 60 ] loss: 0.003
[ 17 / 60 ] loss: 0.001
[ 18 / 60 ] loss: 0.016
[ 19 / 60 ] loss: 0.005
[ 20 / 60 ] loss: 0.370
[ 21 / 60 ] loss: 0.001
[ 22 / 60 ] loss: 0.002
[ 23 / 60 ] loss: 0.182
[ 24 / 60 ] loss: 0.107
[ 25 / 60 ] loss: 0.060
[ 26 / 60 ] loss: 0.012
[ 27 / 60 ] loss: 0.001
[ 28 / 60 ] loss: 0.063
[ 29 / 60 ] loss: 0.002
[ 30 / 60 ] loss: 0.001
[ 31 / 60 ] loss: 0.004
[ 32 / 60 ] loss: 0.038
[ 33 / 60 ] loss: 0.004
[ 34 / 60 ] loss: 0.018
[ 35 / 60 ] loss: 0.002
[ 36 / 60 ] loss: 0.079
[ 37 / 60 ] loss: 0.037
[ 38 / 60 ] loss: 0.018
[ 39 / 60 ] loss: 0.022
[ 40 / 60 ] loss: 0.003
[ 41 / 60 ] loss: 0.001
[ 42 / 60 ] loss: 0.001
[ 43 / 60 ] loss: 0.034
[ 44 / 60 ] loss: 0.001
[ 45 / 60 ] loss: 0.001
[ 46 / 60 ] loss: 0.002
[ 47 / 60 ] loss: 0.001
[ 48 / 60 ] loss: 0.036
[ 49 / 60 ] loss: 0.036
[ 50 / 60 ] loss: 0.006
[ 51 / 60 ] loss: 0.116
[ 52 / 60 ] loss: 0.006
[ 53 / 60 ] loss: 0.032
[ 54 / 60 ] loss: 0.024
[ 55 / 60 ] loss: 0.001
[ 56 / 60 ] loss: 0.033
[ 57 / 60 ] loss: 0.004
[ 58 / 60 ] loss: 0.012
[ 59 / 60 ] loss: 0.013
[ 60 / 60 ] loss: 0.001
0.033800203885766676
Accuracy: 0.729958 -- Precision: 0.742647 -- Recall: 0.776923 -- F1: 0.759398 -- AUC: 0.771280
========= epoch: 46 ==============
[ 1 / 60 ] loss: 0.058
[ 2 / 60 ] loss: 0.002
[ 3 / 60 ] loss: 0.002
[ 4 / 60 ] loss: 0.023
[ 5 / 60 ] loss: 0.010
[ 6 / 60 ] loss: 0.001
[ 7 / 60 ] loss: 0.008
[ 8 / 60 ] loss: 0.004
[ 9 / 60 ] loss: 0.008
[ 10 / 60 ] loss: 0.001
[ 11 / 60 ] loss: 0.074
[ 12 / 60 ] loss: 0.057
[ 13 / 60 ] loss: 0.023
[ 14 / 60 ] loss: 0.002
[ 15 / 60 ] loss: 0.020
[ 16 / 60 ] loss: 0.001
[ 17 / 60 ] loss: 0.001
[ 18 / 60 ] loss: 0.003
[ 19 / 60 ] loss: 0.022
[ 20 / 60 ] loss: 0.001
[ 21 / 60 ] loss: 0.029
[ 22 / 60 ] loss: 0.261
[ 23 / 60 ] loss: 0.001
[ 24 / 60 ] loss: 0.170
[ 25 / 60 ] loss: 0.001
[ 26 / 60 ] loss: 0.017
[ 27 / 60 ] loss: 0.004
[ 28 / 60 ] loss: 0.001
[ 29 / 60 ] loss: 0.040
[ 30 / 60 ] loss: 0.031
[ 31 / 60 ] loss: 0.003
[ 32 / 60 ] loss: 0.019
[ 33 / 60 ] loss: 0.003
[ 34 / 60 ] loss: 0.135
[ 35 / 60 ] loss: 0.039
[ 36 / 60 ] loss: 0.090
[ 37 / 60 ] loss: 0.001
[ 38 / 60 ] loss: 0.024
[ 39 / 60 ] loss: 0.001
[ 40 / 60 ] loss: 0.002
[ 41 / 60 ] loss: 0.003
[ 42 / 60 ] loss: 0.085
[ 43 / 60 ] loss: 0.001
[ 44 / 60 ] loss: 0.001
[ 45 / 60 ] loss: 0.001
[ 46 / 60 ] loss: 0.030
[ 47 / 60 ] loss: 0.020
[ 48 / 60 ] loss: 0.050
[ 49 / 60 ] loss: 0.011
[ 50 / 60 ] loss: 0.002
[ 51 / 60 ] loss: 0.001
[ 52 / 60 ] loss: 0.018
[ 53 / 60 ] loss: 0.073
[ 54 / 60 ] loss: 0.082
[ 55 / 60 ] loss: 0.002
[ 56 / 60 ] loss: 0.140
[ 57 / 60 ] loss: 0.032
[ 58 / 60 ] loss: 0.001
[ 59 / 60 ] loss: 0.003
[ 60 / 60 ] loss: 0.002
0.029120609121552357
Accuracy: 0.721519 -- Precision: 0.722222 -- Recall: 0.800000 -- F1: 0.759124 -- AUC: 0.776851
========= epoch: 47 ==============
[ 1 / 60 ] loss: 0.001
[ 2 / 60 ] loss: 0.001
[ 3 / 60 ] loss: 0.005
[ 4 / 60 ] loss: 0.033
[ 5 / 60 ] loss: 0.013
[ 6 / 60 ] loss: 0.001
[ 7 / 60 ] loss: 0.069
[ 8 / 60 ] loss: 0.001
[ 9 / 60 ] loss: 0.034
[ 10 / 60 ] loss: 0.040
[ 11 / 60 ] loss: 0.035
[ 12 / 60 ] loss: 0.001
[ 13 / 60 ] loss: 0.011
[ 14 / 60 ] loss: 0.012
[ 15 / 60 ] loss: 0.001
[ 16 / 60 ] loss: 0.010
[ 17 / 60 ] loss: 0.064
[ 18 / 60 ] loss: 0.032
[ 19 / 60 ] loss: 0.002
[ 20 / 60 ] loss: 0.013
[ 21 / 60 ] loss: 0.083
[ 22 / 60 ] loss: 0.001
[ 23 / 60 ] loss: 0.058
[ 24 / 60 ] loss: 0.001
[ 25 / 60 ] loss: 0.009
[ 26 / 60 ] loss: 0.021
[ 27 / 60 ] loss: 0.001
[ 28 / 60 ] loss: 0.002
[ 29 / 60 ] loss: 0.066
[ 30 / 60 ] loss: 0.001
[ 31 / 60 ] loss: 0.001
[ 32 / 60 ] loss: 0.016
[ 33 / 60 ] loss: 0.044
[ 34 / 60 ] loss: 0.002
[ 35 / 60 ] loss: 0.079
[ 36 / 60 ] loss: 0.179
[ 37 / 60 ] loss: 0.003
[ 38 / 60 ] loss: 0.031
[ 39 / 60 ] loss: 0.002
[ 40 / 60 ] loss: 0.005
[ 41 / 60 ] loss: 0.110
[ 42 / 60 ] loss: 0.089
[ 43 / 60 ] loss: 0.001
[ 44 / 60 ] loss: 0.001
[ 45 / 60 ] loss: 0.114
[ 46 / 60 ] loss: 0.007
[ 47 / 60 ] loss: 0.061
[ 48 / 60 ] loss: 0.003
[ 49 / 60 ] loss: 0.005
[ 50 / 60 ] loss: 0.056
[ 51 / 60 ] loss: 0.028
[ 52 / 60 ] loss: 0.001
[ 53 / 60 ] loss: 0.125
[ 54 / 60 ] loss: 0.001
[ 55 / 60 ] loss: 0.001
[ 56 / 60 ] loss: 0.001
[ 57 / 60 ] loss: 0.001
[ 58 / 60 ] loss: 0.001
[ 59 / 60 ] loss: 0.001
[ 60 / 60 ] loss: 0.001
0.02646988665316409
Accuracy: 0.713080 -- Precision: 0.721429 -- Recall: 0.776923 -- F1: 0.748148 -- AUC: 0.771891
========= epoch: 48 ==============
[ 1 / 60 ] loss: 0.009
[ 2 / 60 ] loss: 0.072
[ 3 / 60 ] loss: 0.001
[ 4 / 60 ] loss: 0.001
[ 5 / 60 ] loss: 0.001
[ 6 / 60 ] loss: 0.001
[ 7 / 60 ] loss: 0.045
[ 8 / 60 ] loss: 0.001
[ 9 / 60 ] loss: 0.001
[ 10 / 60 ] loss: 0.001
[ 11 / 60 ] loss: 0.277
[ 12 / 60 ] loss: 0.079
[ 13 / 60 ] loss: 0.016
[ 14 / 60 ] loss: 0.004
[ 15 / 60 ] loss: 0.001
[ 16 / 60 ] loss: 0.035
[ 17 / 60 ] loss: 0.034
[ 18 / 60 ] loss: 0.001
[ 19 / 60 ] loss: 0.290
[ 20 / 60 ] loss: 0.025
[ 21 / 60 ] loss: 0.001
[ 22 / 60 ] loss: 0.006
[ 23 / 60 ] loss: 0.043
[ 24 / 60 ] loss: 0.003
[ 25 / 60 ] loss: 0.002
[ 26 / 60 ] loss: 0.009
[ 27 / 60 ] loss: 0.090
[ 28 / 60 ] loss: 0.021
[ 29 / 60 ] loss: 0.091
[ 30 / 60 ] loss: 0.001
[ 31 / 60 ] loss: 0.076
[ 32 / 60 ] loss: 0.022
[ 33 / 60 ] loss: 0.001
[ 34 / 60 ] loss: 0.002
[ 35 / 60 ] loss: 0.331
[ 36 / 60 ] loss: 0.029
[ 37 / 60 ] loss: 0.012
[ 38 / 60 ] loss: 0.012
[ 39 / 60 ] loss: 0.002
[ 40 / 60 ] loss: 0.003
[ 41 / 60 ] loss: 0.004
[ 42 / 60 ] loss: 0.018
[ 43 / 60 ] loss: 0.003
[ 44 / 60 ] loss: 0.033
[ 45 / 60 ] loss: 0.041
[ 46 / 60 ] loss: 0.017
[ 47 / 60 ] loss: 0.039
[ 48 / 60 ] loss: 0.141
[ 49 / 60 ] loss: 0.016
[ 50 / 60 ] loss: 0.085
[ 51 / 60 ] loss: 0.080
[ 52 / 60 ] loss: 0.027
[ 53 / 60 ] loss: 0.001
[ 54 / 60 ] loss: 0.075
[ 55 / 60 ] loss: 0.085
[ 56 / 60 ] loss: 0.026
[ 57 / 60 ] loss: 0.008
[ 58 / 60 ] loss: 0.001
[ 59 / 60 ] loss: 0.041
[ 60 / 60 ] loss: 0.001
0.03987362995297493
Accuracy: 0.734177 -- Precision: 0.759690 -- Recall: 0.753846 -- F1: 0.756757 -- AUC: 0.791337
========= epoch: 49 ==============
[ 1 / 60 ] loss: 0.001
[ 2 / 60 ] loss: 0.025
[ 3 / 60 ] loss: 0.016
[ 4 / 60 ] loss: 0.023
[ 5 / 60 ] loss: 0.013
[ 6 / 60 ] loss: 0.002
[ 7 / 60 ] loss: 0.027
[ 8 / 60 ] loss: 0.007
[ 9 / 60 ] loss: 0.001
[ 10 / 60 ] loss: 0.001
[ 11 / 60 ] loss: 0.002
[ 12 / 60 ] loss: 0.149
[ 13 / 60 ] loss: 0.002
[ 14 / 60 ] loss: 0.001
[ 15 / 60 ] loss: 0.003
[ 16 / 60 ] loss: 0.005
[ 17 / 60 ] loss: 0.004
[ 18 / 60 ] loss: 0.001
[ 19 / 60 ] loss: 0.026
[ 20 / 60 ] loss: 0.009
[ 21 / 60 ] loss: 0.001
[ 22 / 60 ] loss: 0.113
[ 23 / 60 ] loss: 0.001
[ 24 / 60 ] loss: 0.017
[ 25 / 60 ] loss: 0.002
[ 26 / 60 ] loss: 0.022
[ 27 / 60 ] loss: 0.001
[ 28 / 60 ] loss: 0.020
[ 29 / 60 ] loss: 0.027
[ 30 / 60 ] loss: 0.020
[ 31 / 60 ] loss: 0.071
[ 32 / 60 ] loss: 0.089
[ 33 / 60 ] loss: 0.039
[ 34 / 60 ] loss: 0.001
[ 35 / 60 ] loss: 0.051
[ 36 / 60 ] loss: 0.021
[ 37 / 60 ] loss: 0.001
[ 38 / 60 ] loss: 0.002
[ 39 / 60 ] loss: 0.018
[ 40 / 60 ] loss: 0.001
[ 41 / 60 ] loss: 0.001
[ 42 / 60 ] loss: 0.001
[ 43 / 60 ] loss: 0.045
[ 44 / 60 ] loss: 0.130
[ 45 / 60 ] loss: 0.038
[ 46 / 60 ] loss: 0.081
[ 47 / 60 ] loss: 0.004
[ 48 / 60 ] loss: 0.103
[ 49 / 60 ] loss: 0.001
[ 50 / 60 ] loss: 0.002
[ 51 / 60 ] loss: 0.004
[ 52 / 60 ] loss: 0.084
[ 53 / 60 ] loss: 0.108
[ 54 / 60 ] loss: 0.089
[ 55 / 60 ] loss: 0.038
[ 56 / 60 ] loss: 0.000
[ 57 / 60 ] loss: 0.001
[ 58 / 60 ] loss: 0.053
[ 59 / 60 ] loss: 0.287
[ 60 / 60 ] loss: 0.001
0.031750716655612146
Accuracy: 0.734177 -- Precision: 0.819048 -- Recall: 0.661538 -- F1: 0.731915 -- AUC: 0.791337
