nohup: ignoring input
训练集: 8340
测试集: 453
/root/anaconda3/envs/evapatch/lib/python3.6/site-packages/transformers/optimization.py:309: FutureWarning: This implementation of AdamW is deprecated and will be removed in a future version. Use the PyTorch implementation torch.optim.AdamW instead, or set `no_deprecation_warning=True` to disable this warning
  FutureWarning,
-------------- start training --------------- 

========= epoch: 0 ==============
Token indices sequence length is longer than the specified maximum sequence length for this model (666 > 512). Running this sequence through the model will result in indexing errors
[ 1 / 348 ] loss: 0.700
[ 2 / 348 ] loss: 0.754
[ 3 / 348 ] loss: 0.674
[ 4 / 348 ] loss: 0.678
[ 5 / 348 ] loss: 0.727
[ 6 / 348 ] loss: 0.635
[ 7 / 348 ] loss: 0.665
[ 8 / 348 ] loss: 0.682
[ 9 / 348 ] loss: 0.665
[ 10 / 348 ] loss: 0.681
[ 11 / 348 ] loss: 0.720
[ 12 / 348 ] loss: 0.686
[ 13 / 348 ] loss: 0.637
[ 14 / 348 ] loss: 0.626
[ 15 / 348 ] loss: 0.668
[ 16 / 348 ] loss: 0.656
[ 17 / 348 ] loss: 0.543
[ 18 / 348 ] loss: 0.651
[ 19 / 348 ] loss: 0.629
[ 20 / 348 ] loss: 0.627
[ 21 / 348 ] loss: 0.699
[ 22 / 348 ] loss: 0.552
[ 23 / 348 ] loss: 0.571
[ 24 / 348 ] loss: 0.814
[ 25 / 348 ] loss: 0.599
[ 26 / 348 ] loss: 0.442
[ 27 / 348 ] loss: 0.686
[ 28 / 348 ] loss: 0.569
[ 29 / 348 ] loss: 0.653
[ 30 / 348 ] loss: 0.712
[ 31 / 348 ] loss: 0.719
[ 32 / 348 ] loss: 0.548
[ 33 / 348 ] loss: 0.450
[ 34 / 348 ] loss: 0.507
[ 35 / 348 ] loss: 0.446
[ 36 / 348 ] loss: 0.546
[ 37 / 348 ] loss: 0.680
[ 38 / 348 ] loss: 0.549
[ 39 / 348 ] loss: 0.544
[ 40 / 348 ] loss: 0.615
[ 41 / 348 ] loss: 0.519
[ 42 / 348 ] loss: 0.455
[ 43 / 348 ] loss: 0.411
[ 44 / 348 ] loss: 0.469
[ 45 / 348 ] loss: 0.530
[ 46 / 348 ] loss: 0.320
[ 47 / 348 ] loss: 0.482
[ 48 / 348 ] loss: 0.669
[ 49 / 348 ] loss: 0.481
[ 50 / 348 ] loss: 0.552
[ 51 / 348 ] loss: 0.438
[ 52 / 348 ] loss: 0.653
[ 53 / 348 ] loss: 0.556
[ 54 / 348 ] loss: 0.441
[ 55 / 348 ] loss: 0.485
[ 56 / 348 ] loss: 0.551
[ 57 / 348 ] loss: 0.604
[ 58 / 348 ] loss: 0.494
[ 59 / 348 ] loss: 0.611
[ 60 / 348 ] loss: 0.581
[ 61 / 348 ] loss: 0.555
[ 62 / 348 ] loss: 0.495
[ 63 / 348 ] loss: 0.600
[ 64 / 348 ] loss: 0.540
[ 65 / 348 ] loss: 0.383
[ 66 / 348 ] loss: 0.349
[ 67 / 348 ] loss: 0.326
[ 68 / 348 ] loss: 0.338
[ 69 / 348 ] loss: 0.452
[ 70 / 348 ] loss: 0.456
[ 71 / 348 ] loss: 0.522
[ 72 / 348 ] loss: 0.418
[ 73 / 348 ] loss: 0.550
[ 74 / 348 ] loss: 0.391
[ 75 / 348 ] loss: 0.730
[ 76 / 348 ] loss: 0.371
[ 77 / 348 ] loss: 0.446
[ 78 / 348 ] loss: 0.413
[ 79 / 348 ] loss: 0.338
[ 80 / 348 ] loss: 0.221
[ 81 / 348 ] loss: 0.584
[ 82 / 348 ] loss: 0.416
[ 83 / 348 ] loss: 0.411
[ 84 / 348 ] loss: 0.405
[ 85 / 348 ] loss: 0.397
[ 86 / 348 ] loss: 0.428
[ 87 / 348 ] loss: 0.528
[ 88 / 348 ] loss: 0.399
[ 89 / 348 ] loss: 0.491
[ 90 / 348 ] loss: 0.501
[ 91 / 348 ] loss: 0.369
[ 92 / 348 ] loss: 0.471
[ 93 / 348 ] loss: 0.406
[ 94 / 348 ] loss: 0.515
[ 95 / 348 ] loss: 0.422
[ 96 / 348 ] loss: 0.585
[ 97 / 348 ] loss: 0.425
[ 98 / 348 ] loss: 0.472
[ 99 / 348 ] loss: 0.421
[ 100 / 348 ] loss: 0.447
[ 101 / 348 ] loss: 0.379
[ 102 / 348 ] loss: 0.308
[ 103 / 348 ] loss: 0.451
[ 104 / 348 ] loss: 0.349
[ 105 / 348 ] loss: 0.473
[ 106 / 348 ] loss: 0.335
[ 107 / 348 ] loss: 0.468
[ 108 / 348 ] loss: 0.443
[ 109 / 348 ] loss: 0.323
[ 110 / 348 ] loss: 0.454
[ 111 / 348 ] loss: 0.755
[ 112 / 348 ] loss: 0.387
[ 113 / 348 ] loss: 0.385
[ 114 / 348 ] loss: 0.596
[ 115 / 348 ] loss: 0.595
[ 116 / 348 ] loss: 0.489
[ 117 / 348 ] loss: 0.353
[ 118 / 348 ] loss: 0.445
[ 119 / 348 ] loss: 0.439
[ 120 / 348 ] loss: 0.545
[ 121 / 348 ] loss: 0.401
[ 122 / 348 ] loss: 0.577
[ 123 / 348 ] loss: 0.469
[ 124 / 348 ] loss: 0.502
[ 125 / 348 ] loss: 0.334
[ 126 / 348 ] loss: 0.373
[ 127 / 348 ] loss: 0.459
[ 128 / 348 ] loss: 0.515
[ 129 / 348 ] loss: 0.391
[ 130 / 348 ] loss: 0.479
[ 131 / 348 ] loss: 0.546
[ 132 / 348 ] loss: 0.320
[ 133 / 348 ] loss: 0.506
[ 134 / 348 ] loss: 0.253
[ 135 / 348 ] loss: 0.597
[ 136 / 348 ] loss: 0.291
[ 137 / 348 ] loss: 0.514
[ 138 / 348 ] loss: 0.161
[ 139 / 348 ] loss: 0.456
[ 140 / 348 ] loss: 0.424
[ 141 / 348 ] loss: 0.307
[ 142 / 348 ] loss: 0.363
[ 143 / 348 ] loss: 0.378
[ 144 / 348 ] loss: 0.538
[ 145 / 348 ] loss: 0.311
[ 146 / 348 ] loss: 0.391
[ 147 / 348 ] loss: 0.324
[ 148 / 348 ] loss: 0.597
[ 149 / 348 ] loss: 0.481
[ 150 / 348 ] loss: 0.362
[ 151 / 348 ] loss: 0.252
[ 152 / 348 ] loss: 0.522
[ 153 / 348 ] loss: 0.301
[ 154 / 348 ] loss: 0.291
[ 155 / 348 ] loss: 0.397
[ 156 / 348 ] loss: 0.253
[ 157 / 348 ] loss: 0.306
[ 158 / 348 ] loss: 0.392
[ 159 / 348 ] loss: 0.288
[ 160 / 348 ] loss: 0.475
[ 161 / 348 ] loss: 0.512
[ 162 / 348 ] loss: 0.263
[ 163 / 348 ] loss: 0.346
[ 164 / 348 ] loss: 0.409
[ 165 / 348 ] loss: 0.442
[ 166 / 348 ] loss: 0.335
[ 167 / 348 ] loss: 0.468
[ 168 / 348 ] loss: 0.434
[ 169 / 348 ] loss: 0.576
[ 170 / 348 ] loss: 0.295
[ 171 / 348 ] loss: 0.386
[ 172 / 348 ] loss: 0.437
[ 173 / 348 ] loss: 0.415
[ 174 / 348 ] loss: 0.324
[ 175 / 348 ] loss: 0.240
[ 176 / 348 ] loss: 0.422
[ 177 / 348 ] loss: 0.356
[ 178 / 348 ] loss: 0.320
[ 179 / 348 ] loss: 0.316
[ 180 / 348 ] loss: 0.604
[ 181 / 348 ] loss: 0.546
[ 182 / 348 ] loss: 0.324
[ 183 / 348 ] loss: 0.222
[ 184 / 348 ] loss: 0.325
[ 185 / 348 ] loss: 0.481
[ 186 / 348 ] loss: 0.551
[ 187 / 348 ] loss: 0.314
[ 188 / 348 ] loss: 0.427
[ 189 / 348 ] loss: 0.404
[ 190 / 348 ] loss: 0.446
[ 191 / 348 ] loss: 0.333
[ 192 / 348 ] loss: 0.342
[ 193 / 348 ] loss: 0.553
[ 194 / 348 ] loss: 0.346
[ 195 / 348 ] loss: 0.385
[ 196 / 348 ] loss: 0.451
[ 197 / 348 ] loss: 0.414
[ 198 / 348 ] loss: 0.399
[ 199 / 348 ] loss: 0.173
[ 200 / 348 ] loss: 0.414
[ 201 / 348 ] loss: 0.320
[ 202 / 348 ] loss: 0.338
[ 203 / 348 ] loss: 0.247
[ 204 / 348 ] loss: 0.257
[ 205 / 348 ] loss: 0.154
[ 206 / 348 ] loss: 0.285
[ 207 / 348 ] loss: 0.473
[ 208 / 348 ] loss: 0.263
[ 209 / 348 ] loss: 0.380
[ 210 / 348 ] loss: 0.491
[ 211 / 348 ] loss: 0.226
[ 212 / 348 ] loss: 0.235
[ 213 / 348 ] loss: 0.572
[ 214 / 348 ] loss: 0.430
[ 215 / 348 ] loss: 0.507
[ 216 / 348 ] loss: 0.275
[ 217 / 348 ] loss: 0.355
[ 218 / 348 ] loss: 0.445
[ 219 / 348 ] loss: 0.636
[ 220 / 348 ] loss: 0.188
[ 221 / 348 ] loss: 0.255
[ 222 / 348 ] loss: 0.486
[ 223 / 348 ] loss: 0.277
[ 224 / 348 ] loss: 0.331
[ 225 / 348 ] loss: 0.293
[ 226 / 348 ] loss: 0.300
[ 227 / 348 ] loss: 0.338
[ 228 / 348 ] loss: 0.187
[ 229 / 348 ] loss: 0.347
[ 230 / 348 ] loss: 0.349
[ 231 / 348 ] loss: 0.486
[ 232 / 348 ] loss: 0.270
[ 233 / 348 ] loss: 0.306
[ 234 / 348 ] loss: 0.308
[ 235 / 348 ] loss: 0.350
[ 236 / 348 ] loss: 0.461
[ 237 / 348 ] loss: 0.310
[ 238 / 348 ] loss: 0.451
[ 239 / 348 ] loss: 0.503
[ 240 / 348 ] loss: 0.313
[ 241 / 348 ] loss: 0.571
[ 242 / 348 ] loss: 0.536
[ 243 / 348 ] loss: 0.216
[ 244 / 348 ] loss: 0.199
[ 245 / 348 ] loss: 0.216
[ 246 / 348 ] loss: 0.283
[ 247 / 348 ] loss: 0.279
[ 248 / 348 ] loss: 0.227
[ 249 / 348 ] loss: 0.380
[ 250 / 348 ] loss: 0.308
[ 251 / 348 ] loss: 0.306
[ 252 / 348 ] loss: 0.330
[ 253 / 348 ] loss: 0.349
[ 254 / 348 ] loss: 0.193
[ 255 / 348 ] loss: 0.258
[ 256 / 348 ] loss: 0.195
[ 257 / 348 ] loss: 0.233
[ 258 / 348 ] loss: 0.207
[ 259 / 348 ] loss: 0.241
[ 260 / 348 ] loss: 0.259
[ 261 / 348 ] loss: 0.187
[ 262 / 348 ] loss: 0.271
[ 263 / 348 ] loss: 0.266
[ 264 / 348 ] loss: 0.281
[ 265 / 348 ] loss: 0.377
[ 266 / 348 ] loss: 0.090
[ 267 / 348 ] loss: 0.368
[ 268 / 348 ] loss: 0.182
[ 269 / 348 ] loss: 0.372
[ 270 / 348 ] loss: 0.461
[ 271 / 348 ] loss: 0.108
[ 272 / 348 ] loss: 0.165
[ 273 / 348 ] loss: 0.343
[ 274 / 348 ] loss: 0.165
[ 275 / 348 ] loss: 0.348
[ 276 / 348 ] loss: 0.297
[ 277 / 348 ] loss: 0.283
[ 278 / 348 ] loss: 0.172
[ 279 / 348 ] loss: 0.128
[ 280 / 348 ] loss: 0.427
[ 281 / 348 ] loss: 0.618
[ 282 / 348 ] loss: 0.418
[ 283 / 348 ] loss: 0.252
[ 284 / 348 ] loss: 0.351
[ 285 / 348 ] loss: 0.414
[ 286 / 348 ] loss: 0.311
[ 287 / 348 ] loss: 0.487
[ 288 / 348 ] loss: 0.229
[ 289 / 348 ] loss: 0.425
[ 290 / 348 ] loss: 0.367
[ 291 / 348 ] loss: 0.472
[ 292 / 348 ] loss: 0.279
[ 293 / 348 ] loss: 0.330
[ 294 / 348 ] loss: 0.292
[ 295 / 348 ] loss: 0.393
[ 296 / 348 ] loss: 0.365
[ 297 / 348 ] loss: 0.154
[ 298 / 348 ] loss: 0.305
[ 299 / 348 ] loss: 0.210
[ 300 / 348 ] loss: 0.278
[ 301 / 348 ] loss: 0.175
[ 302 / 348 ] loss: 0.190
[ 303 / 348 ] loss: 0.484
[ 304 / 348 ] loss: 0.312
[ 305 / 348 ] loss: 0.197
[ 306 / 348 ] loss: 0.112
[ 307 / 348 ] loss: 0.335
[ 308 / 348 ] loss: 0.307
[ 309 / 348 ] loss: 0.315
[ 310 / 348 ] loss: 0.289
[ 311 / 348 ] loss: 0.084
[ 312 / 348 ] loss: 0.133
[ 313 / 348 ] loss: 0.451
[ 314 / 348 ] loss: 0.332
[ 315 / 348 ] loss: 0.238
[ 316 / 348 ] loss: 0.264
[ 317 / 348 ] loss: 0.421
[ 318 / 348 ] loss: 0.264
[ 319 / 348 ] loss: 0.342
[ 320 / 348 ] loss: 0.145
[ 321 / 348 ] loss: 0.211
[ 322 / 348 ] loss: 0.412
[ 323 / 348 ] loss: 0.306
[ 324 / 348 ] loss: 0.425
[ 325 / 348 ] loss: 0.096
[ 326 / 348 ] loss: 0.306
[ 327 / 348 ] loss: 0.203
[ 328 / 348 ] loss: 0.216
[ 329 / 348 ] loss: 0.184
[ 330 / 348 ] loss: 0.216
[ 331 / 348 ] loss: 0.270
[ 332 / 348 ] loss: 0.346
[ 333 / 348 ] loss: 0.287
[ 334 / 348 ] loss: 0.308
[ 335 / 348 ] loss: 0.394
[ 336 / 348 ] loss: 0.161
[ 337 / 348 ] loss: 0.243
[ 338 / 348 ] loss: 0.139
[ 339 / 348 ] loss: 0.316
[ 340 / 348 ] loss: 0.157
[ 341 / 348 ] loss: 0.274
[ 342 / 348 ] loss: 0.417
[ 343 / 348 ] loss: 0.328
[ 344 / 348 ] loss: 0.304
[ 345 / 348 ] loss: 0.293
[ 346 / 348 ] loss: 0.168
[ 347 / 348 ] loss: 0.292
[ 348 / 348 ] loss: 0.214
0.4000171397694911
Accuracy: 0.845475 -- Precision: 0.831858 -- Recall: 0.854545 -- F1: 0.843049 -- AUC: 0.903180
保存模型参数
========= epoch: 1 ==============
[ 1 / 348 ] loss: 0.127
[ 2 / 348 ] loss: 0.740
[ 3 / 348 ] loss: 0.196
[ 4 / 348 ] loss: 0.183
[ 5 / 348 ] loss: 0.104
[ 6 / 348 ] loss: 0.177
[ 7 / 348 ] loss: 0.085
[ 8 / 348 ] loss: 0.111
[ 9 / 348 ] loss: 0.098
[ 10 / 348 ] loss: 0.255
[ 11 / 348 ] loss: 0.138
[ 12 / 348 ] loss: 0.183
[ 13 / 348 ] loss: 0.125
[ 14 / 348 ] loss: 0.324
[ 15 / 348 ] loss: 0.075
[ 16 / 348 ] loss: 0.234
[ 17 / 348 ] loss: 0.114
[ 18 / 348 ] loss: 0.149
[ 19 / 348 ] loss: 0.281
[ 20 / 348 ] loss: 0.079
[ 21 / 348 ] loss: 0.144
[ 22 / 348 ] loss: 0.285
[ 23 / 348 ] loss: 0.145
[ 24 / 348 ] loss: 0.390
[ 25 / 348 ] loss: 0.123
[ 26 / 348 ] loss: 0.169
[ 27 / 348 ] loss: 0.153
[ 28 / 348 ] loss: 0.177
[ 29 / 348 ] loss: 0.254
[ 30 / 348 ] loss: 0.231
[ 31 / 348 ] loss: 0.251
[ 32 / 348 ] loss: 0.278
[ 33 / 348 ] loss: 0.172
[ 34 / 348 ] loss: 0.120
[ 35 / 348 ] loss: 0.193
[ 36 / 348 ] loss: 0.224
[ 37 / 348 ] loss: 0.251
[ 38 / 348 ] loss: 0.455
[ 39 / 348 ] loss: 0.071
[ 40 / 348 ] loss: 0.146
[ 41 / 348 ] loss: 0.274
[ 42 / 348 ] loss: 0.105
[ 43 / 348 ] loss: 0.158
[ 44 / 348 ] loss: 0.163
[ 45 / 348 ] loss: 0.266
[ 46 / 348 ] loss: 0.217
[ 47 / 348 ] loss: 0.094
[ 48 / 348 ] loss: 0.157
[ 49 / 348 ] loss: 0.173
[ 50 / 348 ] loss: 0.197
[ 51 / 348 ] loss: 0.135
[ 52 / 348 ] loss: 0.558
[ 53 / 348 ] loss: 0.203
[ 54 / 348 ] loss: 0.098
[ 55 / 348 ] loss: 0.061
[ 56 / 348 ] loss: 0.144
[ 57 / 348 ] loss: 0.289
[ 58 / 348 ] loss: 0.105
[ 59 / 348 ] loss: 0.125
[ 60 / 348 ] loss: 0.090
[ 61 / 348 ] loss: 0.196
[ 62 / 348 ] loss: 0.369
[ 63 / 348 ] loss: 0.067
[ 64 / 348 ] loss: 0.118
[ 65 / 348 ] loss: 0.211
[ 66 / 348 ] loss: 0.192
[ 67 / 348 ] loss: 0.121
[ 68 / 348 ] loss: 0.140
[ 69 / 348 ] loss: 0.206
[ 70 / 348 ] loss: 0.264
[ 71 / 348 ] loss: 0.209
[ 72 / 348 ] loss: 0.534
[ 73 / 348 ] loss: 0.307
[ 74 / 348 ] loss: 0.106
[ 75 / 348 ] loss: 0.276
[ 76 / 348 ] loss: 0.110
[ 77 / 348 ] loss: 0.088
[ 78 / 348 ] loss: 0.222
[ 79 / 348 ] loss: 0.265
[ 80 / 348 ] loss: 0.244
[ 81 / 348 ] loss: 0.133
[ 82 / 348 ] loss: 0.191
[ 83 / 348 ] loss: 0.068
[ 84 / 348 ] loss: 0.192
[ 85 / 348 ] loss: 0.107
[ 86 / 348 ] loss: 0.166
[ 87 / 348 ] loss: 0.102
[ 88 / 348 ] loss: 0.156
[ 89 / 348 ] loss: 0.383
[ 90 / 348 ] loss: 0.258
[ 91 / 348 ] loss: 0.179
[ 92 / 348 ] loss: 0.464
[ 93 / 348 ] loss: 0.391
[ 94 / 348 ] loss: 0.301
[ 95 / 348 ] loss: 0.183
[ 96 / 348 ] loss: 0.567
[ 97 / 348 ] loss: 0.459
[ 98 / 348 ] loss: 0.305
[ 99 / 348 ] loss: 0.266
[ 100 / 348 ] loss: 0.172
[ 101 / 348 ] loss: 0.278
[ 102 / 348 ] loss: 0.319
[ 103 / 348 ] loss: 0.223
[ 104 / 348 ] loss: 0.240
[ 105 / 348 ] loss: 0.227
[ 106 / 348 ] loss: 0.285
[ 107 / 348 ] loss: 0.428
[ 108 / 348 ] loss: 0.275
[ 109 / 348 ] loss: 0.278
[ 110 / 348 ] loss: 0.238
[ 111 / 348 ] loss: 0.341
[ 112 / 348 ] loss: 0.259
[ 113 / 348 ] loss: 0.172
[ 114 / 348 ] loss: 0.223
[ 115 / 348 ] loss: 0.230
[ 116 / 348 ] loss: 0.243
[ 117 / 348 ] loss: 0.208
[ 118 / 348 ] loss: 0.261
[ 119 / 348 ] loss: 0.156
[ 120 / 348 ] loss: 0.159
[ 121 / 348 ] loss: 0.134
[ 122 / 348 ] loss: 0.251
[ 123 / 348 ] loss: 0.197
[ 124 / 348 ] loss: 0.325
[ 125 / 348 ] loss: 0.083
[ 126 / 348 ] loss: 0.110
[ 127 / 348 ] loss: 0.125
[ 128 / 348 ] loss: 0.186
[ 129 / 348 ] loss: 0.120
[ 130 / 348 ] loss: 0.061
[ 131 / 348 ] loss: 0.190
[ 132 / 348 ] loss: 0.272
[ 133 / 348 ] loss: 0.093
[ 134 / 348 ] loss: 0.372
[ 135 / 348 ] loss: 0.152
[ 136 / 348 ] loss: 0.247
[ 137 / 348 ] loss: 0.082
[ 138 / 348 ] loss: 0.137
[ 139 / 348 ] loss: 0.158
[ 140 / 348 ] loss: 0.045
[ 141 / 348 ] loss: 0.174
[ 142 / 348 ] loss: 0.366
[ 143 / 348 ] loss: 0.059
[ 144 / 348 ] loss: 0.109
[ 145 / 348 ] loss: 0.729
[ 146 / 348 ] loss: 0.100
[ 147 / 348 ] loss: 0.146
[ 148 / 348 ] loss: 0.295
[ 149 / 348 ] loss: 0.085
[ 150 / 348 ] loss: 0.031
[ 151 / 348 ] loss: 0.200
[ 152 / 348 ] loss: 0.147
[ 153 / 348 ] loss: 0.132
[ 154 / 348 ] loss: 0.078
[ 155 / 348 ] loss: 0.091
[ 156 / 348 ] loss: 0.291
[ 157 / 348 ] loss: 0.051
[ 158 / 348 ] loss: 0.140
[ 159 / 348 ] loss: 0.315
[ 160 / 348 ] loss: 0.080
[ 161 / 348 ] loss: 0.085
[ 162 / 348 ] loss: 0.115
[ 163 / 348 ] loss: 0.085
[ 164 / 348 ] loss: 0.181
[ 165 / 348 ] loss: 0.362
[ 166 / 348 ] loss: 0.070
[ 167 / 348 ] loss: 0.115
[ 168 / 348 ] loss: 0.320
[ 169 / 348 ] loss: 0.358
[ 170 / 348 ] loss: 0.194
[ 171 / 348 ] loss: 0.162
[ 172 / 348 ] loss: 0.166
[ 173 / 348 ] loss: 0.290
[ 174 / 348 ] loss: 0.155
[ 175 / 348 ] loss: 0.206
[ 176 / 348 ] loss: 0.106
[ 177 / 348 ] loss: 0.286
[ 178 / 348 ] loss: 0.257
[ 179 / 348 ] loss: 0.048
[ 180 / 348 ] loss: 0.360
[ 181 / 348 ] loss: 0.204
[ 182 / 348 ] loss: 0.137
[ 183 / 348 ] loss: 0.236
[ 184 / 348 ] loss: 0.124
[ 185 / 348 ] loss: 0.264
[ 186 / 348 ] loss: 0.137
[ 187 / 348 ] loss: 0.154
[ 188 / 348 ] loss: 0.210
[ 189 / 348 ] loss: 0.313
[ 190 / 348 ] loss: 0.180
[ 191 / 348 ] loss: 0.146
[ 192 / 348 ] loss: 0.140
[ 193 / 348 ] loss: 0.237
[ 194 / 348 ] loss: 0.233
[ 195 / 348 ] loss: 0.235
[ 196 / 348 ] loss: 0.067
[ 197 / 348 ] loss: 0.325
[ 198 / 348 ] loss: 0.193
[ 199 / 348 ] loss: 0.228
[ 200 / 348 ] loss: 0.138
[ 201 / 348 ] loss: 0.124
[ 202 / 348 ] loss: 0.232
[ 203 / 348 ] loss: 0.145
[ 204 / 348 ] loss: 0.174
[ 205 / 348 ] loss: 0.230
[ 206 / 348 ] loss: 0.358
[ 207 / 348 ] loss: 0.075
[ 208 / 348 ] loss: 0.085
[ 209 / 348 ] loss: 0.101
[ 210 / 348 ] loss: 0.175
[ 211 / 348 ] loss: 0.144
[ 212 / 348 ] loss: 0.352
[ 213 / 348 ] loss: 0.371
[ 214 / 348 ] loss: 0.334
[ 215 / 348 ] loss: 0.147
[ 216 / 348 ] loss: 0.268
[ 217 / 348 ] loss: 0.243
[ 218 / 348 ] loss: 0.138
[ 219 / 348 ] loss: 0.111
[ 220 / 348 ] loss: 0.116
[ 221 / 348 ] loss: 0.124
[ 222 / 348 ] loss: 0.174
[ 223 / 348 ] loss: 0.088
[ 224 / 348 ] loss: 0.086
[ 225 / 348 ] loss: 0.217
[ 226 / 348 ] loss: 0.027
[ 227 / 348 ] loss: 0.099
[ 228 / 348 ] loss: 0.050
[ 229 / 348 ] loss: 0.146
[ 230 / 348 ] loss: 0.390
[ 231 / 348 ] loss: 0.195
[ 232 / 348 ] loss: 0.055
[ 233 / 348 ] loss: 0.202
[ 234 / 348 ] loss: 0.305
[ 235 / 348 ] loss: 0.144
[ 236 / 348 ] loss: 0.109
[ 237 / 348 ] loss: 0.132
[ 238 / 348 ] loss: 0.330
[ 239 / 348 ] loss: 0.321
[ 240 / 348 ] loss: 0.070
[ 241 / 348 ] loss: 0.358
[ 242 / 348 ] loss: 0.151
[ 243 / 348 ] loss: 0.073
[ 244 / 348 ] loss: 0.201
[ 245 / 348 ] loss: 0.220
[ 246 / 348 ] loss: 0.186
[ 247 / 348 ] loss: 0.253
[ 248 / 348 ] loss: 0.237
[ 249 / 348 ] loss: 0.154
[ 250 / 348 ] loss: 0.053
[ 251 / 348 ] loss: 0.055
[ 252 / 348 ] loss: 0.139
[ 253 / 348 ] loss: 0.178
[ 254 / 348 ] loss: 0.044
[ 255 / 348 ] loss: 0.136
[ 256 / 348 ] loss: 0.187
[ 257 / 348 ] loss: 0.055
[ 258 / 348 ] loss: 0.302
[ 259 / 348 ] loss: 0.094
[ 260 / 348 ] loss: 0.418
[ 261 / 348 ] loss: 0.149
[ 262 / 348 ] loss: 0.131
[ 263 / 348 ] loss: 0.099
[ 264 / 348 ] loss: 0.082
[ 265 / 348 ] loss: 0.138
[ 266 / 348 ] loss: 0.057
[ 267 / 348 ] loss: 0.065
[ 268 / 348 ] loss: 0.218
[ 269 / 348 ] loss: 0.145
[ 270 / 348 ] loss: 0.259
[ 271 / 348 ] loss: 0.082
[ 272 / 348 ] loss: 0.198
[ 273 / 348 ] loss: 0.378
[ 274 / 348 ] loss: 0.089
[ 275 / 348 ] loss: 0.219
[ 276 / 348 ] loss: 0.403
[ 277 / 348 ] loss: 0.229
[ 278 / 348 ] loss: 0.187
[ 279 / 348 ] loss: 0.214
[ 280 / 348 ] loss: 0.241
[ 281 / 348 ] loss: 0.188
[ 282 / 348 ] loss: 0.080
[ 283 / 348 ] loss: 0.061
[ 284 / 348 ] loss: 0.123
[ 285 / 348 ] loss: 0.084
[ 286 / 348 ] loss: 0.150
[ 287 / 348 ] loss: 0.397
[ 288 / 348 ] loss: 0.052
[ 289 / 348 ] loss: 0.323
[ 290 / 348 ] loss: 0.148
[ 291 / 348 ] loss: 0.221
[ 292 / 348 ] loss: 0.121
[ 293 / 348 ] loss: 0.081
[ 294 / 348 ] loss: 0.179
[ 295 / 348 ] loss: 0.052
[ 296 / 348 ] loss: 0.141
[ 297 / 348 ] loss: 0.044
[ 298 / 348 ] loss: 0.124
[ 299 / 348 ] loss: 0.216
[ 300 / 348 ] loss: 0.076
[ 301 / 348 ] loss: 0.281
[ 302 / 348 ] loss: 0.338
[ 303 / 348 ] loss: 0.149
[ 304 / 348 ] loss: 0.081
[ 305 / 348 ] loss: 0.164
[ 306 / 348 ] loss: 0.095
[ 307 / 348 ] loss: 0.097
[ 308 / 348 ] loss: 0.198
[ 309 / 348 ] loss: 0.307
[ 310 / 348 ] loss: 0.283
[ 311 / 348 ] loss: 0.113
[ 312 / 348 ] loss: 0.054
[ 313 / 348 ] loss: 0.100
[ 314 / 348 ] loss: 0.099
[ 315 / 348 ] loss: 0.126
[ 316 / 348 ] loss: 0.408
[ 317 / 348 ] loss: 0.062
[ 318 / 348 ] loss: 0.229
[ 319 / 348 ] loss: 0.038
[ 320 / 348 ] loss: 0.124
[ 321 / 348 ] loss: 0.228
[ 322 / 348 ] loss: 0.155
[ 323 / 348 ] loss: 0.075
[ 324 / 348 ] loss: 0.092
[ 325 / 348 ] loss: 0.288
[ 326 / 348 ] loss: 0.179
[ 327 / 348 ] loss: 0.242
[ 328 / 348 ] loss: 0.065
[ 329 / 348 ] loss: 0.084
[ 330 / 348 ] loss: 0.023
[ 331 / 348 ] loss: 0.205
[ 332 / 348 ] loss: 0.254
[ 333 / 348 ] loss: 0.052
[ 334 / 348 ] loss: 0.093
[ 335 / 348 ] loss: 0.063
[ 336 / 348 ] loss: 0.144
[ 337 / 348 ] loss: 0.142
[ 338 / 348 ] loss: 0.107
[ 339 / 348 ] loss: 0.115
[ 340 / 348 ] loss: 0.310
[ 341 / 348 ] loss: 0.251
[ 342 / 348 ] loss: 0.228
[ 343 / 348 ] loss: 0.252
[ 344 / 348 ] loss: 0.044
[ 345 / 348 ] loss: 0.192
[ 346 / 348 ] loss: 0.173
[ 347 / 348 ] loss: 0.202
[ 348 / 348 ] loss: 0.129
0.18850764211524149
Accuracy: 0.827815 -- Precision: 0.795833 -- Recall: 0.868182 -- F1: 0.830435 -- AUC: 0.908779
========= epoch: 2 ==============
[ 1 / 348 ] loss: 0.198
[ 2 / 348 ] loss: 0.448
[ 3 / 348 ] loss: 0.046
[ 4 / 348 ] loss: 0.140
[ 5 / 348 ] loss: 0.253
[ 6 / 348 ] loss: 0.050
[ 7 / 348 ] loss: 0.305
[ 8 / 348 ] loss: 0.117
[ 9 / 348 ] loss: 0.240
[ 10 / 348 ] loss: 0.158
[ 11 / 348 ] loss: 0.104
[ 12 / 348 ] loss: 0.045
[ 13 / 348 ] loss: 0.227
[ 14 / 348 ] loss: 0.096
[ 15 / 348 ] loss: 0.150
[ 16 / 348 ] loss: 0.055
[ 17 / 348 ] loss: 0.060
[ 18 / 348 ] loss: 0.209
[ 19 / 348 ] loss: 0.104
[ 20 / 348 ] loss: 0.178
[ 21 / 348 ] loss: 0.086
[ 22 / 348 ] loss: 0.191
[ 23 / 348 ] loss: 0.193
[ 24 / 348 ] loss: 0.046
[ 25 / 348 ] loss: 0.120
[ 26 / 348 ] loss: 0.017
[ 27 / 348 ] loss: 0.014
[ 28 / 348 ] loss: 0.014
[ 29 / 348 ] loss: 0.107
[ 30 / 348 ] loss: 0.093
[ 31 / 348 ] loss: 0.180
[ 32 / 348 ] loss: 0.112
[ 33 / 348 ] loss: 0.259
[ 34 / 348 ] loss: 0.211
[ 35 / 348 ] loss: 0.207
[ 36 / 348 ] loss: 0.211
[ 37 / 348 ] loss: 0.093
[ 38 / 348 ] loss: 0.059
[ 39 / 348 ] loss: 0.067
[ 40 / 348 ] loss: 0.216
[ 41 / 348 ] loss: 0.190
[ 42 / 348 ] loss: 0.069
[ 43 / 348 ] loss: 0.022
[ 44 / 348 ] loss: 0.142
[ 45 / 348 ] loss: 0.089
[ 46 / 348 ] loss: 0.118
[ 47 / 348 ] loss: 0.243
[ 48 / 348 ] loss: 0.097
[ 49 / 348 ] loss: 0.068
[ 50 / 348 ] loss: 0.191
[ 51 / 348 ] loss: 0.116
[ 52 / 348 ] loss: 0.087
[ 53 / 348 ] loss: 0.144
[ 54 / 348 ] loss: 0.252
[ 55 / 348 ] loss: 0.076
[ 56 / 348 ] loss: 0.031
[ 57 / 348 ] loss: 0.060
[ 58 / 348 ] loss: 0.197
[ 59 / 348 ] loss: 0.086
[ 60 / 348 ] loss: 0.126
[ 61 / 348 ] loss: 0.098
[ 62 / 348 ] loss: 0.182
[ 63 / 348 ] loss: 0.062
[ 64 / 348 ] loss: 0.280
[ 65 / 348 ] loss: 0.029
[ 66 / 348 ] loss: 0.125
[ 67 / 348 ] loss: 0.240
[ 68 / 348 ] loss: 0.022
[ 69 / 348 ] loss: 0.257
[ 70 / 348 ] loss: 0.069
[ 71 / 348 ] loss: 0.088
[ 72 / 348 ] loss: 0.162
[ 73 / 348 ] loss: 0.152
[ 74 / 348 ] loss: 0.021
[ 75 / 348 ] loss: 0.057
[ 76 / 348 ] loss: 0.089
[ 77 / 348 ] loss: 0.042
[ 78 / 348 ] loss: 0.082
[ 79 / 348 ] loss: 0.101
[ 80 / 348 ] loss: 0.158
[ 81 / 348 ] loss: 0.151
[ 82 / 348 ] loss: 0.399
[ 83 / 348 ] loss: 0.040
[ 84 / 348 ] loss: 0.033
[ 85 / 348 ] loss: 0.104
[ 86 / 348 ] loss: 0.034
[ 87 / 348 ] loss: 0.081
[ 88 / 348 ] loss: 0.032
[ 89 / 348 ] loss: 0.110
[ 90 / 348 ] loss: 0.154
[ 91 / 348 ] loss: 0.246
[ 92 / 348 ] loss: 0.089
[ 93 / 348 ] loss: 0.112
[ 94 / 348 ] loss: 0.032
[ 95 / 348 ] loss: 0.111
[ 96 / 348 ] loss: 0.099
[ 97 / 348 ] loss: 0.043
[ 98 / 348 ] loss: 0.210
[ 99 / 348 ] loss: 0.021
[ 100 / 348 ] loss: 0.273
[ 101 / 348 ] loss: 0.054
[ 102 / 348 ] loss: 0.036
[ 103 / 348 ] loss: 0.233
[ 104 / 348 ] loss: 0.124
[ 105 / 348 ] loss: 0.127
[ 106 / 348 ] loss: 0.050
[ 107 / 348 ] loss: 0.114
[ 108 / 348 ] loss: 0.220
[ 109 / 348 ] loss: 0.169
[ 110 / 348 ] loss: 0.110
[ 111 / 348 ] loss: 0.159
[ 112 / 348 ] loss: 0.068
[ 113 / 348 ] loss: 0.157
[ 114 / 348 ] loss: 0.047
[ 115 / 348 ] loss: 0.232
[ 116 / 348 ] loss: 0.361
[ 117 / 348 ] loss: 0.082
[ 118 / 348 ] loss: 0.099
[ 119 / 348 ] loss: 0.053
[ 120 / 348 ] loss: 0.195
[ 121 / 348 ] loss: 0.180
[ 122 / 348 ] loss: 0.152
[ 123 / 348 ] loss: 0.058
[ 124 / 348 ] loss: 0.020
[ 125 / 348 ] loss: 0.107
[ 126 / 348 ] loss: 0.139
[ 127 / 348 ] loss: 0.153
[ 128 / 348 ] loss: 0.088
[ 129 / 348 ] loss: 0.073
[ 130 / 348 ] loss: 0.180
[ 131 / 348 ] loss: 0.060
[ 132 / 348 ] loss: 0.069
[ 133 / 348 ] loss: 0.070
[ 134 / 348 ] loss: 0.150
[ 135 / 348 ] loss: 0.049
[ 136 / 348 ] loss: 0.132
[ 137 / 348 ] loss: 0.165
[ 138 / 348 ] loss: 0.072
[ 139 / 348 ] loss: 0.039
[ 140 / 348 ] loss: 0.162
[ 141 / 348 ] loss: 0.027
[ 142 / 348 ] loss: 0.170
[ 143 / 348 ] loss: 0.092
[ 144 / 348 ] loss: 0.071
[ 145 / 348 ] loss: 0.058
[ 146 / 348 ] loss: 0.044
[ 147 / 348 ] loss: 0.243
[ 148 / 348 ] loss: 0.041
[ 149 / 348 ] loss: 0.100
[ 150 / 348 ] loss: 0.203
[ 151 / 348 ] loss: 0.023
[ 152 / 348 ] loss: 0.231
[ 153 / 348 ] loss: 0.161
[ 154 / 348 ] loss: 0.139
[ 155 / 348 ] loss: 0.227
[ 156 / 348 ] loss: 0.051
[ 157 / 348 ] loss: 0.141
[ 158 / 348 ] loss: 0.152
[ 159 / 348 ] loss: 0.093
[ 160 / 348 ] loss: 0.102
[ 161 / 348 ] loss: 0.156
[ 162 / 348 ] loss: 0.083
[ 163 / 348 ] loss: 0.030
[ 164 / 348 ] loss: 0.080
[ 165 / 348 ] loss: 0.319
[ 166 / 348 ] loss: 0.169
[ 167 / 348 ] loss: 0.045
[ 168 / 348 ] loss: 0.072
[ 169 / 348 ] loss: 0.042
[ 170 / 348 ] loss: 0.100
[ 171 / 348 ] loss: 0.037
[ 172 / 348 ] loss: 0.067
[ 173 / 348 ] loss: 0.180
[ 174 / 348 ] loss: 0.037
[ 175 / 348 ] loss: 0.151
[ 176 / 348 ] loss: 0.034
[ 177 / 348 ] loss: 0.043
[ 178 / 348 ] loss: 0.059
[ 179 / 348 ] loss: 0.227
[ 180 / 348 ] loss: 0.020
[ 181 / 348 ] loss: 0.030
[ 182 / 348 ] loss: 0.193
[ 183 / 348 ] loss: 0.101
[ 184 / 348 ] loss: 0.111
[ 185 / 348 ] loss: 0.123
[ 186 / 348 ] loss: 0.099
[ 187 / 348 ] loss: 0.075
[ 188 / 348 ] loss: 0.039
[ 189 / 348 ] loss: 0.214
[ 190 / 348 ] loss: 0.237
[ 191 / 348 ] loss: 0.019
[ 192 / 348 ] loss: 0.023
[ 193 / 348 ] loss: 0.038
[ 194 / 348 ] loss: 0.040
[ 195 / 348 ] loss: 0.474
[ 196 / 348 ] loss: 0.079
[ 197 / 348 ] loss: 0.090
[ 198 / 348 ] loss: 0.395
[ 199 / 348 ] loss: 0.107
[ 200 / 348 ] loss: 0.042
[ 201 / 348 ] loss: 0.363
[ 202 / 348 ] loss: 0.177
[ 203 / 348 ] loss: 0.041
[ 204 / 348 ] loss: 0.222
[ 205 / 348 ] loss: 0.036
[ 206 / 348 ] loss: 0.060
[ 207 / 348 ] loss: 0.107
[ 208 / 348 ] loss: 0.029
[ 209 / 348 ] loss: 0.261
[ 210 / 348 ] loss: 0.047
[ 211 / 348 ] loss: 0.100
[ 212 / 348 ] loss: 0.033
[ 213 / 348 ] loss: 0.224
[ 214 / 348 ] loss: 0.114
[ 215 / 348 ] loss: 0.105
[ 216 / 348 ] loss: 0.092
[ 217 / 348 ] loss: 0.372
[ 218 / 348 ] loss: 0.010
[ 219 / 348 ] loss: 0.212
[ 220 / 348 ] loss: 0.123
[ 221 / 348 ] loss: 0.219
[ 222 / 348 ] loss: 0.077
[ 223 / 348 ] loss: 0.200
[ 224 / 348 ] loss: 0.456
[ 225 / 348 ] loss: 0.111
[ 226 / 348 ] loss: 0.044
[ 227 / 348 ] loss: 0.114
[ 228 / 348 ] loss: 0.346
[ 229 / 348 ] loss: 0.100
[ 230 / 348 ] loss: 0.039
[ 231 / 348 ] loss: 0.106
[ 232 / 348 ] loss: 0.127
[ 233 / 348 ] loss: 0.051
[ 234 / 348 ] loss: 0.062
[ 235 / 348 ] loss: 0.142
[ 236 / 348 ] loss: 0.191
[ 237 / 348 ] loss: 0.092
[ 238 / 348 ] loss: 0.012
[ 239 / 348 ] loss: 0.048
[ 240 / 348 ] loss: 0.027
[ 241 / 348 ] loss: 0.156
[ 242 / 348 ] loss: 0.301
[ 243 / 348 ] loss: 0.070
[ 244 / 348 ] loss: 0.147
[ 245 / 348 ] loss: 0.170
[ 246 / 348 ] loss: 0.174
[ 247 / 348 ] loss: 0.202
[ 248 / 348 ] loss: 0.051
[ 249 / 348 ] loss: 0.142
[ 250 / 348 ] loss: 0.169
[ 251 / 348 ] loss: 0.181
[ 252 / 348 ] loss: 0.303
[ 253 / 348 ] loss: 0.074
[ 254 / 348 ] loss: 0.210
[ 255 / 348 ] loss: 0.118
[ 256 / 348 ] loss: 0.027
[ 257 / 348 ] loss: 0.048
[ 258 / 348 ] loss: 0.053
[ 259 / 348 ] loss: 0.237
[ 260 / 348 ] loss: 0.105
[ 261 / 348 ] loss: 0.115
[ 262 / 348 ] loss: 0.079
[ 263 / 348 ] loss: 0.081
[ 264 / 348 ] loss: 0.221
[ 265 / 348 ] loss: 0.054
[ 266 / 348 ] loss: 0.134
[ 267 / 348 ] loss: 0.074
[ 268 / 348 ] loss: 0.167
[ 269 / 348 ] loss: 0.022
[ 270 / 348 ] loss: 0.158
[ 271 / 348 ] loss: 0.028
[ 272 / 348 ] loss: 0.108
[ 273 / 348 ] loss: 0.093
[ 274 / 348 ] loss: 0.078
[ 275 / 348 ] loss: 0.040
[ 276 / 348 ] loss: 0.014
[ 277 / 348 ] loss: 0.074
[ 278 / 348 ] loss: 0.147
[ 279 / 348 ] loss: 0.104
[ 280 / 348 ] loss: 0.044
[ 281 / 348 ] loss: 0.274
[ 282 / 348 ] loss: 0.027
[ 283 / 348 ] loss: 0.195
[ 284 / 348 ] loss: 0.075
[ 285 / 348 ] loss: 0.091
[ 286 / 348 ] loss: 0.270
[ 287 / 348 ] loss: 0.106
[ 288 / 348 ] loss: 0.057
[ 289 / 348 ] loss: 0.078
[ 290 / 348 ] loss: 0.193
[ 291 / 348 ] loss: 0.183
[ 292 / 348 ] loss: 0.060
[ 293 / 348 ] loss: 0.159
[ 294 / 348 ] loss: 0.345
[ 295 / 348 ] loss: 0.175
[ 296 / 348 ] loss: 0.070
[ 297 / 348 ] loss: 0.187
[ 298 / 348 ] loss: 0.085
[ 299 / 348 ] loss: 0.253
[ 300 / 348 ] loss: 0.202
[ 301 / 348 ] loss: 0.163
[ 302 / 348 ] loss: 0.050
[ 303 / 348 ] loss: 0.212
[ 304 / 348 ] loss: 0.084
[ 305 / 348 ] loss: 0.090
[ 306 / 348 ] loss: 0.176
[ 307 / 348 ] loss: 0.071
[ 308 / 348 ] loss: 0.056
[ 309 / 348 ] loss: 0.032
[ 310 / 348 ] loss: 0.109
[ 311 / 348 ] loss: 0.168
[ 312 / 348 ] loss: 0.110
[ 313 / 348 ] loss: 0.101
[ 314 / 348 ] loss: 0.087
[ 315 / 348 ] loss: 0.053
[ 316 / 348 ] loss: 0.171
[ 317 / 348 ] loss: 0.052
[ 318 / 348 ] loss: 0.082
[ 319 / 348 ] loss: 0.255
[ 320 / 348 ] loss: 0.058
[ 321 / 348 ] loss: 0.086
[ 322 / 348 ] loss: 0.049
[ 323 / 348 ] loss: 0.020
[ 324 / 348 ] loss: 0.335
[ 325 / 348 ] loss: 0.085
[ 326 / 348 ] loss: 0.233
[ 327 / 348 ] loss: 0.026
[ 328 / 348 ] loss: 0.058
[ 329 / 348 ] loss: 0.225
[ 330 / 348 ] loss: 0.256
[ 331 / 348 ] loss: 0.168
[ 332 / 348 ] loss: 0.286
[ 333 / 348 ] loss: 0.046
[ 334 / 348 ] loss: 0.170
[ 335 / 348 ] loss: 0.131
[ 336 / 348 ] loss: 0.074
[ 337 / 348 ] loss: 0.076
[ 338 / 348 ] loss: 0.088
[ 339 / 348 ] loss: 0.193
[ 340 / 348 ] loss: 0.184
[ 341 / 348 ] loss: 0.065
[ 342 / 348 ] loss: 0.111
[ 343 / 348 ] loss: 0.063
[ 344 / 348 ] loss: 0.104
[ 345 / 348 ] loss: 0.107
[ 346 / 348 ] loss: 0.054
[ 347 / 348 ] loss: 0.121
[ 348 / 348 ] loss: 0.094
0.12433688066385944
Accuracy: 0.858720 -- Precision: 0.839130 -- Recall: 0.877273 -- F1: 0.857778 -- AUC: 0.919313
保存模型参数
========= epoch: 3 ==============
[ 1 / 348 ] loss: 0.018
[ 2 / 348 ] loss: 0.150
[ 3 / 348 ] loss: 0.024
[ 4 / 348 ] loss: 0.014
[ 5 / 348 ] loss: 0.034
[ 6 / 348 ] loss: 0.186
[ 7 / 348 ] loss: 0.163
[ 8 / 348 ] loss: 0.030
[ 9 / 348 ] loss: 0.035
[ 10 / 348 ] loss: 0.152
[ 11 / 348 ] loss: 0.015
[ 12 / 348 ] loss: 0.051
[ 13 / 348 ] loss: 0.057
[ 14 / 348 ] loss: 0.011
[ 15 / 348 ] loss: 0.010
[ 16 / 348 ] loss: 0.041
[ 17 / 348 ] loss: 0.070
[ 18 / 348 ] loss: 0.055
[ 19 / 348 ] loss: 0.072
[ 20 / 348 ] loss: 0.122
[ 21 / 348 ] loss: 0.169
[ 22 / 348 ] loss: 0.034
[ 23 / 348 ] loss: 0.106
[ 24 / 348 ] loss: 0.030
[ 25 / 348 ] loss: 0.030
[ 26 / 348 ] loss: 0.014
[ 27 / 348 ] loss: 0.089
[ 28 / 348 ] loss: 0.192
[ 29 / 348 ] loss: 0.164
[ 30 / 348 ] loss: 0.029
[ 31 / 348 ] loss: 0.083
[ 32 / 348 ] loss: 0.028
[ 33 / 348 ] loss: 0.006
[ 34 / 348 ] loss: 0.006
[ 35 / 348 ] loss: 0.155
[ 36 / 348 ] loss: 0.045
[ 37 / 348 ] loss: 0.132
[ 38 / 348 ] loss: 0.003
[ 39 / 348 ] loss: 0.011
[ 40 / 348 ] loss: 0.173
[ 41 / 348 ] loss: 0.016
[ 42 / 348 ] loss: 0.008
[ 43 / 348 ] loss: 0.059
[ 44 / 348 ] loss: 0.042
[ 45 / 348 ] loss: 0.049
[ 46 / 348 ] loss: 0.028
[ 47 / 348 ] loss: 0.059
[ 48 / 348 ] loss: 0.174
[ 49 / 348 ] loss: 0.136
[ 50 / 348 ] loss: 0.021
[ 51 / 348 ] loss: 0.111
[ 52 / 348 ] loss: 0.038
[ 53 / 348 ] loss: 0.030
[ 54 / 348 ] loss: 0.073
[ 55 / 348 ] loss: 0.006
[ 56 / 348 ] loss: 0.157
[ 57 / 348 ] loss: 0.105
[ 58 / 348 ] loss: 0.016
[ 59 / 348 ] loss: 0.006
[ 60 / 348 ] loss: 0.158
[ 61 / 348 ] loss: 0.267
[ 62 / 348 ] loss: 0.015
[ 63 / 348 ] loss: 0.102
[ 64 / 348 ] loss: 0.062
[ 65 / 348 ] loss: 0.030
[ 66 / 348 ] loss: 0.198
[ 67 / 348 ] loss: 0.195
[ 68 / 348 ] loss: 0.122
[ 69 / 348 ] loss: 0.049
[ 70 / 348 ] loss: 0.120
[ 71 / 348 ] loss: 0.129
[ 72 / 348 ] loss: 0.135
[ 73 / 348 ] loss: 0.022
[ 74 / 348 ] loss: 0.015
[ 75 / 348 ] loss: 0.011
[ 76 / 348 ] loss: 0.067
[ 77 / 348 ] loss: 0.068
[ 78 / 348 ] loss: 0.109
[ 79 / 348 ] loss: 0.060
[ 80 / 348 ] loss: 0.023
[ 81 / 348 ] loss: 0.200
[ 82 / 348 ] loss: 0.102
[ 83 / 348 ] loss: 0.094
[ 84 / 348 ] loss: 0.216
[ 85 / 348 ] loss: 0.036
[ 86 / 348 ] loss: 0.040
[ 87 / 348 ] loss: 0.198
[ 88 / 348 ] loss: 0.088
[ 89 / 348 ] loss: 0.014
[ 90 / 348 ] loss: 0.048
[ 91 / 348 ] loss: 0.040
[ 92 / 348 ] loss: 0.337
[ 93 / 348 ] loss: 0.245
[ 94 / 348 ] loss: 0.019
[ 95 / 348 ] loss: 0.032
[ 96 / 348 ] loss: 0.011
[ 97 / 348 ] loss: 0.041
[ 98 / 348 ] loss: 0.039
[ 99 / 348 ] loss: 0.047
[ 100 / 348 ] loss: 0.030
[ 101 / 348 ] loss: 0.029
[ 102 / 348 ] loss: 0.016
[ 103 / 348 ] loss: 0.026
[ 104 / 348 ] loss: 0.017
[ 105 / 348 ] loss: 0.072
[ 106 / 348 ] loss: 0.190
[ 107 / 348 ] loss: 0.067
[ 108 / 348 ] loss: 0.179
[ 109 / 348 ] loss: 0.032
[ 110 / 348 ] loss: 0.015
[ 111 / 348 ] loss: 0.096
[ 112 / 348 ] loss: 0.076
[ 113 / 348 ] loss: 0.064
[ 114 / 348 ] loss: 0.073
[ 115 / 348 ] loss: 0.013
[ 116 / 348 ] loss: 0.010
[ 117 / 348 ] loss: 0.042
[ 118 / 348 ] loss: 0.087
[ 119 / 348 ] loss: 0.033
[ 120 / 348 ] loss: 0.059
[ 121 / 348 ] loss: 0.038
[ 122 / 348 ] loss: 0.282
[ 123 / 348 ] loss: 0.107
[ 124 / 348 ] loss: 0.057
[ 125 / 348 ] loss: 0.005
[ 126 / 348 ] loss: 0.506
[ 127 / 348 ] loss: 0.161
[ 128 / 348 ] loss: 0.018
[ 129 / 348 ] loss: 0.006
[ 130 / 348 ] loss: 0.059
[ 131 / 348 ] loss: 0.144
[ 132 / 348 ] loss: 0.041
[ 133 / 348 ] loss: 0.083
[ 134 / 348 ] loss: 0.015
[ 135 / 348 ] loss: 0.017
